[1.154s] DEBUG:colcon:Command line arguments: ['/usr/bin/colcon', 'build']
[1.154s] DEBUG:colcon:Parsed command line arguments: Namespace(allow_overriding=[], ament_cmake_args=None, base_paths=['.'], build_base='build', catkin_cmake_args=None, catkin_skip_building_tests=False, cmake_args=None, cmake_clean_cache=False, cmake_clean_first=False, cmake_force_configure=False, cmake_target=None, cmake_target_skip_unavailable=False, continue_on_error=False, event_handlers=None, executor='parallel', ignore_user_meta=False, install_base='install', log_base=None, log_level=None, main=<bound method BuildVerb.main of <colcon_core.verb.build.BuildVerb object at 0xffff89f18c10>>, merge_install=False, metas=['./colcon.meta'], packages_above=None, packages_above_and_dependencies=None, packages_above_depth=None, packages_end=None, packages_ignore=None, packages_ignore_regex=None, packages_select=None, packages_select_build_failed=False, packages_select_by_dep=None, packages_select_regex=None, packages_select_test_failures=False, packages_skip=None, packages_skip_build_finished=False, packages_skip_by_dep=None, packages_skip_regex=None, packages_skip_test_passed=False, packages_skip_up_to=None, packages_start=None, packages_up_to=None, packages_up_to_regex=None, parallel_workers=2, paths=None, symlink_install=False, test_result_base=None, verb_extension=<colcon_core.verb.build.BuildVerb object at 0xffff89f18c10>, verb_name='build', verb_parser=<colcon_defaults.argument_parser.defaults.DefaultArgumentsDecorator object at 0xffff8a30bf40>)
[1.214s] Level 1:colcon.colcon_core.package_discovery:discover_packages(colcon_meta) check parameters
[1.214s] Level 1:colcon.colcon_core.package_discovery:discover_packages(recursive) check parameters
[1.214s] Level 1:colcon.colcon_core.package_discovery:discover_packages(ignore) check parameters
[1.214s] Level 1:colcon.colcon_core.package_discovery:discover_packages(path) check parameters
[1.214s] Level 1:colcon.colcon_core.package_discovery:discover_packages(colcon_meta) discover
[1.215s] Level 1:colcon.colcon_core.package_discovery:discover_packages(recursive) discover
[1.215s] INFO:colcon.colcon_core.package_discovery:Crawling recursively for packages in '/home/ros2/F1tenth-Final-Race-Agent-and-Toolbox'
[1.215s] Level 1:colcon.colcon_core.package_identification:_identify(.) by extensions ['ignore', 'ignore_ament_install']
[1.215s] Level 1:colcon.colcon_core.package_identification:_identify(.) by extension 'ignore'
[1.215s] Level 1:colcon.colcon_core.package_identification:_identify(.) by extension 'ignore_ament_install'
[1.215s] Level 1:colcon.colcon_core.package_identification:_identify(.) by extensions ['colcon_pkg']
[1.215s] Level 1:colcon.colcon_core.package_identification:_identify(.) by extension 'colcon_pkg'
[1.215s] Level 1:colcon.colcon_core.package_identification:_identify(.) by extensions ['colcon_meta']
[1.215s] Level 1:colcon.colcon_core.package_identification:_identify(.) by extension 'colcon_meta'
[1.215s] Level 1:colcon.colcon_core.package_identification:_identify(.) by extensions ['ros']
[1.215s] Level 1:colcon.colcon_core.package_identification:_identify(.) by extension 'ros'
[1.222s] Level 1:colcon.colcon_core.package_identification:_identify(.) by extensions ['cmake', 'python']
[1.222s] Level 1:colcon.colcon_core.package_identification:_identify(.) by extension 'cmake'
[1.222s] Level 1:colcon.colcon_core.package_identification:_identify(.) by extension 'python'
[1.222s] Level 1:colcon.colcon_core.package_identification:_identify(.) by extensions ['python_setup_py']
[1.222s] Level 1:colcon.colcon_core.package_identification:_identify(.) by extension 'python_setup_py'
[1.223s] Level 1:colcon.colcon_core.package_identification:_identify(build) by extensions ['ignore', 'ignore_ament_install']
[1.223s] Level 1:colcon.colcon_core.package_identification:_identify(build) by extension 'ignore'
[1.223s] Level 1:colcon.colcon_core.package_identification:_identify(build) ignored
[1.223s] Level 1:colcon.colcon_core.package_identification:_identify(install) by extensions ['ignore', 'ignore_ament_install']
[1.223s] Level 1:colcon.colcon_core.package_identification:_identify(install) by extension 'ignore'
[1.223s] Level 1:colcon.colcon_core.package_identification:_identify(install) ignored
[1.223s] Level 1:colcon.colcon_core.package_identification:_identify(log) by extensions ['ignore', 'ignore_ament_install']
[1.223s] Level 1:colcon.colcon_core.package_identification:_identify(log) by extension 'ignore'
[1.223s] Level 1:colcon.colcon_core.package_identification:_identify(log) ignored
[1.223s] Level 1:colcon.colcon_core.package_identification:_identify(src) by extensions ['ignore', 'ignore_ament_install']
[1.223s] Level 1:colcon.colcon_core.package_identification:_identify(src) by extension 'ignore'
[1.223s] Level 1:colcon.colcon_core.package_identification:_identify(src) by extension 'ignore_ament_install'
[1.223s] Level 1:colcon.colcon_core.package_identification:_identify(src) by extensions ['colcon_pkg']
[1.223s] Level 1:colcon.colcon_core.package_identification:_identify(src) by extension 'colcon_pkg'
[1.223s] Level 1:colcon.colcon_core.package_identification:_identify(src) by extensions ['colcon_meta']
[1.223s] Level 1:colcon.colcon_core.package_identification:_identify(src) by extension 'colcon_meta'
[1.223s] Level 1:colcon.colcon_core.package_identification:_identify(src) by extensions ['ros']
[1.223s] Level 1:colcon.colcon_core.package_identification:_identify(src) by extension 'ros'
[1.223s] Level 1:colcon.colcon_core.package_identification:_identify(src) by extensions ['cmake', 'python']
[1.223s] Level 1:colcon.colcon_core.package_identification:_identify(src) by extension 'cmake'
[1.223s] Level 1:colcon.colcon_core.package_identification:_identify(src) by extension 'python'
[1.223s] Level 1:colcon.colcon_core.package_identification:_identify(src) by extensions ['python_setup_py']
[1.223s] Level 1:colcon.colcon_core.package_identification:_identify(src) by extension 'python_setup_py'
[1.223s] Level 1:colcon.colcon_core.package_identification:_identify(src/final_race_pkg) by extensions ['ignore', 'ignore_ament_install']
[1.223s] Level 1:colcon.colcon_core.package_identification:_identify(src/final_race_pkg) by extension 'ignore'
[1.223s] Level 1:colcon.colcon_core.package_identification:_identify(src/final_race_pkg) by extension 'ignore_ament_install'
[1.223s] Level 1:colcon.colcon_core.package_identification:_identify(src/final_race_pkg) by extensions ['colcon_pkg']
[1.223s] Level 1:colcon.colcon_core.package_identification:_identify(src/final_race_pkg) by extension 'colcon_pkg'
[1.223s] Level 1:colcon.colcon_core.package_identification:_identify(src/final_race_pkg) by extensions ['colcon_meta']
[1.223s] Level 1:colcon.colcon_core.package_identification:_identify(src/final_race_pkg) by extension 'colcon_meta'
[1.223s] Level 1:colcon.colcon_core.package_identification:_identify(src/final_race_pkg) by extensions ['ros']
[1.223s] Level 1:colcon.colcon_core.package_identification:_identify(src/final_race_pkg) by extension 'ros'
[1.225s] DEBUG:colcon.colcon_core.package_identification:Package 'src/final_race_pkg' with type 'ros.ament_python' and name 'final_race_pkg'
[1.226s] Level 1:colcon.colcon_core.package_discovery:discover_packages(recursive) using defaults
[1.226s] Level 1:colcon.colcon_core.package_discovery:discover_packages(ignore) discover
[1.226s] Level 1:colcon.colcon_core.package_discovery:discover_packages(ignore) using defaults
[1.226s] Level 1:colcon.colcon_core.package_discovery:discover_packages(path) discover
[1.226s] Level 1:colcon.colcon_core.package_discovery:discover_packages(path) using defaults
[1.335s] Level 1:colcon.colcon_core.package_discovery:discover_packages(prefix_path) check parameters
[1.335s] Level 1:colcon.colcon_core.package_discovery:discover_packages(prefix_path) discover
[1.375s] DEBUG:colcon.colcon_installed_package_information.package_discovery:Found 1 installed packages in /home/ros2/F1tenth-Final-Race-Agent-and-Toolbox/install
[1.394s] DEBUG:colcon.colcon_installed_package_information.package_discovery:Found 267 installed packages in /opt/ros/foxy
[1.395s] Level 1:colcon.colcon_core.package_discovery:discover_packages(prefix_path) using defaults
[1.520s] Level 5:colcon.colcon_core.verb:set package 'final_race_pkg' build argument 'cmake_args' from command line to 'None'
[1.521s] Level 5:colcon.colcon_core.verb:set package 'final_race_pkg' build argument 'cmake_target' from command line to 'None'
[1.521s] Level 5:colcon.colcon_core.verb:set package 'final_race_pkg' build argument 'cmake_target_skip_unavailable' from command line to 'False'
[1.521s] Level 5:colcon.colcon_core.verb:set package 'final_race_pkg' build argument 'cmake_clean_cache' from command line to 'False'
[1.521s] Level 5:colcon.colcon_core.verb:set package 'final_race_pkg' build argument 'cmake_clean_first' from command line to 'False'
[1.521s] Level 5:colcon.colcon_core.verb:set package 'final_race_pkg' build argument 'cmake_force_configure' from command line to 'False'
[1.521s] Level 5:colcon.colcon_core.verb:set package 'final_race_pkg' build argument 'ament_cmake_args' from command line to 'None'
[1.521s] Level 5:colcon.colcon_core.verb:set package 'final_race_pkg' build argument 'catkin_cmake_args' from command line to 'None'
[1.521s] Level 5:colcon.colcon_core.verb:set package 'final_race_pkg' build argument 'catkin_skip_building_tests' from command line to 'False'
[1.521s] DEBUG:colcon.colcon_core.verb:Building package 'final_race_pkg' with the following arguments: {'ament_cmake_args': None, 'build_base': '/home/ros2/F1tenth-Final-Race-Agent-and-Toolbox/build/final_race_pkg', 'catkin_cmake_args': None, 'catkin_skip_building_tests': False, 'cmake_args': None, 'cmake_clean_cache': False, 'cmake_clean_first': False, 'cmake_force_configure': False, 'cmake_target': None, 'cmake_target_skip_unavailable': False, 'install_base': '/home/ros2/F1tenth-Final-Race-Agent-and-Toolbox/install/final_race_pkg', 'merge_install': False, 'path': '/home/ros2/F1tenth-Final-Race-Agent-and-Toolbox/src/final_race_pkg', 'symlink_install': False, 'test_result_base': None}
[1.544s] INFO:colcon.colcon_core.executor:Executing jobs using 'parallel' executor
[1.561s] DEBUG:colcon.colcon_parallel_executor.executor.parallel:run_until_complete
[1.561s] INFO:colcon.colcon_ros.task.ament_python.build:Building ROS package in '/home/ros2/F1tenth-Final-Race-Agent-and-Toolbox/src/final_race_pkg' with build type 'ament_python'
[1.561s] Level 1:colcon.colcon_core.shell:create_environment_hook('final_race_pkg', 'ament_prefix_path')
[1.583s] INFO:colcon.colcon_core.plugin_system:Skipping extension 'colcon_core.shell.bat': Not used on non-Windows systems
[1.584s] INFO:colcon.colcon_core.shell:Creating environment hook '/home/ros2/F1tenth-Final-Race-Agent-and-Toolbox/install/final_race_pkg/share/final_race_pkg/hook/ament_prefix_path.ps1'
[1.584s] INFO:colcon.colcon_core.shell:Creating environment descriptor '/home/ros2/F1tenth-Final-Race-Agent-and-Toolbox/install/final_race_pkg/share/final_race_pkg/hook/ament_prefix_path.dsv'
[1.585s] INFO:colcon.colcon_core.shell:Creating environment hook '/home/ros2/F1tenth-Final-Race-Agent-and-Toolbox/install/final_race_pkg/share/final_race_pkg/hook/ament_prefix_path.sh'
[1.604s] INFO:colcon.colcon_core.shell:Skip shell extension 'powershell' for command environment: Not usable outside of PowerShell
[1.604s] DEBUG:colcon.colcon_core.shell:Skip shell extension 'dsv' for command environment
[1.779s] INFO:colcon.colcon_core.task.python.build:Building Python package in '/home/ros2/F1tenth-Final-Race-Agent-and-Toolbox/src/final_race_pkg'
[1.798s] INFO:colcon.colcon_core.shell:Skip shell extension 'powershell' for command environment: Not usable outside of PowerShell
[1.799s] DEBUG:colcon.colcon_core.shell:Skip shell extension 'dsv' for command environment
[2.116s] DEBUG:colcon.colcon_core.event_handler.log_command:Invoking command in '/home/ros2/F1tenth-Final-Race-Agent-and-Toolbox/src/final_race_pkg': PYTHONPATH=/home/ros2/F1tenth-Final-Race-Agent-and-Toolbox/build/final_race_pkg/prefix_override:/home/ros2/F1tenth-Final-Race-Agent-and-Toolbox/install/final_race_pkg/lib/python3.8/site-packages:${PYTHONPATH} /usr/bin/python3 setup.py egg_info --egg-base ../../build/final_race_pkg build --build-base /home/ros2/F1tenth-Final-Race-Agent-and-Toolbox/build/final_race_pkg/build install --record /home/ros2/F1tenth-Final-Race-Agent-and-Toolbox/build/final_race_pkg/install.log --install-scripts $base/lib/final_race_pkg --single-version-externally-managed
[2.288s] DEBUG:colcon.colcon_core.event_handler.log_command:Invoked command in '/home/ros2/F1tenth-Final-Race-Agent-and-Toolbox/src/final_race_pkg' returned '0': PYTHONPATH=/home/ros2/F1tenth-Final-Race-Agent-and-Toolbox/build/final_race_pkg/prefix_override:/home/ros2/F1tenth-Final-Race-Agent-and-Toolbox/install/final_race_pkg/lib/python3.8/site-packages:${PYTHONPATH} /usr/bin/python3 setup.py egg_info --egg-base ../../build/final_race_pkg build --build-base /home/ros2/F1tenth-Final-Race-Agent-and-Toolbox/build/final_race_pkg/build install --record /home/ros2/F1tenth-Final-Race-Agent-and-Toolbox/build/final_race_pkg/install.log --install-scripts $base/lib/final_race_pkg --single-version-externally-managed
[2.308s] Level 1:colcon.colcon_core.environment:checking '/home/ros2/F1tenth-Final-Race-Agent-and-Toolbox/install/final_race_pkg' for CMake module files
[2.308s] Level 1:colcon.colcon_core.environment:checking '/home/ros2/F1tenth-Final-Race-Agent-and-Toolbox/install/final_race_pkg' for CMake config files
[2.308s] Level 1:colcon.colcon_core.environment:checking '/home/ros2/F1tenth-Final-Race-Agent-and-Toolbox/install/final_race_pkg/lib'
[2.308s] Level 1:colcon.colcon_core.environment:checking '/home/ros2/F1tenth-Final-Race-Agent-and-Toolbox/install/final_race_pkg/bin'
[2.308s] Level 1:colcon.colcon_core.environment:checking '/home/ros2/F1tenth-Final-Race-Agent-and-Toolbox/install/final_race_pkg/lib/pkgconfig/final_race_pkg.pc'
[2.309s] Level 1:colcon.colcon_core.environment:checking '/home/ros2/F1tenth-Final-Race-Agent-and-Toolbox/install/final_race_pkg/lib/python3.8/site-packages'
[2.309s] Level 1:colcon.colcon_core.shell:create_environment_hook('final_race_pkg', 'pythonpath')
[2.327s] INFO:colcon.colcon_core.shell:Creating environment hook '/home/ros2/F1tenth-Final-Race-Agent-and-Toolbox/install/final_race_pkg/share/final_race_pkg/hook/pythonpath.ps1'
[2.327s] INFO:colcon.colcon_core.shell:Creating environment descriptor '/home/ros2/F1tenth-Final-Race-Agent-and-Toolbox/install/final_race_pkg/share/final_race_pkg/hook/pythonpath.dsv'
[2.327s] INFO:colcon.colcon_core.shell:Creating environment hook '/home/ros2/F1tenth-Final-Race-Agent-and-Toolbox/install/final_race_pkg/share/final_race_pkg/hook/pythonpath.sh'
[2.328s] Level 1:colcon.colcon_core.environment:checking '/home/ros2/F1tenth-Final-Race-Agent-and-Toolbox/install/final_race_pkg/bin'
[2.328s] Level 1:colcon.colcon_core.environment:create_environment_scripts_only(final_race_pkg)
[2.345s] INFO:colcon.colcon_core.shell:Creating package script '/home/ros2/F1tenth-Final-Race-Agent-and-Toolbox/install/final_race_pkg/share/final_race_pkg/package.ps1'
[2.346s] INFO:colcon.colcon_core.shell:Creating package descriptor '/home/ros2/F1tenth-Final-Race-Agent-and-Toolbox/install/final_race_pkg/share/final_race_pkg/package.dsv'
[2.347s] INFO:colcon.colcon_core.shell:Creating package script '/home/ros2/F1tenth-Final-Race-Agent-and-Toolbox/install/final_race_pkg/share/final_race_pkg/package.sh'
[2.347s] INFO:colcon.colcon_core.shell:Creating package script '/home/ros2/F1tenth-Final-Race-Agent-and-Toolbox/install/final_race_pkg/share/final_race_pkg/package.bash'
[2.349s] INFO:colcon.colcon_core.shell:Creating package script '/home/ros2/F1tenth-Final-Race-Agent-and-Toolbox/install/final_race_pkg/share/final_race_pkg/package.zsh'
[2.350s] Level 1:colcon.colcon_core.environment:create_file_with_runtime_dependencies(/home/ros2/F1tenth-Final-Race-Agent-and-Toolbox/install/final_race_pkg/share/colcon-core/packages/final_race_pkg)
[2.350s] DEBUG:colcon.colcon_parallel_executor.executor.parallel:closing loop
[2.350s] DEBUG:colcon.colcon_parallel_executor.executor.parallel:loop closed
[2.350s] DEBUG:colcon.colcon_parallel_executor.executor.parallel:run_until_complete finished with '0'
[2.350s] DEBUG:colcon.colcon_core.event_reactor:joining thread
[2.377s] INFO:colcon.colcon_core.plugin_system:Skipping extension 'colcon_notification.desktop_notification.terminal_notifier': Not used on non-Darwin systems
[2.377s] INFO:colcon.colcon_core.plugin_system:Skipping extension 'colcon_notification.desktop_notification.win32': Not used on non-Windows systems
[2.377s] INFO:colcon.colcon_notification.desktop_notification:Sending desktop notification using 'notify2'
[2.391s] DEBUG:colcon.colcon_core.event_reactor:joined thread
[2.411s] INFO:colcon.colcon_core.shell:Creating prefix script '/home/ros2/F1tenth-Final-Race-Agent-and-Toolbox/install/local_setup.ps1'
[2.412s] INFO:colcon.colcon_core.shell:Creating prefix util module '/home/ros2/F1tenth-Final-Race-Agent-and-Toolbox/install/_local_setup_util_ps1.py'
[2.413s] INFO:colcon.colcon_core.shell:Creating prefix chain script '/home/ros2/F1tenth-Final-Race-Agent-and-Toolbox/install/setup.ps1'
[2.432s] INFO:colcon.colcon_core.shell:Creating prefix script '/home/ros2/F1tenth-Final-Race-Agent-and-Toolbox/install/local_setup.sh'
[2.432s] INFO:colcon.colcon_core.shell:Creating prefix util module '/home/ros2/F1tenth-Final-Race-Agent-and-Toolbox/install/_local_setup_util_sh.py'
[2.433s] INFO:colcon.colcon_core.shell:Creating prefix chain script '/home/ros2/F1tenth-Final-Race-Agent-and-Toolbox/install/setup.sh'
[2.451s] INFO:colcon.colcon_core.shell:Creating prefix script '/home/ros2/F1tenth-Final-Race-Agent-and-Toolbox/install/local_setup.bash'
[2.452s] INFO:colcon.colcon_core.shell:Creating prefix chain script '/home/ros2/F1tenth-Final-Race-Agent-and-Toolbox/install/setup.bash'
[2.470s] INFO:colcon.colcon_core.shell:Creating prefix script '/home/ros2/F1tenth-Final-Race-Agent-and-Toolbox/install/local_setup.zsh'
[2.470s] INFO:colcon.colcon_core.shell:Creating prefix chain script '/home/ros2/F1tenth-Final-Race-Agent-and-Toolbox/install/setup.zsh'
