[1.070s] DEBUG:colcon:Command line arguments: ['/usr/bin/colcon', 'build']
[1.070s] DEBUG:colcon:Parsed command line arguments: Namespace(allow_overriding=[], ament_cmake_args=None, base_paths=['.'], build_base='build', catkin_cmake_args=None, catkin_skip_building_tests=False, cmake_args=None, cmake_clean_cache=False, cmake_clean_first=False, cmake_force_configure=False, cmake_target=None, cmake_target_skip_unavailable=False, continue_on_error=False, event_handlers=None, executor='parallel', ignore_user_meta=False, install_base='install', log_base=None, log_level=None, main=<bound method BuildVerb.main of <colcon_core.verb.build.BuildVerb object at 0xffffaf80c520>>, merge_install=False, metas=['./colcon.meta'], packages_above=None, packages_above_and_dependencies=None, packages_above_depth=None, packages_end=None, packages_ignore=None, packages_ignore_regex=None, packages_select=None, packages_select_build_failed=False, packages_select_by_dep=None, packages_select_regex=None, packages_select_test_failures=False, packages_skip=None, packages_skip_build_finished=False, packages_skip_by_dep=None, packages_skip_regex=None, packages_skip_test_passed=False, packages_skip_up_to=None, packages_start=None, packages_up_to=None, packages_up_to_regex=None, parallel_workers=2, paths=None, symlink_install=False, test_result_base=None, verb_extension=<colcon_core.verb.build.BuildVerb object at 0xffffaf80c520>, verb_name='build', verb_parser=<colcon_defaults.argument_parser.defaults.DefaultArgumentsDecorator object at 0xffffaf771a30>)
[1.127s] Level 1:colcon.colcon_core.package_discovery:discover_packages(colcon_meta) check parameters
[1.127s] Level 1:colcon.colcon_core.package_discovery:discover_packages(recursive) check parameters
[1.127s] Level 1:colcon.colcon_core.package_discovery:discover_packages(ignore) check parameters
[1.127s] Level 1:colcon.colcon_core.package_discovery:discover_packages(path) check parameters
[1.127s] Level 1:colcon.colcon_core.package_discovery:discover_packages(colcon_meta) discover
[1.127s] Level 1:colcon.colcon_core.package_discovery:discover_packages(recursive) discover
[1.127s] INFO:colcon.colcon_core.package_discovery:Crawling recursively for packages in '/home/ros2/F1tenth-Final-Race-Agent-and-Toolbox'
[1.127s] Level 1:colcon.colcon_core.package_identification:_identify(.) by extensions ['ignore', 'ignore_ament_install']
[1.127s] Level 1:colcon.colcon_core.package_identification:_identify(.) by extension 'ignore'
[1.127s] Level 1:colcon.colcon_core.package_identification:_identify(.) by extension 'ignore_ament_install'
[1.127s] Level 1:colcon.colcon_core.package_identification:_identify(.) by extensions ['colcon_pkg']
[1.127s] Level 1:colcon.colcon_core.package_identification:_identify(.) by extension 'colcon_pkg'
[1.127s] Level 1:colcon.colcon_core.package_identification:_identify(.) by extensions ['colcon_meta']
[1.127s] Level 1:colcon.colcon_core.package_identification:_identify(.) by extension 'colcon_meta'
[1.127s] Level 1:colcon.colcon_core.package_identification:_identify(.) by extensions ['ros']
[1.127s] Level 1:colcon.colcon_core.package_identification:_identify(.) by extension 'ros'
[1.135s] Level 1:colcon.colcon_core.package_identification:_identify(.) by extensions ['cmake', 'python']
[1.135s] Level 1:colcon.colcon_core.package_identification:_identify(.) by extension 'cmake'
[1.135s] Level 1:colcon.colcon_core.package_identification:_identify(.) by extension 'python'
[1.135s] Level 1:colcon.colcon_core.package_identification:_identify(.) by extensions ['python_setup_py']
[1.135s] Level 1:colcon.colcon_core.package_identification:_identify(.) by extension 'python_setup_py'
[1.135s] Level 1:colcon.colcon_core.package_identification:_identify(build) by extensions ['ignore', 'ignore_ament_install']
[1.135s] Level 1:colcon.colcon_core.package_identification:_identify(build) by extension 'ignore'
[1.135s] Level 1:colcon.colcon_core.package_identification:_identify(build) ignored
[1.136s] Level 1:colcon.colcon_core.package_identification:_identify(install) by extensions ['ignore', 'ignore_ament_install']
[1.136s] Level 1:colcon.colcon_core.package_identification:_identify(install) by extension 'ignore'
[1.136s] Level 1:colcon.colcon_core.package_identification:_identify(install) ignored
[1.136s] Level 1:colcon.colcon_core.package_identification:_identify(log) by extensions ['ignore', 'ignore_ament_install']
[1.136s] Level 1:colcon.colcon_core.package_identification:_identify(log) by extension 'ignore'
[1.136s] Level 1:colcon.colcon_core.package_identification:_identify(log) ignored
[1.136s] Level 1:colcon.colcon_core.package_identification:_identify(src) by extensions ['ignore', 'ignore_ament_install']
[1.136s] Level 1:colcon.colcon_core.package_identification:_identify(src) by extension 'ignore'
[1.136s] Level 1:colcon.colcon_core.package_identification:_identify(src) by extension 'ignore_ament_install'
[1.136s] Level 1:colcon.colcon_core.package_identification:_identify(src) by extensions ['colcon_pkg']
[1.136s] Level 1:colcon.colcon_core.package_identification:_identify(src) by extension 'colcon_pkg'
[1.136s] Level 1:colcon.colcon_core.package_identification:_identify(src) by extensions ['colcon_meta']
[1.136s] Level 1:colcon.colcon_core.package_identification:_identify(src) by extension 'colcon_meta'
[1.136s] Level 1:colcon.colcon_core.package_identification:_identify(src) by extensions ['ros']
[1.136s] Level 1:colcon.colcon_core.package_identification:_identify(src) by extension 'ros'
[1.136s] Level 1:colcon.colcon_core.package_identification:_identify(src) by extensions ['cmake', 'python']
[1.136s] Level 1:colcon.colcon_core.package_identification:_identify(src) by extension 'cmake'
[1.136s] Level 1:colcon.colcon_core.package_identification:_identify(src) by extension 'python'
[1.136s] Level 1:colcon.colcon_core.package_identification:_identify(src) by extensions ['python_setup_py']
[1.136s] Level 1:colcon.colcon_core.package_identification:_identify(src) by extension 'python_setup_py'
[1.136s] Level 1:colcon.colcon_core.package_identification:_identify(src/dummy_car) by extensions ['ignore', 'ignore_ament_install']
[1.136s] Level 1:colcon.colcon_core.package_identification:_identify(src/dummy_car) by extension 'ignore'
[1.136s] Level 1:colcon.colcon_core.package_identification:_identify(src/dummy_car) by extension 'ignore_ament_install'
[1.136s] Level 1:colcon.colcon_core.package_identification:_identify(src/dummy_car) by extensions ['colcon_pkg']
[1.136s] Level 1:colcon.colcon_core.package_identification:_identify(src/dummy_car) by extension 'colcon_pkg'
[1.136s] Level 1:colcon.colcon_core.package_identification:_identify(src/dummy_car) by extensions ['colcon_meta']
[1.136s] Level 1:colcon.colcon_core.package_identification:_identify(src/dummy_car) by extension 'colcon_meta'
[1.136s] Level 1:colcon.colcon_core.package_identification:_identify(src/dummy_car) by extensions ['ros']
[1.136s] Level 1:colcon.colcon_core.package_identification:_identify(src/dummy_car) by extension 'ros'
[1.138s] DEBUG:colcon.colcon_core.package_identification:Package 'src/dummy_car' with type 'ros.ament_cmake' and name 'dummy_car'
[1.139s] Level 1:colcon.colcon_core.package_identification:_identify(src/final_race_pkg) by extensions ['ignore', 'ignore_ament_install']
[1.139s] Level 1:colcon.colcon_core.package_identification:_identify(src/final_race_pkg) by extension 'ignore'
[1.139s] Level 1:colcon.colcon_core.package_identification:_identify(src/final_race_pkg) by extension 'ignore_ament_install'
[1.139s] Level 1:colcon.colcon_core.package_identification:_identify(src/final_race_pkg) by extensions ['colcon_pkg']
[1.139s] Level 1:colcon.colcon_core.package_identification:_identify(src/final_race_pkg) by extension 'colcon_pkg'
[1.139s] Level 1:colcon.colcon_core.package_identification:_identify(src/final_race_pkg) by extensions ['colcon_meta']
[1.139s] Level 1:colcon.colcon_core.package_identification:_identify(src/final_race_pkg) by extension 'colcon_meta'
[1.139s] Level 1:colcon.colcon_core.package_identification:_identify(src/final_race_pkg) by extensions ['ros']
[1.139s] Level 1:colcon.colcon_core.package_identification:_identify(src/final_race_pkg) by extension 'ros'
[1.140s] DEBUG:colcon.colcon_core.package_identification:Package 'src/final_race_pkg' with type 'ros.ament_python' and name 'final_race_pkg'
[1.140s] Level 1:colcon.colcon_core.package_identification:_identify(src/opponent_predictor) by extensions ['ignore', 'ignore_ament_install']
[1.140s] Level 1:colcon.colcon_core.package_identification:_identify(src/opponent_predictor) by extension 'ignore'
[1.140s] Level 1:colcon.colcon_core.package_identification:_identify(src/opponent_predictor) by extension 'ignore_ament_install'
[1.140s] Level 1:colcon.colcon_core.package_identification:_identify(src/opponent_predictor) by extensions ['colcon_pkg']
[1.140s] Level 1:colcon.colcon_core.package_identification:_identify(src/opponent_predictor) by extension 'colcon_pkg'
[1.140s] Level 1:colcon.colcon_core.package_identification:_identify(src/opponent_predictor) by extensions ['colcon_meta']
[1.140s] Level 1:colcon.colcon_core.package_identification:_identify(src/opponent_predictor) by extension 'colcon_meta'
[1.140s] Level 1:colcon.colcon_core.package_identification:_identify(src/opponent_predictor) by extensions ['ros']
[1.140s] Level 1:colcon.colcon_core.package_identification:_identify(src/opponent_predictor) by extension 'ros'
[1.140s] DEBUG:colcon.colcon_core.package_identification:Package 'src/opponent_predictor' with type 'ros.ament_cmake' and name 'opponent_predictor'
[1.141s] Level 1:colcon.colcon_core.package_identification:_identify(src/trajectory_generator) by extensions ['ignore', 'ignore_ament_install']
[1.141s] Level 1:colcon.colcon_core.package_identification:_identify(src/trajectory_generator) by extension 'ignore'
[1.141s] Level 1:colcon.colcon_core.package_identification:_identify(src/trajectory_generator) by extension 'ignore_ament_install'
[1.141s] Level 1:colcon.colcon_core.package_identification:_identify(src/trajectory_generator) by extensions ['colcon_pkg']
[1.141s] Level 1:colcon.colcon_core.package_identification:_identify(src/trajectory_generator) by extension 'colcon_pkg'
[1.141s] Level 1:colcon.colcon_core.package_identification:_identify(src/trajectory_generator) by extensions ['colcon_meta']
[1.141s] Level 1:colcon.colcon_core.package_identification:_identify(src/trajectory_generator) by extension 'colcon_meta'
[1.141s] Level 1:colcon.colcon_core.package_identification:_identify(src/trajectory_generator) by extensions ['ros']
[1.141s] Level 1:colcon.colcon_core.package_identification:_identify(src/trajectory_generator) by extension 'ros'
[1.141s] Level 1:colcon.colcon_core.package_identification:_identify(src/trajectory_generator) by extensions ['cmake', 'python']
[1.141s] Level 1:colcon.colcon_core.package_identification:_identify(src/trajectory_generator) by extension 'cmake'
[1.141s] Level 1:colcon.colcon_core.package_identification:_identify(src/trajectory_generator) by extension 'python'
[1.141s] Level 1:colcon.colcon_core.package_identification:_identify(src/trajectory_generator) by extensions ['python_setup_py']
[1.141s] Level 1:colcon.colcon_core.package_identification:_identify(src/trajectory_generator) by extension 'python_setup_py'
[1.141s] Level 1:colcon.colcon_core.package_identification:_identify(src/trajectory_generator/build) by extensions ['ignore', 'ignore_ament_install']
[1.141s] Level 1:colcon.colcon_core.package_identification:_identify(src/trajectory_generator/build) by extension 'ignore'
[1.141s] Level 1:colcon.colcon_core.package_identification:_identify(src/trajectory_generator/build) ignored
[1.141s] Level 1:colcon.colcon_core.package_identification:_identify(src/trajectory_generator/config) by extensions ['ignore', 'ignore_ament_install']
[1.141s] Level 1:colcon.colcon_core.package_identification:_identify(src/trajectory_generator/config) by extension 'ignore'
[1.141s] Level 1:colcon.colcon_core.package_identification:_identify(src/trajectory_generator/config) by extension 'ignore_ament_install'
[1.141s] Level 1:colcon.colcon_core.package_identification:_identify(src/trajectory_generator/config) by extensions ['colcon_pkg']
[1.141s] Level 1:colcon.colcon_core.package_identification:_identify(src/trajectory_generator/config) by extension 'colcon_pkg'
[1.141s] Level 1:colcon.colcon_core.package_identification:_identify(src/trajectory_generator/config) by extensions ['colcon_meta']
[1.142s] Level 1:colcon.colcon_core.package_identification:_identify(src/trajectory_generator/config) by extension 'colcon_meta'
[1.142s] Level 1:colcon.colcon_core.package_identification:_identify(src/trajectory_generator/config) by extensions ['ros']
[1.142s] Level 1:colcon.colcon_core.package_identification:_identify(src/trajectory_generator/config) by extension 'ros'
[1.142s] Level 1:colcon.colcon_core.package_identification:_identify(src/trajectory_generator/config) by extensions ['cmake', 'python']
[1.142s] Level 1:colcon.colcon_core.package_identification:_identify(src/trajectory_generator/config) by extension 'cmake'
[1.142s] Level 1:colcon.colcon_core.package_identification:_identify(src/trajectory_generator/config) by extension 'python'
[1.142s] Level 1:colcon.colcon_core.package_identification:_identify(src/trajectory_generator/config) by extensions ['python_setup_py']
[1.142s] Level 1:colcon.colcon_core.package_identification:_identify(src/trajectory_generator/config) by extension 'python_setup_py'
[1.142s] Level 1:colcon.colcon_core.package_identification:_identify(src/trajectory_generator/frictionmap) by extensions ['ignore', 'ignore_ament_install']
[1.142s] Level 1:colcon.colcon_core.package_identification:_identify(src/trajectory_generator/frictionmap) by extension 'ignore'
[1.142s] Level 1:colcon.colcon_core.package_identification:_identify(src/trajectory_generator/frictionmap) by extension 'ignore_ament_install'
[1.142s] Level 1:colcon.colcon_core.package_identification:_identify(src/trajectory_generator/frictionmap) by extensions ['colcon_pkg']
[1.142s] Level 1:colcon.colcon_core.package_identification:_identify(src/trajectory_generator/frictionmap) by extension 'colcon_pkg'
[1.142s] Level 1:colcon.colcon_core.package_identification:_identify(src/trajectory_generator/frictionmap) by extensions ['colcon_meta']
[1.142s] Level 1:colcon.colcon_core.package_identification:_identify(src/trajectory_generator/frictionmap) by extension 'colcon_meta'
[1.142s] Level 1:colcon.colcon_core.package_identification:_identify(src/trajectory_generator/frictionmap) by extensions ['ros']
[1.142s] Level 1:colcon.colcon_core.package_identification:_identify(src/trajectory_generator/frictionmap) by extension 'ros'
[1.142s] Level 1:colcon.colcon_core.package_identification:_identify(src/trajectory_generator/frictionmap) by extensions ['cmake', 'python']
[1.142s] Level 1:colcon.colcon_core.package_identification:_identify(src/trajectory_generator/frictionmap) by extension 'cmake'
[1.142s] Level 1:colcon.colcon_core.package_identification:_identify(src/trajectory_generator/frictionmap) by extension 'python'
[1.142s] Level 1:colcon.colcon_core.package_identification:_identify(src/trajectory_generator/frictionmap) by extensions ['python_setup_py']
[1.142s] Level 1:colcon.colcon_core.package_identification:_identify(src/trajectory_generator/frictionmap) by extension 'python_setup_py'
[1.142s] Level 1:colcon.colcon_core.package_identification:_identify(src/trajectory_generator/frictionmap/src) by extensions ['ignore', 'ignore_ament_install']
[1.142s] Level 1:colcon.colcon_core.package_identification:_identify(src/trajectory_generator/frictionmap/src) by extension 'ignore'
[1.142s] Level 1:colcon.colcon_core.package_identification:_identify(src/trajectory_generator/frictionmap/src) by extension 'ignore_ament_install'
[1.142s] Level 1:colcon.colcon_core.package_identification:_identify(src/trajectory_generator/frictionmap/src) by extensions ['colcon_pkg']
[1.142s] Level 1:colcon.colcon_core.package_identification:_identify(src/trajectory_generator/frictionmap/src) by extension 'colcon_pkg'
[1.142s] Level 1:colcon.colcon_core.package_identification:_identify(src/trajectory_generator/frictionmap/src) by extensions ['colcon_meta']
[1.142s] Level 1:colcon.colcon_core.package_identification:_identify(src/trajectory_generator/frictionmap/src) by extension 'colcon_meta'
[1.142s] Level 1:colcon.colcon_core.package_identification:_identify(src/trajectory_generator/frictionmap/src) by extensions ['ros']
[1.142s] Level 1:colcon.colcon_core.package_identification:_identify(src/trajectory_generator/frictionmap/src) by extension 'ros'
[1.143s] Level 1:colcon.colcon_core.package_identification:_identify(src/trajectory_generator/frictionmap/src) by extensions ['cmake', 'python']
[1.143s] Level 1:colcon.colcon_core.package_identification:_identify(src/trajectory_generator/frictionmap/src) by extension 'cmake'
[1.143s] Level 1:colcon.colcon_core.package_identification:_identify(src/trajectory_generator/frictionmap/src) by extension 'python'
[1.143s] Level 1:colcon.colcon_core.package_identification:_identify(src/trajectory_generator/frictionmap/src) by extensions ['python_setup_py']
[1.143s] Level 1:colcon.colcon_core.package_identification:_identify(src/trajectory_generator/frictionmap/src) by extension 'python_setup_py'
[1.143s] Level 1:colcon.colcon_core.package_identification:_identify(src/trajectory_generator/helper_funcs_glob) by extensions ['ignore', 'ignore_ament_install']
[1.143s] Level 1:colcon.colcon_core.package_identification:_identify(src/trajectory_generator/helper_funcs_glob) by extension 'ignore'
[1.143s] Level 1:colcon.colcon_core.package_identification:_identify(src/trajectory_generator/helper_funcs_glob) by extension 'ignore_ament_install'
[1.143s] Level 1:colcon.colcon_core.package_identification:_identify(src/trajectory_generator/helper_funcs_glob) by extensions ['colcon_pkg']
[1.143s] Level 1:colcon.colcon_core.package_identification:_identify(src/trajectory_generator/helper_funcs_glob) by extension 'colcon_pkg'
[1.143s] Level 1:colcon.colcon_core.package_identification:_identify(src/trajectory_generator/helper_funcs_glob) by extensions ['colcon_meta']
[1.143s] Level 1:colcon.colcon_core.package_identification:_identify(src/trajectory_generator/helper_funcs_glob) by extension 'colcon_meta'
[1.143s] Level 1:colcon.colcon_core.package_identification:_identify(src/trajectory_generator/helper_funcs_glob) by extensions ['ros']
[1.143s] Level 1:colcon.colcon_core.package_identification:_identify(src/trajectory_generator/helper_funcs_glob) by extension 'ros'
[1.143s] Level 1:colcon.colcon_core.package_identification:_identify(src/trajectory_generator/helper_funcs_glob) by extensions ['cmake', 'python']
[1.143s] Level 1:colcon.colcon_core.package_identification:_identify(src/trajectory_generator/helper_funcs_glob) by extension 'cmake'
[1.143s] Level 1:colcon.colcon_core.package_identification:_identify(src/trajectory_generator/helper_funcs_glob) by extension 'python'
[1.143s] Level 1:colcon.colcon_core.package_identification:_identify(src/trajectory_generator/helper_funcs_glob) by extensions ['python_setup_py']
[1.143s] Level 1:colcon.colcon_core.package_identification:_identify(src/trajectory_generator/helper_funcs_glob) by extension 'python_setup_py'
[1.143s] Level 1:colcon.colcon_core.package_identification:_identify(src/trajectory_generator/helper_funcs_glob/src) by extensions ['ignore', 'ignore_ament_install']
[1.143s] Level 1:colcon.colcon_core.package_identification:_identify(src/trajectory_generator/helper_funcs_glob/src) by extension 'ignore'
[1.143s] Level 1:colcon.colcon_core.package_identification:_identify(src/trajectory_generator/helper_funcs_glob/src) by extension 'ignore_ament_install'
[1.143s] Level 1:colcon.colcon_core.package_identification:_identify(src/trajectory_generator/helper_funcs_glob/src) by extensions ['colcon_pkg']
[1.143s] Level 1:colcon.colcon_core.package_identification:_identify(src/trajectory_generator/helper_funcs_glob/src) by extension 'colcon_pkg'
[1.143s] Level 1:colcon.colcon_core.package_identification:_identify(src/trajectory_generator/helper_funcs_glob/src) by extensions ['colcon_meta']
[1.143s] Level 1:colcon.colcon_core.package_identification:_identify(src/trajectory_generator/helper_funcs_glob/src) by extension 'colcon_meta'
[1.143s] Level 1:colcon.colcon_core.package_identification:_identify(src/trajectory_generator/helper_funcs_glob/src) by extensions ['ros']
[1.143s] Level 1:colcon.colcon_core.package_identification:_identify(src/trajectory_generator/helper_funcs_glob/src) by extension 'ros'
[1.143s] Level 1:colcon.colcon_core.package_identification:_identify(src/trajectory_generator/helper_funcs_glob/src) by extensions ['cmake', 'python']
[1.143s] Level 1:colcon.colcon_core.package_identification:_identify(src/trajectory_generator/helper_funcs_glob/src) by extension 'cmake'
[1.143s] Level 1:colcon.colcon_core.package_identification:_identify(src/trajectory_generator/helper_funcs_glob/src) by extension 'python'
[1.143s] Level 1:colcon.colcon_core.package_identification:_identify(src/trajectory_generator/helper_funcs_glob/src) by extensions ['python_setup_py']
[1.143s] Level 1:colcon.colcon_core.package_identification:_identify(src/trajectory_generator/helper_funcs_glob/src) by extension 'python_setup_py'
[1.143s] Level 1:colcon.colcon_core.package_identification:_identify(src/trajectory_generator/inputs) by extensions ['ignore', 'ignore_ament_install']
[1.143s] Level 1:colcon.colcon_core.package_identification:_identify(src/trajectory_generator/inputs) by extension 'ignore'
[1.143s] Level 1:colcon.colcon_core.package_identification:_identify(src/trajectory_generator/inputs) by extension 'ignore_ament_install'
[1.143s] Level 1:colcon.colcon_core.package_identification:_identify(src/trajectory_generator/inputs) by extensions ['colcon_pkg']
[1.143s] Level 1:colcon.colcon_core.package_identification:_identify(src/trajectory_generator/inputs) by extension 'colcon_pkg'
[1.143s] Level 1:colcon.colcon_core.package_identification:_identify(src/trajectory_generator/inputs) by extensions ['colcon_meta']
[1.143s] Level 1:colcon.colcon_core.package_identification:_identify(src/trajectory_generator/inputs) by extension 'colcon_meta'
[1.143s] Level 1:colcon.colcon_core.package_identification:_identify(src/trajectory_generator/inputs) by extensions ['ros']
[1.144s] Level 1:colcon.colcon_core.package_identification:_identify(src/trajectory_generator/inputs) by extension 'ros'
[1.144s] Level 1:colcon.colcon_core.package_identification:_identify(src/trajectory_generator/inputs) by extensions ['cmake', 'python']
[1.144s] Level 1:colcon.colcon_core.package_identification:_identify(src/trajectory_generator/inputs) by extension 'cmake'
[1.144s] Level 1:colcon.colcon_core.package_identification:_identify(src/trajectory_generator/inputs) by extension 'python'
[1.144s] Level 1:colcon.colcon_core.package_identification:_identify(src/trajectory_generator/inputs) by extensions ['python_setup_py']
[1.144s] Level 1:colcon.colcon_core.package_identification:_identify(src/trajectory_generator/inputs) by extension 'python_setup_py'
[1.144s] Level 1:colcon.colcon_core.package_identification:_identify(src/trajectory_generator/inputs/frictionmaps) by extensions ['ignore', 'ignore_ament_install']
[1.144s] Level 1:colcon.colcon_core.package_identification:_identify(src/trajectory_generator/inputs/frictionmaps) by extension 'ignore'
[1.144s] Level 1:colcon.colcon_core.package_identification:_identify(src/trajectory_generator/inputs/frictionmaps) by extension 'ignore_ament_install'
[1.144s] Level 1:colcon.colcon_core.package_identification:_identify(src/trajectory_generator/inputs/frictionmaps) by extensions ['colcon_pkg']
[1.144s] Level 1:colcon.colcon_core.package_identification:_identify(src/trajectory_generator/inputs/frictionmaps) by extension 'colcon_pkg'
[1.144s] Level 1:colcon.colcon_core.package_identification:_identify(src/trajectory_generator/inputs/frictionmaps) by extensions ['colcon_meta']
[1.144s] Level 1:colcon.colcon_core.package_identification:_identify(src/trajectory_generator/inputs/frictionmaps) by extension 'colcon_meta'
[1.144s] Level 1:colcon.colcon_core.package_identification:_identify(src/trajectory_generator/inputs/frictionmaps) by extensions ['ros']
[1.144s] Level 1:colcon.colcon_core.package_identification:_identify(src/trajectory_generator/inputs/frictionmaps) by extension 'ros'
[1.144s] Level 1:colcon.colcon_core.package_identification:_identify(src/trajectory_generator/inputs/frictionmaps) by extensions ['cmake', 'python']
[1.144s] Level 1:colcon.colcon_core.package_identification:_identify(src/trajectory_generator/inputs/frictionmaps) by extension 'cmake'
[1.144s] Level 1:colcon.colcon_core.package_identification:_identify(src/trajectory_generator/inputs/frictionmaps) by extension 'python'
[1.144s] Level 1:colcon.colcon_core.package_identification:_identify(src/trajectory_generator/inputs/frictionmaps) by extensions ['python_setup_py']
[1.144s] Level 1:colcon.colcon_core.package_identification:_identify(src/trajectory_generator/inputs/frictionmaps) by extension 'python_setup_py'
[1.144s] Level 1:colcon.colcon_core.package_identification:_identify(src/trajectory_generator/inputs/tracks) by extensions ['ignore', 'ignore_ament_install']
[1.144s] Level 1:colcon.colcon_core.package_identification:_identify(src/trajectory_generator/inputs/tracks) by extension 'ignore'
[1.144s] Level 1:colcon.colcon_core.package_identification:_identify(src/trajectory_generator/inputs/tracks) by extension 'ignore_ament_install'
[1.144s] Level 1:colcon.colcon_core.package_identification:_identify(src/trajectory_generator/inputs/tracks) by extensions ['colcon_pkg']
[1.144s] Level 1:colcon.colcon_core.package_identification:_identify(src/trajectory_generator/inputs/tracks) by extension 'colcon_pkg'
[1.144s] Level 1:colcon.colcon_core.package_identification:_identify(src/trajectory_generator/inputs/tracks) by extensions ['colcon_meta']
[1.144s] Level 1:colcon.colcon_core.package_identification:_identify(src/trajectory_generator/inputs/tracks) by extension 'colcon_meta'
[1.144s] Level 1:colcon.colcon_core.package_identification:_identify(src/trajectory_generator/inputs/tracks) by extensions ['ros']
[1.144s] Level 1:colcon.colcon_core.package_identification:_identify(src/trajectory_generator/inputs/tracks) by extension 'ros'
[1.144s] Level 1:colcon.colcon_core.package_identification:_identify(src/trajectory_generator/inputs/tracks) by extensions ['cmake', 'python']
[1.144s] Level 1:colcon.colcon_core.package_identification:_identify(src/trajectory_generator/inputs/tracks) by extension 'cmake'
[1.144s] Level 1:colcon.colcon_core.package_identification:_identify(src/trajectory_generator/inputs/tracks) by extension 'python'
[1.144s] Level 1:colcon.colcon_core.package_identification:_identify(src/trajectory_generator/inputs/tracks) by extensions ['python_setup_py']
[1.144s] Level 1:colcon.colcon_core.package_identification:_identify(src/trajectory_generator/inputs/tracks) by extension 'python_setup_py'
[1.144s] Level 1:colcon.colcon_core.package_identification:_identify(src/trajectory_generator/inputs/veh_dyn_info) by extensions ['ignore', 'ignore_ament_install']
[1.144s] Level 1:colcon.colcon_core.package_identification:_identify(src/trajectory_generator/inputs/veh_dyn_info) by extension 'ignore'
[1.144s] Level 1:colcon.colcon_core.package_identification:_identify(src/trajectory_generator/inputs/veh_dyn_info) by extension 'ignore_ament_install'
[1.144s] Level 1:colcon.colcon_core.package_identification:_identify(src/trajectory_generator/inputs/veh_dyn_info) by extensions ['colcon_pkg']
[1.144s] Level 1:colcon.colcon_core.package_identification:_identify(src/trajectory_generator/inputs/veh_dyn_info) by extension 'colcon_pkg'
[1.144s] Level 1:colcon.colcon_core.package_identification:_identify(src/trajectory_generator/inputs/veh_dyn_info) by extensions ['colcon_meta']
[1.144s] Level 1:colcon.colcon_core.package_identification:_identify(src/trajectory_generator/inputs/veh_dyn_info) by extension 'colcon_meta'
[1.144s] Level 1:colcon.colcon_core.package_identification:_identify(src/trajectory_generator/inputs/veh_dyn_info) by extensions ['ros']
[1.145s] Level 1:colcon.colcon_core.package_identification:_identify(src/trajectory_generator/inputs/veh_dyn_info) by extension 'ros'
[1.145s] Level 1:colcon.colcon_core.package_identification:_identify(src/trajectory_generator/inputs/veh_dyn_info) by extensions ['cmake', 'python']
[1.145s] Level 1:colcon.colcon_core.package_identification:_identify(src/trajectory_generator/inputs/veh_dyn_info) by extension 'cmake'
[1.145s] Level 1:colcon.colcon_core.package_identification:_identify(src/trajectory_generator/inputs/veh_dyn_info) by extension 'python'
[1.145s] Level 1:colcon.colcon_core.package_identification:_identify(src/trajectory_generator/inputs/veh_dyn_info) by extensions ['python_setup_py']
[1.145s] Level 1:colcon.colcon_core.package_identification:_identify(src/trajectory_generator/inputs/veh_dyn_info) by extension 'python_setup_py'
[1.145s] Level 1:colcon.colcon_core.package_identification:_identify(src/trajectory_generator/install) by extensions ['ignore', 'ignore_ament_install']
[1.145s] Level 1:colcon.colcon_core.package_identification:_identify(src/trajectory_generator/install) by extension 'ignore'
[1.145s] Level 1:colcon.colcon_core.package_identification:_identify(src/trajectory_generator/install) ignored
[1.145s] Level 1:colcon.colcon_core.package_identification:_identify(src/trajectory_generator/log) by extensions ['ignore', 'ignore_ament_install']
[1.145s] Level 1:colcon.colcon_core.package_identification:_identify(src/trajectory_generator/log) by extension 'ignore'
[1.145s] Level 1:colcon.colcon_core.package_identification:_identify(src/trajectory_generator/log) ignored
[1.145s] Level 1:colcon.colcon_core.package_identification:_identify(src/trajectory_generator/maps) by extensions ['ignore', 'ignore_ament_install']
[1.145s] Level 1:colcon.colcon_core.package_identification:_identify(src/trajectory_generator/maps) by extension 'ignore'
[1.145s] Level 1:colcon.colcon_core.package_identification:_identify(src/trajectory_generator/maps) by extension 'ignore_ament_install'
[1.145s] Level 1:colcon.colcon_core.package_identification:_identify(src/trajectory_generator/maps) by extensions ['colcon_pkg']
[1.145s] Level 1:colcon.colcon_core.package_identification:_identify(src/trajectory_generator/maps) by extension 'colcon_pkg'
[1.145s] Level 1:colcon.colcon_core.package_identification:_identify(src/trajectory_generator/maps) by extensions ['colcon_meta']
[1.145s] Level 1:colcon.colcon_core.package_identification:_identify(src/trajectory_generator/maps) by extension 'colcon_meta'
[1.145s] Level 1:colcon.colcon_core.package_identification:_identify(src/trajectory_generator/maps) by extensions ['ros']
[1.145s] Level 1:colcon.colcon_core.package_identification:_identify(src/trajectory_generator/maps) by extension 'ros'
[1.145s] Level 1:colcon.colcon_core.package_identification:_identify(src/trajectory_generator/maps) by extensions ['cmake', 'python']
[1.145s] Level 1:colcon.colcon_core.package_identification:_identify(src/trajectory_generator/maps) by extension 'cmake'
[1.145s] Level 1:colcon.colcon_core.package_identification:_identify(src/trajectory_generator/maps) by extension 'python'
[1.145s] Level 1:colcon.colcon_core.package_identification:_identify(src/trajectory_generator/maps) by extensions ['python_setup_py']
[1.145s] Level 1:colcon.colcon_core.package_identification:_identify(src/trajectory_generator/maps) by extension 'python_setup_py'
[1.146s] Level 1:colcon.colcon_core.package_identification:_identify(src/trajectory_generator/opt_mintime_traj) by extensions ['ignore', 'ignore_ament_install']
[1.146s] Level 1:colcon.colcon_core.package_identification:_identify(src/trajectory_generator/opt_mintime_traj) by extension 'ignore'
[1.146s] Level 1:colcon.colcon_core.package_identification:_identify(src/trajectory_generator/opt_mintime_traj) by extension 'ignore_ament_install'
[1.146s] Level 1:colcon.colcon_core.package_identification:_identify(src/trajectory_generator/opt_mintime_traj) by extensions ['colcon_pkg']
[1.146s] Level 1:colcon.colcon_core.package_identification:_identify(src/trajectory_generator/opt_mintime_traj) by extension 'colcon_pkg'
[1.146s] Level 1:colcon.colcon_core.package_identification:_identify(src/trajectory_generator/opt_mintime_traj) by extensions ['colcon_meta']
[1.146s] Level 1:colcon.colcon_core.package_identification:_identify(src/trajectory_generator/opt_mintime_traj) by extension 'colcon_meta'
[1.146s] Level 1:colcon.colcon_core.package_identification:_identify(src/trajectory_generator/opt_mintime_traj) by extensions ['ros']
[1.146s] Level 1:colcon.colcon_core.package_identification:_identify(src/trajectory_generator/opt_mintime_traj) by extension 'ros'
[1.146s] Level 1:colcon.colcon_core.package_identification:_identify(src/trajectory_generator/opt_mintime_traj) by extensions ['cmake', 'python']
[1.146s] Level 1:colcon.colcon_core.package_identification:_identify(src/trajectory_generator/opt_mintime_traj) by extension 'cmake'
[1.146s] Level 1:colcon.colcon_core.package_identification:_identify(src/trajectory_generator/opt_mintime_traj) by extension 'python'
[1.146s] Level 1:colcon.colcon_core.package_identification:_identify(src/trajectory_generator/opt_mintime_traj) by extensions ['python_setup_py']
[1.146s] Level 1:colcon.colcon_core.package_identification:_identify(src/trajectory_generator/opt_mintime_traj) by extension 'python_setup_py'
[1.146s] Level 1:colcon.colcon_core.package_identification:_identify(src/trajectory_generator/opt_mintime_traj/powertrain_src) by extensions ['ignore', 'ignore_ament_install']
[1.146s] Level 1:colcon.colcon_core.package_identification:_identify(src/trajectory_generator/opt_mintime_traj/powertrain_src) by extension 'ignore'
[1.146s] Level 1:colcon.colcon_core.package_identification:_identify(src/trajectory_generator/opt_mintime_traj/powertrain_src) by extension 'ignore_ament_install'
[1.146s] Level 1:colcon.colcon_core.package_identification:_identify(src/trajectory_generator/opt_mintime_traj/powertrain_src) by extensions ['colcon_pkg']
[1.146s] Level 1:colcon.colcon_core.package_identification:_identify(src/trajectory_generator/opt_mintime_traj/powertrain_src) by extension 'colcon_pkg'
[1.146s] Level 1:colcon.colcon_core.package_identification:_identify(src/trajectory_generator/opt_mintime_traj/powertrain_src) by extensions ['colcon_meta']
[1.146s] Level 1:colcon.colcon_core.package_identification:_identify(src/trajectory_generator/opt_mintime_traj/powertrain_src) by extension 'colcon_meta'
[1.146s] Level 1:colcon.colcon_core.package_identification:_identify(src/trajectory_generator/opt_mintime_traj/powertrain_src) by extensions ['ros']
[1.146s] Level 1:colcon.colcon_core.package_identification:_identify(src/trajectory_generator/opt_mintime_traj/powertrain_src) by extension 'ros'
[1.146s] Level 1:colcon.colcon_core.package_identification:_identify(src/trajectory_generator/opt_mintime_traj/powertrain_src) by extensions ['cmake', 'python']
[1.146s] Level 1:colcon.colcon_core.package_identification:_identify(src/trajectory_generator/opt_mintime_traj/powertrain_src) by extension 'cmake'
[1.146s] Level 1:colcon.colcon_core.package_identification:_identify(src/trajectory_generator/opt_mintime_traj/powertrain_src) by extension 'python'
[1.146s] Level 1:colcon.colcon_core.package_identification:_identify(src/trajectory_generator/opt_mintime_traj/powertrain_src) by extensions ['python_setup_py']
[1.146s] Level 1:colcon.colcon_core.package_identification:_identify(src/trajectory_generator/opt_mintime_traj/powertrain_src) by extension 'python_setup_py'
[1.146s] Level 1:colcon.colcon_core.package_identification:_identify(src/trajectory_generator/opt_mintime_traj/powertrain_src/src) by extensions ['ignore', 'ignore_ament_install']
[1.146s] Level 1:colcon.colcon_core.package_identification:_identify(src/trajectory_generator/opt_mintime_traj/powertrain_src/src) by extension 'ignore'
[1.146s] Level 1:colcon.colcon_core.package_identification:_identify(src/trajectory_generator/opt_mintime_traj/powertrain_src/src) by extension 'ignore_ament_install'
[1.146s] Level 1:colcon.colcon_core.package_identification:_identify(src/trajectory_generator/opt_mintime_traj/powertrain_src/src) by extensions ['colcon_pkg']
[1.146s] Level 1:colcon.colcon_core.package_identification:_identify(src/trajectory_generator/opt_mintime_traj/powertrain_src/src) by extension 'colcon_pkg'
[1.146s] Level 1:colcon.colcon_core.package_identification:_identify(src/trajectory_generator/opt_mintime_traj/powertrain_src/src) by extensions ['colcon_meta']
[1.146s] Level 1:colcon.colcon_core.package_identification:_identify(src/trajectory_generator/opt_mintime_traj/powertrain_src/src) by extension 'colcon_meta'
[1.146s] Level 1:colcon.colcon_core.package_identification:_identify(src/trajectory_generator/opt_mintime_traj/powertrain_src/src) by extensions ['ros']
[1.146s] Level 1:colcon.colcon_core.package_identification:_identify(src/trajectory_generator/opt_mintime_traj/powertrain_src/src) by extension 'ros'
[1.146s] Level 1:colcon.colcon_core.package_identification:_identify(src/trajectory_generator/opt_mintime_traj/powertrain_src/src) by extensions ['cmake', 'python']
[1.146s] Level 1:colcon.colcon_core.package_identification:_identify(src/trajectory_generator/opt_mintime_traj/powertrain_src/src) by extension 'cmake'
[1.146s] Level 1:colcon.colcon_core.package_identification:_identify(src/trajectory_generator/opt_mintime_traj/powertrain_src/src) by extension 'python'
[1.146s] Level 1:colcon.colcon_core.package_identification:_identify(src/trajectory_generator/opt_mintime_traj/powertrain_src/src) by extensions ['python_setup_py']
[1.146s] Level 1:colcon.colcon_core.package_identification:_identify(src/trajectory_generator/opt_mintime_traj/powertrain_src/src) by extension 'python_setup_py'
[1.147s] Level 1:colcon.colcon_core.package_identification:_identify(src/trajectory_generator/opt_mintime_traj/src) by extensions ['ignore', 'ignore_ament_install']
[1.147s] Level 1:colcon.colcon_core.package_identification:_identify(src/trajectory_generator/opt_mintime_traj/src) by extension 'ignore'
[1.147s] Level 1:colcon.colcon_core.package_identification:_identify(src/trajectory_generator/opt_mintime_traj/src) by extension 'ignore_ament_install'
[1.147s] Level 1:colcon.colcon_core.package_identification:_identify(src/trajectory_generator/opt_mintime_traj/src) by extensions ['colcon_pkg']
[1.147s] Level 1:colcon.colcon_core.package_identification:_identify(src/trajectory_generator/opt_mintime_traj/src) by extension 'colcon_pkg'
[1.147s] Level 1:colcon.colcon_core.package_identification:_identify(src/trajectory_generator/opt_mintime_traj/src) by extensions ['colcon_meta']
[1.147s] Level 1:colcon.colcon_core.package_identification:_identify(src/trajectory_generator/opt_mintime_traj/src) by extension 'colcon_meta'
[1.147s] Level 1:colcon.colcon_core.package_identification:_identify(src/trajectory_generator/opt_mintime_traj/src) by extensions ['ros']
[1.147s] Level 1:colcon.colcon_core.package_identification:_identify(src/trajectory_generator/opt_mintime_traj/src) by extension 'ros'
[1.147s] Level 1:colcon.colcon_core.package_identification:_identify(src/trajectory_generator/opt_mintime_traj/src) by extensions ['cmake', 'python']
[1.147s] Level 1:colcon.colcon_core.package_identification:_identify(src/trajectory_generator/opt_mintime_traj/src) by extension 'cmake'
[1.147s] Level 1:colcon.colcon_core.package_identification:_identify(src/trajectory_generator/opt_mintime_traj/src) by extension 'python'
[1.147s] Level 1:colcon.colcon_core.package_identification:_identify(src/trajectory_generator/opt_mintime_traj/src) by extensions ['python_setup_py']
[1.147s] Level 1:colcon.colcon_core.package_identification:_identify(src/trajectory_generator/opt_mintime_traj/src) by extension 'python_setup_py'
[1.147s] Level 1:colcon.colcon_core.package_identification:_identify(src/trajectory_generator/outputs) by extensions ['ignore', 'ignore_ament_install']
[1.147s] Level 1:colcon.colcon_core.package_identification:_identify(src/trajectory_generator/outputs) by extension 'ignore'
[1.147s] Level 1:colcon.colcon_core.package_identification:_identify(src/trajectory_generator/outputs) by extension 'ignore_ament_install'
[1.147s] Level 1:colcon.colcon_core.package_identification:_identify(src/trajectory_generator/outputs) by extensions ['colcon_pkg']
[1.147s] Level 1:colcon.colcon_core.package_identification:_identify(src/trajectory_generator/outputs) by extension 'colcon_pkg'
[1.147s] Level 1:colcon.colcon_core.package_identification:_identify(src/trajectory_generator/outputs) by extensions ['colcon_meta']
[1.147s] Level 1:colcon.colcon_core.package_identification:_identify(src/trajectory_generator/outputs) by extension 'colcon_meta'
[1.147s] Level 1:colcon.colcon_core.package_identification:_identify(src/trajectory_generator/outputs) by extensions ['ros']
[1.147s] Level 1:colcon.colcon_core.package_identification:_identify(src/trajectory_generator/outputs) by extension 'ros'
[1.147s] Level 1:colcon.colcon_core.package_identification:_identify(src/trajectory_generator/outputs) by extensions ['cmake', 'python']
[1.147s] Level 1:colcon.colcon_core.package_identification:_identify(src/trajectory_generator/outputs) by extension 'cmake'
[1.147s] Level 1:colcon.colcon_core.package_identification:_identify(src/trajectory_generator/outputs) by extension 'python'
[1.147s] Level 1:colcon.colcon_core.package_identification:_identify(src/trajectory_generator/outputs) by extensions ['python_setup_py']
[1.147s] Level 1:colcon.colcon_core.package_identification:_identify(src/trajectory_generator/outputs) by extension 'python_setup_py'
[1.147s] Level 1:colcon.colcon_core.package_identification:_identify(src/trajectory_generator/outputs/final2024) by extensions ['ignore', 'ignore_ament_install']
[1.147s] Level 1:colcon.colcon_core.package_identification:_identify(src/trajectory_generator/outputs/final2024) by extension 'ignore'
[1.147s] Level 1:colcon.colcon_core.package_identification:_identify(src/trajectory_generator/outputs/final2024) by extension 'ignore_ament_install'
[1.147s] Level 1:colcon.colcon_core.package_identification:_identify(src/trajectory_generator/outputs/final2024) by extensions ['colcon_pkg']
[1.147s] Level 1:colcon.colcon_core.package_identification:_identify(src/trajectory_generator/outputs/final2024) by extension 'colcon_pkg'
[1.147s] Level 1:colcon.colcon_core.package_identification:_identify(src/trajectory_generator/outputs/final2024) by extensions ['colcon_meta']
[1.147s] Level 1:colcon.colcon_core.package_identification:_identify(src/trajectory_generator/outputs/final2024) by extension 'colcon_meta'
[1.147s] Level 1:colcon.colcon_core.package_identification:_identify(src/trajectory_generator/outputs/final2024) by extensions ['ros']
[1.147s] Level 1:colcon.colcon_core.package_identification:_identify(src/trajectory_generator/outputs/final2024) by extension 'ros'
[1.148s] Level 1:colcon.colcon_core.package_identification:_identify(src/trajectory_generator/outputs/final2024) by extensions ['cmake', 'python']
[1.148s] Level 1:colcon.colcon_core.package_identification:_identify(src/trajectory_generator/outputs/final2024) by extension 'cmake'
[1.148s] Level 1:colcon.colcon_core.package_identification:_identify(src/trajectory_generator/outputs/final2024) by extension 'python'
[1.148s] Level 1:colcon.colcon_core.package_identification:_identify(src/trajectory_generator/outputs/final2024) by extensions ['python_setup_py']
[1.148s] Level 1:colcon.colcon_core.package_identification:_identify(src/trajectory_generator/outputs/final2024) by extension 'python_setup_py'
[1.148s] Level 1:colcon.colcon_core.package_identification:_identify(src/trajectory_generator/params) by extensions ['ignore', 'ignore_ament_install']
[1.148s] Level 1:colcon.colcon_core.package_identification:_identify(src/trajectory_generator/params) by extension 'ignore'
[1.148s] Level 1:colcon.colcon_core.package_identification:_identify(src/trajectory_generator/params) by extension 'ignore_ament_install'
[1.148s] Level 1:colcon.colcon_core.package_identification:_identify(src/trajectory_generator/params) by extensions ['colcon_pkg']
[1.148s] Level 1:colcon.colcon_core.package_identification:_identify(src/trajectory_generator/params) by extension 'colcon_pkg'
[1.148s] Level 1:colcon.colcon_core.package_identification:_identify(src/trajectory_generator/params) by extensions ['colcon_meta']
[1.148s] Level 1:colcon.colcon_core.package_identification:_identify(src/trajectory_generator/params) by extension 'colcon_meta'
[1.148s] Level 1:colcon.colcon_core.package_identification:_identify(src/trajectory_generator/params) by extensions ['ros']
[1.148s] Level 1:colcon.colcon_core.package_identification:_identify(src/trajectory_generator/params) by extension 'ros'
[1.148s] Level 1:colcon.colcon_core.package_identification:_identify(src/trajectory_generator/params) by extensions ['cmake', 'python']
[1.148s] Level 1:colcon.colcon_core.package_identification:_identify(src/trajectory_generator/params) by extension 'cmake'
[1.148s] Level 1:colcon.colcon_core.package_identification:_identify(src/trajectory_generator/params) by extension 'python'
[1.148s] Level 1:colcon.colcon_core.package_identification:_identify(src/trajectory_generator/params) by extensions ['python_setup_py']
[1.148s] Level 1:colcon.colcon_core.package_identification:_identify(src/trajectory_generator/params) by extension 'python_setup_py'
[1.148s] Level 1:colcon.colcon_core.package_discovery:discover_packages(recursive) using defaults
[1.148s] Level 1:colcon.colcon_core.package_discovery:discover_packages(ignore) discover
[1.148s] Level 1:colcon.colcon_core.package_discovery:discover_packages(ignore) using defaults
[1.148s] Level 1:colcon.colcon_core.package_discovery:discover_packages(path) discover
[1.148s] Level 1:colcon.colcon_core.package_discovery:discover_packages(path) using defaults
[1.247s] Level 1:colcon.colcon_core.package_discovery:discover_packages(prefix_path) check parameters
[1.247s] Level 1:colcon.colcon_core.package_discovery:discover_packages(prefix_path) discover
[1.283s] DEBUG:colcon.colcon_installed_package_information.package_discovery:Found 3 installed packages in /home/ros2/F1tenth-Final-Race-Agent-and-Toolbox/install
[1.300s] DEBUG:colcon.colcon_installed_package_information.package_discovery:Found 275 installed packages in /opt/ros/foxy
[1.301s] Level 1:colcon.colcon_core.package_discovery:discover_packages(prefix_path) using defaults
[1.430s] Level 5:colcon.colcon_core.verb:set package 'dummy_car' build argument 'cmake_args' from command line to 'None'
[1.430s] Level 5:colcon.colcon_core.verb:set package 'dummy_car' build argument 'cmake_target' from command line to 'None'
[1.430s] Level 5:colcon.colcon_core.verb:set package 'dummy_car' build argument 'cmake_target_skip_unavailable' from command line to 'False'
[1.430s] Level 5:colcon.colcon_core.verb:set package 'dummy_car' build argument 'cmake_clean_cache' from command line to 'False'
[1.430s] Level 5:colcon.colcon_core.verb:set package 'dummy_car' build argument 'cmake_clean_first' from command line to 'False'
[1.430s] Level 5:colcon.colcon_core.verb:set package 'dummy_car' build argument 'cmake_force_configure' from command line to 'False'
[1.430s] Level 5:colcon.colcon_core.verb:set package 'dummy_car' build argument 'ament_cmake_args' from command line to 'None'
[1.430s] Level 5:colcon.colcon_core.verb:set package 'dummy_car' build argument 'catkin_cmake_args' from command line to 'None'
[1.430s] Level 5:colcon.colcon_core.verb:set package 'dummy_car' build argument 'catkin_skip_building_tests' from command line to 'False'
[1.430s] DEBUG:colcon.colcon_core.verb:Building package 'dummy_car' with the following arguments: {'ament_cmake_args': None, 'build_base': '/home/ros2/F1tenth-Final-Race-Agent-and-Toolbox/build/dummy_car', 'catkin_cmake_args': None, 'catkin_skip_building_tests': False, 'cmake_args': None, 'cmake_clean_cache': False, 'cmake_clean_first': False, 'cmake_force_configure': False, 'cmake_target': None, 'cmake_target_skip_unavailable': False, 'install_base': '/home/ros2/F1tenth-Final-Race-Agent-and-Toolbox/install/dummy_car', 'merge_install': False, 'path': '/home/ros2/F1tenth-Final-Race-Agent-and-Toolbox/src/dummy_car', 'symlink_install': False, 'test_result_base': None}
[1.446s] Level 5:colcon.colcon_core.verb:set package 'final_race_pkg' build argument 'cmake_args' from command line to 'None'
[1.446s] Level 5:colcon.colcon_core.verb:set package 'final_race_pkg' build argument 'cmake_target' from command line to 'None'
[1.446s] Level 5:colcon.colcon_core.verb:set package 'final_race_pkg' build argument 'cmake_target_skip_unavailable' from command line to 'False'
[1.446s] Level 5:colcon.colcon_core.verb:set package 'final_race_pkg' build argument 'cmake_clean_cache' from command line to 'False'
[1.446s] Level 5:colcon.colcon_core.verb:set package 'final_race_pkg' build argument 'cmake_clean_first' from command line to 'False'
[1.446s] Level 5:colcon.colcon_core.verb:set package 'final_race_pkg' build argument 'cmake_force_configure' from command line to 'False'
[1.446s] Level 5:colcon.colcon_core.verb:set package 'final_race_pkg' build argument 'ament_cmake_args' from command line to 'None'
[1.446s] Level 5:colcon.colcon_core.verb:set package 'final_race_pkg' build argument 'catkin_cmake_args' from command line to 'None'
[1.447s] Level 5:colcon.colcon_core.verb:set package 'final_race_pkg' build argument 'catkin_skip_building_tests' from command line to 'False'
[1.447s] DEBUG:colcon.colcon_core.verb:Building package 'final_race_pkg' with the following arguments: {'ament_cmake_args': None, 'build_base': '/home/ros2/F1tenth-Final-Race-Agent-and-Toolbox/build/final_race_pkg', 'catkin_cmake_args': None, 'catkin_skip_building_tests': False, 'cmake_args': None, 'cmake_clean_cache': False, 'cmake_clean_first': False, 'cmake_force_configure': False, 'cmake_target': None, 'cmake_target_skip_unavailable': False, 'install_base': '/home/ros2/F1tenth-Final-Race-Agent-and-Toolbox/install/final_race_pkg', 'merge_install': False, 'path': '/home/ros2/F1tenth-Final-Race-Agent-and-Toolbox/src/final_race_pkg', 'symlink_install': False, 'test_result_base': None}
[1.462s] Level 5:colcon.colcon_core.verb:set package 'opponent_predictor' build argument 'cmake_args' from command line to 'None'
[1.462s] Level 5:colcon.colcon_core.verb:set package 'opponent_predictor' build argument 'cmake_target' from command line to 'None'
[1.462s] Level 5:colcon.colcon_core.verb:set package 'opponent_predictor' build argument 'cmake_target_skip_unavailable' from command line to 'False'
[1.462s] Level 5:colcon.colcon_core.verb:set package 'opponent_predictor' build argument 'cmake_clean_cache' from command line to 'False'
[1.462s] Level 5:colcon.colcon_core.verb:set package 'opponent_predictor' build argument 'cmake_clean_first' from command line to 'False'
[1.462s] Level 5:colcon.colcon_core.verb:set package 'opponent_predictor' build argument 'cmake_force_configure' from command line to 'False'
[1.462s] Level 5:colcon.colcon_core.verb:set package 'opponent_predictor' build argument 'ament_cmake_args' from command line to 'None'
[1.462s] Level 5:colcon.colcon_core.verb:set package 'opponent_predictor' build argument 'catkin_cmake_args' from command line to 'None'
[1.462s] Level 5:colcon.colcon_core.verb:set package 'opponent_predictor' build argument 'catkin_skip_building_tests' from command line to 'False'
[1.462s] DEBUG:colcon.colcon_core.verb:Building package 'opponent_predictor' with the following arguments: {'ament_cmake_args': None, 'build_base': '/home/ros2/F1tenth-Final-Race-Agent-and-Toolbox/build/opponent_predictor', 'catkin_cmake_args': None, 'catkin_skip_building_tests': False, 'cmake_args': None, 'cmake_clean_cache': False, 'cmake_clean_first': False, 'cmake_force_configure': False, 'cmake_target': None, 'cmake_target_skip_unavailable': False, 'install_base': '/home/ros2/F1tenth-Final-Race-Agent-and-Toolbox/install/opponent_predictor', 'merge_install': False, 'path': '/home/ros2/F1tenth-Final-Race-Agent-and-Toolbox/src/opponent_predictor', 'symlink_install': False, 'test_result_base': None}
[1.478s] INFO:colcon.colcon_core.executor:Executing jobs using 'parallel' executor
[1.495s] DEBUG:colcon.colcon_parallel_executor.executor.parallel:run_until_complete
[1.495s] INFO:colcon.colcon_ros.task.ament_cmake.build:Building ROS package in '/home/ros2/F1tenth-Final-Race-Agent-and-Toolbox/src/dummy_car' with build type 'ament_cmake'
[1.495s] INFO:colcon.colcon_cmake.task.cmake.build:Building CMake package in '/home/ros2/F1tenth-Final-Race-Agent-and-Toolbox/src/dummy_car'
[1.516s] INFO:colcon.colcon_core.plugin_system:Skipping extension 'colcon_core.shell.bat': Not used on non-Windows systems
[1.516s] INFO:colcon.colcon_core.shell:Skip shell extension 'powershell' for command environment: Not usable outside of PowerShell
[1.516s] DEBUG:colcon.colcon_core.shell:Skip shell extension 'dsv' for command environment
[1.571s] INFO:colcon.colcon_ros.task.ament_python.build:Building ROS package in '/home/ros2/F1tenth-Final-Race-Agent-and-Toolbox/src/final_race_pkg' with build type 'ament_python'
[1.571s] Level 1:colcon.colcon_core.shell:create_environment_hook('final_race_pkg', 'ament_prefix_path')
[1.589s] INFO:colcon.colcon_core.shell:Creating environment hook '/home/ros2/F1tenth-Final-Race-Agent-and-Toolbox/install/final_race_pkg/share/final_race_pkg/hook/ament_prefix_path.ps1'
[1.591s] INFO:colcon.colcon_core.shell:Creating environment descriptor '/home/ros2/F1tenth-Final-Race-Agent-and-Toolbox/install/final_race_pkg/share/final_race_pkg/hook/ament_prefix_path.dsv'
[1.591s] INFO:colcon.colcon_core.shell:Creating environment hook '/home/ros2/F1tenth-Final-Race-Agent-and-Toolbox/install/final_race_pkg/share/final_race_pkg/hook/ament_prefix_path.sh'
[1.610s] INFO:colcon.colcon_core.shell:Skip shell extension 'powershell' for command environment: Not usable outside of PowerShell
[1.610s] DEBUG:colcon.colcon_core.shell:Skip shell extension 'dsv' for command environment
[1.664s] DEBUG:colcon.colcon_core.event_handler.log_command:Invoking command in '/home/ros2/F1tenth-Final-Race-Agent-and-Toolbox/build/dummy_car': CMAKE_PREFIX_PATH=${CMAKE_PREFIX_PATH}:/home/ros2/F1tenth-Final-Race-Agent-and-Toolbox/install/final_race_pkg:/opt/ros/foxy /usr/bin/cmake /home/ros2/F1tenth-Final-Race-Agent-and-Toolbox/src/dummy_car -DCMAKE_INSTALL_PREFIX=/home/ros2/F1tenth-Final-Race-Agent-and-Toolbox/install/dummy_car
[1.790s] INFO:colcon.colcon_core.task.python.build:Building Python package in '/home/ros2/F1tenth-Final-Race-Agent-and-Toolbox/src/final_race_pkg'
[1.807s] INFO:colcon.colcon_core.shell:Skip shell extension 'powershell' for command environment: Not usable outside of PowerShell
[1.807s] DEBUG:colcon.colcon_core.shell:Skip shell extension 'dsv' for command environment
[2.221s] DEBUG:colcon.colcon_core.event_handler.log_command:Invoking command in '/home/ros2/F1tenth-Final-Race-Agent-and-Toolbox/build/final_race_pkg': PYTHONPATH=/home/ros2/F1tenth-Final-Race-Agent-and-Toolbox/build/final_race_pkg/prefix_override:/home/ros2/F1tenth-Final-Race-Agent-and-Toolbox/install/final_race_pkg/lib/python3.8/site-packages:${PYTHONPATH} /usr/bin/python3 setup.py develop --uninstall --editable --build-directory /home/ros2/F1tenth-Final-Race-Agent-and-Toolbox/build/final_race_pkg/build
[2.437s] DEBUG:colcon.colcon_core.event_handler.log_command:Invoked command in '/home/ros2/F1tenth-Final-Race-Agent-and-Toolbox/build/final_race_pkg' returned '0': PYTHONPATH=/home/ros2/F1tenth-Final-Race-Agent-and-Toolbox/build/final_race_pkg/prefix_override:/home/ros2/F1tenth-Final-Race-Agent-and-Toolbox/install/final_race_pkg/lib/python3.8/site-packages:${PYTHONPATH} /usr/bin/python3 setup.py develop --uninstall --editable --build-directory /home/ros2/F1tenth-Final-Race-Agent-and-Toolbox/build/final_race_pkg/build
[2.439s] DEBUG:colcon.colcon_core.event_handler.log_command:Invoking command in '/home/ros2/F1tenth-Final-Race-Agent-and-Toolbox/src/final_race_pkg': PYTHONPATH=/home/ros2/F1tenth-Final-Race-Agent-and-Toolbox/build/final_race_pkg/prefix_override:/home/ros2/F1tenth-Final-Race-Agent-and-Toolbox/install/final_race_pkg/lib/python3.8/site-packages:${PYTHONPATH} /usr/bin/python3 setup.py egg_info --egg-base ../../build/final_race_pkg build --build-base /home/ros2/F1tenth-Final-Race-Agent-and-Toolbox/build/final_race_pkg/build install --record /home/ros2/F1tenth-Final-Race-Agent-and-Toolbox/build/final_race_pkg/install.log --install-scripts $base/lib/final_race_pkg --single-version-externally-managed
[2.607s] DEBUG:colcon.colcon_core.event_handler.log_command:Invoked command in '/home/ros2/F1tenth-Final-Race-Agent-and-Toolbox/src/final_race_pkg' returned '0': PYTHONPATH=/home/ros2/F1tenth-Final-Race-Agent-and-Toolbox/build/final_race_pkg/prefix_override:/home/ros2/F1tenth-Final-Race-Agent-and-Toolbox/install/final_race_pkg/lib/python3.8/site-packages:${PYTHONPATH} /usr/bin/python3 setup.py egg_info --egg-base ../../build/final_race_pkg build --build-base /home/ros2/F1tenth-Final-Race-Agent-and-Toolbox/build/final_race_pkg/build install --record /home/ros2/F1tenth-Final-Race-Agent-and-Toolbox/build/final_race_pkg/install.log --install-scripts $base/lib/final_race_pkg --single-version-externally-managed
[2.625s] Level 1:colcon.colcon_core.environment:checking '/home/ros2/F1tenth-Final-Race-Agent-and-Toolbox/install/final_race_pkg' for CMake module files
[2.626s] Level 1:colcon.colcon_core.environment:checking '/home/ros2/F1tenth-Final-Race-Agent-and-Toolbox/install/final_race_pkg' for CMake config files
[2.626s] Level 1:colcon.colcon_core.environment:checking '/home/ros2/F1tenth-Final-Race-Agent-and-Toolbox/install/final_race_pkg/lib'
[2.626s] Level 1:colcon.colcon_core.environment:checking '/home/ros2/F1tenth-Final-Race-Agent-and-Toolbox/install/final_race_pkg/bin'
[2.626s] Level 1:colcon.colcon_core.environment:checking '/home/ros2/F1tenth-Final-Race-Agent-and-Toolbox/install/final_race_pkg/lib/pkgconfig/final_race_pkg.pc'
[2.626s] Level 1:colcon.colcon_core.environment:checking '/home/ros2/F1tenth-Final-Race-Agent-and-Toolbox/install/final_race_pkg/lib/python3.8/site-packages'
[2.626s] Level 1:colcon.colcon_core.shell:create_environment_hook('final_race_pkg', 'pythonpath')
[2.643s] INFO:colcon.colcon_core.shell:Creating environment hook '/home/ros2/F1tenth-Final-Race-Agent-and-Toolbox/install/final_race_pkg/share/final_race_pkg/hook/pythonpath.ps1'
[2.644s] INFO:colcon.colcon_core.shell:Creating environment descriptor '/home/ros2/F1tenth-Final-Race-Agent-and-Toolbox/install/final_race_pkg/share/final_race_pkg/hook/pythonpath.dsv'
[2.644s] INFO:colcon.colcon_core.shell:Creating environment hook '/home/ros2/F1tenth-Final-Race-Agent-and-Toolbox/install/final_race_pkg/share/final_race_pkg/hook/pythonpath.sh'
[2.644s] Level 1:colcon.colcon_core.environment:checking '/home/ros2/F1tenth-Final-Race-Agent-and-Toolbox/install/final_race_pkg/bin'
[2.644s] Level 1:colcon.colcon_core.environment:create_environment_scripts_only(final_race_pkg)
[2.660s] INFO:colcon.colcon_core.shell:Creating package script '/home/ros2/F1tenth-Final-Race-Agent-and-Toolbox/install/final_race_pkg/share/final_race_pkg/package.ps1'
[2.661s] INFO:colcon.colcon_core.shell:Creating package descriptor '/home/ros2/F1tenth-Final-Race-Agent-and-Toolbox/install/final_race_pkg/share/final_race_pkg/package.dsv'
[2.661s] INFO:colcon.colcon_core.shell:Creating package script '/home/ros2/F1tenth-Final-Race-Agent-and-Toolbox/install/final_race_pkg/share/final_race_pkg/package.sh'
[2.662s] INFO:colcon.colcon_core.shell:Creating package script '/home/ros2/F1tenth-Final-Race-Agent-and-Toolbox/install/final_race_pkg/share/final_race_pkg/package.bash'
[2.663s] INFO:colcon.colcon_core.shell:Creating package script '/home/ros2/F1tenth-Final-Race-Agent-and-Toolbox/install/final_race_pkg/share/final_race_pkg/package.zsh'
[2.664s] Level 1:colcon.colcon_core.environment:create_file_with_runtime_dependencies(/home/ros2/F1tenth-Final-Race-Agent-and-Toolbox/install/final_race_pkg/share/colcon-core/packages/final_race_pkg)
[2.664s] INFO:colcon.colcon_ros.task.ament_cmake.build:Building ROS package in '/home/ros2/F1tenth-Final-Race-Agent-and-Toolbox/src/opponent_predictor' with build type 'ament_cmake'
[2.664s] INFO:colcon.colcon_cmake.task.cmake.build:Building CMake package in '/home/ros2/F1tenth-Final-Race-Agent-and-Toolbox/src/opponent_predictor'
[2.683s] INFO:colcon.colcon_core.shell:Skip shell extension 'powershell' for command environment: Not usable outside of PowerShell
[2.683s] DEBUG:colcon.colcon_core.shell:Skip shell extension 'dsv' for command environment
[2.742s] DEBUG:colcon.colcon_core.event_handler.log_command:Invoking command in '/home/ros2/F1tenth-Final-Race-Agent-and-Toolbox/build/opponent_predictor': CMAKE_PREFIX_PATH=${CMAKE_PREFIX_PATH}:/home/ros2/F1tenth-Final-Race-Agent-and-Toolbox/install/final_race_pkg:/opt/ros/foxy /usr/bin/cmake /home/ros2/F1tenth-Final-Race-Agent-and-Toolbox/src/opponent_predictor -DCMAKE_INSTALL_PREFIX=/home/ros2/F1tenth-Final-Race-Agent-and-Toolbox/install/opponent_predictor
[2.848s] DEBUG:colcon.colcon_core.event_handler.log_command:Invoked command in '/home/ros2/F1tenth-Final-Race-Agent-and-Toolbox/build/dummy_car' returned '0': CMAKE_PREFIX_PATH=${CMAKE_PREFIX_PATH}:/home/ros2/F1tenth-Final-Race-Agent-and-Toolbox/install/final_race_pkg:/opt/ros/foxy /usr/bin/cmake /home/ros2/F1tenth-Final-Race-Agent-and-Toolbox/src/dummy_car -DCMAKE_INSTALL_PREFIX=/home/ros2/F1tenth-Final-Race-Agent-and-Toolbox/install/dummy_car
[2.849s] DEBUG:colcon.colcon_core.event_handler.log_command:Invoking command in '/home/ros2/F1tenth-Final-Race-Agent-and-Toolbox/build/dummy_car': CMAKE_PREFIX_PATH=${CMAKE_PREFIX_PATH}:/home/ros2/F1tenth-Final-Race-Agent-and-Toolbox/install/final_race_pkg:/opt/ros/foxy /usr/bin/cmake --build /home/ros2/F1tenth-Final-Race-Agent-and-Toolbox/build/dummy_car -- -j2 -l2
[2.889s] DEBUG:colcon.colcon_core.event_handler.log_command:Invoked command in '/home/ros2/F1tenth-Final-Race-Agent-and-Toolbox/build/dummy_car' returned '0': CMAKE_PREFIX_PATH=${CMAKE_PREFIX_PATH}:/home/ros2/F1tenth-Final-Race-Agent-and-Toolbox/install/final_race_pkg:/opt/ros/foxy /usr/bin/cmake --build /home/ros2/F1tenth-Final-Race-Agent-and-Toolbox/build/dummy_car -- -j2 -l2
[2.915s] DEBUG:colcon.colcon_core.event_handler.log_command:Invoking command in '/home/ros2/F1tenth-Final-Race-Agent-and-Toolbox/build/dummy_car': CMAKE_PREFIX_PATH=${CMAKE_PREFIX_PATH}:/home/ros2/F1tenth-Final-Race-Agent-and-Toolbox/install/final_race_pkg:/opt/ros/foxy /usr/bin/cmake --install /home/ros2/F1tenth-Final-Race-Agent-and-Toolbox/build/dummy_car
[2.960s] Level 1:colcon.colcon_core.environment:create_environment_scripts_only(dummy_car)
[2.963s] DEBUG:colcon.colcon_core.event_handler.log_command:Invoked command in '/home/ros2/F1tenth-Final-Race-Agent-and-Toolbox/build/dummy_car' returned '0': CMAKE_PREFIX_PATH=${CMAKE_PREFIX_PATH}:/home/ros2/F1tenth-Final-Race-Agent-and-Toolbox/install/final_race_pkg:/opt/ros/foxy /usr/bin/cmake --install /home/ros2/F1tenth-Final-Race-Agent-and-Toolbox/build/dummy_car
[2.977s] Level 1:colcon.colcon_core.environment:checking '/home/ros2/F1tenth-Final-Race-Agent-and-Toolbox/install/dummy_car' for CMake module files
[2.978s] Level 1:colcon.colcon_core.environment:checking '/home/ros2/F1tenth-Final-Race-Agent-and-Toolbox/install/dummy_car' for CMake config files
[2.978s] Level 1:colcon.colcon_core.shell:create_environment_hook('dummy_car', 'cmake_prefix_path')
[3.001s] INFO:colcon.colcon_core.shell:Creating environment hook '/home/ros2/F1tenth-Final-Race-Agent-and-Toolbox/install/dummy_car/share/dummy_car/hook/cmake_prefix_path.ps1'
[3.002s] INFO:colcon.colcon_core.shell:Creating environment descriptor '/home/ros2/F1tenth-Final-Race-Agent-and-Toolbox/install/dummy_car/share/dummy_car/hook/cmake_prefix_path.dsv'
[3.002s] INFO:colcon.colcon_core.shell:Creating environment hook '/home/ros2/F1tenth-Final-Race-Agent-and-Toolbox/install/dummy_car/share/dummy_car/hook/cmake_prefix_path.sh'
[3.002s] Level 1:colcon.colcon_core.environment:checking '/home/ros2/F1tenth-Final-Race-Agent-and-Toolbox/install/dummy_car/lib'
[3.002s] Level 1:colcon.colcon_core.environment:checking '/home/ros2/F1tenth-Final-Race-Agent-and-Toolbox/install/dummy_car/bin'
[3.002s] Level 1:colcon.colcon_core.environment:checking '/home/ros2/F1tenth-Final-Race-Agent-and-Toolbox/install/dummy_car/lib/pkgconfig/dummy_car.pc'
[3.002s] Level 1:colcon.colcon_core.environment:checking '/home/ros2/F1tenth-Final-Race-Agent-and-Toolbox/install/dummy_car/lib/python3.8/site-packages'
[3.002s] Level 1:colcon.colcon_core.shell:create_environment_hook('dummy_car', 'pythonpath')
[3.019s] INFO:colcon.colcon_core.shell:Creating environment hook '/home/ros2/F1tenth-Final-Race-Agent-and-Toolbox/install/dummy_car/share/dummy_car/hook/pythonpath.ps1'
[3.019s] INFO:colcon.colcon_core.shell:Creating environment descriptor '/home/ros2/F1tenth-Final-Race-Agent-and-Toolbox/install/dummy_car/share/dummy_car/hook/pythonpath.dsv'
[3.019s] INFO:colcon.colcon_core.shell:Creating environment hook '/home/ros2/F1tenth-Final-Race-Agent-and-Toolbox/install/dummy_car/share/dummy_car/hook/pythonpath.sh'
[3.019s] Level 1:colcon.colcon_core.environment:checking '/home/ros2/F1tenth-Final-Race-Agent-and-Toolbox/install/dummy_car/bin'
[3.037s] INFO:colcon.colcon_core.shell:Creating package script '/home/ros2/F1tenth-Final-Race-Agent-and-Toolbox/install/dummy_car/share/dummy_car/package.ps1'
[3.038s] INFO:colcon.colcon_core.shell:Creating package descriptor '/home/ros2/F1tenth-Final-Race-Agent-and-Toolbox/install/dummy_car/share/dummy_car/package.dsv'
[3.038s] INFO:colcon.colcon_core.shell:Creating package script '/home/ros2/F1tenth-Final-Race-Agent-and-Toolbox/install/dummy_car/share/dummy_car/package.sh'
[3.038s] INFO:colcon.colcon_core.shell:Creating package script '/home/ros2/F1tenth-Final-Race-Agent-and-Toolbox/install/dummy_car/share/dummy_car/package.bash'
[3.038s] INFO:colcon.colcon_core.shell:Creating package script '/home/ros2/F1tenth-Final-Race-Agent-and-Toolbox/install/dummy_car/share/dummy_car/package.zsh'
[3.039s] Level 1:colcon.colcon_core.environment:create_file_with_runtime_dependencies(/home/ros2/F1tenth-Final-Race-Agent-and-Toolbox/install/dummy_car/share/colcon-core/packages/dummy_car)
[3.072s] Level 1:colcon.colcon_core.environment:create_environment_scripts_only(dummy_car)
[3.089s] Level 1:colcon.colcon_core.environment:checking '/home/ros2/F1tenth-Final-Race-Agent-and-Toolbox/install/dummy_car' for CMake module files
[3.090s] Level 1:colcon.colcon_core.environment:checking '/home/ros2/F1tenth-Final-Race-Agent-and-Toolbox/install/dummy_car' for CMake config files
[3.090s] Level 1:colcon.colcon_core.shell:create_environment_hook('dummy_car', 'cmake_prefix_path')
[3.107s] INFO:colcon.colcon_core.shell:Creating environment hook '/home/ros2/F1tenth-Final-Race-Agent-and-Toolbox/install/dummy_car/share/dummy_car/hook/cmake_prefix_path.ps1'
[3.108s] INFO:colcon.colcon_core.shell:Creating environment descriptor '/home/ros2/F1tenth-Final-Race-Agent-and-Toolbox/install/dummy_car/share/dummy_car/hook/cmake_prefix_path.dsv'
[3.108s] INFO:colcon.colcon_core.shell:Creating environment hook '/home/ros2/F1tenth-Final-Race-Agent-and-Toolbox/install/dummy_car/share/dummy_car/hook/cmake_prefix_path.sh'
[3.108s] Level 1:colcon.colcon_core.environment:checking '/home/ros2/F1tenth-Final-Race-Agent-and-Toolbox/install/dummy_car/lib'
[3.108s] Level 1:colcon.colcon_core.environment:checking '/home/ros2/F1tenth-Final-Race-Agent-and-Toolbox/install/dummy_car/bin'
[3.108s] Level 1:colcon.colcon_core.environment:checking '/home/ros2/F1tenth-Final-Race-Agent-and-Toolbox/install/dummy_car/lib/pkgconfig/dummy_car.pc'
[3.108s] Level 1:colcon.colcon_core.environment:checking '/home/ros2/F1tenth-Final-Race-Agent-and-Toolbox/install/dummy_car/lib/python3.8/site-packages'
[3.108s] Level 1:colcon.colcon_core.shell:create_environment_hook('dummy_car', 'pythonpath')
[3.126s] INFO:colcon.colcon_core.shell:Creating environment hook '/home/ros2/F1tenth-Final-Race-Agent-and-Toolbox/install/dummy_car/share/dummy_car/hook/pythonpath.ps1'
[3.126s] INFO:colcon.colcon_core.shell:Creating environment descriptor '/home/ros2/F1tenth-Final-Race-Agent-and-Toolbox/install/dummy_car/share/dummy_car/hook/pythonpath.dsv'
[3.126s] INFO:colcon.colcon_core.shell:Creating environment hook '/home/ros2/F1tenth-Final-Race-Agent-and-Toolbox/install/dummy_car/share/dummy_car/hook/pythonpath.sh'
[3.127s] Level 1:colcon.colcon_core.environment:checking '/home/ros2/F1tenth-Final-Race-Agent-and-Toolbox/install/dummy_car/bin'
[3.143s] INFO:colcon.colcon_core.shell:Creating package script '/home/ros2/F1tenth-Final-Race-Agent-and-Toolbox/install/dummy_car/share/dummy_car/package.ps1'
[3.144s] INFO:colcon.colcon_core.shell:Creating package descriptor '/home/ros2/F1tenth-Final-Race-Agent-and-Toolbox/install/dummy_car/share/dummy_car/package.dsv'
[3.144s] INFO:colcon.colcon_core.shell:Creating package script '/home/ros2/F1tenth-Final-Race-Agent-and-Toolbox/install/dummy_car/share/dummy_car/package.sh'
[3.144s] INFO:colcon.colcon_core.shell:Creating package script '/home/ros2/F1tenth-Final-Race-Agent-and-Toolbox/install/dummy_car/share/dummy_car/package.bash'
[3.144s] INFO:colcon.colcon_core.shell:Creating package script '/home/ros2/F1tenth-Final-Race-Agent-and-Toolbox/install/dummy_car/share/dummy_car/package.zsh'
[3.144s] Level 1:colcon.colcon_core.environment:create_file_with_runtime_dependencies(/home/ros2/F1tenth-Final-Race-Agent-and-Toolbox/install/dummy_car/share/colcon-core/packages/dummy_car)
[3.402s] DEBUG:colcon.colcon_core.event_handler.log_command:Invoked command in '/home/ros2/F1tenth-Final-Race-Agent-and-Toolbox/build/opponent_predictor' returned '0': CMAKE_PREFIX_PATH=${CMAKE_PREFIX_PATH}:/home/ros2/F1tenth-Final-Race-Agent-and-Toolbox/install/final_race_pkg:/opt/ros/foxy /usr/bin/cmake /home/ros2/F1tenth-Final-Race-Agent-and-Toolbox/src/opponent_predictor -DCMAKE_INSTALL_PREFIX=/home/ros2/F1tenth-Final-Race-Agent-and-Toolbox/install/opponent_predictor
[3.403s] DEBUG:colcon.colcon_core.event_handler.log_command:Invoking command in '/home/ros2/F1tenth-Final-Race-Agent-and-Toolbox/build/opponent_predictor': CMAKE_PREFIX_PATH=${CMAKE_PREFIX_PATH}:/home/ros2/F1tenth-Final-Race-Agent-and-Toolbox/install/final_race_pkg:/opt/ros/foxy /usr/bin/cmake --build /home/ros2/F1tenth-Final-Race-Agent-and-Toolbox/build/opponent_predictor -- -j2 -l2
[6.260s] DEBUG:colcon.colcon_core.event_handler.log_command:Invoked command in '/home/ros2/F1tenth-Final-Race-Agent-and-Toolbox/build/opponent_predictor' returned '2': CMAKE_PREFIX_PATH=${CMAKE_PREFIX_PATH}:/home/ros2/F1tenth-Final-Race-Agent-and-Toolbox/install/final_race_pkg:/opt/ros/foxy /usr/bin/cmake --build /home/ros2/F1tenth-Final-Race-Agent-and-Toolbox/build/opponent_predictor -- -j2 -l2
[6.326s] Level 1:colcon.colcon_core.environment:create_environment_scripts_only(opponent_predictor)
[6.343s] Level 1:colcon.colcon_core.environment:checking '/home/ros2/F1tenth-Final-Race-Agent-and-Toolbox/install/opponent_predictor' for CMake module files
[6.345s] Level 1:colcon.colcon_core.environment:checking '/home/ros2/F1tenth-Final-Race-Agent-and-Toolbox/install/opponent_predictor' for CMake config files
[6.346s] Level 1:colcon.colcon_core.shell:create_environment_hook('opponent_predictor', 'cmake_prefix_path')
[6.362s] INFO:colcon.colcon_core.shell:Creating environment hook '/home/ros2/F1tenth-Final-Race-Agent-and-Toolbox/install/opponent_predictor/share/opponent_predictor/hook/cmake_prefix_path.ps1'
[6.363s] INFO:colcon.colcon_core.shell:Creating environment descriptor '/home/ros2/F1tenth-Final-Race-Agent-and-Toolbox/install/opponent_predictor/share/opponent_predictor/hook/cmake_prefix_path.dsv'
[6.363s] INFO:colcon.colcon_core.shell:Creating environment hook '/home/ros2/F1tenth-Final-Race-Agent-and-Toolbox/install/opponent_predictor/share/opponent_predictor/hook/cmake_prefix_path.sh'
[6.363s] Level 1:colcon.colcon_core.environment:checking '/home/ros2/F1tenth-Final-Race-Agent-and-Toolbox/install/opponent_predictor/lib'
[6.363s] Level 1:colcon.colcon_core.environment:checking '/home/ros2/F1tenth-Final-Race-Agent-and-Toolbox/install/opponent_predictor/bin'
[6.363s] Level 1:colcon.colcon_core.environment:checking '/home/ros2/F1tenth-Final-Race-Agent-and-Toolbox/install/opponent_predictor/lib/pkgconfig/opponent_predictor.pc'
[6.364s] Level 1:colcon.colcon_core.environment:checking '/home/ros2/F1tenth-Final-Race-Agent-and-Toolbox/install/opponent_predictor/lib/python3.8/site-packages'
[6.364s] Level 1:colcon.colcon_core.shell:create_environment_hook('opponent_predictor', 'pythonpath')
[6.380s] INFO:colcon.colcon_core.shell:Creating environment hook '/home/ros2/F1tenth-Final-Race-Agent-and-Toolbox/install/opponent_predictor/share/opponent_predictor/hook/pythonpath.ps1'
[6.381s] INFO:colcon.colcon_core.shell:Creating environment descriptor '/home/ros2/F1tenth-Final-Race-Agent-and-Toolbox/install/opponent_predictor/share/opponent_predictor/hook/pythonpath.dsv'
[6.381s] INFO:colcon.colcon_core.shell:Creating environment hook '/home/ros2/F1tenth-Final-Race-Agent-and-Toolbox/install/opponent_predictor/share/opponent_predictor/hook/pythonpath.sh'
[6.381s] Level 1:colcon.colcon_core.environment:checking '/home/ros2/F1tenth-Final-Race-Agent-and-Toolbox/install/opponent_predictor/bin'
[6.397s] INFO:colcon.colcon_core.shell:Creating package script '/home/ros2/F1tenth-Final-Race-Agent-and-Toolbox/install/opponent_predictor/share/opponent_predictor/package.ps1'
[6.397s] INFO:colcon.colcon_core.shell:Creating package descriptor '/home/ros2/F1tenth-Final-Race-Agent-and-Toolbox/install/opponent_predictor/share/opponent_predictor/package.dsv'
[6.397s] INFO:colcon.colcon_core.shell:Creating package script '/home/ros2/F1tenth-Final-Race-Agent-and-Toolbox/install/opponent_predictor/share/opponent_predictor/package.sh'
[6.398s] INFO:colcon.colcon_core.shell:Creating package script '/home/ros2/F1tenth-Final-Race-Agent-and-Toolbox/install/opponent_predictor/share/opponent_predictor/package.bash'
[6.398s] INFO:colcon.colcon_core.shell:Creating package script '/home/ros2/F1tenth-Final-Race-Agent-and-Toolbox/install/opponent_predictor/share/opponent_predictor/package.zsh'
[6.398s] Level 1:colcon.colcon_core.environment:create_file_with_runtime_dependencies(/home/ros2/F1tenth-Final-Race-Agent-and-Toolbox/install/opponent_predictor/share/colcon-core/packages/opponent_predictor)
[6.408s] DEBUG:colcon.colcon_parallel_executor.executor.parallel:closing loop
[6.409s] DEBUG:colcon.colcon_parallel_executor.executor.parallel:loop closed
[6.409s] DEBUG:colcon.colcon_parallel_executor.executor.parallel:run_until_complete finished with '2'
[6.409s] DEBUG:colcon.colcon_core.event_reactor:joining thread
[6.441s] INFO:colcon.colcon_core.plugin_system:Skipping extension 'colcon_notification.desktop_notification.terminal_notifier': Not used on non-Darwin systems
[6.441s] INFO:colcon.colcon_core.plugin_system:Skipping extension 'colcon_notification.desktop_notification.win32': Not used on non-Windows systems
[6.441s] INFO:colcon.colcon_notification.desktop_notification:Sending desktop notification using 'notify2'
[6.458s] DEBUG:colcon.colcon_core.event_reactor:joined thread
[6.476s] INFO:colcon.colcon_core.shell:Creating prefix script '/home/ros2/F1tenth-Final-Race-Agent-and-Toolbox/install/local_setup.ps1'
[6.478s] INFO:colcon.colcon_core.shell:Creating prefix util module '/home/ros2/F1tenth-Final-Race-Agent-and-Toolbox/install/_local_setup_util_ps1.py'
[6.479s] INFO:colcon.colcon_core.shell:Creating prefix chain script '/home/ros2/F1tenth-Final-Race-Agent-and-Toolbox/install/setup.ps1'
[6.497s] INFO:colcon.colcon_core.shell:Creating prefix script '/home/ros2/F1tenth-Final-Race-Agent-and-Toolbox/install/local_setup.sh'
[6.498s] INFO:colcon.colcon_core.shell:Creating prefix util module '/home/ros2/F1tenth-Final-Race-Agent-and-Toolbox/install/_local_setup_util_sh.py'
[6.498s] INFO:colcon.colcon_core.shell:Creating prefix chain script '/home/ros2/F1tenth-Final-Race-Agent-and-Toolbox/install/setup.sh'
[6.515s] INFO:colcon.colcon_core.shell:Creating prefix script '/home/ros2/F1tenth-Final-Race-Agent-and-Toolbox/install/local_setup.bash'
[6.516s] INFO:colcon.colcon_core.shell:Creating prefix chain script '/home/ros2/F1tenth-Final-Race-Agent-and-Toolbox/install/setup.bash'
[6.533s] INFO:colcon.colcon_core.shell:Creating prefix script '/home/ros2/F1tenth-Final-Race-Agent-and-Toolbox/install/local_setup.zsh'
[6.534s] INFO:colcon.colcon_core.shell:Creating prefix chain script '/home/ros2/F1tenth-Final-Race-Agent-and-Toolbox/install/setup.zsh'
