[0.624s] Invoking command in '/home/ros2/F1tenth-Final-Race-Agent-and-Toolbox/build/final_race_pkg': PYTHONPATH=/home/ros2/F1tenth-Final-Race-Agent-and-Toolbox/build/final_race_pkg/prefix_override:/home/ros2/F1tenth-Final-Race-Agent-and-Toolbox/install/final_race_pkg/lib/python3.8/site-packages:${PYTHONPATH} /usr/bin/python3 setup.py develop --uninstall --editable --build-directory /home/ros2/F1tenth-Final-Race-Agent-and-Toolbox/build/final_race_pkg/build
[0.764s] running develop
[0.833s] Removing /home/ros2/F1tenth-Final-Race-Agent-and-Toolbox/install/final_race_pkg/lib/python3.8/site-packages/final-race-pkg.egg-link (link to .)
[0.848s] Invoked command in '/home/ros2/F1tenth-Final-Race-Agent-and-Toolbox/build/final_race_pkg' returned '0': PYTHONPATH=/home/ros2/F1tenth-Final-Race-Agent-and-Toolbox/build/final_race_pkg/prefix_override:/home/ros2/F1tenth-Final-Race-Agent-and-Toolbox/install/final_race_pkg/lib/python3.8/site-packages:${PYTHONPATH} /usr/bin/python3 setup.py develop --uninstall --editable --build-directory /home/ros2/F1tenth-Final-Race-Agent-and-Toolbox/build/final_race_pkg/build
[0.848s] Invoking command in '/home/ros2/F1tenth-Final-Race-Agent-and-Toolbox/src/final_race_pkg': PYTHONPATH=/home/ros2/F1tenth-Final-Race-Agent-and-Toolbox/build/final_race_pkg/prefix_override:/home/ros2/F1tenth-Final-Race-Agent-and-Toolbox/install/final_race_pkg/lib/python3.8/site-packages:${PYTHONPATH} /usr/bin/python3 setup.py egg_info --egg-base ../../build/final_race_pkg build --build-base /home/ros2/F1tenth-Final-Race-Agent-and-Toolbox/build/final_race_pkg/build install --record /home/ros2/F1tenth-Final-Race-Agent-and-Toolbox/build/final_race_pkg/install.log --install-scripts $base/lib/final_race_pkg --single-version-externally-managed
[0.960s] running egg_info
[0.960s] writing ../../build/final_race_pkg/final_race_pkg.egg-info/PKG-INFO
[0.960s] writing dependency_links to ../../build/final_race_pkg/final_race_pkg.egg-info/dependency_links.txt
[0.960s] writing entry points to ../../build/final_race_pkg/final_race_pkg.egg-info/entry_points.txt
[0.961s] writing requirements to ../../build/final_race_pkg/final_race_pkg.egg-info/requires.txt
[0.961s] writing top-level names to ../../build/final_race_pkg/final_race_pkg.egg-info/top_level.txt
[0.981s] reading manifest file '../../build/final_race_pkg/final_race_pkg.egg-info/SOURCES.txt'
[0.982s] writing manifest file '../../build/final_race_pkg/final_race_pkg.egg-info/SOURCES.txt'
[0.982s] running build
[0.982s] running build_py
[0.983s] copying final_race_pkg/pure_pursuit_node_slow_down.py -> /home/ros2/F1tenth-Final-Race-Agent-and-Toolbox/build/final_race_pkg/build/lib/final_race_pkg
[0.983s] copying final_race_pkg/pure_pursuit_node.py -> /home/ros2/F1tenth-Final-Race-Agent-and-Toolbox/build/final_race_pkg/build/lib/final_race_pkg
[0.983s] copying final_race_pkg/vertices_generate.py -> /home/ros2/F1tenth-Final-Race-Agent-and-Toolbox/build/final_race_pkg/build/lib/final_race_pkg
[0.984s] copying final_race_pkg/util.py -> /home/ros2/F1tenth-Final-Race-Agent-and-Toolbox/build/final_race_pkg/build/lib/final_race_pkg
[0.984s] copying final_race_pkg/pure_pursuit_lane_switch.py -> /home/ros2/F1tenth-Final-Race-Agent-and-Toolbox/build/final_race_pkg/build/lib/final_race_pkg
[0.984s] copying final_race_pkg/traj_killer.py -> /home/ros2/F1tenth-Final-Race-Agent-and-Toolbox/build/final_race_pkg/build/lib/final_race_pkg
[0.984s] copying final_race_pkg/traj_killer_script.py -> /home/ros2/F1tenth-Final-Race-Agent-and-Toolbox/build/final_race_pkg/build/lib/final_race_pkg
[0.985s] running install
[0.985s] running install_lib
[0.986s] creating /home/ros2/F1tenth-Final-Race-Agent-and-Toolbox/install/final_race_pkg/lib/python3.8/site-packages/final_race_pkg
[0.986s] copying /home/ros2/F1tenth-Final-Race-Agent-and-Toolbox/build/final_race_pkg/build/lib/final_race_pkg/pure_pursuit_node_slow_down.py -> /home/ros2/F1tenth-Final-Race-Agent-and-Toolbox/install/final_race_pkg/lib/python3.8/site-packages/final_race_pkg
[0.986s] copying /home/ros2/F1tenth-Final-Race-Agent-and-Toolbox/build/final_race_pkg/build/lib/final_race_pkg/pure_pursuit_node.py -> /home/ros2/F1tenth-Final-Race-Agent-and-Toolbox/install/final_race_pkg/lib/python3.8/site-packages/final_race_pkg
[0.986s] copying /home/ros2/F1tenth-Final-Race-Agent-and-Toolbox/build/final_race_pkg/build/lib/final_race_pkg/vertices_generate.py -> /home/ros2/F1tenth-Final-Race-Agent-and-Toolbox/install/final_race_pkg/lib/python3.8/site-packages/final_race_pkg
[0.986s] copying /home/ros2/F1tenth-Final-Race-Agent-and-Toolbox/build/final_race_pkg/build/lib/final_race_pkg/util.py -> /home/ros2/F1tenth-Final-Race-Agent-and-Toolbox/install/final_race_pkg/lib/python3.8/site-packages/final_race_pkg
[0.986s] copying /home/ros2/F1tenth-Final-Race-Agent-and-Toolbox/build/final_race_pkg/build/lib/final_race_pkg/pure_pursuit_node5-7.py -> /home/ros2/F1tenth-Final-Race-Agent-and-Toolbox/install/final_race_pkg/lib/python3.8/site-packages/final_race_pkg
[0.987s] copying /home/ros2/F1tenth-Final-Race-Agent-and-Toolbox/build/final_race_pkg/build/lib/final_race_pkg/opp_agent.py -> /home/ros2/F1tenth-Final-Race-Agent-and-Toolbox/install/final_race_pkg/lib/python3.8/site-packages/final_race_pkg
[0.987s] copying /home/ros2/F1tenth-Final-Race-Agent-and-Toolbox/build/final_race_pkg/build/lib/final_race_pkg/pure_pursuit_lane_switch.py -> /home/ros2/F1tenth-Final-Race-Agent-and-Toolbox/install/final_race_pkg/lib/python3.8/site-packages/final_race_pkg
[0.987s] copying /home/ros2/F1tenth-Final-Race-Agent-and-Toolbox/build/final_race_pkg/build/lib/final_race_pkg/main_agent.py -> /home/ros2/F1tenth-Final-Race-Agent-and-Toolbox/install/final_race_pkg/lib/python3.8/site-packages/final_race_pkg
[0.987s] copying /home/ros2/F1tenth-Final-Race-Agent-and-Toolbox/build/final_race_pkg/build/lib/final_race_pkg/traj_killer.py -> /home/ros2/F1tenth-Final-Race-Agent-and-Toolbox/install/final_race_pkg/lib/python3.8/site-packages/final_race_pkg
[0.987s] copying /home/ros2/F1tenth-Final-Race-Agent-and-Toolbox/build/final_race_pkg/build/lib/final_race_pkg/pure_pursuit_nodecopy.py -> /home/ros2/F1tenth-Final-Race-Agent-and-Toolbox/install/final_race_pkg/lib/python3.8/site-packages/final_race_pkg
[0.988s] copying /home/ros2/F1tenth-Final-Race-Agent-and-Toolbox/build/final_race_pkg/build/lib/final_race_pkg/traj_killer_script.py -> /home/ros2/F1tenth-Final-Race-Agent-and-Toolbox/install/final_race_pkg/lib/python3.8/site-packages/final_race_pkg
[0.988s] copying /home/ros2/F1tenth-Final-Race-Agent-and-Toolbox/build/final_race_pkg/build/lib/final_race_pkg/__init__.py -> /home/ros2/F1tenth-Final-Race-Agent-and-Toolbox/install/final_race_pkg/lib/python3.8/site-packages/final_race_pkg
[0.988s] copying /home/ros2/F1tenth-Final-Race-Agent-and-Toolbox/build/final_race_pkg/build/lib/final_race_pkg/pure_pursuit_node-ittc.py -> /home/ros2/F1tenth-Final-Race-Agent-and-Toolbox/install/final_race_pkg/lib/python3.8/site-packages/final_race_pkg
[0.989s] byte-compiling /home/ros2/F1tenth-Final-Race-Agent-and-Toolbox/install/final_race_pkg/lib/python3.8/site-packages/final_race_pkg/pure_pursuit_node_slow_down.py to pure_pursuit_node_slow_down.cpython-38.pyc
[0.991s] byte-compiling /home/ros2/F1tenth-Final-Race-Agent-and-Toolbox/install/final_race_pkg/lib/python3.8/site-packages/final_race_pkg/pure_pursuit_node.py to pure_pursuit_node.cpython-38.pyc
[0.994s] byte-compiling /home/ros2/F1tenth-Final-Race-Agent-and-Toolbox/install/final_race_pkg/lib/python3.8/site-packages/final_race_pkg/vertices_generate.py to vertices_generate.cpython-38.pyc
[0.995s] byte-compiling /home/ros2/F1tenth-Final-Race-Agent-and-Toolbox/install/final_race_pkg/lib/python3.8/site-packages/final_race_pkg/util.py to util.cpython-38.pyc
[0.997s] byte-compiling /home/ros2/F1tenth-Final-Race-Agent-and-Toolbox/install/final_race_pkg/lib/python3.8/site-packages/final_race_pkg/pure_pursuit_node5-7.py to pure_pursuit_node5-7.cpython-38.pyc
[0.998s] byte-compiling /home/ros2/F1tenth-Final-Race-Agent-and-Toolbox/install/final_race_pkg/lib/python3.8/site-packages/final_race_pkg/opp_agent.py to opp_agent.cpython-38.pyc
[0.999s] byte-compiling /home/ros2/F1tenth-Final-Race-Agent-and-Toolbox/install/final_race_pkg/lib/python3.8/site-packages/final_race_pkg/pure_pursuit_lane_switch.py to pure_pursuit_lane_switch.cpython-38.pyc
[1.001s] byte-compiling /home/ros2/F1tenth-Final-Race-Agent-and-Toolbox/install/final_race_pkg/lib/python3.8/site-packages/final_race_pkg/main_agent.py to main_agent.cpython-38.pyc
[1.003s] byte-compiling /home/ros2/F1tenth-Final-Race-Agent-and-Toolbox/install/final_race_pkg/lib/python3.8/site-packages/final_race_pkg/traj_killer.py to traj_killer.cpython-38.pyc
[1.006s] byte-compiling /home/ros2/F1tenth-Final-Race-Agent-and-Toolbox/install/final_race_pkg/lib/python3.8/site-packages/final_race_pkg/pure_pursuit_nodecopy.py to pure_pursuit_nodecopy.cpython-38.pyc
[1.007s] byte-compiling /home/ros2/F1tenth-Final-Race-Agent-and-Toolbox/install/final_race_pkg/lib/python3.8/site-packages/final_race_pkg/traj_killer_script.py to traj_killer_script.cpython-38.pyc
[1.010s] byte-compiling /home/ros2/F1tenth-Final-Race-Agent-and-Toolbox/install/final_race_pkg/lib/python3.8/site-packages/final_race_pkg/__init__.py to __init__.cpython-38.pyc
[1.010s] byte-compiling /home/ros2/F1tenth-Final-Race-Agent-and-Toolbox/install/final_race_pkg/lib/python3.8/site-packages/final_race_pkg/pure_pursuit_node-ittc.py to pure_pursuit_node-ittc.cpython-38.pyc
[1.012s] running install_data
[1.012s] running install_egg_info
[1.014s] Copying ../../build/final_race_pkg/final_race_pkg.egg-info to /home/ros2/F1tenth-Final-Race-Agent-and-Toolbox/install/final_race_pkg/lib/python3.8/site-packages/final_race_pkg-0.0.0-py3.8.egg-info
[1.014s] running install_scripts
[1.026s] Installing main_agent script to /home/ros2/F1tenth-Final-Race-Agent-and-Toolbox/install/final_race_pkg/lib/final_race_pkg
[1.026s] Installing opp_agent script to /home/ros2/F1tenth-Final-Race-Agent-and-Toolbox/install/final_race_pkg/lib/final_race_pkg
[1.026s] Installing pure_pursuit_node = final_race_pkg.pure_pursuit_node:mainvertices_generate script to /home/ros2/F1tenth-Final-Race-Agent-and-Toolbox/install/final_race_pkg/lib/final_race_pkg
[1.026s] Installing traj_killer script to /home/ros2/F1tenth-Final-Race-Agent-and-Toolbox/install/final_race_pkg/lib/final_race_pkg
[1.027s] writing list of installed files to '/home/ros2/F1tenth-Final-Race-Agent-and-Toolbox/build/final_race_pkg/install.log'
[1.049s] Invoked command in '/home/ros2/F1tenth-Final-Race-Agent-and-Toolbox/src/final_race_pkg' returned '0': PYTHONPATH=/home/ros2/F1tenth-Final-Race-Agent-and-Toolbox/build/final_race_pkg/prefix_override:/home/ros2/F1tenth-Final-Race-Agent-and-Toolbox/install/final_race_pkg/lib/python3.8/site-packages:${PYTHONPATH} /usr/bin/python3 setup.py egg_info --egg-base ../../build/final_race_pkg build --build-base /home/ros2/F1tenth-Final-Race-Agent-and-Toolbox/build/final_race_pkg/build install --record /home/ros2/F1tenth-Final-Race-Agent-and-Toolbox/build/final_race_pkg/install.log --install-scripts $base/lib/final_race_pkg --single-version-externally-managed
