[1.051s] DEBUG:colcon:Command line arguments: ['/usr/bin/colcon', 'build', '--symlink-install']
[1.051s] DEBUG:colcon:Parsed command line arguments: Namespace(allow_overriding=[], ament_cmake_args=None, base_paths=['.'], build_base='build', catkin_cmake_args=None, catkin_skip_building_tests=False, cmake_args=None, cmake_clean_cache=False, cmake_clean_first=False, cmake_force_configure=False, cmake_target=None, cmake_target_skip_unavailable=False, continue_on_error=False, event_handlers=None, executor='parallel', ignore_user_meta=False, install_base='install', log_base=None, log_level=None, main=<bound method BuildVerb.main of <colcon_core.verb.build.BuildVerb object at 0xffffbcafc4c0>>, merge_install=False, metas=['./colcon.meta'], packages_above=None, packages_above_and_dependencies=None, packages_above_depth=None, packages_end=None, packages_ignore=None, packages_ignore_regex=None, packages_select=None, packages_select_build_failed=False, packages_select_by_dep=None, packages_select_regex=None, packages_select_test_failures=False, packages_skip=None, packages_skip_build_finished=False, packages_skip_by_dep=None, packages_skip_regex=None, packages_skip_test_passed=False, packages_skip_up_to=None, packages_start=None, packages_up_to=None, packages_up_to_regex=None, parallel_workers=2, paths=None, symlink_install=True, test_result_base=None, verb_extension=<colcon_core.verb.build.BuildVerb object at 0xffffbcafc4c0>, verb_name='build', verb_parser=<colcon_defaults.argument_parser.defaults.DefaultArgumentsDecorator object at 0xffffbca5bb80>)
[1.105s] Level 1:colcon.colcon_core.package_discovery:discover_packages(colcon_meta) check parameters
[1.105s] Level 1:colcon.colcon_core.package_discovery:discover_packages(recursive) check parameters
[1.105s] Level 1:colcon.colcon_core.package_discovery:discover_packages(ignore) check parameters
[1.105s] Level 1:colcon.colcon_core.package_discovery:discover_packages(path) check parameters
[1.105s] Level 1:colcon.colcon_core.package_discovery:discover_packages(colcon_meta) discover
[1.105s] Level 1:colcon.colcon_core.package_discovery:discover_packages(recursive) discover
[1.105s] INFO:colcon.colcon_core.package_discovery:Crawling recursively for packages in '/home/ros2/F1tenth-Final-Race-Agent-and-Toolbox'
[1.105s] Level 1:colcon.colcon_core.package_identification:_identify(.) by extensions ['ignore', 'ignore_ament_install']
[1.105s] Level 1:colcon.colcon_core.package_identification:_identify(.) by extension 'ignore'
[1.105s] Level 1:colcon.colcon_core.package_identification:_identify(.) by extension 'ignore_ament_install'
[1.106s] Level 1:colcon.colcon_core.package_identification:_identify(.) by extensions ['colcon_pkg']
[1.106s] Level 1:colcon.colcon_core.package_identification:_identify(.) by extension 'colcon_pkg'
[1.106s] Level 1:colcon.colcon_core.package_identification:_identify(.) by extensions ['colcon_meta']
[1.106s] Level 1:colcon.colcon_core.package_identification:_identify(.) by extension 'colcon_meta'
[1.106s] Level 1:colcon.colcon_core.package_identification:_identify(.) by extensions ['ros']
[1.106s] Level 1:colcon.colcon_core.package_identification:_identify(.) by extension 'ros'
[1.113s] Level 1:colcon.colcon_core.package_identification:_identify(.) by extensions ['cmake', 'python']
[1.113s] Level 1:colcon.colcon_core.package_identification:_identify(.) by extension 'cmake'
[1.113s] Level 1:colcon.colcon_core.package_identification:_identify(.) by extension 'python'
[1.113s] Level 1:colcon.colcon_core.package_identification:_identify(.) by extensions ['python_setup_py']
[1.113s] Level 1:colcon.colcon_core.package_identification:_identify(.) by extension 'python_setup_py'
[1.113s] Level 1:colcon.colcon_core.package_identification:_identify(build) by extensions ['ignore', 'ignore_ament_install']
[1.113s] Level 1:colcon.colcon_core.package_identification:_identify(build) by extension 'ignore'
[1.113s] Level 1:colcon.colcon_core.package_identification:_identify(build) ignored
[1.113s] Level 1:colcon.colcon_core.package_identification:_identify(install) by extensions ['ignore', 'ignore_ament_install']
[1.113s] Level 1:colcon.colcon_core.package_identification:_identify(install) by extension 'ignore'
[1.113s] Level 1:colcon.colcon_core.package_identification:_identify(install) ignored
[1.113s] Level 1:colcon.colcon_core.package_identification:_identify(log) by extensions ['ignore', 'ignore_ament_install']
[1.113s] Level 1:colcon.colcon_core.package_identification:_identify(log) by extension 'ignore'
[1.113s] Level 1:colcon.colcon_core.package_identification:_identify(log) ignored
[1.113s] Level 1:colcon.colcon_core.package_identification:_identify(src) by extensions ['ignore', 'ignore_ament_install']
[1.113s] Level 1:colcon.colcon_core.package_identification:_identify(src) by extension 'ignore'
[1.113s] Level 1:colcon.colcon_core.package_identification:_identify(src) by extension 'ignore_ament_install'
[1.113s] Level 1:colcon.colcon_core.package_identification:_identify(src) by extensions ['colcon_pkg']
[1.113s] Level 1:colcon.colcon_core.package_identification:_identify(src) by extension 'colcon_pkg'
[1.113s] Level 1:colcon.colcon_core.package_identification:_identify(src) by extensions ['colcon_meta']
[1.113s] Level 1:colcon.colcon_core.package_identification:_identify(src) by extension 'colcon_meta'
[1.113s] Level 1:colcon.colcon_core.package_identification:_identify(src) by extensions ['ros']
[1.113s] Level 1:colcon.colcon_core.package_identification:_identify(src) by extension 'ros'
[1.113s] Level 1:colcon.colcon_core.package_identification:_identify(src) by extensions ['cmake', 'python']
[1.113s] Level 1:colcon.colcon_core.package_identification:_identify(src) by extension 'cmake'
[1.113s] Level 1:colcon.colcon_core.package_identification:_identify(src) by extension 'python'
[1.113s] Level 1:colcon.colcon_core.package_identification:_identify(src) by extensions ['python_setup_py']
[1.113s] Level 1:colcon.colcon_core.package_identification:_identify(src) by extension 'python_setup_py'
[1.114s] Level 1:colcon.colcon_core.package_identification:_identify(src/dummy_car) by extensions ['ignore', 'ignore_ament_install']
[1.114s] Level 1:colcon.colcon_core.package_identification:_identify(src/dummy_car) by extension 'ignore'
[1.114s] Level 1:colcon.colcon_core.package_identification:_identify(src/dummy_car) by extension 'ignore_ament_install'
[1.114s] Level 1:colcon.colcon_core.package_identification:_identify(src/dummy_car) by extensions ['colcon_pkg']
[1.114s] Level 1:colcon.colcon_core.package_identification:_identify(src/dummy_car) by extension 'colcon_pkg'
[1.114s] Level 1:colcon.colcon_core.package_identification:_identify(src/dummy_car) by extensions ['colcon_meta']
[1.114s] Level 1:colcon.colcon_core.package_identification:_identify(src/dummy_car) by extension 'colcon_meta'
[1.114s] Level 1:colcon.colcon_core.package_identification:_identify(src/dummy_car) by extensions ['ros']
[1.114s] Level 1:colcon.colcon_core.package_identification:_identify(src/dummy_car) by extension 'ros'
[1.116s] DEBUG:colcon.colcon_core.package_identification:Package 'src/dummy_car' with type 'ros.ament_cmake' and name 'dummy_car'
[1.116s] Level 1:colcon.colcon_core.package_identification:_identify(src/final_race_pkg) by extensions ['ignore', 'ignore_ament_install']
[1.116s] Level 1:colcon.colcon_core.package_identification:_identify(src/final_race_pkg) by extension 'ignore'
[1.116s] Level 1:colcon.colcon_core.package_identification:_identify(src/final_race_pkg) by extension 'ignore_ament_install'
[1.116s] Level 1:colcon.colcon_core.package_identification:_identify(src/final_race_pkg) by extensions ['colcon_pkg']
[1.116s] Level 1:colcon.colcon_core.package_identification:_identify(src/final_race_pkg) by extension 'colcon_pkg'
[1.116s] Level 1:colcon.colcon_core.package_identification:_identify(src/final_race_pkg) by extensions ['colcon_meta']
[1.116s] Level 1:colcon.colcon_core.package_identification:_identify(src/final_race_pkg) by extension 'colcon_meta'
[1.116s] Level 1:colcon.colcon_core.package_identification:_identify(src/final_race_pkg) by extensions ['ros']
[1.116s] Level 1:colcon.colcon_core.package_identification:_identify(src/final_race_pkg) by extension 'ros'
[1.117s] DEBUG:colcon.colcon_core.package_identification:Package 'src/final_race_pkg' with type 'ros.ament_python' and name 'final_race_pkg'
[1.117s] Level 1:colcon.colcon_core.package_identification:_identify(src/opponent_predictor) by extensions ['ignore', 'ignore_ament_install']
[1.117s] Level 1:colcon.colcon_core.package_identification:_identify(src/opponent_predictor) by extension 'ignore'
[1.117s] Level 1:colcon.colcon_core.package_identification:_identify(src/opponent_predictor) by extension 'ignore_ament_install'
[1.117s] Level 1:colcon.colcon_core.package_identification:_identify(src/opponent_predictor) by extensions ['colcon_pkg']
[1.117s] Level 1:colcon.colcon_core.package_identification:_identify(src/opponent_predictor) by extension 'colcon_pkg'
[1.117s] Level 1:colcon.colcon_core.package_identification:_identify(src/opponent_predictor) by extensions ['colcon_meta']
[1.117s] Level 1:colcon.colcon_core.package_identification:_identify(src/opponent_predictor) by extension 'colcon_meta'
[1.117s] Level 1:colcon.colcon_core.package_identification:_identify(src/opponent_predictor) by extensions ['ros']
[1.117s] Level 1:colcon.colcon_core.package_identification:_identify(src/opponent_predictor) by extension 'ros'
[1.118s] DEBUG:colcon.colcon_core.package_identification:Package 'src/opponent_predictor' with type 'ros.ament_cmake' and name 'opponent_predictor'
[1.118s] Level 1:colcon.colcon_core.package_identification:_identify(src/trajectory_generator) by extensions ['ignore', 'ignore_ament_install']
[1.118s] Level 1:colcon.colcon_core.package_identification:_identify(src/trajectory_generator) by extension 'ignore'
[1.118s] Level 1:colcon.colcon_core.package_identification:_identify(src/trajectory_generator) by extension 'ignore_ament_install'
[1.118s] Level 1:colcon.colcon_core.package_identification:_identify(src/trajectory_generator) by extensions ['colcon_pkg']
[1.118s] Level 1:colcon.colcon_core.package_identification:_identify(src/trajectory_generator) by extension 'colcon_pkg'
[1.118s] Level 1:colcon.colcon_core.package_identification:_identify(src/trajectory_generator) by extensions ['colcon_meta']
[1.118s] Level 1:colcon.colcon_core.package_identification:_identify(src/trajectory_generator) by extension 'colcon_meta'
[1.118s] Level 1:colcon.colcon_core.package_identification:_identify(src/trajectory_generator) by extensions ['ros']
[1.118s] Level 1:colcon.colcon_core.package_identification:_identify(src/trajectory_generator) by extension 'ros'
[1.118s] Level 1:colcon.colcon_core.package_identification:_identify(src/trajectory_generator) by extensions ['cmake', 'python']
[1.118s] Level 1:colcon.colcon_core.package_identification:_identify(src/trajectory_generator) by extension 'cmake'
[1.118s] Level 1:colcon.colcon_core.package_identification:_identify(src/trajectory_generator) by extension 'python'
[1.118s] Level 1:colcon.colcon_core.package_identification:_identify(src/trajectory_generator) by extensions ['python_setup_py']
[1.118s] Level 1:colcon.colcon_core.package_identification:_identify(src/trajectory_generator) by extension 'python_setup_py'
[1.118s] Level 1:colcon.colcon_core.package_identification:_identify(src/trajectory_generator/build) by extensions ['ignore', 'ignore_ament_install']
[1.118s] Level 1:colcon.colcon_core.package_identification:_identify(src/trajectory_generator/build) by extension 'ignore'
[1.118s] Level 1:colcon.colcon_core.package_identification:_identify(src/trajectory_generator/build) ignored
[1.118s] Level 1:colcon.colcon_core.package_identification:_identify(src/trajectory_generator/config) by extensions ['ignore', 'ignore_ament_install']
[1.118s] Level 1:colcon.colcon_core.package_identification:_identify(src/trajectory_generator/config) by extension 'ignore'
[1.119s] Level 1:colcon.colcon_core.package_identification:_identify(src/trajectory_generator/config) by extension 'ignore_ament_install'
[1.119s] Level 1:colcon.colcon_core.package_identification:_identify(src/trajectory_generator/config) by extensions ['colcon_pkg']
[1.119s] Level 1:colcon.colcon_core.package_identification:_identify(src/trajectory_generator/config) by extension 'colcon_pkg'
[1.119s] Level 1:colcon.colcon_core.package_identification:_identify(src/trajectory_generator/config) by extensions ['colcon_meta']
[1.119s] Level 1:colcon.colcon_core.package_identification:_identify(src/trajectory_generator/config) by extension 'colcon_meta'
[1.119s] Level 1:colcon.colcon_core.package_identification:_identify(src/trajectory_generator/config) by extensions ['ros']
[1.119s] Level 1:colcon.colcon_core.package_identification:_identify(src/trajectory_generator/config) by extension 'ros'
[1.119s] Level 1:colcon.colcon_core.package_identification:_identify(src/trajectory_generator/config) by extensions ['cmake', 'python']
[1.119s] Level 1:colcon.colcon_core.package_identification:_identify(src/trajectory_generator/config) by extension 'cmake'
[1.119s] Level 1:colcon.colcon_core.package_identification:_identify(src/trajectory_generator/config) by extension 'python'
[1.119s] Level 1:colcon.colcon_core.package_identification:_identify(src/trajectory_generator/config) by extensions ['python_setup_py']
[1.119s] Level 1:colcon.colcon_core.package_identification:_identify(src/trajectory_generator/config) by extension 'python_setup_py'
[1.119s] Level 1:colcon.colcon_core.package_identification:_identify(src/trajectory_generator/frictionmap) by extensions ['ignore', 'ignore_ament_install']
[1.119s] Level 1:colcon.colcon_core.package_identification:_identify(src/trajectory_generator/frictionmap) by extension 'ignore'
[1.119s] Level 1:colcon.colcon_core.package_identification:_identify(src/trajectory_generator/frictionmap) by extension 'ignore_ament_install'
[1.119s] Level 1:colcon.colcon_core.package_identification:_identify(src/trajectory_generator/frictionmap) by extensions ['colcon_pkg']
[1.119s] Level 1:colcon.colcon_core.package_identification:_identify(src/trajectory_generator/frictionmap) by extension 'colcon_pkg'
[1.119s] Level 1:colcon.colcon_core.package_identification:_identify(src/trajectory_generator/frictionmap) by extensions ['colcon_meta']
[1.119s] Level 1:colcon.colcon_core.package_identification:_identify(src/trajectory_generator/frictionmap) by extension 'colcon_meta'
[1.119s] Level 1:colcon.colcon_core.package_identification:_identify(src/trajectory_generator/frictionmap) by extensions ['ros']
[1.119s] Level 1:colcon.colcon_core.package_identification:_identify(src/trajectory_generator/frictionmap) by extension 'ros'
[1.119s] Level 1:colcon.colcon_core.package_identification:_identify(src/trajectory_generator/frictionmap) by extensions ['cmake', 'python']
[1.119s] Level 1:colcon.colcon_core.package_identification:_identify(src/trajectory_generator/frictionmap) by extension 'cmake'
[1.119s] Level 1:colcon.colcon_core.package_identification:_identify(src/trajectory_generator/frictionmap) by extension 'python'
[1.119s] Level 1:colcon.colcon_core.package_identification:_identify(src/trajectory_generator/frictionmap) by extensions ['python_setup_py']
[1.119s] Level 1:colcon.colcon_core.package_identification:_identify(src/trajectory_generator/frictionmap) by extension 'python_setup_py'
[1.119s] Level 1:colcon.colcon_core.package_identification:_identify(src/trajectory_generator/frictionmap/src) by extensions ['ignore', 'ignore_ament_install']
[1.120s] Level 1:colcon.colcon_core.package_identification:_identify(src/trajectory_generator/frictionmap/src) by extension 'ignore'
[1.120s] Level 1:colcon.colcon_core.package_identification:_identify(src/trajectory_generator/frictionmap/src) by extension 'ignore_ament_install'
[1.120s] Level 1:colcon.colcon_core.package_identification:_identify(src/trajectory_generator/frictionmap/src) by extensions ['colcon_pkg']
[1.120s] Level 1:colcon.colcon_core.package_identification:_identify(src/trajectory_generator/frictionmap/src) by extension 'colcon_pkg'
[1.120s] Level 1:colcon.colcon_core.package_identification:_identify(src/trajectory_generator/frictionmap/src) by extensions ['colcon_meta']
[1.120s] Level 1:colcon.colcon_core.package_identification:_identify(src/trajectory_generator/frictionmap/src) by extension 'colcon_meta'
[1.120s] Level 1:colcon.colcon_core.package_identification:_identify(src/trajectory_generator/frictionmap/src) by extensions ['ros']
[1.120s] Level 1:colcon.colcon_core.package_identification:_identify(src/trajectory_generator/frictionmap/src) by extension 'ros'
[1.120s] Level 1:colcon.colcon_core.package_identification:_identify(src/trajectory_generator/frictionmap/src) by extensions ['cmake', 'python']
[1.120s] Level 1:colcon.colcon_core.package_identification:_identify(src/trajectory_generator/frictionmap/src) by extension 'cmake'
[1.120s] Level 1:colcon.colcon_core.package_identification:_identify(src/trajectory_generator/frictionmap/src) by extension 'python'
[1.120s] Level 1:colcon.colcon_core.package_identification:_identify(src/trajectory_generator/frictionmap/src) by extensions ['python_setup_py']
[1.120s] Level 1:colcon.colcon_core.package_identification:_identify(src/trajectory_generator/frictionmap/src) by extension 'python_setup_py'
[1.120s] Level 1:colcon.colcon_core.package_identification:_identify(src/trajectory_generator/helper_funcs_glob) by extensions ['ignore', 'ignore_ament_install']
[1.120s] Level 1:colcon.colcon_core.package_identification:_identify(src/trajectory_generator/helper_funcs_glob) by extension 'ignore'
[1.120s] Level 1:colcon.colcon_core.package_identification:_identify(src/trajectory_generator/helper_funcs_glob) by extension 'ignore_ament_install'
[1.120s] Level 1:colcon.colcon_core.package_identification:_identify(src/trajectory_generator/helper_funcs_glob) by extensions ['colcon_pkg']
[1.120s] Level 1:colcon.colcon_core.package_identification:_identify(src/trajectory_generator/helper_funcs_glob) by extension 'colcon_pkg'
[1.120s] Level 1:colcon.colcon_core.package_identification:_identify(src/trajectory_generator/helper_funcs_glob) by extensions ['colcon_meta']
[1.120s] Level 1:colcon.colcon_core.package_identification:_identify(src/trajectory_generator/helper_funcs_glob) by extension 'colcon_meta'
[1.120s] Level 1:colcon.colcon_core.package_identification:_identify(src/trajectory_generator/helper_funcs_glob) by extensions ['ros']
[1.120s] Level 1:colcon.colcon_core.package_identification:_identify(src/trajectory_generator/helper_funcs_glob) by extension 'ros'
[1.120s] Level 1:colcon.colcon_core.package_identification:_identify(src/trajectory_generator/helper_funcs_glob) by extensions ['cmake', 'python']
[1.120s] Level 1:colcon.colcon_core.package_identification:_identify(src/trajectory_generator/helper_funcs_glob) by extension 'cmake'
[1.120s] Level 1:colcon.colcon_core.package_identification:_identify(src/trajectory_generator/helper_funcs_glob) by extension 'python'
[1.120s] Level 1:colcon.colcon_core.package_identification:_identify(src/trajectory_generator/helper_funcs_glob) by extensions ['python_setup_py']
[1.120s] Level 1:colcon.colcon_core.package_identification:_identify(src/trajectory_generator/helper_funcs_glob) by extension 'python_setup_py'
[1.120s] Level 1:colcon.colcon_core.package_identification:_identify(src/trajectory_generator/helper_funcs_glob/src) by extensions ['ignore', 'ignore_ament_install']
[1.120s] Level 1:colcon.colcon_core.package_identification:_identify(src/trajectory_generator/helper_funcs_glob/src) by extension 'ignore'
[1.120s] Level 1:colcon.colcon_core.package_identification:_identify(src/trajectory_generator/helper_funcs_glob/src) by extension 'ignore_ament_install'
[1.120s] Level 1:colcon.colcon_core.package_identification:_identify(src/trajectory_generator/helper_funcs_glob/src) by extensions ['colcon_pkg']
[1.120s] Level 1:colcon.colcon_core.package_identification:_identify(src/trajectory_generator/helper_funcs_glob/src) by extension 'colcon_pkg'
[1.120s] Level 1:colcon.colcon_core.package_identification:_identify(src/trajectory_generator/helper_funcs_glob/src) by extensions ['colcon_meta']
[1.120s] Level 1:colcon.colcon_core.package_identification:_identify(src/trajectory_generator/helper_funcs_glob/src) by extension 'colcon_meta'
[1.120s] Level 1:colcon.colcon_core.package_identification:_identify(src/trajectory_generator/helper_funcs_glob/src) by extensions ['ros']
[1.120s] Level 1:colcon.colcon_core.package_identification:_identify(src/trajectory_generator/helper_funcs_glob/src) by extension 'ros'
[1.120s] Level 1:colcon.colcon_core.package_identification:_identify(src/trajectory_generator/helper_funcs_glob/src) by extensions ['cmake', 'python']
[1.120s] Level 1:colcon.colcon_core.package_identification:_identify(src/trajectory_generator/helper_funcs_glob/src) by extension 'cmake'
[1.120s] Level 1:colcon.colcon_core.package_identification:_identify(src/trajectory_generator/helper_funcs_glob/src) by extension 'python'
[1.120s] Level 1:colcon.colcon_core.package_identification:_identify(src/trajectory_generator/helper_funcs_glob/src) by extensions ['python_setup_py']
[1.121s] Level 1:colcon.colcon_core.package_identification:_identify(src/trajectory_generator/helper_funcs_glob/src) by extension 'python_setup_py'
[1.121s] Level 1:colcon.colcon_core.package_identification:_identify(src/trajectory_generator/inputs) by extensions ['ignore', 'ignore_ament_install']
[1.121s] Level 1:colcon.colcon_core.package_identification:_identify(src/trajectory_generator/inputs) by extension 'ignore'
[1.121s] Level 1:colcon.colcon_core.package_identification:_identify(src/trajectory_generator/inputs) by extension 'ignore_ament_install'
[1.121s] Level 1:colcon.colcon_core.package_identification:_identify(src/trajectory_generator/inputs) by extensions ['colcon_pkg']
[1.121s] Level 1:colcon.colcon_core.package_identification:_identify(src/trajectory_generator/inputs) by extension 'colcon_pkg'
[1.121s] Level 1:colcon.colcon_core.package_identification:_identify(src/trajectory_generator/inputs) by extensions ['colcon_meta']
[1.121s] Level 1:colcon.colcon_core.package_identification:_identify(src/trajectory_generator/inputs) by extension 'colcon_meta'
[1.121s] Level 1:colcon.colcon_core.package_identification:_identify(src/trajectory_generator/inputs) by extensions ['ros']
[1.121s] Level 1:colcon.colcon_core.package_identification:_identify(src/trajectory_generator/inputs) by extension 'ros'
[1.121s] Level 1:colcon.colcon_core.package_identification:_identify(src/trajectory_generator/inputs) by extensions ['cmake', 'python']
[1.121s] Level 1:colcon.colcon_core.package_identification:_identify(src/trajectory_generator/inputs) by extension 'cmake'
[1.121s] Level 1:colcon.colcon_core.package_identification:_identify(src/trajectory_generator/inputs) by extension 'python'
[1.121s] Level 1:colcon.colcon_core.package_identification:_identify(src/trajectory_generator/inputs) by extensions ['python_setup_py']
[1.121s] Level 1:colcon.colcon_core.package_identification:_identify(src/trajectory_generator/inputs) by extension 'python_setup_py'
[1.121s] Level 1:colcon.colcon_core.package_identification:_identify(src/trajectory_generator/inputs/frictionmaps) by extensions ['ignore', 'ignore_ament_install']
[1.121s] Level 1:colcon.colcon_core.package_identification:_identify(src/trajectory_generator/inputs/frictionmaps) by extension 'ignore'
[1.121s] Level 1:colcon.colcon_core.package_identification:_identify(src/trajectory_generator/inputs/frictionmaps) by extension 'ignore_ament_install'
[1.121s] Level 1:colcon.colcon_core.package_identification:_identify(src/trajectory_generator/inputs/frictionmaps) by extensions ['colcon_pkg']
[1.121s] Level 1:colcon.colcon_core.package_identification:_identify(src/trajectory_generator/inputs/frictionmaps) by extension 'colcon_pkg'
[1.121s] Level 1:colcon.colcon_core.package_identification:_identify(src/trajectory_generator/inputs/frictionmaps) by extensions ['colcon_meta']
[1.121s] Level 1:colcon.colcon_core.package_identification:_identify(src/trajectory_generator/inputs/frictionmaps) by extension 'colcon_meta'
[1.121s] Level 1:colcon.colcon_core.package_identification:_identify(src/trajectory_generator/inputs/frictionmaps) by extensions ['ros']
[1.121s] Level 1:colcon.colcon_core.package_identification:_identify(src/trajectory_generator/inputs/frictionmaps) by extension 'ros'
[1.121s] Level 1:colcon.colcon_core.package_identification:_identify(src/trajectory_generator/inputs/frictionmaps) by extensions ['cmake', 'python']
[1.121s] Level 1:colcon.colcon_core.package_identification:_identify(src/trajectory_generator/inputs/frictionmaps) by extension 'cmake'
[1.121s] Level 1:colcon.colcon_core.package_identification:_identify(src/trajectory_generator/inputs/frictionmaps) by extension 'python'
[1.121s] Level 1:colcon.colcon_core.package_identification:_identify(src/trajectory_generator/inputs/frictionmaps) by extensions ['python_setup_py']
[1.121s] Level 1:colcon.colcon_core.package_identification:_identify(src/trajectory_generator/inputs/frictionmaps) by extension 'python_setup_py'
[1.121s] Level 1:colcon.colcon_core.package_identification:_identify(src/trajectory_generator/inputs/tracks) by extensions ['ignore', 'ignore_ament_install']
[1.121s] Level 1:colcon.colcon_core.package_identification:_identify(src/trajectory_generator/inputs/tracks) by extension 'ignore'
[1.121s] Level 1:colcon.colcon_core.package_identification:_identify(src/trajectory_generator/inputs/tracks) by extension 'ignore_ament_install'
[1.121s] Level 1:colcon.colcon_core.package_identification:_identify(src/trajectory_generator/inputs/tracks) by extensions ['colcon_pkg']
[1.121s] Level 1:colcon.colcon_core.package_identification:_identify(src/trajectory_generator/inputs/tracks) by extension 'colcon_pkg'
[1.121s] Level 1:colcon.colcon_core.package_identification:_identify(src/trajectory_generator/inputs/tracks) by extensions ['colcon_meta']
[1.121s] Level 1:colcon.colcon_core.package_identification:_identify(src/trajectory_generator/inputs/tracks) by extension 'colcon_meta'
[1.121s] Level 1:colcon.colcon_core.package_identification:_identify(src/trajectory_generator/inputs/tracks) by extensions ['ros']
[1.122s] Level 1:colcon.colcon_core.package_identification:_identify(src/trajectory_generator/inputs/tracks) by extension 'ros'
[1.122s] Level 1:colcon.colcon_core.package_identification:_identify(src/trajectory_generator/inputs/tracks) by extensions ['cmake', 'python']
[1.122s] Level 1:colcon.colcon_core.package_identification:_identify(src/trajectory_generator/inputs/tracks) by extension 'cmake'
[1.122s] Level 1:colcon.colcon_core.package_identification:_identify(src/trajectory_generator/inputs/tracks) by extension 'python'
[1.122s] Level 1:colcon.colcon_core.package_identification:_identify(src/trajectory_generator/inputs/tracks) by extensions ['python_setup_py']
[1.122s] Level 1:colcon.colcon_core.package_identification:_identify(src/trajectory_generator/inputs/tracks) by extension 'python_setup_py'
[1.122s] Level 1:colcon.colcon_core.package_identification:_identify(src/trajectory_generator/inputs/veh_dyn_info) by extensions ['ignore', 'ignore_ament_install']
[1.122s] Level 1:colcon.colcon_core.package_identification:_identify(src/trajectory_generator/inputs/veh_dyn_info) by extension 'ignore'
[1.122s] Level 1:colcon.colcon_core.package_identification:_identify(src/trajectory_generator/inputs/veh_dyn_info) by extension 'ignore_ament_install'
[1.122s] Level 1:colcon.colcon_core.package_identification:_identify(src/trajectory_generator/inputs/veh_dyn_info) by extensions ['colcon_pkg']
[1.122s] Level 1:colcon.colcon_core.package_identification:_identify(src/trajectory_generator/inputs/veh_dyn_info) by extension 'colcon_pkg'
[1.122s] Level 1:colcon.colcon_core.package_identification:_identify(src/trajectory_generator/inputs/veh_dyn_info) by extensions ['colcon_meta']
[1.122s] Level 1:colcon.colcon_core.package_identification:_identify(src/trajectory_generator/inputs/veh_dyn_info) by extension 'colcon_meta'
[1.122s] Level 1:colcon.colcon_core.package_identification:_identify(src/trajectory_generator/inputs/veh_dyn_info) by extensions ['ros']
[1.122s] Level 1:colcon.colcon_core.package_identification:_identify(src/trajectory_generator/inputs/veh_dyn_info) by extension 'ros'
[1.122s] Level 1:colcon.colcon_core.package_identification:_identify(src/trajectory_generator/inputs/veh_dyn_info) by extensions ['cmake', 'python']
[1.122s] Level 1:colcon.colcon_core.package_identification:_identify(src/trajectory_generator/inputs/veh_dyn_info) by extension 'cmake'
[1.122s] Level 1:colcon.colcon_core.package_identification:_identify(src/trajectory_generator/inputs/veh_dyn_info) by extension 'python'
[1.122s] Level 1:colcon.colcon_core.package_identification:_identify(src/trajectory_generator/inputs/veh_dyn_info) by extensions ['python_setup_py']
[1.122s] Level 1:colcon.colcon_core.package_identification:_identify(src/trajectory_generator/inputs/veh_dyn_info) by extension 'python_setup_py'
[1.122s] Level 1:colcon.colcon_core.package_identification:_identify(src/trajectory_generator/install) by extensions ['ignore', 'ignore_ament_install']
[1.122s] Level 1:colcon.colcon_core.package_identification:_identify(src/trajectory_generator/install) by extension 'ignore'
[1.122s] Level 1:colcon.colcon_core.package_identification:_identify(src/trajectory_generator/install) ignored
[1.122s] Level 1:colcon.colcon_core.package_identification:_identify(src/trajectory_generator/log) by extensions ['ignore', 'ignore_ament_install']
[1.122s] Level 1:colcon.colcon_core.package_identification:_identify(src/trajectory_generator/log) by extension 'ignore'
[1.122s] Level 1:colcon.colcon_core.package_identification:_identify(src/trajectory_generator/log) ignored
[1.123s] Level 1:colcon.colcon_core.package_identification:_identify(src/trajectory_generator/maps) by extensions ['ignore', 'ignore_ament_install']
[1.123s] Level 1:colcon.colcon_core.package_identification:_identify(src/trajectory_generator/maps) by extension 'ignore'
[1.123s] Level 1:colcon.colcon_core.package_identification:_identify(src/trajectory_generator/maps) by extension 'ignore_ament_install'
[1.123s] Level 1:colcon.colcon_core.package_identification:_identify(src/trajectory_generator/maps) by extensions ['colcon_pkg']
[1.123s] Level 1:colcon.colcon_core.package_identification:_identify(src/trajectory_generator/maps) by extension 'colcon_pkg'
[1.123s] Level 1:colcon.colcon_core.package_identification:_identify(src/trajectory_generator/maps) by extensions ['colcon_meta']
[1.123s] Level 1:colcon.colcon_core.package_identification:_identify(src/trajectory_generator/maps) by extension 'colcon_meta'
[1.123s] Level 1:colcon.colcon_core.package_identification:_identify(src/trajectory_generator/maps) by extensions ['ros']
[1.123s] Level 1:colcon.colcon_core.package_identification:_identify(src/trajectory_generator/maps) by extension 'ros'
[1.123s] Level 1:colcon.colcon_core.package_identification:_identify(src/trajectory_generator/maps) by extensions ['cmake', 'python']
[1.123s] Level 1:colcon.colcon_core.package_identification:_identify(src/trajectory_generator/maps) by extension 'cmake'
[1.123s] Level 1:colcon.colcon_core.package_identification:_identify(src/trajectory_generator/maps) by extension 'python'
[1.123s] Level 1:colcon.colcon_core.package_identification:_identify(src/trajectory_generator/maps) by extensions ['python_setup_py']
[1.123s] Level 1:colcon.colcon_core.package_identification:_identify(src/trajectory_generator/maps) by extension 'python_setup_py'
[1.123s] Level 1:colcon.colcon_core.package_identification:_identify(src/trajectory_generator/opt_mintime_traj) by extensions ['ignore', 'ignore_ament_install']
[1.123s] Level 1:colcon.colcon_core.package_identification:_identify(src/trajectory_generator/opt_mintime_traj) by extension 'ignore'
[1.123s] Level 1:colcon.colcon_core.package_identification:_identify(src/trajectory_generator/opt_mintime_traj) by extension 'ignore_ament_install'
[1.123s] Level 1:colcon.colcon_core.package_identification:_identify(src/trajectory_generator/opt_mintime_traj) by extensions ['colcon_pkg']
[1.123s] Level 1:colcon.colcon_core.package_identification:_identify(src/trajectory_generator/opt_mintime_traj) by extension 'colcon_pkg'
[1.123s] Level 1:colcon.colcon_core.package_identification:_identify(src/trajectory_generator/opt_mintime_traj) by extensions ['colcon_meta']
[1.123s] Level 1:colcon.colcon_core.package_identification:_identify(src/trajectory_generator/opt_mintime_traj) by extension 'colcon_meta'
[1.123s] Level 1:colcon.colcon_core.package_identification:_identify(src/trajectory_generator/opt_mintime_traj) by extensions ['ros']
[1.123s] Level 1:colcon.colcon_core.package_identification:_identify(src/trajectory_generator/opt_mintime_traj) by extension 'ros'
[1.123s] Level 1:colcon.colcon_core.package_identification:_identify(src/trajectory_generator/opt_mintime_traj) by extensions ['cmake', 'python']
[1.123s] Level 1:colcon.colcon_core.package_identification:_identify(src/trajectory_generator/opt_mintime_traj) by extension 'cmake'
[1.123s] Level 1:colcon.colcon_core.package_identification:_identify(src/trajectory_generator/opt_mintime_traj) by extension 'python'
[1.123s] Level 1:colcon.colcon_core.package_identification:_identify(src/trajectory_generator/opt_mintime_traj) by extensions ['python_setup_py']
[1.123s] Level 1:colcon.colcon_core.package_identification:_identify(src/trajectory_generator/opt_mintime_traj) by extension 'python_setup_py'
[1.123s] Level 1:colcon.colcon_core.package_identification:_identify(src/trajectory_generator/opt_mintime_traj/powertrain_src) by extensions ['ignore', 'ignore_ament_install']
[1.123s] Level 1:colcon.colcon_core.package_identification:_identify(src/trajectory_generator/opt_mintime_traj/powertrain_src) by extension 'ignore'
[1.123s] Level 1:colcon.colcon_core.package_identification:_identify(src/trajectory_generator/opt_mintime_traj/powertrain_src) by extension 'ignore_ament_install'
[1.123s] Level 1:colcon.colcon_core.package_identification:_identify(src/trajectory_generator/opt_mintime_traj/powertrain_src) by extensions ['colcon_pkg']
[1.123s] Level 1:colcon.colcon_core.package_identification:_identify(src/trajectory_generator/opt_mintime_traj/powertrain_src) by extension 'colcon_pkg'
[1.123s] Level 1:colcon.colcon_core.package_identification:_identify(src/trajectory_generator/opt_mintime_traj/powertrain_src) by extensions ['colcon_meta']
[1.123s] Level 1:colcon.colcon_core.package_identification:_identify(src/trajectory_generator/opt_mintime_traj/powertrain_src) by extension 'colcon_meta'
[1.123s] Level 1:colcon.colcon_core.package_identification:_identify(src/trajectory_generator/opt_mintime_traj/powertrain_src) by extensions ['ros']
[1.123s] Level 1:colcon.colcon_core.package_identification:_identify(src/trajectory_generator/opt_mintime_traj/powertrain_src) by extension 'ros'
[1.124s] Level 1:colcon.colcon_core.package_identification:_identify(src/trajectory_generator/opt_mintime_traj/powertrain_src) by extensions ['cmake', 'python']
[1.124s] Level 1:colcon.colcon_core.package_identification:_identify(src/trajectory_generator/opt_mintime_traj/powertrain_src) by extension 'cmake'
[1.124s] Level 1:colcon.colcon_core.package_identification:_identify(src/trajectory_generator/opt_mintime_traj/powertrain_src) by extension 'python'
[1.124s] Level 1:colcon.colcon_core.package_identification:_identify(src/trajectory_generator/opt_mintime_traj/powertrain_src) by extensions ['python_setup_py']
[1.124s] Level 1:colcon.colcon_core.package_identification:_identify(src/trajectory_generator/opt_mintime_traj/powertrain_src) by extension 'python_setup_py'
[1.124s] Level 1:colcon.colcon_core.package_identification:_identify(src/trajectory_generator/opt_mintime_traj/powertrain_src/src) by extensions ['ignore', 'ignore_ament_install']
[1.124s] Level 1:colcon.colcon_core.package_identification:_identify(src/trajectory_generator/opt_mintime_traj/powertrain_src/src) by extension 'ignore'
[1.124s] Level 1:colcon.colcon_core.package_identification:_identify(src/trajectory_generator/opt_mintime_traj/powertrain_src/src) by extension 'ignore_ament_install'
[1.124s] Level 1:colcon.colcon_core.package_identification:_identify(src/trajectory_generator/opt_mintime_traj/powertrain_src/src) by extensions ['colcon_pkg']
[1.124s] Level 1:colcon.colcon_core.package_identification:_identify(src/trajectory_generator/opt_mintime_traj/powertrain_src/src) by extension 'colcon_pkg'
[1.124s] Level 1:colcon.colcon_core.package_identification:_identify(src/trajectory_generator/opt_mintime_traj/powertrain_src/src) by extensions ['colcon_meta']
[1.124s] Level 1:colcon.colcon_core.package_identification:_identify(src/trajectory_generator/opt_mintime_traj/powertrain_src/src) by extension 'colcon_meta'
[1.124s] Level 1:colcon.colcon_core.package_identification:_identify(src/trajectory_generator/opt_mintime_traj/powertrain_src/src) by extensions ['ros']
[1.124s] Level 1:colcon.colcon_core.package_identification:_identify(src/trajectory_generator/opt_mintime_traj/powertrain_src/src) by extension 'ros'
[1.124s] Level 1:colcon.colcon_core.package_identification:_identify(src/trajectory_generator/opt_mintime_traj/powertrain_src/src) by extensions ['cmake', 'python']
[1.124s] Level 1:colcon.colcon_core.package_identification:_identify(src/trajectory_generator/opt_mintime_traj/powertrain_src/src) by extension 'cmake'
[1.124s] Level 1:colcon.colcon_core.package_identification:_identify(src/trajectory_generator/opt_mintime_traj/powertrain_src/src) by extension 'python'
[1.124s] Level 1:colcon.colcon_core.package_identification:_identify(src/trajectory_generator/opt_mintime_traj/powertrain_src/src) by extensions ['python_setup_py']
[1.124s] Level 1:colcon.colcon_core.package_identification:_identify(src/trajectory_generator/opt_mintime_traj/powertrain_src/src) by extension 'python_setup_py'
[1.124s] Level 1:colcon.colcon_core.package_identification:_identify(src/trajectory_generator/opt_mintime_traj/src) by extensions ['ignore', 'ignore_ament_install']
[1.124s] Level 1:colcon.colcon_core.package_identification:_identify(src/trajectory_generator/opt_mintime_traj/src) by extension 'ignore'
[1.124s] Level 1:colcon.colcon_core.package_identification:_identify(src/trajectory_generator/opt_mintime_traj/src) by extension 'ignore_ament_install'
[1.124s] Level 1:colcon.colcon_core.package_identification:_identify(src/trajectory_generator/opt_mintime_traj/src) by extensions ['colcon_pkg']
[1.124s] Level 1:colcon.colcon_core.package_identification:_identify(src/trajectory_generator/opt_mintime_traj/src) by extension 'colcon_pkg'
[1.124s] Level 1:colcon.colcon_core.package_identification:_identify(src/trajectory_generator/opt_mintime_traj/src) by extensions ['colcon_meta']
[1.124s] Level 1:colcon.colcon_core.package_identification:_identify(src/trajectory_generator/opt_mintime_traj/src) by extension 'colcon_meta'
[1.124s] Level 1:colcon.colcon_core.package_identification:_identify(src/trajectory_generator/opt_mintime_traj/src) by extensions ['ros']
[1.124s] Level 1:colcon.colcon_core.package_identification:_identify(src/trajectory_generator/opt_mintime_traj/src) by extension 'ros'
[1.124s] Level 1:colcon.colcon_core.package_identification:_identify(src/trajectory_generator/opt_mintime_traj/src) by extensions ['cmake', 'python']
[1.124s] Level 1:colcon.colcon_core.package_identification:_identify(src/trajectory_generator/opt_mintime_traj/src) by extension 'cmake'
[1.124s] Level 1:colcon.colcon_core.package_identification:_identify(src/trajectory_generator/opt_mintime_traj/src) by extension 'python'
[1.124s] Level 1:colcon.colcon_core.package_identification:_identify(src/trajectory_generator/opt_mintime_traj/src) by extensions ['python_setup_py']
[1.124s] Level 1:colcon.colcon_core.package_identification:_identify(src/trajectory_generator/opt_mintime_traj/src) by extension 'python_setup_py'
[1.124s] Level 1:colcon.colcon_core.package_identification:_identify(src/trajectory_generator/outputs) by extensions ['ignore', 'ignore_ament_install']
[1.124s] Level 1:colcon.colcon_core.package_identification:_identify(src/trajectory_generator/outputs) by extension 'ignore'
[1.124s] Level 1:colcon.colcon_core.package_identification:_identify(src/trajectory_generator/outputs) by extension 'ignore_ament_install'
[1.124s] Level 1:colcon.colcon_core.package_identification:_identify(src/trajectory_generator/outputs) by extensions ['colcon_pkg']
[1.124s] Level 1:colcon.colcon_core.package_identification:_identify(src/trajectory_generator/outputs) by extension 'colcon_pkg'
[1.125s] Level 1:colcon.colcon_core.package_identification:_identify(src/trajectory_generator/outputs) by extensions ['colcon_meta']
[1.125s] Level 1:colcon.colcon_core.package_identification:_identify(src/trajectory_generator/outputs) by extension 'colcon_meta'
[1.125s] Level 1:colcon.colcon_core.package_identification:_identify(src/trajectory_generator/outputs) by extensions ['ros']
[1.125s] Level 1:colcon.colcon_core.package_identification:_identify(src/trajectory_generator/outputs) by extension 'ros'
[1.125s] Level 1:colcon.colcon_core.package_identification:_identify(src/trajectory_generator/outputs) by extensions ['cmake', 'python']
[1.125s] Level 1:colcon.colcon_core.package_identification:_identify(src/trajectory_generator/outputs) by extension 'cmake'
[1.125s] Level 1:colcon.colcon_core.package_identification:_identify(src/trajectory_generator/outputs) by extension 'python'
[1.125s] Level 1:colcon.colcon_core.package_identification:_identify(src/trajectory_generator/outputs) by extensions ['python_setup_py']
[1.125s] Level 1:colcon.colcon_core.package_identification:_identify(src/trajectory_generator/outputs) by extension 'python_setup_py'
[1.125s] Level 1:colcon.colcon_core.package_identification:_identify(src/trajectory_generator/outputs/final2024) by extensions ['ignore', 'ignore_ament_install']
[1.125s] Level 1:colcon.colcon_core.package_identification:_identify(src/trajectory_generator/outputs/final2024) by extension 'ignore'
[1.125s] Level 1:colcon.colcon_core.package_identification:_identify(src/trajectory_generator/outputs/final2024) by extension 'ignore_ament_install'
[1.125s] Level 1:colcon.colcon_core.package_identification:_identify(src/trajectory_generator/outputs/final2024) by extensions ['colcon_pkg']
[1.125s] Level 1:colcon.colcon_core.package_identification:_identify(src/trajectory_generator/outputs/final2024) by extension 'colcon_pkg'
[1.125s] Level 1:colcon.colcon_core.package_identification:_identify(src/trajectory_generator/outputs/final2024) by extensions ['colcon_meta']
[1.125s] Level 1:colcon.colcon_core.package_identification:_identify(src/trajectory_generator/outputs/final2024) by extension 'colcon_meta'
[1.125s] Level 1:colcon.colcon_core.package_identification:_identify(src/trajectory_generator/outputs/final2024) by extensions ['ros']
[1.125s] Level 1:colcon.colcon_core.package_identification:_identify(src/trajectory_generator/outputs/final2024) by extension 'ros'
[1.125s] Level 1:colcon.colcon_core.package_identification:_identify(src/trajectory_generator/outputs/final2024) by extensions ['cmake', 'python']
[1.125s] Level 1:colcon.colcon_core.package_identification:_identify(src/trajectory_generator/outputs/final2024) by extension 'cmake'
[1.125s] Level 1:colcon.colcon_core.package_identification:_identify(src/trajectory_generator/outputs/final2024) by extension 'python'
[1.125s] Level 1:colcon.colcon_core.package_identification:_identify(src/trajectory_generator/outputs/final2024) by extensions ['python_setup_py']
[1.125s] Level 1:colcon.colcon_core.package_identification:_identify(src/trajectory_generator/outputs/final2024) by extension 'python_setup_py'
[1.125s] Level 1:colcon.colcon_core.package_identification:_identify(src/trajectory_generator/params) by extensions ['ignore', 'ignore_ament_install']
[1.125s] Level 1:colcon.colcon_core.package_identification:_identify(src/trajectory_generator/params) by extension 'ignore'
[1.125s] Level 1:colcon.colcon_core.package_identification:_identify(src/trajectory_generator/params) by extension 'ignore_ament_install'
[1.125s] Level 1:colcon.colcon_core.package_identification:_identify(src/trajectory_generator/params) by extensions ['colcon_pkg']
[1.125s] Level 1:colcon.colcon_core.package_identification:_identify(src/trajectory_generator/params) by extension 'colcon_pkg'
[1.125s] Level 1:colcon.colcon_core.package_identification:_identify(src/trajectory_generator/params) by extensions ['colcon_meta']
[1.125s] Level 1:colcon.colcon_core.package_identification:_identify(src/trajectory_generator/params) by extension 'colcon_meta'
[1.125s] Level 1:colcon.colcon_core.package_identification:_identify(src/trajectory_generator/params) by extensions ['ros']
[1.125s] Level 1:colcon.colcon_core.package_identification:_identify(src/trajectory_generator/params) by extension 'ros'
[1.125s] Level 1:colcon.colcon_core.package_identification:_identify(src/trajectory_generator/params) by extensions ['cmake', 'python']
[1.125s] Level 1:colcon.colcon_core.package_identification:_identify(src/trajectory_generator/params) by extension 'cmake'
[1.125s] Level 1:colcon.colcon_core.package_identification:_identify(src/trajectory_generator/params) by extension 'python'
[1.125s] Level 1:colcon.colcon_core.package_identification:_identify(src/trajectory_generator/params) by extensions ['python_setup_py']
[1.125s] Level 1:colcon.colcon_core.package_identification:_identify(src/trajectory_generator/params) by extension 'python_setup_py'
[1.125s] Level 1:colcon.colcon_core.package_discovery:discover_packages(recursive) using defaults
[1.125s] Level 1:colcon.colcon_core.package_discovery:discover_packages(ignore) discover
[1.125s] Level 1:colcon.colcon_core.package_discovery:discover_packages(ignore) using defaults
[1.125s] Level 1:colcon.colcon_core.package_discovery:discover_packages(path) discover
[1.125s] Level 1:colcon.colcon_core.package_discovery:discover_packages(path) using defaults
[1.221s] Level 1:colcon.colcon_core.package_discovery:discover_packages(prefix_path) check parameters
[1.221s] Level 1:colcon.colcon_core.package_discovery:discover_packages(prefix_path) discover
[1.253s] DEBUG:colcon.colcon_installed_package_information.package_discovery:Found 3 installed packages in /home/ros2/F1tenth-Final-Race-Agent-and-Toolbox/install
[1.270s] DEBUG:colcon.colcon_installed_package_information.package_discovery:Found 275 installed packages in /opt/ros/foxy
[1.270s] Level 1:colcon.colcon_core.package_discovery:discover_packages(prefix_path) using defaults
[1.351s] Level 5:colcon.colcon_core.verb:set package 'dummy_car' build argument 'cmake_args' from command line to 'None'
[1.351s] Level 5:colcon.colcon_core.verb:set package 'dummy_car' build argument 'cmake_target' from command line to 'None'
[1.351s] Level 5:colcon.colcon_core.verb:set package 'dummy_car' build argument 'cmake_target_skip_unavailable' from command line to 'False'
[1.351s] Level 5:colcon.colcon_core.verb:set package 'dummy_car' build argument 'cmake_clean_cache' from command line to 'False'
[1.351s] Level 5:colcon.colcon_core.verb:set package 'dummy_car' build argument 'cmake_clean_first' from command line to 'False'
[1.351s] Level 5:colcon.colcon_core.verb:set package 'dummy_car' build argument 'cmake_force_configure' from command line to 'False'
[1.351s] Level 5:colcon.colcon_core.verb:set package 'dummy_car' build argument 'ament_cmake_args' from command line to 'None'
[1.351s] Level 5:colcon.colcon_core.verb:set package 'dummy_car' build argument 'catkin_cmake_args' from command line to 'None'
[1.351s] Level 5:colcon.colcon_core.verb:set package 'dummy_car' build argument 'catkin_skip_building_tests' from command line to 'False'
[1.351s] DEBUG:colcon.colcon_core.verb:Building package 'dummy_car' with the following arguments: {'ament_cmake_args': None, 'build_base': '/home/ros2/F1tenth-Final-Race-Agent-and-Toolbox/build/dummy_car', 'catkin_cmake_args': None, 'catkin_skip_building_tests': False, 'cmake_args': None, 'cmake_clean_cache': False, 'cmake_clean_first': False, 'cmake_force_configure': False, 'cmake_target': None, 'cmake_target_skip_unavailable': False, 'install_base': '/home/ros2/F1tenth-Final-Race-Agent-and-Toolbox/install/dummy_car', 'merge_install': False, 'path': '/home/ros2/F1tenth-Final-Race-Agent-and-Toolbox/src/dummy_car', 'symlink_install': True, 'test_result_base': None}
[1.368s] Level 5:colcon.colcon_core.verb:set package 'final_race_pkg' build argument 'cmake_args' from command line to 'None'
[1.368s] Level 5:colcon.colcon_core.verb:set package 'final_race_pkg' build argument 'cmake_target' from command line to 'None'
[1.368s] Level 5:colcon.colcon_core.verb:set package 'final_race_pkg' build argument 'cmake_target_skip_unavailable' from command line to 'False'
[1.368s] Level 5:colcon.colcon_core.verb:set package 'final_race_pkg' build argument 'cmake_clean_cache' from command line to 'False'
[1.368s] Level 5:colcon.colcon_core.verb:set package 'final_race_pkg' build argument 'cmake_clean_first' from command line to 'False'
[1.368s] Level 5:colcon.colcon_core.verb:set package 'final_race_pkg' build argument 'cmake_force_configure' from command line to 'False'
[1.368s] Level 5:colcon.colcon_core.verb:set package 'final_race_pkg' build argument 'ament_cmake_args' from command line to 'None'
[1.368s] Level 5:colcon.colcon_core.verb:set package 'final_race_pkg' build argument 'catkin_cmake_args' from command line to 'None'
[1.368s] Level 5:colcon.colcon_core.verb:set package 'final_race_pkg' build argument 'catkin_skip_building_tests' from command line to 'False'
[1.368s] DEBUG:colcon.colcon_core.verb:Building package 'final_race_pkg' with the following arguments: {'ament_cmake_args': None, 'build_base': '/home/ros2/F1tenth-Final-Race-Agent-and-Toolbox/build/final_race_pkg', 'catkin_cmake_args': None, 'catkin_skip_building_tests': False, 'cmake_args': None, 'cmake_clean_cache': False, 'cmake_clean_first': False, 'cmake_force_configure': False, 'cmake_target': None, 'cmake_target_skip_unavailable': False, 'install_base': '/home/ros2/F1tenth-Final-Race-Agent-and-Toolbox/install/final_race_pkg', 'merge_install': False, 'path': '/home/ros2/F1tenth-Final-Race-Agent-and-Toolbox/src/final_race_pkg', 'symlink_install': True, 'test_result_base': None}
[1.383s] Level 5:colcon.colcon_core.verb:set package 'opponent_predictor' build argument 'cmake_args' from command line to 'None'
[1.383s] Level 5:colcon.colcon_core.verb:set package 'opponent_predictor' build argument 'cmake_target' from command line to 'None'
[1.383s] Level 5:colcon.colcon_core.verb:set package 'opponent_predictor' build argument 'cmake_target_skip_unavailable' from command line to 'False'
[1.383s] Level 5:colcon.colcon_core.verb:set package 'opponent_predictor' build argument 'cmake_clean_cache' from command line to 'False'
[1.383s] Level 5:colcon.colcon_core.verb:set package 'opponent_predictor' build argument 'cmake_clean_first' from command line to 'False'
[1.383s] Level 5:colcon.colcon_core.verb:set package 'opponent_predictor' build argument 'cmake_force_configure' from command line to 'False'
[1.383s] Level 5:colcon.colcon_core.verb:set package 'opponent_predictor' build argument 'ament_cmake_args' from command line to 'None'
[1.383s] Level 5:colcon.colcon_core.verb:set package 'opponent_predictor' build argument 'catkin_cmake_args' from command line to 'None'
[1.383s] Level 5:colcon.colcon_core.verb:set package 'opponent_predictor' build argument 'catkin_skip_building_tests' from command line to 'False'
[1.383s] DEBUG:colcon.colcon_core.verb:Building package 'opponent_predictor' with the following arguments: {'ament_cmake_args': None, 'build_base': '/home/ros2/F1tenth-Final-Race-Agent-and-Toolbox/build/opponent_predictor', 'catkin_cmake_args': None, 'catkin_skip_building_tests': False, 'cmake_args': None, 'cmake_clean_cache': False, 'cmake_clean_first': False, 'cmake_force_configure': False, 'cmake_target': None, 'cmake_target_skip_unavailable': False, 'install_base': '/home/ros2/F1tenth-Final-Race-Agent-and-Toolbox/install/opponent_predictor', 'merge_install': False, 'path': '/home/ros2/F1tenth-Final-Race-Agent-and-Toolbox/src/opponent_predictor', 'symlink_install': True, 'test_result_base': None}
[1.399s] INFO:colcon.colcon_core.executor:Executing jobs using 'parallel' executor
[1.415s] DEBUG:colcon.colcon_parallel_executor.executor.parallel:run_until_complete
[1.415s] INFO:colcon.colcon_ros.task.ament_cmake.build:Building ROS package in '/home/ros2/F1tenth-Final-Race-Agent-and-Toolbox/src/dummy_car' with build type 'ament_cmake'
[1.415s] INFO:colcon.colcon_cmake.task.cmake.build:Building CMake package in '/home/ros2/F1tenth-Final-Race-Agent-and-Toolbox/src/dummy_car'
[1.434s] INFO:colcon.colcon_core.plugin_system:Skipping extension 'colcon_core.shell.bat': Not used on non-Windows systems
[1.434s] INFO:colcon.colcon_core.shell:Skip shell extension 'powershell' for command environment: Not usable outside of PowerShell
[1.434s] DEBUG:colcon.colcon_core.shell:Skip shell extension 'dsv' for command environment
[1.483s] INFO:colcon.colcon_ros.task.ament_python.build:Building ROS package in '/home/ros2/F1tenth-Final-Race-Agent-and-Toolbox/src/final_race_pkg' with build type 'ament_python'
[1.484s] Level 1:colcon.colcon_core.shell:create_environment_hook('final_race_pkg', 'ament_prefix_path')
[1.501s] INFO:colcon.colcon_core.shell:Creating environment hook '/home/ros2/F1tenth-Final-Race-Agent-and-Toolbox/install/final_race_pkg/share/final_race_pkg/hook/ament_prefix_path.ps1'
[1.502s] INFO:colcon.colcon_core.shell:Creating environment descriptor '/home/ros2/F1tenth-Final-Race-Agent-and-Toolbox/install/final_race_pkg/share/final_race_pkg/hook/ament_prefix_path.dsv'
[1.502s] INFO:colcon.colcon_core.shell:Creating environment hook '/home/ros2/F1tenth-Final-Race-Agent-and-Toolbox/install/final_race_pkg/share/final_race_pkg/hook/ament_prefix_path.sh'
[1.519s] INFO:colcon.colcon_core.shell:Skip shell extension 'powershell' for command environment: Not usable outside of PowerShell
[1.519s] DEBUG:colcon.colcon_core.shell:Skip shell extension 'dsv' for command environment
[1.574s] DEBUG:colcon.colcon_core.event_handler.log_command:Invoking command in '/home/ros2/F1tenth-Final-Race-Agent-and-Toolbox/build/dummy_car': CMAKE_PREFIX_PATH=${CMAKE_PREFIX_PATH}:/home/ros2/F1tenth-Final-Race-Agent-and-Toolbox/install/final_race_pkg:/opt/ros/foxy /usr/bin/cmake /home/ros2/F1tenth-Final-Race-Agent-and-Toolbox/src/dummy_car -DAMENT_CMAKE_SYMLINK_INSTALL=1 -DCMAKE_INSTALL_PREFIX=/home/ros2/F1tenth-Final-Race-Agent-and-Toolbox/install/dummy_car
[1.696s] INFO:colcon.colcon_core.task.python.build:Building Python package in '/home/ros2/F1tenth-Final-Race-Agent-and-Toolbox/src/final_race_pkg'
[1.713s] INFO:colcon.colcon_core.shell:Skip shell extension 'powershell' for command environment: Not usable outside of PowerShell
[1.713s] DEBUG:colcon.colcon_core.shell:Skip shell extension 'dsv' for command environment
[2.016s] DEBUG:colcon.colcon_core.task.python.build:While undoing a previous installation files outside the Python library path are being ignored: /home/ros2/F1tenth-Final-Race-Agent-and-Toolbox/install/final_race_pkg/share/ament_index/resource_index/packages/final_race_pkg
[2.016s] DEBUG:colcon.colcon_core.task.python.build:While undoing a previous installation files outside the Python library path are being ignored: /home/ros2/F1tenth-Final-Race-Agent-and-Toolbox/install/final_race_pkg/share/final_race_pkg/package.xml
[2.016s] DEBUG:colcon.colcon_core.task.python.build:While undoing a previous installation files outside the Python library path are being ignored: /home/ros2/F1tenth-Final-Race-Agent-and-Toolbox/install/final_race_pkg/lib/final_race_pkg/main_agent
[2.016s] DEBUG:colcon.colcon_core.task.python.build:While undoing a previous installation files outside the Python library path are being ignored: /home/ros2/F1tenth-Final-Race-Agent-and-Toolbox/install/final_race_pkg/lib/final_race_pkg/opp_agent
[2.016s] DEBUG:colcon.colcon_core.task.python.build:While undoing a previous installation files outside the Python library path are being ignored: /home/ros2/F1tenth-Final-Race-Agent-and-Toolbox/install/final_race_pkg/lib/final_race_pkg/pure_pursuit_node
[2.016s] DEBUG:colcon.colcon_core.task.python.build:While undoing a previous installation files outside the Python library path are being ignored: /home/ros2/F1tenth-Final-Race-Agent-and-Toolbox/install/final_race_pkg/lib/final_race_pkg/traj_killer
[2.018s] DEBUG:colcon.colcon_core.event_handler.log_command:Invoking command in '/home/ros2/F1tenth-Final-Race-Agent-and-Toolbox/build/final_race_pkg': PYTHONPATH=/home/ros2/F1tenth-Final-Race-Agent-and-Toolbox/build/final_race_pkg/prefix_override:/home/ros2/F1tenth-Final-Race-Agent-and-Toolbox/install/final_race_pkg/lib/python3.8/site-packages:${PYTHONPATH} /usr/bin/python3 setup.py develop --editable --build-directory /home/ros2/F1tenth-Final-Race-Agent-and-Toolbox/build/final_race_pkg/build --no-deps install_data
[2.233s] Level 1:colcon.colcon_core.shell:create_environment_hook('final_race_pkg', 'pythonpath_develop')
[2.233s] DEBUG:colcon.colcon_core.event_handler.log_command:Invoked command in '/home/ros2/F1tenth-Final-Race-Agent-and-Toolbox/build/final_race_pkg' returned '0': PYTHONPATH=/home/ros2/F1tenth-Final-Race-Agent-and-Toolbox/build/final_race_pkg/prefix_override:/home/ros2/F1tenth-Final-Race-Agent-and-Toolbox/install/final_race_pkg/lib/python3.8/site-packages:${PYTHONPATH} /usr/bin/python3 setup.py develop --editable --build-directory /home/ros2/F1tenth-Final-Race-Agent-and-Toolbox/build/final_race_pkg/build --no-deps install_data
[2.251s] INFO:colcon.colcon_core.shell:Creating environment hook '/home/ros2/F1tenth-Final-Race-Agent-and-Toolbox/build/final_race_pkg/share/final_race_pkg/hook/pythonpath_develop.ps1'
[2.252s] INFO:colcon.colcon_core.shell:Creating environment descriptor '/home/ros2/F1tenth-Final-Race-Agent-and-Toolbox/build/final_race_pkg/share/final_race_pkg/hook/pythonpath_develop.dsv'
[2.252s] INFO:colcon.colcon_core.shell:Creating environment hook '/home/ros2/F1tenth-Final-Race-Agent-and-Toolbox/build/final_race_pkg/share/final_race_pkg/hook/pythonpath_develop.sh'
[2.274s] Level 1:colcon.colcon_core.environment:checking '/home/ros2/F1tenth-Final-Race-Agent-and-Toolbox/install/final_race_pkg' for CMake module files
[2.275s] Level 1:colcon.colcon_core.environment:checking '/home/ros2/F1tenth-Final-Race-Agent-and-Toolbox/install/final_race_pkg' for CMake config files
[2.275s] Level 1:colcon.colcon_core.environment:checking '/home/ros2/F1tenth-Final-Race-Agent-and-Toolbox/install/final_race_pkg/lib'
[2.275s] Level 1:colcon.colcon_core.environment:checking '/home/ros2/F1tenth-Final-Race-Agent-and-Toolbox/install/final_race_pkg/bin'
[2.275s] Level 1:colcon.colcon_core.environment:checking '/home/ros2/F1tenth-Final-Race-Agent-and-Toolbox/install/final_race_pkg/lib/pkgconfig/final_race_pkg.pc'
[2.275s] Level 1:colcon.colcon_core.environment:checking '/home/ros2/F1tenth-Final-Race-Agent-and-Toolbox/install/final_race_pkg/lib/python3.8/site-packages'
[2.275s] Level 1:colcon.colcon_core.shell:create_environment_hook('final_race_pkg', 'pythonpath')
[2.292s] INFO:colcon.colcon_core.shell:Creating environment hook '/home/ros2/F1tenth-Final-Race-Agent-and-Toolbox/install/final_race_pkg/share/final_race_pkg/hook/pythonpath.ps1'
[2.292s] INFO:colcon.colcon_core.shell:Creating environment descriptor '/home/ros2/F1tenth-Final-Race-Agent-and-Toolbox/install/final_race_pkg/share/final_race_pkg/hook/pythonpath.dsv'
[2.292s] INFO:colcon.colcon_core.shell:Creating environment hook '/home/ros2/F1tenth-Final-Race-Agent-and-Toolbox/install/final_race_pkg/share/final_race_pkg/hook/pythonpath.sh'
[2.293s] Level 1:colcon.colcon_core.environment:checking '/home/ros2/F1tenth-Final-Race-Agent-and-Toolbox/install/final_race_pkg/bin'
[2.293s] Level 1:colcon.colcon_core.environment:create_environment_scripts_only(final_race_pkg)
[2.310s] INFO:colcon.colcon_core.shell:Creating package script '/home/ros2/F1tenth-Final-Race-Agent-and-Toolbox/install/final_race_pkg/share/final_race_pkg/package.ps1'
[2.310s] INFO:colcon.colcon_core.shell:Creating package descriptor '/home/ros2/F1tenth-Final-Race-Agent-and-Toolbox/install/final_race_pkg/share/final_race_pkg/package.dsv'
[2.311s] INFO:colcon.colcon_core.shell:Creating package script '/home/ros2/F1tenth-Final-Race-Agent-and-Toolbox/install/final_race_pkg/share/final_race_pkg/package.sh'
[2.311s] INFO:colcon.colcon_core.shell:Creating package script '/home/ros2/F1tenth-Final-Race-Agent-and-Toolbox/install/final_race_pkg/share/final_race_pkg/package.bash'
[2.312s] INFO:colcon.colcon_core.shell:Creating package script '/home/ros2/F1tenth-Final-Race-Agent-and-Toolbox/install/final_race_pkg/share/final_race_pkg/package.zsh'
[2.313s] Level 1:colcon.colcon_core.environment:create_file_with_runtime_dependencies(/home/ros2/F1tenth-Final-Race-Agent-and-Toolbox/install/final_race_pkg/share/colcon-core/packages/final_race_pkg)
[2.313s] INFO:colcon.colcon_ros.task.ament_cmake.build:Building ROS package in '/home/ros2/F1tenth-Final-Race-Agent-and-Toolbox/src/opponent_predictor' with build type 'ament_cmake'
[2.313s] INFO:colcon.colcon_cmake.task.cmake.build:Building CMake package in '/home/ros2/F1tenth-Final-Race-Agent-and-Toolbox/src/opponent_predictor'
[2.332s] INFO:colcon.colcon_core.shell:Skip shell extension 'powershell' for command environment: Not usable outside of PowerShell
[2.333s] DEBUG:colcon.colcon_core.shell:Skip shell extension 'dsv' for command environment
[2.395s] DEBUG:colcon.colcon_core.event_handler.log_command:Invoking command in '/home/ros2/F1tenth-Final-Race-Agent-and-Toolbox/build/opponent_predictor': CMAKE_PREFIX_PATH=${CMAKE_PREFIX_PATH}:/home/ros2/F1tenth-Final-Race-Agent-and-Toolbox/install/final_race_pkg:/opt/ros/foxy /usr/bin/cmake /home/ros2/F1tenth-Final-Race-Agent-and-Toolbox/src/opponent_predictor -DAMENT_CMAKE_SYMLINK_INSTALL=1 -DCMAKE_INSTALL_PREFIX=/home/ros2/F1tenth-Final-Race-Agent-and-Toolbox/install/opponent_predictor
[2.593s] DEBUG:colcon.colcon_core.event_handler.log_command:Invoked command in '/home/ros2/F1tenth-Final-Race-Agent-and-Toolbox/build/dummy_car' returned '0': CMAKE_PREFIX_PATH=${CMAKE_PREFIX_PATH}:/home/ros2/F1tenth-Final-Race-Agent-and-Toolbox/install/final_race_pkg:/opt/ros/foxy /usr/bin/cmake /home/ros2/F1tenth-Final-Race-Agent-and-Toolbox/src/dummy_car -DAMENT_CMAKE_SYMLINK_INSTALL=1 -DCMAKE_INSTALL_PREFIX=/home/ros2/F1tenth-Final-Race-Agent-and-Toolbox/install/dummy_car
[2.594s] DEBUG:colcon.colcon_core.event_handler.log_command:Invoking command in '/home/ros2/F1tenth-Final-Race-Agent-and-Toolbox/build/dummy_car': CMAKE_PREFIX_PATH=${CMAKE_PREFIX_PATH}:/home/ros2/F1tenth-Final-Race-Agent-and-Toolbox/install/final_race_pkg:/opt/ros/foxy /usr/bin/cmake --build /home/ros2/F1tenth-Final-Race-Agent-and-Toolbox/build/dummy_car -- -j2 -l2
[2.624s] DEBUG:colcon.colcon_core.event_handler.log_command:Invoked command in '/home/ros2/F1tenth-Final-Race-Agent-and-Toolbox/build/dummy_car' returned '0': CMAKE_PREFIX_PATH=${CMAKE_PREFIX_PATH}:/home/ros2/F1tenth-Final-Race-Agent-and-Toolbox/install/final_race_pkg:/opt/ros/foxy /usr/bin/cmake --build /home/ros2/F1tenth-Final-Race-Agent-and-Toolbox/build/dummy_car -- -j2 -l2
[2.639s] DEBUG:colcon.colcon_core.event_handler.log_command:Invoking command in '/home/ros2/F1tenth-Final-Race-Agent-and-Toolbox/build/dummy_car': CMAKE_PREFIX_PATH=${CMAKE_PREFIX_PATH}:/home/ros2/F1tenth-Final-Race-Agent-and-Toolbox/install/final_race_pkg:/opt/ros/foxy /usr/bin/cmake --install /home/ros2/F1tenth-Final-Race-Agent-and-Toolbox/build/dummy_car
[2.751s] Level 1:colcon.colcon_core.environment:create_environment_scripts_only(dummy_car)
[2.754s] DEBUG:colcon.colcon_core.event_handler.log_command:Invoked command in '/home/ros2/F1tenth-Final-Race-Agent-and-Toolbox/build/dummy_car' returned '0': CMAKE_PREFIX_PATH=${CMAKE_PREFIX_PATH}:/home/ros2/F1tenth-Final-Race-Agent-and-Toolbox/install/final_race_pkg:/opt/ros/foxy /usr/bin/cmake --install /home/ros2/F1tenth-Final-Race-Agent-and-Toolbox/build/dummy_car
[2.770s] Level 1:colcon.colcon_core.environment:checking '/home/ros2/F1tenth-Final-Race-Agent-and-Toolbox/install/dummy_car' for CMake module files
[2.771s] Level 1:colcon.colcon_core.environment:checking '/home/ros2/F1tenth-Final-Race-Agent-and-Toolbox/install/dummy_car' for CMake config files
[2.771s] Level 1:colcon.colcon_core.shell:create_environment_hook('dummy_car', 'cmake_prefix_path')
[2.795s] INFO:colcon.colcon_core.shell:Creating environment hook '/home/ros2/F1tenth-Final-Race-Agent-and-Toolbox/install/dummy_car/share/dummy_car/hook/cmake_prefix_path.ps1'
[2.796s] INFO:colcon.colcon_core.shell:Creating environment descriptor '/home/ros2/F1tenth-Final-Race-Agent-and-Toolbox/install/dummy_car/share/dummy_car/hook/cmake_prefix_path.dsv'
[2.796s] INFO:colcon.colcon_core.shell:Creating environment hook '/home/ros2/F1tenth-Final-Race-Agent-and-Toolbox/install/dummy_car/share/dummy_car/hook/cmake_prefix_path.sh'
[2.796s] Level 1:colcon.colcon_core.environment:checking '/home/ros2/F1tenth-Final-Race-Agent-and-Toolbox/install/dummy_car/lib'
[2.796s] Level 1:colcon.colcon_core.environment:checking '/home/ros2/F1tenth-Final-Race-Agent-and-Toolbox/install/dummy_car/bin'
[2.796s] Level 1:colcon.colcon_core.environment:checking '/home/ros2/F1tenth-Final-Race-Agent-and-Toolbox/install/dummy_car/lib/pkgconfig/dummy_car.pc'
[2.796s] Level 1:colcon.colcon_core.environment:checking '/home/ros2/F1tenth-Final-Race-Agent-and-Toolbox/install/dummy_car/lib/python3.8/site-packages'
[2.796s] Level 1:colcon.colcon_core.shell:create_environment_hook('dummy_car', 'pythonpath')
[2.813s] INFO:colcon.colcon_core.shell:Creating environment hook '/home/ros2/F1tenth-Final-Race-Agent-and-Toolbox/install/dummy_car/share/dummy_car/hook/pythonpath.ps1'
[2.814s] INFO:colcon.colcon_core.shell:Creating environment descriptor '/home/ros2/F1tenth-Final-Race-Agent-and-Toolbox/install/dummy_car/share/dummy_car/hook/pythonpath.dsv'
[2.814s] INFO:colcon.colcon_core.shell:Creating environment hook '/home/ros2/F1tenth-Final-Race-Agent-and-Toolbox/install/dummy_car/share/dummy_car/hook/pythonpath.sh'
[2.814s] Level 1:colcon.colcon_core.environment:checking '/home/ros2/F1tenth-Final-Race-Agent-and-Toolbox/install/dummy_car/bin'
[2.831s] INFO:colcon.colcon_core.shell:Creating package script '/home/ros2/F1tenth-Final-Race-Agent-and-Toolbox/install/dummy_car/share/dummy_car/package.ps1'
[2.832s] INFO:colcon.colcon_core.shell:Creating package descriptor '/home/ros2/F1tenth-Final-Race-Agent-and-Toolbox/install/dummy_car/share/dummy_car/package.dsv'
[2.832s] INFO:colcon.colcon_core.shell:Creating package script '/home/ros2/F1tenth-Final-Race-Agent-and-Toolbox/install/dummy_car/share/dummy_car/package.sh'
[2.832s] INFO:colcon.colcon_core.shell:Creating package script '/home/ros2/F1tenth-Final-Race-Agent-and-Toolbox/install/dummy_car/share/dummy_car/package.bash'
[2.832s] INFO:colcon.colcon_core.shell:Creating package script '/home/ros2/F1tenth-Final-Race-Agent-and-Toolbox/install/dummy_car/share/dummy_car/package.zsh'
[2.832s] Level 1:colcon.colcon_core.environment:create_file_with_runtime_dependencies(/home/ros2/F1tenth-Final-Race-Agent-and-Toolbox/install/dummy_car/share/colcon-core/packages/dummy_car)
[2.866s] Level 1:colcon.colcon_core.environment:create_environment_scripts_only(dummy_car)
[2.883s] Level 1:colcon.colcon_core.environment:checking '/home/ros2/F1tenth-Final-Race-Agent-and-Toolbox/install/dummy_car' for CMake module files
[2.883s] Level 1:colcon.colcon_core.environment:checking '/home/ros2/F1tenth-Final-Race-Agent-and-Toolbox/install/dummy_car' for CMake config files
[2.883s] Level 1:colcon.colcon_core.shell:create_environment_hook('dummy_car', 'cmake_prefix_path')
[2.900s] INFO:colcon.colcon_core.shell:Creating environment hook '/home/ros2/F1tenth-Final-Race-Agent-and-Toolbox/install/dummy_car/share/dummy_car/hook/cmake_prefix_path.ps1'
[2.901s] INFO:colcon.colcon_core.shell:Creating environment descriptor '/home/ros2/F1tenth-Final-Race-Agent-and-Toolbox/install/dummy_car/share/dummy_car/hook/cmake_prefix_path.dsv'
[2.901s] INFO:colcon.colcon_core.shell:Creating environment hook '/home/ros2/F1tenth-Final-Race-Agent-and-Toolbox/install/dummy_car/share/dummy_car/hook/cmake_prefix_path.sh'
[2.901s] Level 1:colcon.colcon_core.environment:checking '/home/ros2/F1tenth-Final-Race-Agent-and-Toolbox/install/dummy_car/lib'
[2.901s] Level 1:colcon.colcon_core.environment:checking '/home/ros2/F1tenth-Final-Race-Agent-and-Toolbox/install/dummy_car/bin'
[2.901s] Level 1:colcon.colcon_core.environment:checking '/home/ros2/F1tenth-Final-Race-Agent-and-Toolbox/install/dummy_car/lib/pkgconfig/dummy_car.pc'
[2.901s] Level 1:colcon.colcon_core.environment:checking '/home/ros2/F1tenth-Final-Race-Agent-and-Toolbox/install/dummy_car/lib/python3.8/site-packages'
[2.901s] Level 1:colcon.colcon_core.shell:create_environment_hook('dummy_car', 'pythonpath')
[2.918s] INFO:colcon.colcon_core.shell:Creating environment hook '/home/ros2/F1tenth-Final-Race-Agent-and-Toolbox/install/dummy_car/share/dummy_car/hook/pythonpath.ps1'
[2.918s] INFO:colcon.colcon_core.shell:Creating environment descriptor '/home/ros2/F1tenth-Final-Race-Agent-and-Toolbox/install/dummy_car/share/dummy_car/hook/pythonpath.dsv'
[2.918s] INFO:colcon.colcon_core.shell:Creating environment hook '/home/ros2/F1tenth-Final-Race-Agent-and-Toolbox/install/dummy_car/share/dummy_car/hook/pythonpath.sh'
[2.919s] Level 1:colcon.colcon_core.environment:checking '/home/ros2/F1tenth-Final-Race-Agent-and-Toolbox/install/dummy_car/bin'
[2.935s] INFO:colcon.colcon_core.shell:Creating package script '/home/ros2/F1tenth-Final-Race-Agent-and-Toolbox/install/dummy_car/share/dummy_car/package.ps1'
[2.935s] INFO:colcon.colcon_core.shell:Creating package descriptor '/home/ros2/F1tenth-Final-Race-Agent-and-Toolbox/install/dummy_car/share/dummy_car/package.dsv'
[2.936s] INFO:colcon.colcon_core.shell:Creating package script '/home/ros2/F1tenth-Final-Race-Agent-and-Toolbox/install/dummy_car/share/dummy_car/package.sh'
[2.936s] INFO:colcon.colcon_core.shell:Creating package script '/home/ros2/F1tenth-Final-Race-Agent-and-Toolbox/install/dummy_car/share/dummy_car/package.bash'
[2.936s] INFO:colcon.colcon_core.shell:Creating package script '/home/ros2/F1tenth-Final-Race-Agent-and-Toolbox/install/dummy_car/share/dummy_car/package.zsh'
[2.936s] Level 1:colcon.colcon_core.environment:create_file_with_runtime_dependencies(/home/ros2/F1tenth-Final-Race-Agent-and-Toolbox/install/dummy_car/share/colcon-core/packages/dummy_car)
[3.057s] DEBUG:colcon.colcon_core.event_handler.log_command:Invoked command in '/home/ros2/F1tenth-Final-Race-Agent-and-Toolbox/build/opponent_predictor' returned '0': CMAKE_PREFIX_PATH=${CMAKE_PREFIX_PATH}:/home/ros2/F1tenth-Final-Race-Agent-and-Toolbox/install/final_race_pkg:/opt/ros/foxy /usr/bin/cmake /home/ros2/F1tenth-Final-Race-Agent-and-Toolbox/src/opponent_predictor -DAMENT_CMAKE_SYMLINK_INSTALL=1 -DCMAKE_INSTALL_PREFIX=/home/ros2/F1tenth-Final-Race-Agent-and-Toolbox/install/opponent_predictor
[3.058s] DEBUG:colcon.colcon_core.event_handler.log_command:Invoking command in '/home/ros2/F1tenth-Final-Race-Agent-and-Toolbox/build/opponent_predictor': CMAKE_PREFIX_PATH=${CMAKE_PREFIX_PATH}:/home/ros2/F1tenth-Final-Race-Agent-and-Toolbox/install/final_race_pkg:/opt/ros/foxy /usr/bin/cmake --build /home/ros2/F1tenth-Final-Race-Agent-and-Toolbox/build/opponent_predictor -- -j2 -l2
[3.734s] DEBUG:colcon.colcon_core.event_handler.log_command:Invoked command in '/home/ros2/F1tenth-Final-Race-Agent-and-Toolbox/build/opponent_predictor' returned '0': CMAKE_PREFIX_PATH=${CMAKE_PREFIX_PATH}:/home/ros2/F1tenth-Final-Race-Agent-and-Toolbox/install/final_race_pkg:/opt/ros/foxy /usr/bin/cmake --build /home/ros2/F1tenth-Final-Race-Agent-and-Toolbox/build/opponent_predictor -- -j2 -l2
[3.749s] DEBUG:colcon.colcon_core.event_handler.log_command:Invoking command in '/home/ros2/F1tenth-Final-Race-Agent-and-Toolbox/build/opponent_predictor': CMAKE_PREFIX_PATH=${CMAKE_PREFIX_PATH}:/home/ros2/F1tenth-Final-Race-Agent-and-Toolbox/install/final_race_pkg:/opt/ros/foxy /usr/bin/cmake --install /home/ros2/F1tenth-Final-Race-Agent-and-Toolbox/build/opponent_predictor
[3.855s] Level 1:colcon.colcon_core.environment:create_environment_scripts_only(opponent_predictor)
[3.856s] DEBUG:colcon.colcon_core.event_handler.log_command:Invoked command in '/home/ros2/F1tenth-Final-Race-Agent-and-Toolbox/build/opponent_predictor' returned '0': CMAKE_PREFIX_PATH=${CMAKE_PREFIX_PATH}:/home/ros2/F1tenth-Final-Race-Agent-and-Toolbox/install/final_race_pkg:/opt/ros/foxy /usr/bin/cmake --install /home/ros2/F1tenth-Final-Race-Agent-and-Toolbox/build/opponent_predictor
[3.872s] Level 1:colcon.colcon_core.environment:checking '/home/ros2/F1tenth-Final-Race-Agent-and-Toolbox/install/opponent_predictor' for CMake module files
[3.873s] Level 1:colcon.colcon_core.environment:checking '/home/ros2/F1tenth-Final-Race-Agent-and-Toolbox/install/opponent_predictor' for CMake config files
[3.873s] Level 1:colcon.colcon_core.shell:create_environment_hook('opponent_predictor', 'cmake_prefix_path')
[3.889s] INFO:colcon.colcon_core.shell:Creating environment hook '/home/ros2/F1tenth-Final-Race-Agent-and-Toolbox/install/opponent_predictor/share/opponent_predictor/hook/cmake_prefix_path.ps1'
[3.889s] INFO:colcon.colcon_core.shell:Creating environment descriptor '/home/ros2/F1tenth-Final-Race-Agent-and-Toolbox/install/opponent_predictor/share/opponent_predictor/hook/cmake_prefix_path.dsv'
[3.889s] INFO:colcon.colcon_core.shell:Creating environment hook '/home/ros2/F1tenth-Final-Race-Agent-and-Toolbox/install/opponent_predictor/share/opponent_predictor/hook/cmake_prefix_path.sh'
[3.890s] Level 1:colcon.colcon_core.environment:checking '/home/ros2/F1tenth-Final-Race-Agent-and-Toolbox/install/opponent_predictor/lib'
[3.890s] Level 1:colcon.colcon_core.environment:checking '/home/ros2/F1tenth-Final-Race-Agent-and-Toolbox/install/opponent_predictor/bin'
[3.890s] Level 1:colcon.colcon_core.environment:checking '/home/ros2/F1tenth-Final-Race-Agent-and-Toolbox/install/opponent_predictor/lib/pkgconfig/opponent_predictor.pc'
[3.890s] Level 1:colcon.colcon_core.environment:checking '/home/ros2/F1tenth-Final-Race-Agent-and-Toolbox/install/opponent_predictor/lib/python3.8/site-packages'
[3.890s] Level 1:colcon.colcon_core.shell:create_environment_hook('opponent_predictor', 'pythonpath')
[3.905s] INFO:colcon.colcon_core.shell:Creating environment hook '/home/ros2/F1tenth-Final-Race-Agent-and-Toolbox/install/opponent_predictor/share/opponent_predictor/hook/pythonpath.ps1'
[3.905s] INFO:colcon.colcon_core.shell:Creating environment descriptor '/home/ros2/F1tenth-Final-Race-Agent-and-Toolbox/install/opponent_predictor/share/opponent_predictor/hook/pythonpath.dsv'
[3.906s] INFO:colcon.colcon_core.shell:Creating environment hook '/home/ros2/F1tenth-Final-Race-Agent-and-Toolbox/install/opponent_predictor/share/opponent_predictor/hook/pythonpath.sh'
[3.906s] Level 1:colcon.colcon_core.environment:checking '/home/ros2/F1tenth-Final-Race-Agent-and-Toolbox/install/opponent_predictor/bin'
[3.921s] INFO:colcon.colcon_core.shell:Creating package script '/home/ros2/F1tenth-Final-Race-Agent-and-Toolbox/install/opponent_predictor/share/opponent_predictor/package.ps1'
[3.921s] INFO:colcon.colcon_core.shell:Creating package descriptor '/home/ros2/F1tenth-Final-Race-Agent-and-Toolbox/install/opponent_predictor/share/opponent_predictor/package.dsv'
[3.921s] INFO:colcon.colcon_core.shell:Creating package script '/home/ros2/F1tenth-Final-Race-Agent-and-Toolbox/install/opponent_predictor/share/opponent_predictor/package.sh'
[3.922s] INFO:colcon.colcon_core.shell:Creating package script '/home/ros2/F1tenth-Final-Race-Agent-and-Toolbox/install/opponent_predictor/share/opponent_predictor/package.bash'
[3.922s] INFO:colcon.colcon_core.shell:Creating package script '/home/ros2/F1tenth-Final-Race-Agent-and-Toolbox/install/opponent_predictor/share/opponent_predictor/package.zsh'
[3.922s] Level 1:colcon.colcon_core.environment:create_file_with_runtime_dependencies(/home/ros2/F1tenth-Final-Race-Agent-and-Toolbox/install/opponent_predictor/share/colcon-core/packages/opponent_predictor)
[3.951s] Level 1:colcon.colcon_core.environment:create_environment_scripts_only(opponent_predictor)
[3.968s] Level 1:colcon.colcon_core.environment:checking '/home/ros2/F1tenth-Final-Race-Agent-and-Toolbox/install/opponent_predictor' for CMake module files
[3.969s] Level 1:colcon.colcon_core.environment:checking '/home/ros2/F1tenth-Final-Race-Agent-and-Toolbox/install/opponent_predictor' for CMake config files
[3.969s] Level 1:colcon.colcon_core.shell:create_environment_hook('opponent_predictor', 'cmake_prefix_path')
[3.985s] INFO:colcon.colcon_core.shell:Creating environment hook '/home/ros2/F1tenth-Final-Race-Agent-and-Toolbox/install/opponent_predictor/share/opponent_predictor/hook/cmake_prefix_path.ps1'
[3.986s] INFO:colcon.colcon_core.shell:Creating environment descriptor '/home/ros2/F1tenth-Final-Race-Agent-and-Toolbox/install/opponent_predictor/share/opponent_predictor/hook/cmake_prefix_path.dsv'
[3.986s] INFO:colcon.colcon_core.shell:Creating environment hook '/home/ros2/F1tenth-Final-Race-Agent-and-Toolbox/install/opponent_predictor/share/opponent_predictor/hook/cmake_prefix_path.sh'
[3.986s] Level 1:colcon.colcon_core.environment:checking '/home/ros2/F1tenth-Final-Race-Agent-and-Toolbox/install/opponent_predictor/lib'
[3.986s] Level 1:colcon.colcon_core.environment:checking '/home/ros2/F1tenth-Final-Race-Agent-and-Toolbox/install/opponent_predictor/bin'
[3.986s] Level 1:colcon.colcon_core.environment:checking '/home/ros2/F1tenth-Final-Race-Agent-and-Toolbox/install/opponent_predictor/lib/pkgconfig/opponent_predictor.pc'
[3.986s] Level 1:colcon.colcon_core.environment:checking '/home/ros2/F1tenth-Final-Race-Agent-and-Toolbox/install/opponent_predictor/lib/python3.8/site-packages'
[3.986s] Level 1:colcon.colcon_core.shell:create_environment_hook('opponent_predictor', 'pythonpath')
[4.002s] INFO:colcon.colcon_core.shell:Creating environment hook '/home/ros2/F1tenth-Final-Race-Agent-and-Toolbox/install/opponent_predictor/share/opponent_predictor/hook/pythonpath.ps1'
[4.003s] INFO:colcon.colcon_core.shell:Creating environment descriptor '/home/ros2/F1tenth-Final-Race-Agent-and-Toolbox/install/opponent_predictor/share/opponent_predictor/hook/pythonpath.dsv'
[4.003s] INFO:colcon.colcon_core.shell:Creating environment hook '/home/ros2/F1tenth-Final-Race-Agent-and-Toolbox/install/opponent_predictor/share/opponent_predictor/hook/pythonpath.sh'
[4.003s] Level 1:colcon.colcon_core.environment:checking '/home/ros2/F1tenth-Final-Race-Agent-and-Toolbox/install/opponent_predictor/bin'
[4.020s] INFO:colcon.colcon_core.shell:Creating package script '/home/ros2/F1tenth-Final-Race-Agent-and-Toolbox/install/opponent_predictor/share/opponent_predictor/package.ps1'
[4.020s] INFO:colcon.colcon_core.shell:Creating package descriptor '/home/ros2/F1tenth-Final-Race-Agent-and-Toolbox/install/opponent_predictor/share/opponent_predictor/package.dsv'
[4.020s] INFO:colcon.colcon_core.shell:Creating package script '/home/ros2/F1tenth-Final-Race-Agent-and-Toolbox/install/opponent_predictor/share/opponent_predictor/package.sh'
[4.020s] INFO:colcon.colcon_core.shell:Creating package script '/home/ros2/F1tenth-Final-Race-Agent-and-Toolbox/install/opponent_predictor/share/opponent_predictor/package.bash'
[4.021s] INFO:colcon.colcon_core.shell:Creating package script '/home/ros2/F1tenth-Final-Race-Agent-and-Toolbox/install/opponent_predictor/share/opponent_predictor/package.zsh'
[4.021s] Level 1:colcon.colcon_core.environment:create_file_with_runtime_dependencies(/home/ros2/F1tenth-Final-Race-Agent-and-Toolbox/install/opponent_predictor/share/colcon-core/packages/opponent_predictor)
[4.021s] DEBUG:colcon.colcon_parallel_executor.executor.parallel:closing loop
[4.021s] DEBUG:colcon.colcon_parallel_executor.executor.parallel:loop closed
[4.021s] DEBUG:colcon.colcon_parallel_executor.executor.parallel:run_until_complete finished with '0'
[4.021s] DEBUG:colcon.colcon_core.event_reactor:joining thread
[4.044s] INFO:colcon.colcon_core.plugin_system:Skipping extension 'colcon_notification.desktop_notification.terminal_notifier': Not used on non-Darwin systems
[4.044s] INFO:colcon.colcon_core.plugin_system:Skipping extension 'colcon_notification.desktop_notification.win32': Not used on non-Windows systems
[4.044s] INFO:colcon.colcon_notification.desktop_notification:Sending desktop notification using 'notify2'
[4.058s] DEBUG:colcon.colcon_core.event_reactor:joined thread
[4.076s] INFO:colcon.colcon_core.shell:Creating prefix script '/home/ros2/F1tenth-Final-Race-Agent-and-Toolbox/install/local_setup.ps1'
[4.077s] INFO:colcon.colcon_core.shell:Creating prefix util module '/home/ros2/F1tenth-Final-Race-Agent-and-Toolbox/install/_local_setup_util_ps1.py'
[4.078s] INFO:colcon.colcon_core.shell:Creating prefix chain script '/home/ros2/F1tenth-Final-Race-Agent-and-Toolbox/install/setup.ps1'
[4.095s] INFO:colcon.colcon_core.shell:Creating prefix script '/home/ros2/F1tenth-Final-Race-Agent-and-Toolbox/install/local_setup.sh'
[4.096s] INFO:colcon.colcon_core.shell:Creating prefix util module '/home/ros2/F1tenth-Final-Race-Agent-and-Toolbox/install/_local_setup_util_sh.py'
[4.096s] INFO:colcon.colcon_core.shell:Creating prefix chain script '/home/ros2/F1tenth-Final-Race-Agent-and-Toolbox/install/setup.sh'
[4.114s] INFO:colcon.colcon_core.shell:Creating prefix script '/home/ros2/F1tenth-Final-Race-Agent-and-Toolbox/install/local_setup.bash'
[4.115s] INFO:colcon.colcon_core.shell:Creating prefix chain script '/home/ros2/F1tenth-Final-Race-Agent-and-Toolbox/install/setup.bash'
[4.131s] INFO:colcon.colcon_core.shell:Creating prefix script '/home/ros2/F1tenth-Final-Race-Agent-and-Toolbox/install/local_setup.zsh'
[4.132s] INFO:colcon.colcon_core.shell:Creating prefix chain script '/home/ros2/F1tenth-Final-Race-Agent-and-Toolbox/install/setup.zsh'
