[1.225s] Invoking command in '/home/ros2/F1tenth-Final-Race-Agent-and-Toolbox/src/final_race_pkg': PYTHONPATH=/home/ros2/F1tenth-Final-Race-Agent-and-Toolbox/build/final_race_pkg/prefix_override:/home/ros2/F1tenth-Final-Race-Agent-and-Toolbox/install/final_race_pkg/lib/python3.8/site-packages:${PYTHONPATH} /usr/bin/python3 setup.py egg_info --egg-base ../../build/final_race_pkg build --build-base /home/ros2/F1tenth-Final-Race-Agent-and-Toolbox/build/final_race_pkg/build install --record /home/ros2/F1tenth-Final-Race-Agent-and-Toolbox/build/final_race_pkg/install.log --install-scripts $base/lib/final_race_pkg --single-version-externally-managed
[1.448s] running egg_info
[1.448s] writing ../../build/final_race_pkg/final_race_pkg.egg-info/PKG-INFO
[1.453s] writing dependency_links to ../../build/final_race_pkg/final_race_pkg.egg-info/dependency_links.txt
[1.453s] writing entry points to ../../build/final_race_pkg/final_race_pkg.egg-info/entry_points.txt
[1.453s] writing requirements to ../../build/final_race_pkg/final_race_pkg.egg-info/requires.txt
[1.453s] writing top-level names to ../../build/final_race_pkg/final_race_pkg.egg-info/top_level.txt
[1.491s] reading manifest file '../../build/final_race_pkg/final_race_pkg.egg-info/SOURCES.txt'
[1.493s] writing manifest file '../../build/final_race_pkg/final_race_pkg.egg-info/SOURCES.txt'
[1.493s] running build
[1.493s] running build_py
[1.494s] running install
[1.496s] running install_lib
[1.498s] running install_data
[1.500s] running install_egg_info
[1.501s] removing '/home/ros2/F1tenth-Final-Race-Agent-and-Toolbox/install/final_race_pkg/lib/python3.8/site-packages/final_race_pkg-0.0.0-py3.8.egg-info' (and everything under it)
[1.501s] Copying ../../build/final_race_pkg/final_race_pkg.egg-info to /home/ros2/F1tenth-Final-Race-Agent-and-Toolbox/install/final_race_pkg/lib/python3.8/site-packages/final_race_pkg-0.0.0-py3.8.egg-info
[1.502s] running install_scripts
[1.522s] Installing main_agent script to /home/ros2/F1tenth-Final-Race-Agent-and-Toolbox/install/final_race_pkg/lib/final_race_pkg
[1.522s] Installing opp_agent script to /home/ros2/F1tenth-Final-Race-Agent-and-Toolbox/install/final_race_pkg/lib/final_race_pkg
[1.522s] Installing pure_pursuit_node script to /home/ros2/F1tenth-Final-Race-Agent-and-Toolbox/install/final_race_pkg/lib/final_race_pkg
[1.522s] Installing traj_killer script to /home/ros2/F1tenth-Final-Race-Agent-and-Toolbox/install/final_race_pkg/lib/final_race_pkg
[1.523s] writing list of installed files to '/home/ros2/F1tenth-Final-Race-Agent-and-Toolbox/build/final_race_pkg/install.log'
[1.550s] Invoked command in '/home/ros2/F1tenth-Final-Race-Agent-and-Toolbox/src/final_race_pkg' returned '0': PYTHONPATH=/home/ros2/F1tenth-Final-Race-Agent-and-Toolbox/build/final_race_pkg/prefix_override:/home/ros2/F1tenth-Final-Race-Agent-and-Toolbox/install/final_race_pkg/lib/python3.8/site-packages:${PYTHONPATH} /usr/bin/python3 setup.py egg_info --egg-base ../../build/final_race_pkg build --build-base /home/ros2/F1tenth-Final-Race-Agent-and-Toolbox/build/final_race_pkg/build install --record /home/ros2/F1tenth-Final-Race-Agent-and-Toolbox/build/final_race_pkg/install.log --install-scripts $base/lib/final_race_pkg --single-version-externally-managed
