[0.090s] Invoking command in '/home/ros2/F1tenth-Final-Race-Agent-and-Toolbox/build/opponent_predictor': CMAKE_PREFIX_PATH=${CMAKE_PREFIX_PATH}:/home/ros2/F1tenth-Final-Race-Agent-and-Toolbox/install/final_race_pkg:/opt/ros/foxy /usr/bin/cmake --build /home/ros2/F1tenth-Final-Race-Agent-and-Toolbox/build/opponent_predictor -- -j2 -l2
[0.163s] [100%] Built target opponent_predictor_node
[0.173s] Invoked command in '/home/ros2/F1tenth-Final-Race-Agent-and-Toolbox/build/opponent_predictor' returned '0': CMAKE_PREFIX_PATH=${CMAKE_PREFIX_PATH}:/home/ros2/F1tenth-Final-Race-Agent-and-Toolbox/install/final_race_pkg:/opt/ros/foxy /usr/bin/cmake --build /home/ros2/F1tenth-Final-Race-Agent-and-Toolbox/build/opponent_predictor -- -j2 -l2
[0.192s] Invoking command in '/home/ros2/F1tenth-Final-Race-Agent-and-Toolbox/build/opponent_predictor': CMAKE_PREFIX_PATH=${CMAKE_PREFIX_PATH}:/home/ros2/F1tenth-Final-Race-Agent-and-Toolbox/install/final_race_pkg:/opt/ros/foxy /usr/bin/cmake --install /home/ros2/F1tenth-Final-Race-Agent-and-Toolbox/build/opponent_predictor
[0.199s] -- Install configuration: ""
[0.200s] -- Execute custom install script
[0.204s] -- Up-to-date symlink: /home/ros2/F1tenth-Final-Race-Agent-and-Toolbox/install/opponent_predictor/lib/opponent_predictor/opponent_predictor_node
[0.205s] -- Up-to-date symlink: /home/ros2/F1tenth-Final-Race-Agent-and-Toolbox/install/opponent_predictor/share/opponent_predictor/environment/pythonpath.sh
[0.206s] -- Up-to-date symlink: /home/ros2/F1tenth-Final-Race-Agent-and-Toolbox/install/opponent_predictor/share/opponent_predictor/environment/pythonpath.dsv
[0.206s] -- Up-to-date symlink: /home/ros2/F1tenth-Final-Race-Agent-and-Toolbox/install/opponent_predictor/lib/python3.8/site-packages/opponent_predictor/__init__.py
[0.206s] -- Up-to-date symlink: /home/ros2/F1tenth-Final-Race-Agent-and-Toolbox/install/opponent_predictor/lib/opponent_predictor/opponent_predictor_node.py
[0.206s] -- Up-to-date symlink: /home/ros2/F1tenth-Final-Race-Agent-and-Toolbox/install/opponent_predictor/share/opponent_predictor/launch/opponent_predictor_launch.py
[0.207s] -- Up-to-date symlink: /home/ros2/F1tenth-Final-Race-Agent-and-Toolbox/install/opponent_predictor/share/ament_index/resource_index/package_run_dependencies/opponent_predictor
[0.207s] -- Up-to-date symlink: /home/ros2/F1tenth-Final-Race-Agent-and-Toolbox/install/opponent_predictor/share/ament_index/resource_index/parent_prefix_path/opponent_predictor
[0.207s] -- Up-to-date symlink: /home/ros2/F1tenth-Final-Race-Agent-and-Toolbox/install/opponent_predictor/share/opponent_predictor/environment/ament_prefix_path.sh
[0.207s] -- Up-to-date symlink: /home/ros2/F1tenth-Final-Race-Agent-and-Toolbox/install/opponent_predictor/share/opponent_predictor/environment/ament_prefix_path.dsv
[0.207s] -- Up-to-date symlink: /home/ros2/F1tenth-Final-Race-Agent-and-Toolbox/install/opponent_predictor/share/opponent_predictor/environment/path.sh
[0.207s] -- Up-to-date symlink: /home/ros2/F1tenth-Final-Race-Agent-and-Toolbox/install/opponent_predictor/share/opponent_predictor/environment/path.dsv
[0.208s] -- Up-to-date symlink: /home/ros2/F1tenth-Final-Race-Agent-and-Toolbox/install/opponent_predictor/share/opponent_predictor/local_setup.bash
[0.208s] -- Up-to-date symlink: /home/ros2/F1tenth-Final-Race-Agent-and-Toolbox/install/opponent_predictor/share/opponent_predictor/local_setup.sh
[0.208s] -- Up-to-date symlink: /home/ros2/F1tenth-Final-Race-Agent-and-Toolbox/install/opponent_predictor/share/opponent_predictor/local_setup.zsh
[0.208s] -- Up-to-date symlink: /home/ros2/F1tenth-Final-Race-Agent-and-Toolbox/install/opponent_predictor/share/opponent_predictor/local_setup.dsv
[0.208s] -- Symlinking: /home/ros2/F1tenth-Final-Race-Agent-and-Toolbox/install/opponent_predictor/share/opponent_predictor/package.dsv
[0.215s] -- Up-to-date symlink: /home/ros2/F1tenth-Final-Race-Agent-and-Toolbox/install/opponent_predictor/share/ament_index/resource_index/packages/opponent_predictor
[0.215s] -- Up-to-date symlink: /home/ros2/F1tenth-Final-Race-Agent-and-Toolbox/install/opponent_predictor/share/opponent_predictor/cmake/opponent_predictorConfig.cmake
[0.215s] -- Up-to-date symlink: /home/ros2/F1tenth-Final-Race-Agent-and-Toolbox/install/opponent_predictor/share/opponent_predictor/cmake/opponent_predictorConfig-version.cmake
[0.215s] -- Up-to-date symlink: /home/ros2/F1tenth-Final-Race-Agent-and-Toolbox/install/opponent_predictor/share/opponent_predictor/package.xml
[0.241s] Listing '/home/ros2/F1tenth-Final-Race-Agent-and-Toolbox/install/opponent_predictor/lib/python3.8/site-packages/opponent_predictor'...
[0.246s] Invoked command in '/home/ros2/F1tenth-Final-Race-Agent-and-Toolbox/build/opponent_predictor' returned '0': CMAKE_PREFIX_PATH=${CMAKE_PREFIX_PATH}:/home/ros2/F1tenth-Final-Race-Agent-and-Toolbox/install/final_race_pkg:/opt/ros/foxy /usr/bin/cmake --install /home/ros2/F1tenth-Final-Race-Agent-and-Toolbox/build/opponent_predictor
