[0.101s] Invoking command in '/home/ros2/F1tenth-Final-Race-Agent-and-Toolbox/build/opponent_predictor': CMAKE_PREFIX_PATH=/opt/ros/foxy /usr/bin/cmake --build /home/ros2/F1tenth-Final-Race-Agent-and-Toolbox/build/opponent_predictor -- -j2 -l2
[0.314s] [100%] Built target opponent_predictor_node
[0.337s] Invoked command in '/home/ros2/F1tenth-Final-Race-Agent-and-Toolbox/build/opponent_predictor' returned '0': CMAKE_PREFIX_PATH=/opt/ros/foxy /usr/bin/cmake --build /home/ros2/F1tenth-Final-Race-Agent-and-Toolbox/build/opponent_predictor -- -j2 -l2
[0.392s] Invoking command in '/home/ros2/F1tenth-Final-Race-Agent-and-Toolbox/build/opponent_predictor': CMAKE_PREFIX_PATH=/opt/ros/foxy /usr/bin/cmake --install /home/ros2/F1tenth-Final-Race-Agent-and-Toolbox/build/opponent_predictor
[0.419s] -- Install configuration: ""
[0.419s] -- Up-to-date: /home/ros2/F1tenth-Final-Race-Agent-and-Toolbox/install/opponent_predictor/lib/opponent_predictor/opponent_predictor_node
[0.419s] -- Up-to-date: /home/ros2/F1tenth-Final-Race-Agent-and-Toolbox/install/opponent_predictor/share/opponent_predictor/environment/pythonpath.sh
[0.420s] -- Up-to-date: /home/ros2/F1tenth-Final-Race-Agent-and-Toolbox/install/opponent_predictor/share/opponent_predictor/environment/pythonpath.dsv
[0.420s] -- Up-to-date: /home/ros2/F1tenth-Final-Race-Agent-and-Toolbox/install/opponent_predictor/lib/python3.8/site-packages/opponent_predictor
[0.421s] -- Up-to-date: /home/ros2/F1tenth-Final-Race-Agent-and-Toolbox/install/opponent_predictor/lib/python3.8/site-packages/opponent_predictor/__init__.py
[0.452s] Listing '/home/ros2/F1tenth-Final-Race-Agent-and-Toolbox/install/opponent_predictor/lib/python3.8/site-packages/opponent_predictor'...
[0.454s] -- Up-to-date: /home/ros2/F1tenth-Final-Race-Agent-and-Toolbox/install/opponent_predictor/lib/opponent_predictor/opponent_predictor_node.py
[0.455s] -- Up-to-date: /home/ros2/F1tenth-Final-Race-Agent-and-Toolbox/install/opponent_predictor/share/opponent_predictor/launch
[0.455s] -- Up-to-date: /home/ros2/F1tenth-Final-Race-Agent-and-Toolbox/install/opponent_predictor/share/opponent_predictor/launch/opponent_predictor_launch.py
[0.455s] -- Up-to-date: /home/ros2/F1tenth-Final-Race-Agent-and-Toolbox/install/opponent_predictor/share/ament_index/resource_index/package_run_dependencies/opponent_predictor
[0.455s] -- Up-to-date: /home/ros2/F1tenth-Final-Race-Agent-and-Toolbox/install/opponent_predictor/share/ament_index/resource_index/parent_prefix_path/opponent_predictor
[0.455s] -- Up-to-date: /home/ros2/F1tenth-Final-Race-Agent-and-Toolbox/install/opponent_predictor/share/opponent_predictor/environment/ament_prefix_path.sh
[0.455s] -- Up-to-date: /home/ros2/F1tenth-Final-Race-Agent-and-Toolbox/install/opponent_predictor/share/opponent_predictor/environment/ament_prefix_path.dsv
[0.455s] -- Up-to-date: /home/ros2/F1tenth-Final-Race-Agent-and-Toolbox/install/opponent_predictor/share/opponent_predictor/environment/path.sh
[0.455s] -- Up-to-date: /home/ros2/F1tenth-Final-Race-Agent-and-Toolbox/install/opponent_predictor/share/opponent_predictor/environment/path.dsv
[0.455s] -- Up-to-date: /home/ros2/F1tenth-Final-Race-Agent-and-Toolbox/install/opponent_predictor/share/opponent_predictor/local_setup.bash
[0.455s] -- Up-to-date: /home/ros2/F1tenth-Final-Race-Agent-and-Toolbox/install/opponent_predictor/share/opponent_predictor/local_setup.sh
[0.455s] -- Up-to-date: /home/ros2/F1tenth-Final-Race-Agent-and-Toolbox/install/opponent_predictor/share/opponent_predictor/local_setup.zsh
[0.455s] -- Up-to-date: /home/ros2/F1tenth-Final-Race-Agent-and-Toolbox/install/opponent_predictor/share/opponent_predictor/local_setup.dsv
[0.455s] -- Installing: /home/ros2/F1tenth-Final-Race-Agent-and-Toolbox/install/opponent_predictor/share/opponent_predictor/package.dsv
[0.455s] -- Up-to-date: /home/ros2/F1tenth-Final-Race-Agent-and-Toolbox/install/opponent_predictor/share/ament_index/resource_index/packages/opponent_predictor
[0.455s] -- Up-to-date: /home/ros2/F1tenth-Final-Race-Agent-and-Toolbox/install/opponent_predictor/share/opponent_predictor/cmake/opponent_predictorConfig.cmake
[0.455s] -- Up-to-date: /home/ros2/F1tenth-Final-Race-Agent-and-Toolbox/install/opponent_predictor/share/opponent_predictor/cmake/opponent_predictorConfig-version.cmake
[0.455s] -- Up-to-date: /home/ros2/F1tenth-Final-Race-Agent-and-Toolbox/install/opponent_predictor/share/opponent_predictor/package.xml
[0.459s] Invoked command in '/home/ros2/F1tenth-Final-Race-Agent-and-Toolbox/build/opponent_predictor' returned '0': CMAKE_PREFIX_PATH=/opt/ros/foxy /usr/bin/cmake --install /home/ros2/F1tenth-Final-Race-Agent-and-Toolbox/build/opponent_predictor
