[0.067s] Invoking command in '/home/ros2/F1tenth-Final-Race-Agent-and-Toolbox/build/opponent_predictor': CMAKE_PREFIX_PATH=/opt/ros/foxy /usr/bin/cmake --build /home/ros2/F1tenth-Final-Race-Agent-and-Toolbox/build/opponent_predictor -- -j2 -l2
[0.146s] [100%] Built target opponent_predictor_node
[0.152s] Invoked command in '/home/ros2/F1tenth-Final-Race-Agent-and-Toolbox/build/opponent_predictor' returned '0': CMAKE_PREFIX_PATH=/opt/ros/foxy /usr/bin/cmake --build /home/ros2/F1tenth-Final-Race-Agent-and-Toolbox/build/opponent_predictor -- -j2 -l2
[0.164s] Invoking command in '/home/ros2/F1tenth-Final-Race-Agent-and-Toolbox/build/opponent_predictor': CMAKE_PREFIX_PATH=/opt/ros/foxy /usr/bin/cmake --install /home/ros2/F1tenth-Final-Race-Agent-and-Toolbox/build/opponent_predictor
[0.171s] -- Install configuration: ""
[0.172s] -- Up-to-date: /home/ros2/F1tenth-Final-Race-Agent-and-Toolbox/install/opponent_predictor/lib/opponent_predictor/opponent_predictor_node
[0.172s] -- Up-to-date: /home/ros2/F1tenth-Final-Race-Agent-and-Toolbox/install/opponent_predictor/share/opponent_predictor/environment/pythonpath.sh
[0.172s] -- Up-to-date: /home/ros2/F1tenth-Final-Race-Agent-and-Toolbox/install/opponent_predictor/share/opponent_predictor/environment/pythonpath.dsv
[0.172s] -- Up-to-date: /home/ros2/F1tenth-Final-Race-Agent-and-Toolbox/install/opponent_predictor/lib/python3.8/site-packages/opponent_predictor
[0.172s] -- Up-to-date: /home/ros2/F1tenth-Final-Race-Agent-and-Toolbox/install/opponent_predictor/lib/python3.8/site-packages/opponent_predictor/__init__.py
[0.189s] Listing '/home/ros2/F1tenth-Final-Race-Agent-and-Toolbox/install/opponent_predictor/lib/python3.8/site-packages/opponent_predictor'...
[0.192s] -- Up-to-date: /home/ros2/F1tenth-Final-Race-Agent-and-Toolbox/install/opponent_predictor/lib/opponent_predictor/opponent_predictor_node.py
[0.192s] -- Up-to-date: /home/ros2/F1tenth-Final-Race-Agent-and-Toolbox/install/opponent_predictor/share/opponent_predictor/launch
[0.192s] -- Up-to-date: /home/ros2/F1tenth-Final-Race-Agent-and-Toolbox/install/opponent_predictor/share/opponent_predictor/launch/opponent_predictor_launch.py
[0.192s] -- Up-to-date: /home/ros2/F1tenth-Final-Race-Agent-and-Toolbox/install/opponent_predictor/share/ament_index/resource_index/package_run_dependencies/opponent_predictor
[0.192s] -- Up-to-date: /home/ros2/F1tenth-Final-Race-Agent-and-Toolbox/install/opponent_predictor/share/ament_index/resource_index/parent_prefix_path/opponent_predictor
[0.193s] -- Up-to-date: /home/ros2/F1tenth-Final-Race-Agent-and-Toolbox/install/opponent_predictor/share/opponent_predictor/environment/ament_prefix_path.sh
[0.193s] -- Up-to-date: /home/ros2/F1tenth-Final-Race-Agent-and-Toolbox/install/opponent_predictor/share/opponent_predictor/environment/ament_prefix_path.dsv
[0.193s] -- Up-to-date: /home/ros2/F1tenth-Final-Race-Agent-and-Toolbox/install/opponent_predictor/share/opponent_predictor/environment/path.sh
[0.193s] -- Up-to-date: /home/ros2/F1tenth-Final-Race-Agent-and-Toolbox/install/opponent_predictor/share/opponent_predictor/environment/path.dsv
[0.193s] -- Up-to-date: /home/ros2/F1tenth-Final-Race-Agent-and-Toolbox/install/opponent_predictor/share/opponent_predictor/local_setup.bash
[0.193s] -- Up-to-date: /home/ros2/F1tenth-Final-Race-Agent-and-Toolbox/install/opponent_predictor/share/opponent_predictor/local_setup.sh
[0.193s] -- Up-to-date: /home/ros2/F1tenth-Final-Race-Agent-and-Toolbox/install/opponent_predictor/share/opponent_predictor/local_setup.zsh
[0.193s] -- Up-to-date: /home/ros2/F1tenth-Final-Race-Agent-and-Toolbox/install/opponent_predictor/share/opponent_predictor/local_setup.dsv
[0.193s] -- Installing: /home/ros2/F1tenth-Final-Race-Agent-and-Toolbox/install/opponent_predictor/share/opponent_predictor/package.dsv
[0.193s] -- Up-to-date: /home/ros2/F1tenth-Final-Race-Agent-and-Toolbox/install/opponent_predictor/share/ament_index/resource_index/packages/opponent_predictor
[0.193s] -- Up-to-date: /home/ros2/F1tenth-Final-Race-Agent-and-Toolbox/install/opponent_predictor/share/opponent_predictor/cmake/opponent_predictorConfig.cmake
[0.194s] -- Up-to-date: /home/ros2/F1tenth-Final-Race-Agent-and-Toolbox/install/opponent_predictor/share/opponent_predictor/cmake/opponent_predictorConfig-version.cmake
[0.194s] -- Up-to-date: /home/ros2/F1tenth-Final-Race-Agent-and-Toolbox/install/opponent_predictor/share/opponent_predictor/package.xml
[0.201s] Invoked command in '/home/ros2/F1tenth-Final-Race-Agent-and-Toolbox/build/opponent_predictor' returned '0': CMAKE_PREFIX_PATH=/opt/ros/foxy /usr/bin/cmake --install /home/ros2/F1tenth-Final-Race-Agent-and-Toolbox/build/opponent_predictor
