[0.126s] Invoking command in '/home/ros2/F1tenth-Final-Race-Agent-and-Toolbox/build/dummy_car': CMAKE_PREFIX_PATH=/opt/ros/foxy /usr/bin/cmake --build /home/ros2/F1tenth-Final-Race-Agent-and-Toolbox/build/dummy_car -- -j2 -l2
[0.308s] Invoked command in '/home/ros2/F1tenth-Final-Race-Agent-and-Toolbox/build/dummy_car' returned '0': CMAKE_PREFIX_PATH=/opt/ros/foxy /usr/bin/cmake --build /home/ros2/F1tenth-Final-Race-Agent-and-Toolbox/build/dummy_car -- -j2 -l2
[0.332s] Invoking command in '/home/ros2/F1tenth-Final-Race-Agent-and-Toolbox/build/dummy_car': CMAKE_PREFIX_PATH=/opt/ros/foxy /usr/bin/cmake --install /home/ros2/F1tenth-Final-Race-Agent-and-Toolbox/build/dummy_car
[0.338s] -- Install configuration: ""
[0.338s] -- Up-to-date: /home/ros2/F1tenth-Final-Race-Agent-and-Toolbox/install/dummy_car/share/dummy_car/environment/pythonpath.sh
[0.338s] -- Up-to-date: /home/ros2/F1tenth-Final-Race-Agent-and-Toolbox/install/dummy_car/share/dummy_car/environment/pythonpath.dsv
[0.339s] -- Up-to-date: /home/ros2/F1tenth-Final-Race-Agent-and-Toolbox/install/dummy_car/lib/python3.8/site-packages/dummy_car
[0.339s] -- Up-to-date: /home/ros2/F1tenth-Final-Race-Agent-and-Toolbox/install/dummy_car/lib/python3.8/site-packages/dummy_car/__init__.py
[0.364s] Listing '/home/ros2/F1tenth-Final-Race-Agent-and-Toolbox/install/dummy_car/lib/python3.8/site-packages/dummy_car'...
[0.367s] -- Up-to-date: /home/ros2/F1tenth-Final-Race-Agent-and-Toolbox/install/dummy_car/lib/dummy_car/dummy_car_node.py
[0.368s] -- Up-to-date: /home/ros2/F1tenth-Final-Race-Agent-and-Toolbox/install/dummy_car/share/dummy_car/launch
[0.368s] -- Up-to-date: /home/ros2/F1tenth-Final-Race-Agent-and-Toolbox/install/dummy_car/share/dummy_car/launch/dummy_car_launch.py
[0.368s] -- Up-to-date: /home/ros2/F1tenth-Final-Race-Agent-and-Toolbox/install/dummy_car/share/ament_index/resource_index/package_run_dependencies/dummy_car
[0.368s] -- Up-to-date: /home/ros2/F1tenth-Final-Race-Agent-and-Toolbox/install/dummy_car/share/ament_index/resource_index/parent_prefix_path/dummy_car
[0.368s] -- Up-to-date: /home/ros2/F1tenth-Final-Race-Agent-and-Toolbox/install/dummy_car/share/dummy_car/environment/ament_prefix_path.sh
[0.368s] -- Up-to-date: /home/ros2/F1tenth-Final-Race-Agent-and-Toolbox/install/dummy_car/share/dummy_car/environment/ament_prefix_path.dsv
[0.368s] -- Up-to-date: /home/ros2/F1tenth-Final-Race-Agent-and-Toolbox/install/dummy_car/share/dummy_car/environment/path.sh
[0.369s] -- Up-to-date: /home/ros2/F1tenth-Final-Race-Agent-and-Toolbox/install/dummy_car/share/dummy_car/environment/path.dsv
[0.369s] -- Up-to-date: /home/ros2/F1tenth-Final-Race-Agent-and-Toolbox/install/dummy_car/share/dummy_car/local_setup.bash
[0.369s] -- Up-to-date: /home/ros2/F1tenth-Final-Race-Agent-and-Toolbox/install/dummy_car/share/dummy_car/local_setup.sh
[0.369s] -- Up-to-date: /home/ros2/F1tenth-Final-Race-Agent-and-Toolbox/install/dummy_car/share/dummy_car/local_setup.zsh
[0.369s] -- Up-to-date: /home/ros2/F1tenth-Final-Race-Agent-and-Toolbox/install/dummy_car/share/dummy_car/local_setup.dsv
[0.369s] -- Installing: /home/ros2/F1tenth-Final-Race-Agent-and-Toolbox/install/dummy_car/share/dummy_car/package.dsv
[0.369s] -- Up-to-date: /home/ros2/F1tenth-Final-Race-Agent-and-Toolbox/install/dummy_car/share/ament_index/resource_index/packages/dummy_car
[0.370s] -- Up-to-date: /home/ros2/F1tenth-Final-Race-Agent-and-Toolbox/install/dummy_car/share/dummy_car/cmake/dummy_carConfig.cmake
[0.370s] -- Up-to-date: /home/ros2/F1tenth-Final-Race-Agent-and-Toolbox/install/dummy_car/share/dummy_car/cmake/dummy_carConfig-version.cmake
[0.370s] -- Up-to-date: /home/ros2/F1tenth-Final-Race-Agent-and-Toolbox/install/dummy_car/share/dummy_car/package.xml
[0.380s] Invoked command in '/home/ros2/F1tenth-Final-Race-Agent-and-Toolbox/build/dummy_car' returned '0': CMAKE_PREFIX_PATH=/opt/ros/foxy /usr/bin/cmake --install /home/ros2/F1tenth-Final-Race-Agent-and-Toolbox/build/dummy_car
