[1.633s] DEBUG:colcon:Command line arguments: ['/usr/bin/colcon', 'build']
[1.633s] DEBUG:colcon:Parsed command line arguments: Namespace(allow_overriding=[], ament_cmake_args=None, base_paths=['.'], build_base='build', catkin_cmake_args=None, catkin_skip_building_tests=False, cmake_args=None, cmake_clean_cache=False, cmake_clean_first=False, cmake_force_configure=False, cmake_target=None, cmake_target_skip_unavailable=False, continue_on_error=False, event_handlers=None, executor='parallel', ignore_user_meta=False, install_base='install', log_base=None, log_level=None, main=<bound method BuildVerb.main of <colcon_core.verb.build.BuildVerb object at 0xffffacebb1f0>>, merge_install=False, metas=['./colcon.meta'], packages_above=None, packages_above_and_dependencies=None, packages_above_depth=None, packages_end=None, packages_ignore=None, packages_ignore_regex=None, packages_select=None, packages_select_build_failed=False, packages_select_by_dep=None, packages_select_regex=None, packages_select_test_failures=False, packages_skip=None, packages_skip_build_finished=False, packages_skip_by_dep=None, packages_skip_regex=None, packages_skip_test_passed=False, packages_skip_up_to=None, packages_start=None, packages_up_to=None, packages_up_to_regex=None, parallel_workers=2, paths=None, symlink_install=False, test_result_base=None, verb_extension=<colcon_core.verb.build.BuildVerb object at 0xffffacebb1f0>, verb_name='build', verb_parser=<colcon_defaults.argument_parser.defaults.DefaultArgumentsDecorator object at 0xfffface1ea30>)
[1.729s] Level 1:colcon.colcon_core.package_discovery:discover_packages(colcon_meta) check parameters
[1.729s] Level 1:colcon.colcon_core.package_discovery:discover_packages(recursive) check parameters
[1.729s] Level 1:colcon.colcon_core.package_discovery:discover_packages(ignore) check parameters
[1.730s] Level 1:colcon.colcon_core.package_discovery:discover_packages(path) check parameters
[1.730s] Level 1:colcon.colcon_core.package_discovery:discover_packages(colcon_meta) discover
[1.730s] Level 1:colcon.colcon_core.package_discovery:discover_packages(recursive) discover
[1.730s] INFO:colcon.colcon_core.package_discovery:Crawling recursively for packages in '/home/ros2/F1tenth-Final-Race-Agent-and-Toolbox'
[1.730s] Level 1:colcon.colcon_core.package_identification:_identify(.) by extensions ['ignore', 'ignore_ament_install']
[1.730s] Level 1:colcon.colcon_core.package_identification:_identify(.) by extension 'ignore'
[1.730s] Level 1:colcon.colcon_core.package_identification:_identify(.) by extension 'ignore_ament_install'
[1.730s] Level 1:colcon.colcon_core.package_identification:_identify(.) by extensions ['colcon_pkg']
[1.730s] Level 1:colcon.colcon_core.package_identification:_identify(.) by extension 'colcon_pkg'
[1.730s] Level 1:colcon.colcon_core.package_identification:_identify(.) by extensions ['colcon_meta']
[1.730s] Level 1:colcon.colcon_core.package_identification:_identify(.) by extension 'colcon_meta'
[1.730s] Level 1:colcon.colcon_core.package_identification:_identify(.) by extensions ['ros']
[1.730s] Level 1:colcon.colcon_core.package_identification:_identify(.) by extension 'ros'
[1.744s] Level 1:colcon.colcon_core.package_identification:_identify(.) by extensions ['cmake', 'python']
[1.744s] Level 1:colcon.colcon_core.package_identification:_identify(.) by extension 'cmake'
[1.744s] Level 1:colcon.colcon_core.package_identification:_identify(.) by extension 'python'
[1.745s] Level 1:colcon.colcon_core.package_identification:_identify(.) by extensions ['python_setup_py']
[1.745s] Level 1:colcon.colcon_core.package_identification:_identify(.) by extension 'python_setup_py'
[1.745s] Level 1:colcon.colcon_core.package_identification:_identify(build) by extensions ['ignore', 'ignore_ament_install']
[1.745s] Level 1:colcon.colcon_core.package_identification:_identify(build) by extension 'ignore'
[1.745s] Level 1:colcon.colcon_core.package_identification:_identify(build) ignored
[1.745s] Level 1:colcon.colcon_core.package_identification:_identify(install) by extensions ['ignore', 'ignore_ament_install']
[1.746s] Level 1:colcon.colcon_core.package_identification:_identify(install) by extension 'ignore'
[1.746s] Level 1:colcon.colcon_core.package_identification:_identify(install) ignored
[1.746s] Level 1:colcon.colcon_core.package_identification:_identify(log) by extensions ['ignore', 'ignore_ament_install']
[1.746s] Level 1:colcon.colcon_core.package_identification:_identify(log) by extension 'ignore'
[1.746s] Level 1:colcon.colcon_core.package_identification:_identify(log) ignored
[1.746s] Level 1:colcon.colcon_core.package_identification:_identify(src) by extensions ['ignore', 'ignore_ament_install']
[1.746s] Level 1:colcon.colcon_core.package_identification:_identify(src) by extension 'ignore'
[1.746s] Level 1:colcon.colcon_core.package_identification:_identify(src) by extension 'ignore_ament_install'
[1.746s] Level 1:colcon.colcon_core.package_identification:_identify(src) by extensions ['colcon_pkg']
[1.746s] Level 1:colcon.colcon_core.package_identification:_identify(src) by extension 'colcon_pkg'
[1.746s] Level 1:colcon.colcon_core.package_identification:_identify(src) by extensions ['colcon_meta']
[1.746s] Level 1:colcon.colcon_core.package_identification:_identify(src) by extension 'colcon_meta'
[1.746s] Level 1:colcon.colcon_core.package_identification:_identify(src) by extensions ['ros']
[1.746s] Level 1:colcon.colcon_core.package_identification:_identify(src) by extension 'ros'
[1.746s] Level 1:colcon.colcon_core.package_identification:_identify(src) by extensions ['cmake', 'python']
[1.746s] Level 1:colcon.colcon_core.package_identification:_identify(src) by extension 'cmake'
[1.746s] Level 1:colcon.colcon_core.package_identification:_identify(src) by extension 'python'
[1.746s] Level 1:colcon.colcon_core.package_identification:_identify(src) by extensions ['python_setup_py']
[1.746s] Level 1:colcon.colcon_core.package_identification:_identify(src) by extension 'python_setup_py'
[1.746s] Level 1:colcon.colcon_core.package_identification:_identify(src/dummy_car) by extensions ['ignore', 'ignore_ament_install']
[1.746s] Level 1:colcon.colcon_core.package_identification:_identify(src/dummy_car) by extension 'ignore'
[1.746s] Level 1:colcon.colcon_core.package_identification:_identify(src/dummy_car) by extension 'ignore_ament_install'
[1.746s] Level 1:colcon.colcon_core.package_identification:_identify(src/dummy_car) by extensions ['colcon_pkg']
[1.746s] Level 1:colcon.colcon_core.package_identification:_identify(src/dummy_car) by extension 'colcon_pkg'
[1.746s] Level 1:colcon.colcon_core.package_identification:_identify(src/dummy_car) by extensions ['colcon_meta']
[1.746s] Level 1:colcon.colcon_core.package_identification:_identify(src/dummy_car) by extension 'colcon_meta'
[1.746s] Level 1:colcon.colcon_core.package_identification:_identify(src/dummy_car) by extensions ['ros']
[1.746s] Level 1:colcon.colcon_core.package_identification:_identify(src/dummy_car) by extension 'ros'
[1.748s] DEBUG:colcon.colcon_core.package_identification:Package 'src/dummy_car' with type 'ros.ament_cmake' and name 'dummy_car'
[1.748s] Level 1:colcon.colcon_core.package_identification:_identify(src/final_race_pkg) by extensions ['ignore', 'ignore_ament_install']
[1.748s] Level 1:colcon.colcon_core.package_identification:_identify(src/final_race_pkg) by extension 'ignore'
[1.748s] Level 1:colcon.colcon_core.package_identification:_identify(src/final_race_pkg) by extension 'ignore_ament_install'
[1.748s] Level 1:colcon.colcon_core.package_identification:_identify(src/final_race_pkg) by extensions ['colcon_pkg']
[1.748s] Level 1:colcon.colcon_core.package_identification:_identify(src/final_race_pkg) by extension 'colcon_pkg'
[1.748s] Level 1:colcon.colcon_core.package_identification:_identify(src/final_race_pkg) by extensions ['colcon_meta']
[1.749s] Level 1:colcon.colcon_core.package_identification:_identify(src/final_race_pkg) by extension 'colcon_meta'
[1.749s] Level 1:colcon.colcon_core.package_identification:_identify(src/final_race_pkg) by extensions ['ros']
[1.749s] Level 1:colcon.colcon_core.package_identification:_identify(src/final_race_pkg) by extension 'ros'
[1.750s] DEBUG:colcon.colcon_core.package_identification:Package 'src/final_race_pkg' with type 'ros.ament_python' and name 'final_race_pkg'
[1.750s] Level 1:colcon.colcon_core.package_identification:_identify(src/opponent_predictor) by extensions ['ignore', 'ignore_ament_install']
[1.750s] Level 1:colcon.colcon_core.package_identification:_identify(src/opponent_predictor) by extension 'ignore'
[1.750s] Level 1:colcon.colcon_core.package_identification:_identify(src/opponent_predictor) by extension 'ignore_ament_install'
[1.750s] Level 1:colcon.colcon_core.package_identification:_identify(src/opponent_predictor) by extensions ['colcon_pkg']
[1.750s] Level 1:colcon.colcon_core.package_identification:_identify(src/opponent_predictor) by extension 'colcon_pkg'
[1.750s] Level 1:colcon.colcon_core.package_identification:_identify(src/opponent_predictor) by extensions ['colcon_meta']
[1.750s] Level 1:colcon.colcon_core.package_identification:_identify(src/opponent_predictor) by extension 'colcon_meta'
[1.750s] Level 1:colcon.colcon_core.package_identification:_identify(src/opponent_predictor) by extensions ['ros']
[1.750s] Level 1:colcon.colcon_core.package_identification:_identify(src/opponent_predictor) by extension 'ros'
[1.752s] DEBUG:colcon.colcon_core.package_identification:Package 'src/opponent_predictor' with type 'ros.ament_cmake' and name 'opponent_predictor'
[1.752s] Level 1:colcon.colcon_core.package_identification:_identify(src/trajectory_generator) by extensions ['ignore', 'ignore_ament_install']
[1.752s] Level 1:colcon.colcon_core.package_identification:_identify(src/trajectory_generator) by extension 'ignore'
[1.752s] Level 1:colcon.colcon_core.package_identification:_identify(src/trajectory_generator) by extension 'ignore_ament_install'
[1.752s] Level 1:colcon.colcon_core.package_identification:_identify(src/trajectory_generator) by extensions ['colcon_pkg']
[1.752s] Level 1:colcon.colcon_core.package_identification:_identify(src/trajectory_generator) by extension 'colcon_pkg'
[1.752s] Level 1:colcon.colcon_core.package_identification:_identify(src/trajectory_generator) by extensions ['colcon_meta']
[1.752s] Level 1:colcon.colcon_core.package_identification:_identify(src/trajectory_generator) by extension 'colcon_meta'
[1.752s] Level 1:colcon.colcon_core.package_identification:_identify(src/trajectory_generator) by extensions ['ros']
[1.752s] Level 1:colcon.colcon_core.package_identification:_identify(src/trajectory_generator) by extension 'ros'
[1.752s] Level 1:colcon.colcon_core.package_identification:_identify(src/trajectory_generator) by extensions ['cmake', 'python']
[1.752s] Level 1:colcon.colcon_core.package_identification:_identify(src/trajectory_generator) by extension 'cmake'
[1.752s] Level 1:colcon.colcon_core.package_identification:_identify(src/trajectory_generator) by extension 'python'
[1.752s] Level 1:colcon.colcon_core.package_identification:_identify(src/trajectory_generator) by extensions ['python_setup_py']
[1.752s] Level 1:colcon.colcon_core.package_identification:_identify(src/trajectory_generator) by extension 'python_setup_py'
[1.753s] Level 1:colcon.colcon_core.package_identification:_identify(src/trajectory_generator/build) by extensions ['ignore', 'ignore_ament_install']
[1.753s] Level 1:colcon.colcon_core.package_identification:_identify(src/trajectory_generator/build) by extension 'ignore'
[1.753s] Level 1:colcon.colcon_core.package_identification:_identify(src/trajectory_generator/build) ignored
[1.753s] Level 1:colcon.colcon_core.package_identification:_identify(src/trajectory_generator/config) by extensions ['ignore', 'ignore_ament_install']
[1.753s] Level 1:colcon.colcon_core.package_identification:_identify(src/trajectory_generator/config) by extension 'ignore'
[1.753s] Level 1:colcon.colcon_core.package_identification:_identify(src/trajectory_generator/config) by extension 'ignore_ament_install'
[1.753s] Level 1:colcon.colcon_core.package_identification:_identify(src/trajectory_generator/config) by extensions ['colcon_pkg']
[1.753s] Level 1:colcon.colcon_core.package_identification:_identify(src/trajectory_generator/config) by extension 'colcon_pkg'
[1.753s] Level 1:colcon.colcon_core.package_identification:_identify(src/trajectory_generator/config) by extensions ['colcon_meta']
[1.753s] Level 1:colcon.colcon_core.package_identification:_identify(src/trajectory_generator/config) by extension 'colcon_meta'
[1.753s] Level 1:colcon.colcon_core.package_identification:_identify(src/trajectory_generator/config) by extensions ['ros']
[1.753s] Level 1:colcon.colcon_core.package_identification:_identify(src/trajectory_generator/config) by extension 'ros'
[1.753s] Level 1:colcon.colcon_core.package_identification:_identify(src/trajectory_generator/config) by extensions ['cmake', 'python']
[1.753s] Level 1:colcon.colcon_core.package_identification:_identify(src/trajectory_generator/config) by extension 'cmake'
[1.753s] Level 1:colcon.colcon_core.package_identification:_identify(src/trajectory_generator/config) by extension 'python'
[1.753s] Level 1:colcon.colcon_core.package_identification:_identify(src/trajectory_generator/config) by extensions ['python_setup_py']
[1.753s] Level 1:colcon.colcon_core.package_identification:_identify(src/trajectory_generator/config) by extension 'python_setup_py'
[1.753s] Level 1:colcon.colcon_core.package_identification:_identify(src/trajectory_generator/frictionmap) by extensions ['ignore', 'ignore_ament_install']
[1.753s] Level 1:colcon.colcon_core.package_identification:_identify(src/trajectory_generator/frictionmap) by extension 'ignore'
[1.753s] Level 1:colcon.colcon_core.package_identification:_identify(src/trajectory_generator/frictionmap) by extension 'ignore_ament_install'
[1.753s] Level 1:colcon.colcon_core.package_identification:_identify(src/trajectory_generator/frictionmap) by extensions ['colcon_pkg']
[1.753s] Level 1:colcon.colcon_core.package_identification:_identify(src/trajectory_generator/frictionmap) by extension 'colcon_pkg'
[1.753s] Level 1:colcon.colcon_core.package_identification:_identify(src/trajectory_generator/frictionmap) by extensions ['colcon_meta']
[1.753s] Level 1:colcon.colcon_core.package_identification:_identify(src/trajectory_generator/frictionmap) by extension 'colcon_meta'
[1.754s] Level 1:colcon.colcon_core.package_identification:_identify(src/trajectory_generator/frictionmap) by extensions ['ros']
[1.754s] Level 1:colcon.colcon_core.package_identification:_identify(src/trajectory_generator/frictionmap) by extension 'ros'
[1.754s] Level 1:colcon.colcon_core.package_identification:_identify(src/trajectory_generator/frictionmap) by extensions ['cmake', 'python']
[1.754s] Level 1:colcon.colcon_core.package_identification:_identify(src/trajectory_generator/frictionmap) by extension 'cmake'
[1.754s] Level 1:colcon.colcon_core.package_identification:_identify(src/trajectory_generator/frictionmap) by extension 'python'
[1.754s] Level 1:colcon.colcon_core.package_identification:_identify(src/trajectory_generator/frictionmap) by extensions ['python_setup_py']
[1.754s] Level 1:colcon.colcon_core.package_identification:_identify(src/trajectory_generator/frictionmap) by extension 'python_setup_py'
[1.754s] Level 1:colcon.colcon_core.package_identification:_identify(src/trajectory_generator/frictionmap/src) by extensions ['ignore', 'ignore_ament_install']
[1.754s] Level 1:colcon.colcon_core.package_identification:_identify(src/trajectory_generator/frictionmap/src) by extension 'ignore'
[1.754s] Level 1:colcon.colcon_core.package_identification:_identify(src/trajectory_generator/frictionmap/src) by extension 'ignore_ament_install'
[1.754s] Level 1:colcon.colcon_core.package_identification:_identify(src/trajectory_generator/frictionmap/src) by extensions ['colcon_pkg']
[1.754s] Level 1:colcon.colcon_core.package_identification:_identify(src/trajectory_generator/frictionmap/src) by extension 'colcon_pkg'
[1.754s] Level 1:colcon.colcon_core.package_identification:_identify(src/trajectory_generator/frictionmap/src) by extensions ['colcon_meta']
[1.754s] Level 1:colcon.colcon_core.package_identification:_identify(src/trajectory_generator/frictionmap/src) by extension 'colcon_meta'
[1.754s] Level 1:colcon.colcon_core.package_identification:_identify(src/trajectory_generator/frictionmap/src) by extensions ['ros']
[1.754s] Level 1:colcon.colcon_core.package_identification:_identify(src/trajectory_generator/frictionmap/src) by extension 'ros'
[1.754s] Level 1:colcon.colcon_core.package_identification:_identify(src/trajectory_generator/frictionmap/src) by extensions ['cmake', 'python']
[1.754s] Level 1:colcon.colcon_core.package_identification:_identify(src/trajectory_generator/frictionmap/src) by extension 'cmake'
[1.754s] Level 1:colcon.colcon_core.package_identification:_identify(src/trajectory_generator/frictionmap/src) by extension 'python'
[1.754s] Level 1:colcon.colcon_core.package_identification:_identify(src/trajectory_generator/frictionmap/src) by extensions ['python_setup_py']
[1.754s] Level 1:colcon.colcon_core.package_identification:_identify(src/trajectory_generator/frictionmap/src) by extension 'python_setup_py'
[1.754s] Level 1:colcon.colcon_core.package_identification:_identify(src/trajectory_generator/helper_funcs_glob) by extensions ['ignore', 'ignore_ament_install']
[1.754s] Level 1:colcon.colcon_core.package_identification:_identify(src/trajectory_generator/helper_funcs_glob) by extension 'ignore'
[1.754s] Level 1:colcon.colcon_core.package_identification:_identify(src/trajectory_generator/helper_funcs_glob) by extension 'ignore_ament_install'
[1.754s] Level 1:colcon.colcon_core.package_identification:_identify(src/trajectory_generator/helper_funcs_glob) by extensions ['colcon_pkg']
[1.754s] Level 1:colcon.colcon_core.package_identification:_identify(src/trajectory_generator/helper_funcs_glob) by extension 'colcon_pkg'
[1.754s] Level 1:colcon.colcon_core.package_identification:_identify(src/trajectory_generator/helper_funcs_glob) by extensions ['colcon_meta']
[1.754s] Level 1:colcon.colcon_core.package_identification:_identify(src/trajectory_generator/helper_funcs_glob) by extension 'colcon_meta'
[1.754s] Level 1:colcon.colcon_core.package_identification:_identify(src/trajectory_generator/helper_funcs_glob) by extensions ['ros']
[1.755s] Level 1:colcon.colcon_core.package_identification:_identify(src/trajectory_generator/helper_funcs_glob) by extension 'ros'
[1.755s] Level 1:colcon.colcon_core.package_identification:_identify(src/trajectory_generator/helper_funcs_glob) by extensions ['cmake', 'python']
[1.755s] Level 1:colcon.colcon_core.package_identification:_identify(src/trajectory_generator/helper_funcs_glob) by extension 'cmake'
[1.755s] Level 1:colcon.colcon_core.package_identification:_identify(src/trajectory_generator/helper_funcs_glob) by extension 'python'
[1.755s] Level 1:colcon.colcon_core.package_identification:_identify(src/trajectory_generator/helper_funcs_glob) by extensions ['python_setup_py']
[1.755s] Level 1:colcon.colcon_core.package_identification:_identify(src/trajectory_generator/helper_funcs_glob) by extension 'python_setup_py'
[1.756s] Level 1:colcon.colcon_core.package_identification:_identify(src/trajectory_generator/helper_funcs_glob/src) by extensions ['ignore', 'ignore_ament_install']
[1.756s] Level 1:colcon.colcon_core.package_identification:_identify(src/trajectory_generator/helper_funcs_glob/src) by extension 'ignore'
[1.756s] Level 1:colcon.colcon_core.package_identification:_identify(src/trajectory_generator/helper_funcs_glob/src) by extension 'ignore_ament_install'
[1.756s] Level 1:colcon.colcon_core.package_identification:_identify(src/trajectory_generator/helper_funcs_glob/src) by extensions ['colcon_pkg']
[1.756s] Level 1:colcon.colcon_core.package_identification:_identify(src/trajectory_generator/helper_funcs_glob/src) by extension 'colcon_pkg'
[1.756s] Level 1:colcon.colcon_core.package_identification:_identify(src/trajectory_generator/helper_funcs_glob/src) by extensions ['colcon_meta']
[1.756s] Level 1:colcon.colcon_core.package_identification:_identify(src/trajectory_generator/helper_funcs_glob/src) by extension 'colcon_meta'
[1.756s] Level 1:colcon.colcon_core.package_identification:_identify(src/trajectory_generator/helper_funcs_glob/src) by extensions ['ros']
[1.756s] Level 1:colcon.colcon_core.package_identification:_identify(src/trajectory_generator/helper_funcs_glob/src) by extension 'ros'
[1.756s] Level 1:colcon.colcon_core.package_identification:_identify(src/trajectory_generator/helper_funcs_glob/src) by extensions ['cmake', 'python']
[1.756s] Level 1:colcon.colcon_core.package_identification:_identify(src/trajectory_generator/helper_funcs_glob/src) by extension 'cmake'
[1.756s] Level 1:colcon.colcon_core.package_identification:_identify(src/trajectory_generator/helper_funcs_glob/src) by extension 'python'
[1.756s] Level 1:colcon.colcon_core.package_identification:_identify(src/trajectory_generator/helper_funcs_glob/src) by extensions ['python_setup_py']
[1.756s] Level 1:colcon.colcon_core.package_identification:_identify(src/trajectory_generator/helper_funcs_glob/src) by extension 'python_setup_py'
[1.756s] Level 1:colcon.colcon_core.package_identification:_identify(src/trajectory_generator/inputs) by extensions ['ignore', 'ignore_ament_install']
[1.756s] Level 1:colcon.colcon_core.package_identification:_identify(src/trajectory_generator/inputs) by extension 'ignore'
[1.756s] Level 1:colcon.colcon_core.package_identification:_identify(src/trajectory_generator/inputs) by extension 'ignore_ament_install'
[1.756s] Level 1:colcon.colcon_core.package_identification:_identify(src/trajectory_generator/inputs) by extensions ['colcon_pkg']
[1.756s] Level 1:colcon.colcon_core.package_identification:_identify(src/trajectory_generator/inputs) by extension 'colcon_pkg'
[1.756s] Level 1:colcon.colcon_core.package_identification:_identify(src/trajectory_generator/inputs) by extensions ['colcon_meta']
[1.756s] Level 1:colcon.colcon_core.package_identification:_identify(src/trajectory_generator/inputs) by extension 'colcon_meta'
[1.756s] Level 1:colcon.colcon_core.package_identification:_identify(src/trajectory_generator/inputs) by extensions ['ros']
[1.756s] Level 1:colcon.colcon_core.package_identification:_identify(src/trajectory_generator/inputs) by extension 'ros'
[1.756s] Level 1:colcon.colcon_core.package_identification:_identify(src/trajectory_generator/inputs) by extensions ['cmake', 'python']
[1.756s] Level 1:colcon.colcon_core.package_identification:_identify(src/trajectory_generator/inputs) by extension 'cmake'
[1.756s] Level 1:colcon.colcon_core.package_identification:_identify(src/trajectory_generator/inputs) by extension 'python'
[1.756s] Level 1:colcon.colcon_core.package_identification:_identify(src/trajectory_generator/inputs) by extensions ['python_setup_py']
[1.756s] Level 1:colcon.colcon_core.package_identification:_identify(src/trajectory_generator/inputs) by extension 'python_setup_py'
[1.756s] Level 1:colcon.colcon_core.package_identification:_identify(src/trajectory_generator/inputs/frictionmaps) by extensions ['ignore', 'ignore_ament_install']
[1.757s] Level 1:colcon.colcon_core.package_identification:_identify(src/trajectory_generator/inputs/frictionmaps) by extension 'ignore'
[1.757s] Level 1:colcon.colcon_core.package_identification:_identify(src/trajectory_generator/inputs/frictionmaps) by extension 'ignore_ament_install'
[1.757s] Level 1:colcon.colcon_core.package_identification:_identify(src/trajectory_generator/inputs/frictionmaps) by extensions ['colcon_pkg']
[1.757s] Level 1:colcon.colcon_core.package_identification:_identify(src/trajectory_generator/inputs/frictionmaps) by extension 'colcon_pkg'
[1.757s] Level 1:colcon.colcon_core.package_identification:_identify(src/trajectory_generator/inputs/frictionmaps) by extensions ['colcon_meta']
[1.757s] Level 1:colcon.colcon_core.package_identification:_identify(src/trajectory_generator/inputs/frictionmaps) by extension 'colcon_meta'
[1.757s] Level 1:colcon.colcon_core.package_identification:_identify(src/trajectory_generator/inputs/frictionmaps) by extensions ['ros']
[1.757s] Level 1:colcon.colcon_core.package_identification:_identify(src/trajectory_generator/inputs/frictionmaps) by extension 'ros'
[1.757s] Level 1:colcon.colcon_core.package_identification:_identify(src/trajectory_generator/inputs/frictionmaps) by extensions ['cmake', 'python']
[1.757s] Level 1:colcon.colcon_core.package_identification:_identify(src/trajectory_generator/inputs/frictionmaps) by extension 'cmake'
[1.757s] Level 1:colcon.colcon_core.package_identification:_identify(src/trajectory_generator/inputs/frictionmaps) by extension 'python'
[1.757s] Level 1:colcon.colcon_core.package_identification:_identify(src/trajectory_generator/inputs/frictionmaps) by extensions ['python_setup_py']
[1.757s] Level 1:colcon.colcon_core.package_identification:_identify(src/trajectory_generator/inputs/frictionmaps) by extension 'python_setup_py'
[1.758s] Level 1:colcon.colcon_core.package_identification:_identify(src/trajectory_generator/inputs/tracks) by extensions ['ignore', 'ignore_ament_install']
[1.758s] Level 1:colcon.colcon_core.package_identification:_identify(src/trajectory_generator/inputs/tracks) by extension 'ignore'
[1.758s] Level 1:colcon.colcon_core.package_identification:_identify(src/trajectory_generator/inputs/tracks) by extension 'ignore_ament_install'
[1.758s] Level 1:colcon.colcon_core.package_identification:_identify(src/trajectory_generator/inputs/tracks) by extensions ['colcon_pkg']
[1.758s] Level 1:colcon.colcon_core.package_identification:_identify(src/trajectory_generator/inputs/tracks) by extension 'colcon_pkg'
[1.758s] Level 1:colcon.colcon_core.package_identification:_identify(src/trajectory_generator/inputs/tracks) by extensions ['colcon_meta']
[1.758s] Level 1:colcon.colcon_core.package_identification:_identify(src/trajectory_generator/inputs/tracks) by extension 'colcon_meta'
[1.758s] Level 1:colcon.colcon_core.package_identification:_identify(src/trajectory_generator/inputs/tracks) by extensions ['ros']
[1.758s] Level 1:colcon.colcon_core.package_identification:_identify(src/trajectory_generator/inputs/tracks) by extension 'ros'
[1.758s] Level 1:colcon.colcon_core.package_identification:_identify(src/trajectory_generator/inputs/tracks) by extensions ['cmake', 'python']
[1.758s] Level 1:colcon.colcon_core.package_identification:_identify(src/trajectory_generator/inputs/tracks) by extension 'cmake'
[1.758s] Level 1:colcon.colcon_core.package_identification:_identify(src/trajectory_generator/inputs/tracks) by extension 'python'
[1.758s] Level 1:colcon.colcon_core.package_identification:_identify(src/trajectory_generator/inputs/tracks) by extensions ['python_setup_py']
[1.758s] Level 1:colcon.colcon_core.package_identification:_identify(src/trajectory_generator/inputs/tracks) by extension 'python_setup_py'
[1.758s] Level 1:colcon.colcon_core.package_identification:_identify(src/trajectory_generator/inputs/veh_dyn_info) by extensions ['ignore', 'ignore_ament_install']
[1.758s] Level 1:colcon.colcon_core.package_identification:_identify(src/trajectory_generator/inputs/veh_dyn_info) by extension 'ignore'
[1.758s] Level 1:colcon.colcon_core.package_identification:_identify(src/trajectory_generator/inputs/veh_dyn_info) by extension 'ignore_ament_install'
[1.758s] Level 1:colcon.colcon_core.package_identification:_identify(src/trajectory_generator/inputs/veh_dyn_info) by extensions ['colcon_pkg']
[1.758s] Level 1:colcon.colcon_core.package_identification:_identify(src/trajectory_generator/inputs/veh_dyn_info) by extension 'colcon_pkg'
[1.758s] Level 1:colcon.colcon_core.package_identification:_identify(src/trajectory_generator/inputs/veh_dyn_info) by extensions ['colcon_meta']
[1.758s] Level 1:colcon.colcon_core.package_identification:_identify(src/trajectory_generator/inputs/veh_dyn_info) by extension 'colcon_meta'
[1.758s] Level 1:colcon.colcon_core.package_identification:_identify(src/trajectory_generator/inputs/veh_dyn_info) by extensions ['ros']
[1.758s] Level 1:colcon.colcon_core.package_identification:_identify(src/trajectory_generator/inputs/veh_dyn_info) by extension 'ros'
[1.758s] Level 1:colcon.colcon_core.package_identification:_identify(src/trajectory_generator/inputs/veh_dyn_info) by extensions ['cmake', 'python']
[1.758s] Level 1:colcon.colcon_core.package_identification:_identify(src/trajectory_generator/inputs/veh_dyn_info) by extension 'cmake'
[1.758s] Level 1:colcon.colcon_core.package_identification:_identify(src/trajectory_generator/inputs/veh_dyn_info) by extension 'python'
[1.758s] Level 1:colcon.colcon_core.package_identification:_identify(src/trajectory_generator/inputs/veh_dyn_info) by extensions ['python_setup_py']
[1.758s] Level 1:colcon.colcon_core.package_identification:_identify(src/trajectory_generator/inputs/veh_dyn_info) by extension 'python_setup_py'
[1.758s] Level 1:colcon.colcon_core.package_identification:_identify(src/trajectory_generator/install) by extensions ['ignore', 'ignore_ament_install']
[1.759s] Level 1:colcon.colcon_core.package_identification:_identify(src/trajectory_generator/install) by extension 'ignore'
[1.759s] Level 1:colcon.colcon_core.package_identification:_identify(src/trajectory_generator/install) ignored
[1.759s] Level 1:colcon.colcon_core.package_identification:_identify(src/trajectory_generator/log) by extensions ['ignore', 'ignore_ament_install']
[1.759s] Level 1:colcon.colcon_core.package_identification:_identify(src/trajectory_generator/log) by extension 'ignore'
[1.759s] Level 1:colcon.colcon_core.package_identification:_identify(src/trajectory_generator/log) ignored
[1.759s] Level 1:colcon.colcon_core.package_identification:_identify(src/trajectory_generator/maps) by extensions ['ignore', 'ignore_ament_install']
[1.759s] Level 1:colcon.colcon_core.package_identification:_identify(src/trajectory_generator/maps) by extension 'ignore'
[1.759s] Level 1:colcon.colcon_core.package_identification:_identify(src/trajectory_generator/maps) by extension 'ignore_ament_install'
[1.760s] Level 1:colcon.colcon_core.package_identification:_identify(src/trajectory_generator/maps) by extensions ['colcon_pkg']
[1.760s] Level 1:colcon.colcon_core.package_identification:_identify(src/trajectory_generator/maps) by extension 'colcon_pkg'
[1.760s] Level 1:colcon.colcon_core.package_identification:_identify(src/trajectory_generator/maps) by extensions ['colcon_meta']
[1.760s] Level 1:colcon.colcon_core.package_identification:_identify(src/trajectory_generator/maps) by extension 'colcon_meta'
[1.760s] Level 1:colcon.colcon_core.package_identification:_identify(src/trajectory_generator/maps) by extensions ['ros']
[1.760s] Level 1:colcon.colcon_core.package_identification:_identify(src/trajectory_generator/maps) by extension 'ros'
[1.760s] Level 1:colcon.colcon_core.package_identification:_identify(src/trajectory_generator/maps) by extensions ['cmake', 'python']
[1.760s] Level 1:colcon.colcon_core.package_identification:_identify(src/trajectory_generator/maps) by extension 'cmake'
[1.760s] Level 1:colcon.colcon_core.package_identification:_identify(src/trajectory_generator/maps) by extension 'python'
[1.760s] Level 1:colcon.colcon_core.package_identification:_identify(src/trajectory_generator/maps) by extensions ['python_setup_py']
[1.760s] Level 1:colcon.colcon_core.package_identification:_identify(src/trajectory_generator/maps) by extension 'python_setup_py'
[1.760s] Level 1:colcon.colcon_core.package_identification:_identify(src/trajectory_generator/opt_mintime_traj) by extensions ['ignore', 'ignore_ament_install']
[1.760s] Level 1:colcon.colcon_core.package_identification:_identify(src/trajectory_generator/opt_mintime_traj) by extension 'ignore'
[1.760s] Level 1:colcon.colcon_core.package_identification:_identify(src/trajectory_generator/opt_mintime_traj) by extension 'ignore_ament_install'
[1.760s] Level 1:colcon.colcon_core.package_identification:_identify(src/trajectory_generator/opt_mintime_traj) by extensions ['colcon_pkg']
[1.760s] Level 1:colcon.colcon_core.package_identification:_identify(src/trajectory_generator/opt_mintime_traj) by extension 'colcon_pkg'
[1.760s] Level 1:colcon.colcon_core.package_identification:_identify(src/trajectory_generator/opt_mintime_traj) by extensions ['colcon_meta']
[1.760s] Level 1:colcon.colcon_core.package_identification:_identify(src/trajectory_generator/opt_mintime_traj) by extension 'colcon_meta'
[1.760s] Level 1:colcon.colcon_core.package_identification:_identify(src/trajectory_generator/opt_mintime_traj) by extensions ['ros']
[1.760s] Level 1:colcon.colcon_core.package_identification:_identify(src/trajectory_generator/opt_mintime_traj) by extension 'ros'
[1.760s] Level 1:colcon.colcon_core.package_identification:_identify(src/trajectory_generator/opt_mintime_traj) by extensions ['cmake', 'python']
[1.760s] Level 1:colcon.colcon_core.package_identification:_identify(src/trajectory_generator/opt_mintime_traj) by extension 'cmake'
[1.760s] Level 1:colcon.colcon_core.package_identification:_identify(src/trajectory_generator/opt_mintime_traj) by extension 'python'
[1.760s] Level 1:colcon.colcon_core.package_identification:_identify(src/trajectory_generator/opt_mintime_traj) by extensions ['python_setup_py']
[1.760s] Level 1:colcon.colcon_core.package_identification:_identify(src/trajectory_generator/opt_mintime_traj) by extension 'python_setup_py'
[1.760s] Level 1:colcon.colcon_core.package_identification:_identify(src/trajectory_generator/opt_mintime_traj/powertrain_src) by extensions ['ignore', 'ignore_ament_install']
[1.760s] Level 1:colcon.colcon_core.package_identification:_identify(src/trajectory_generator/opt_mintime_traj/powertrain_src) by extension 'ignore'
[1.760s] Level 1:colcon.colcon_core.package_identification:_identify(src/trajectory_generator/opt_mintime_traj/powertrain_src) by extension 'ignore_ament_install'
[1.760s] Level 1:colcon.colcon_core.package_identification:_identify(src/trajectory_generator/opt_mintime_traj/powertrain_src) by extensions ['colcon_pkg']
[1.760s] Level 1:colcon.colcon_core.package_identification:_identify(src/trajectory_generator/opt_mintime_traj/powertrain_src) by extension 'colcon_pkg'
[1.760s] Level 1:colcon.colcon_core.package_identification:_identify(src/trajectory_generator/opt_mintime_traj/powertrain_src) by extensions ['colcon_meta']
[1.760s] Level 1:colcon.colcon_core.package_identification:_identify(src/trajectory_generator/opt_mintime_traj/powertrain_src) by extension 'colcon_meta'
[1.761s] Level 1:colcon.colcon_core.package_identification:_identify(src/trajectory_generator/opt_mintime_traj/powertrain_src) by extensions ['ros']
[1.761s] Level 1:colcon.colcon_core.package_identification:_identify(src/trajectory_generator/opt_mintime_traj/powertrain_src) by extension 'ros'
[1.761s] Level 1:colcon.colcon_core.package_identification:_identify(src/trajectory_generator/opt_mintime_traj/powertrain_src) by extensions ['cmake', 'python']
[1.761s] Level 1:colcon.colcon_core.package_identification:_identify(src/trajectory_generator/opt_mintime_traj/powertrain_src) by extension 'cmake'
[1.761s] Level 1:colcon.colcon_core.package_identification:_identify(src/trajectory_generator/opt_mintime_traj/powertrain_src) by extension 'python'
[1.761s] Level 1:colcon.colcon_core.package_identification:_identify(src/trajectory_generator/opt_mintime_traj/powertrain_src) by extensions ['python_setup_py']
[1.761s] Level 1:colcon.colcon_core.package_identification:_identify(src/trajectory_generator/opt_mintime_traj/powertrain_src) by extension 'python_setup_py'
[1.761s] Level 1:colcon.colcon_core.package_identification:_identify(src/trajectory_generator/opt_mintime_traj/powertrain_src/src) by extensions ['ignore', 'ignore_ament_install']
[1.761s] Level 1:colcon.colcon_core.package_identification:_identify(src/trajectory_generator/opt_mintime_traj/powertrain_src/src) by extension 'ignore'
[1.761s] Level 1:colcon.colcon_core.package_identification:_identify(src/trajectory_generator/opt_mintime_traj/powertrain_src/src) by extension 'ignore_ament_install'
[1.761s] Level 1:colcon.colcon_core.package_identification:_identify(src/trajectory_generator/opt_mintime_traj/powertrain_src/src) by extensions ['colcon_pkg']
[1.761s] Level 1:colcon.colcon_core.package_identification:_identify(src/trajectory_generator/opt_mintime_traj/powertrain_src/src) by extension 'colcon_pkg'
[1.761s] Level 1:colcon.colcon_core.package_identification:_identify(src/trajectory_generator/opt_mintime_traj/powertrain_src/src) by extensions ['colcon_meta']
[1.761s] Level 1:colcon.colcon_core.package_identification:_identify(src/trajectory_generator/opt_mintime_traj/powertrain_src/src) by extension 'colcon_meta'
[1.761s] Level 1:colcon.colcon_core.package_identification:_identify(src/trajectory_generator/opt_mintime_traj/powertrain_src/src) by extensions ['ros']
[1.761s] Level 1:colcon.colcon_core.package_identification:_identify(src/trajectory_generator/opt_mintime_traj/powertrain_src/src) by extension 'ros'
[1.761s] Level 1:colcon.colcon_core.package_identification:_identify(src/trajectory_generator/opt_mintime_traj/powertrain_src/src) by extensions ['cmake', 'python']
[1.761s] Level 1:colcon.colcon_core.package_identification:_identify(src/trajectory_generator/opt_mintime_traj/powertrain_src/src) by extension 'cmake'
[1.761s] Level 1:colcon.colcon_core.package_identification:_identify(src/trajectory_generator/opt_mintime_traj/powertrain_src/src) by extension 'python'
[1.761s] Level 1:colcon.colcon_core.package_identification:_identify(src/trajectory_generator/opt_mintime_traj/powertrain_src/src) by extensions ['python_setup_py']
[1.761s] Level 1:colcon.colcon_core.package_identification:_identify(src/trajectory_generator/opt_mintime_traj/powertrain_src/src) by extension 'python_setup_py'
[1.761s] Level 1:colcon.colcon_core.package_identification:_identify(src/trajectory_generator/opt_mintime_traj/src) by extensions ['ignore', 'ignore_ament_install']
[1.761s] Level 1:colcon.colcon_core.package_identification:_identify(src/trajectory_generator/opt_mintime_traj/src) by extension 'ignore'
[1.761s] Level 1:colcon.colcon_core.package_identification:_identify(src/trajectory_generator/opt_mintime_traj/src) by extension 'ignore_ament_install'
[1.761s] Level 1:colcon.colcon_core.package_identification:_identify(src/trajectory_generator/opt_mintime_traj/src) by extensions ['colcon_pkg']
[1.761s] Level 1:colcon.colcon_core.package_identification:_identify(src/trajectory_generator/opt_mintime_traj/src) by extension 'colcon_pkg'
[1.761s] Level 1:colcon.colcon_core.package_identification:_identify(src/trajectory_generator/opt_mintime_traj/src) by extensions ['colcon_meta']
[1.761s] Level 1:colcon.colcon_core.package_identification:_identify(src/trajectory_generator/opt_mintime_traj/src) by extension 'colcon_meta'
[1.761s] Level 1:colcon.colcon_core.package_identification:_identify(src/trajectory_generator/opt_mintime_traj/src) by extensions ['ros']
[1.761s] Level 1:colcon.colcon_core.package_identification:_identify(src/trajectory_generator/opt_mintime_traj/src) by extension 'ros'
[1.761s] Level 1:colcon.colcon_core.package_identification:_identify(src/trajectory_generator/opt_mintime_traj/src) by extensions ['cmake', 'python']
[1.761s] Level 1:colcon.colcon_core.package_identification:_identify(src/trajectory_generator/opt_mintime_traj/src) by extension 'cmake'
[1.761s] Level 1:colcon.colcon_core.package_identification:_identify(src/trajectory_generator/opt_mintime_traj/src) by extension 'python'
[1.762s] Level 1:colcon.colcon_core.package_identification:_identify(src/trajectory_generator/opt_mintime_traj/src) by extensions ['python_setup_py']
[1.762s] Level 1:colcon.colcon_core.package_identification:_identify(src/trajectory_generator/opt_mintime_traj/src) by extension 'python_setup_py'
[1.762s] Level 1:colcon.colcon_core.package_identification:_identify(src/trajectory_generator/outputs) by extensions ['ignore', 'ignore_ament_install']
[1.762s] Level 1:colcon.colcon_core.package_identification:_identify(src/trajectory_generator/outputs) by extension 'ignore'
[1.762s] Level 1:colcon.colcon_core.package_identification:_identify(src/trajectory_generator/outputs) by extension 'ignore_ament_install'
[1.762s] Level 1:colcon.colcon_core.package_identification:_identify(src/trajectory_generator/outputs) by extensions ['colcon_pkg']
[1.762s] Level 1:colcon.colcon_core.package_identification:_identify(src/trajectory_generator/outputs) by extension 'colcon_pkg'
[1.762s] Level 1:colcon.colcon_core.package_identification:_identify(src/trajectory_generator/outputs) by extensions ['colcon_meta']
[1.762s] Level 1:colcon.colcon_core.package_identification:_identify(src/trajectory_generator/outputs) by extension 'colcon_meta'
[1.762s] Level 1:colcon.colcon_core.package_identification:_identify(src/trajectory_generator/outputs) by extensions ['ros']
[1.762s] Level 1:colcon.colcon_core.package_identification:_identify(src/trajectory_generator/outputs) by extension 'ros'
[1.762s] Level 1:colcon.colcon_core.package_identification:_identify(src/trajectory_generator/outputs) by extensions ['cmake', 'python']
[1.762s] Level 1:colcon.colcon_core.package_identification:_identify(src/trajectory_generator/outputs) by extension 'cmake'
[1.762s] Level 1:colcon.colcon_core.package_identification:_identify(src/trajectory_generator/outputs) by extension 'python'
[1.762s] Level 1:colcon.colcon_core.package_identification:_identify(src/trajectory_generator/outputs) by extensions ['python_setup_py']
[1.762s] Level 1:colcon.colcon_core.package_identification:_identify(src/trajectory_generator/outputs) by extension 'python_setup_py'
[1.762s] Level 1:colcon.colcon_core.package_identification:_identify(src/trajectory_generator/outputs/final2024) by extensions ['ignore', 'ignore_ament_install']
[1.762s] Level 1:colcon.colcon_core.package_identification:_identify(src/trajectory_generator/outputs/final2024) by extension 'ignore'
[1.762s] Level 1:colcon.colcon_core.package_identification:_identify(src/trajectory_generator/outputs/final2024) by extension 'ignore_ament_install'
[1.762s] Level 1:colcon.colcon_core.package_identification:_identify(src/trajectory_generator/outputs/final2024) by extensions ['colcon_pkg']
[1.762s] Level 1:colcon.colcon_core.package_identification:_identify(src/trajectory_generator/outputs/final2024) by extension 'colcon_pkg'
[1.762s] Level 1:colcon.colcon_core.package_identification:_identify(src/trajectory_generator/outputs/final2024) by extensions ['colcon_meta']
[1.762s] Level 1:colcon.colcon_core.package_identification:_identify(src/trajectory_generator/outputs/final2024) by extension 'colcon_meta'
[1.762s] Level 1:colcon.colcon_core.package_identification:_identify(src/trajectory_generator/outputs/final2024) by extensions ['ros']
[1.762s] Level 1:colcon.colcon_core.package_identification:_identify(src/trajectory_generator/outputs/final2024) by extension 'ros'
[1.762s] Level 1:colcon.colcon_core.package_identification:_identify(src/trajectory_generator/outputs/final2024) by extensions ['cmake', 'python']
[1.762s] Level 1:colcon.colcon_core.package_identification:_identify(src/trajectory_generator/outputs/final2024) by extension 'cmake'
[1.762s] Level 1:colcon.colcon_core.package_identification:_identify(src/trajectory_generator/outputs/final2024) by extension 'python'
[1.762s] Level 1:colcon.colcon_core.package_identification:_identify(src/trajectory_generator/outputs/final2024) by extensions ['python_setup_py']
[1.762s] Level 1:colcon.colcon_core.package_identification:_identify(src/trajectory_generator/outputs/final2024) by extension 'python_setup_py'
[1.764s] Level 1:colcon.colcon_core.package_identification:_identify(src/trajectory_generator/params) by extensions ['ignore', 'ignore_ament_install']
[1.764s] Level 1:colcon.colcon_core.package_identification:_identify(src/trajectory_generator/params) by extension 'ignore'
[1.764s] Level 1:colcon.colcon_core.package_identification:_identify(src/trajectory_generator/params) by extension 'ignore_ament_install'
[1.764s] Level 1:colcon.colcon_core.package_identification:_identify(src/trajectory_generator/params) by extensions ['colcon_pkg']
[1.764s] Level 1:colcon.colcon_core.package_identification:_identify(src/trajectory_generator/params) by extension 'colcon_pkg'
[1.764s] Level 1:colcon.colcon_core.package_identification:_identify(src/trajectory_generator/params) by extensions ['colcon_meta']
[1.764s] Level 1:colcon.colcon_core.package_identification:_identify(src/trajectory_generator/params) by extension 'colcon_meta'
[1.764s] Level 1:colcon.colcon_core.package_identification:_identify(src/trajectory_generator/params) by extensions ['ros']
[1.764s] Level 1:colcon.colcon_core.package_identification:_identify(src/trajectory_generator/params) by extension 'ros'
[1.764s] Level 1:colcon.colcon_core.package_identification:_identify(src/trajectory_generator/params) by extensions ['cmake', 'python']
[1.764s] Level 1:colcon.colcon_core.package_identification:_identify(src/trajectory_generator/params) by extension 'cmake'
[1.764s] Level 1:colcon.colcon_core.package_identification:_identify(src/trajectory_generator/params) by extension 'python'
[1.764s] Level 1:colcon.colcon_core.package_identification:_identify(src/trajectory_generator/params) by extensions ['python_setup_py']
[1.764s] Level 1:colcon.colcon_core.package_identification:_identify(src/trajectory_generator/params) by extension 'python_setup_py'
[1.764s] Level 1:colcon.colcon_core.package_discovery:discover_packages(recursive) using defaults
[1.764s] Level 1:colcon.colcon_core.package_discovery:discover_packages(ignore) discover
[1.764s] Level 1:colcon.colcon_core.package_discovery:discover_packages(ignore) using defaults
[1.764s] Level 1:colcon.colcon_core.package_discovery:discover_packages(path) discover
[1.764s] Level 1:colcon.colcon_core.package_discovery:discover_packages(path) using defaults
[1.885s] Level 1:colcon.colcon_core.package_discovery:discover_packages(prefix_path) check parameters
[1.885s] Level 1:colcon.colcon_core.package_discovery:discover_packages(prefix_path) discover
[1.933s] DEBUG:colcon.colcon_installed_package_information.package_discovery:Found 3 installed packages in /home/ros2/F1tenth-Final-Race-Agent-and-Toolbox/install
[1.958s] DEBUG:colcon.colcon_installed_package_information.package_discovery:Found 275 installed packages in /opt/ros/foxy
[1.959s] Level 1:colcon.colcon_core.package_discovery:discover_packages(prefix_path) using defaults
[2.097s] Level 5:colcon.colcon_core.verb:set package 'dummy_car' build argument 'cmake_args' from command line to 'None'
[2.097s] Level 5:colcon.colcon_core.verb:set package 'dummy_car' build argument 'cmake_target' from command line to 'None'
[2.097s] Level 5:colcon.colcon_core.verb:set package 'dummy_car' build argument 'cmake_target_skip_unavailable' from command line to 'False'
[2.097s] Level 5:colcon.colcon_core.verb:set package 'dummy_car' build argument 'cmake_clean_cache' from command line to 'False'
[2.097s] Level 5:colcon.colcon_core.verb:set package 'dummy_car' build argument 'cmake_clean_first' from command line to 'False'
[2.097s] Level 5:colcon.colcon_core.verb:set package 'dummy_car' build argument 'cmake_force_configure' from command line to 'False'
[2.097s] Level 5:colcon.colcon_core.verb:set package 'dummy_car' build argument 'ament_cmake_args' from command line to 'None'
[2.097s] Level 5:colcon.colcon_core.verb:set package 'dummy_car' build argument 'catkin_cmake_args' from command line to 'None'
[2.097s] Level 5:colcon.colcon_core.verb:set package 'dummy_car' build argument 'catkin_skip_building_tests' from command line to 'False'
[2.097s] DEBUG:colcon.colcon_core.verb:Building package 'dummy_car' with the following arguments: {'ament_cmake_args': None, 'build_base': '/home/ros2/F1tenth-Final-Race-Agent-and-Toolbox/build/dummy_car', 'catkin_cmake_args': None, 'catkin_skip_building_tests': False, 'cmake_args': None, 'cmake_clean_cache': False, 'cmake_clean_first': False, 'cmake_force_configure': False, 'cmake_target': None, 'cmake_target_skip_unavailable': False, 'install_base': '/home/ros2/F1tenth-Final-Race-Agent-and-Toolbox/install/dummy_car', 'merge_install': False, 'path': '/home/ros2/F1tenth-Final-Race-Agent-and-Toolbox/src/dummy_car', 'symlink_install': False, 'test_result_base': None}
[2.122s] Level 5:colcon.colcon_core.verb:set package 'final_race_pkg' build argument 'cmake_args' from command line to 'None'
[2.122s] Level 5:colcon.colcon_core.verb:set package 'final_race_pkg' build argument 'cmake_target' from command line to 'None'
[2.122s] Level 5:colcon.colcon_core.verb:set package 'final_race_pkg' build argument 'cmake_target_skip_unavailable' from command line to 'False'
[2.122s] Level 5:colcon.colcon_core.verb:set package 'final_race_pkg' build argument 'cmake_clean_cache' from command line to 'False'
[2.122s] Level 5:colcon.colcon_core.verb:set package 'final_race_pkg' build argument 'cmake_clean_first' from command line to 'False'
[2.122s] Level 5:colcon.colcon_core.verb:set package 'final_race_pkg' build argument 'cmake_force_configure' from command line to 'False'
[2.122s] Level 5:colcon.colcon_core.verb:set package 'final_race_pkg' build argument 'ament_cmake_args' from command line to 'None'
[2.122s] Level 5:colcon.colcon_core.verb:set package 'final_race_pkg' build argument 'catkin_cmake_args' from command line to 'None'
[2.122s] Level 5:colcon.colcon_core.verb:set package 'final_race_pkg' build argument 'catkin_skip_building_tests' from command line to 'False'
[2.122s] DEBUG:colcon.colcon_core.verb:Building package 'final_race_pkg' with the following arguments: {'ament_cmake_args': None, 'build_base': '/home/ros2/F1tenth-Final-Race-Agent-and-Toolbox/build/final_race_pkg', 'catkin_cmake_args': None, 'catkin_skip_building_tests': False, 'cmake_args': None, 'cmake_clean_cache': False, 'cmake_clean_first': False, 'cmake_force_configure': False, 'cmake_target': None, 'cmake_target_skip_unavailable': False, 'install_base': '/home/ros2/F1tenth-Final-Race-Agent-and-Toolbox/install/final_race_pkg', 'merge_install': False, 'path': '/home/ros2/F1tenth-Final-Race-Agent-and-Toolbox/src/final_race_pkg', 'symlink_install': False, 'test_result_base': None}
[2.142s] Level 5:colcon.colcon_core.verb:set package 'opponent_predictor' build argument 'cmake_args' from command line to 'None'
[2.142s] Level 5:colcon.colcon_core.verb:set package 'opponent_predictor' build argument 'cmake_target' from command line to 'None'
[2.142s] Level 5:colcon.colcon_core.verb:set package 'opponent_predictor' build argument 'cmake_target_skip_unavailable' from command line to 'False'
[2.142s] Level 5:colcon.colcon_core.verb:set package 'opponent_predictor' build argument 'cmake_clean_cache' from command line to 'False'
[2.142s] Level 5:colcon.colcon_core.verb:set package 'opponent_predictor' build argument 'cmake_clean_first' from command line to 'False'
[2.142s] Level 5:colcon.colcon_core.verb:set package 'opponent_predictor' build argument 'cmake_force_configure' from command line to 'False'
[2.142s] Level 5:colcon.colcon_core.verb:set package 'opponent_predictor' build argument 'ament_cmake_args' from command line to 'None'
[2.142s] Level 5:colcon.colcon_core.verb:set package 'opponent_predictor' build argument 'catkin_cmake_args' from command line to 'None'
[2.142s] Level 5:colcon.colcon_core.verb:set package 'opponent_predictor' build argument 'catkin_skip_building_tests' from command line to 'False'
[2.142s] DEBUG:colcon.colcon_core.verb:Building package 'opponent_predictor' with the following arguments: {'ament_cmake_args': None, 'build_base': '/home/ros2/F1tenth-Final-Race-Agent-and-Toolbox/build/opponent_predictor', 'catkin_cmake_args': None, 'catkin_skip_building_tests': False, 'cmake_args': None, 'cmake_clean_cache': False, 'cmake_clean_first': False, 'cmake_force_configure': False, 'cmake_target': None, 'cmake_target_skip_unavailable': False, 'install_base': '/home/ros2/F1tenth-Final-Race-Agent-and-Toolbox/install/opponent_predictor', 'merge_install': False, 'path': '/home/ros2/F1tenth-Final-Race-Agent-and-Toolbox/src/opponent_predictor', 'symlink_install': False, 'test_result_base': None}
[2.162s] INFO:colcon.colcon_core.executor:Executing jobs using 'parallel' executor
[2.182s] DEBUG:colcon.colcon_parallel_executor.executor.parallel:run_until_complete
[2.183s] INFO:colcon.colcon_ros.task.ament_cmake.build:Building ROS package in '/home/ros2/F1tenth-Final-Race-Agent-and-Toolbox/src/dummy_car' with build type 'ament_cmake'
[2.183s] INFO:colcon.colcon_cmake.task.cmake.build:Building CMake package in '/home/ros2/F1tenth-Final-Race-Agent-and-Toolbox/src/dummy_car'
[2.215s] INFO:colcon.colcon_core.plugin_system:Skipping extension 'colcon_core.shell.bat': Not used on non-Windows systems
[2.216s] INFO:colcon.colcon_core.shell:Skip shell extension 'powershell' for command environment: Not usable outside of PowerShell
[2.216s] DEBUG:colcon.colcon_core.shell:Skip shell extension 'dsv' for command environment
[2.292s] INFO:colcon.colcon_ros.task.ament_python.build:Building ROS package in '/home/ros2/F1tenth-Final-Race-Agent-and-Toolbox/src/final_race_pkg' with build type 'ament_python'
[2.292s] Level 1:colcon.colcon_core.shell:create_environment_hook('final_race_pkg', 'ament_prefix_path')
[2.334s] INFO:colcon.colcon_core.shell:Creating environment hook '/home/ros2/F1tenth-Final-Race-Agent-and-Toolbox/install/final_race_pkg/share/final_race_pkg/hook/ament_prefix_path.ps1'
[2.337s] INFO:colcon.colcon_core.shell:Creating environment descriptor '/home/ros2/F1tenth-Final-Race-Agent-and-Toolbox/install/final_race_pkg/share/final_race_pkg/hook/ament_prefix_path.dsv'
[2.339s] INFO:colcon.colcon_core.shell:Creating environment hook '/home/ros2/F1tenth-Final-Race-Agent-and-Toolbox/install/final_race_pkg/share/final_race_pkg/hook/ament_prefix_path.sh'
[2.360s] INFO:colcon.colcon_core.shell:Skip shell extension 'powershell' for command environment: Not usable outside of PowerShell
[2.360s] DEBUG:colcon.colcon_core.shell:Skip shell extension 'dsv' for command environment
[2.430s] DEBUG:colcon.colcon_core.event_handler.log_command:Invoking command in '/home/ros2/F1tenth-Final-Race-Agent-and-Toolbox/build/dummy_car': CMAKE_PREFIX_PATH=${CMAKE_PREFIX_PATH}:/home/ros2/F1tenth-Final-Race-Agent-and-Toolbox/install/final_race_pkg:/opt/ros/foxy /usr/bin/cmake --build /home/ros2/F1tenth-Final-Race-Agent-and-Toolbox/build/dummy_car -- -j2 -l2
[2.658s] INFO:colcon.colcon_core.task.python.build:Building Python package in '/home/ros2/F1tenth-Final-Race-Agent-and-Toolbox/src/final_race_pkg'
[2.682s] INFO:colcon.colcon_core.shell:Skip shell extension 'powershell' for command environment: Not usable outside of PowerShell
[2.682s] DEBUG:colcon.colcon_core.shell:Skip shell extension 'dsv' for command environment
[2.772s] DEBUG:colcon.colcon_core.event_handler.log_command:Invoked command in '/home/ros2/F1tenth-Final-Race-Agent-and-Toolbox/build/dummy_car' returned '0': CMAKE_PREFIX_PATH=${CMAKE_PREFIX_PATH}:/home/ros2/F1tenth-Final-Race-Agent-and-Toolbox/install/final_race_pkg:/opt/ros/foxy /usr/bin/cmake --build /home/ros2/F1tenth-Final-Race-Agent-and-Toolbox/build/dummy_car -- -j2 -l2
[2.832s] DEBUG:colcon.colcon_core.event_handler.log_command:Invoking command in '/home/ros2/F1tenth-Final-Race-Agent-and-Toolbox/build/dummy_car': CMAKE_PREFIX_PATH=${CMAKE_PREFIX_PATH}:/home/ros2/F1tenth-Final-Race-Agent-and-Toolbox/install/final_race_pkg:/opt/ros/foxy /usr/bin/cmake --install /home/ros2/F1tenth-Final-Race-Agent-and-Toolbox/build/dummy_car
[2.936s] Level 1:colcon.colcon_core.environment:create_environment_scripts_only(dummy_car)
[2.936s] DEBUG:colcon.colcon_core.event_handler.log_command:Invoked command in '/home/ros2/F1tenth-Final-Race-Agent-and-Toolbox/build/dummy_car' returned '0': CMAKE_PREFIX_PATH=${CMAKE_PREFIX_PATH}:/home/ros2/F1tenth-Final-Race-Agent-and-Toolbox/install/final_race_pkg:/opt/ros/foxy /usr/bin/cmake --install /home/ros2/F1tenth-Final-Race-Agent-and-Toolbox/build/dummy_car
[3.005s] Level 1:colcon.colcon_core.environment:checking '/home/ros2/F1tenth-Final-Race-Agent-and-Toolbox/install/dummy_car' for CMake module files
[3.005s] Level 1:colcon.colcon_core.environment:checking '/home/ros2/F1tenth-Final-Race-Agent-and-Toolbox/install/dummy_car' for CMake config files
[3.005s] Level 1:colcon.colcon_core.shell:create_environment_hook('dummy_car', 'cmake_prefix_path')
[3.036s] INFO:colcon.colcon_core.shell:Creating environment hook '/home/ros2/F1tenth-Final-Race-Agent-and-Toolbox/install/dummy_car/share/dummy_car/hook/cmake_prefix_path.ps1'
[3.038s] INFO:colcon.colcon_core.shell:Creating environment descriptor '/home/ros2/F1tenth-Final-Race-Agent-and-Toolbox/install/dummy_car/share/dummy_car/hook/cmake_prefix_path.dsv'
[3.038s] INFO:colcon.colcon_core.shell:Creating environment hook '/home/ros2/F1tenth-Final-Race-Agent-and-Toolbox/install/dummy_car/share/dummy_car/hook/cmake_prefix_path.sh'
[3.038s] Level 1:colcon.colcon_core.environment:checking '/home/ros2/F1tenth-Final-Race-Agent-and-Toolbox/install/dummy_car/lib'
[3.038s] Level 1:colcon.colcon_core.environment:checking '/home/ros2/F1tenth-Final-Race-Agent-and-Toolbox/install/dummy_car/bin'
[3.038s] Level 1:colcon.colcon_core.environment:checking '/home/ros2/F1tenth-Final-Race-Agent-and-Toolbox/install/dummy_car/lib/pkgconfig/dummy_car.pc'
[3.039s] Level 1:colcon.colcon_core.environment:checking '/home/ros2/F1tenth-Final-Race-Agent-and-Toolbox/install/dummy_car/lib/python3.8/site-packages'
[3.039s] Level 1:colcon.colcon_core.shell:create_environment_hook('dummy_car', 'pythonpath')
[3.087s] INFO:colcon.colcon_core.shell:Creating environment hook '/home/ros2/F1tenth-Final-Race-Agent-and-Toolbox/install/dummy_car/share/dummy_car/hook/pythonpath.ps1'
[3.087s] INFO:colcon.colcon_core.shell:Creating environment descriptor '/home/ros2/F1tenth-Final-Race-Agent-and-Toolbox/install/dummy_car/share/dummy_car/hook/pythonpath.dsv'
[3.087s] INFO:colcon.colcon_core.shell:Creating environment hook '/home/ros2/F1tenth-Final-Race-Agent-and-Toolbox/install/dummy_car/share/dummy_car/hook/pythonpath.sh'
[3.087s] Level 1:colcon.colcon_core.environment:checking '/home/ros2/F1tenth-Final-Race-Agent-and-Toolbox/install/dummy_car/bin'
[3.139s] INFO:colcon.colcon_core.shell:Creating package script '/home/ros2/F1tenth-Final-Race-Agent-and-Toolbox/install/dummy_car/share/dummy_car/package.ps1'
[3.144s] INFO:colcon.colcon_core.shell:Creating package descriptor '/home/ros2/F1tenth-Final-Race-Agent-and-Toolbox/install/dummy_car/share/dummy_car/package.dsv'
[3.145s] INFO:colcon.colcon_core.shell:Creating package script '/home/ros2/F1tenth-Final-Race-Agent-and-Toolbox/install/dummy_car/share/dummy_car/package.sh'
[3.148s] INFO:colcon.colcon_core.shell:Creating package script '/home/ros2/F1tenth-Final-Race-Agent-and-Toolbox/install/dummy_car/share/dummy_car/package.bash'
[3.149s] INFO:colcon.colcon_core.shell:Creating package script '/home/ros2/F1tenth-Final-Race-Agent-and-Toolbox/install/dummy_car/share/dummy_car/package.zsh'
[3.152s] Level 1:colcon.colcon_core.environment:create_file_with_runtime_dependencies(/home/ros2/F1tenth-Final-Race-Agent-and-Toolbox/install/dummy_car/share/colcon-core/packages/dummy_car)
[3.220s] Level 1:colcon.colcon_core.environment:create_environment_scripts_only(dummy_car)
[3.256s] Level 1:colcon.colcon_core.environment:checking '/home/ros2/F1tenth-Final-Race-Agent-and-Toolbox/install/dummy_car' for CMake module files
[3.256s] Level 1:colcon.colcon_core.environment:checking '/home/ros2/F1tenth-Final-Race-Agent-and-Toolbox/install/dummy_car' for CMake config files
[3.256s] Level 1:colcon.colcon_core.shell:create_environment_hook('dummy_car', 'cmake_prefix_path')
[3.303s] INFO:colcon.colcon_core.shell:Creating environment hook '/home/ros2/F1tenth-Final-Race-Agent-and-Toolbox/install/dummy_car/share/dummy_car/hook/cmake_prefix_path.ps1'
[3.303s] INFO:colcon.colcon_core.shell:Creating environment descriptor '/home/ros2/F1tenth-Final-Race-Agent-and-Toolbox/install/dummy_car/share/dummy_car/hook/cmake_prefix_path.dsv'
[3.303s] INFO:colcon.colcon_core.shell:Creating environment hook '/home/ros2/F1tenth-Final-Race-Agent-and-Toolbox/install/dummy_car/share/dummy_car/hook/cmake_prefix_path.sh'
[3.308s] Level 1:colcon.colcon_core.environment:checking '/home/ros2/F1tenth-Final-Race-Agent-and-Toolbox/install/dummy_car/lib'
[3.308s] Level 1:colcon.colcon_core.environment:checking '/home/ros2/F1tenth-Final-Race-Agent-and-Toolbox/install/dummy_car/bin'
[3.309s] Level 1:colcon.colcon_core.environment:checking '/home/ros2/F1tenth-Final-Race-Agent-and-Toolbox/install/dummy_car/lib/pkgconfig/dummy_car.pc'
[3.309s] Level 1:colcon.colcon_core.environment:checking '/home/ros2/F1tenth-Final-Race-Agent-and-Toolbox/install/dummy_car/lib/python3.8/site-packages'
[3.309s] Level 1:colcon.colcon_core.shell:create_environment_hook('dummy_car', 'pythonpath')
[3.351s] INFO:colcon.colcon_core.shell:Creating environment hook '/home/ros2/F1tenth-Final-Race-Agent-and-Toolbox/install/dummy_car/share/dummy_car/hook/pythonpath.ps1'
[3.352s] INFO:colcon.colcon_core.shell:Creating environment descriptor '/home/ros2/F1tenth-Final-Race-Agent-and-Toolbox/install/dummy_car/share/dummy_car/hook/pythonpath.dsv'
[3.352s] INFO:colcon.colcon_core.shell:Creating environment hook '/home/ros2/F1tenth-Final-Race-Agent-and-Toolbox/install/dummy_car/share/dummy_car/hook/pythonpath.sh'
[3.352s] Level 1:colcon.colcon_core.environment:checking '/home/ros2/F1tenth-Final-Race-Agent-and-Toolbox/install/dummy_car/bin'
[3.382s] INFO:colcon.colcon_core.shell:Creating package script '/home/ros2/F1tenth-Final-Race-Agent-and-Toolbox/install/dummy_car/share/dummy_car/package.ps1'
[3.382s] INFO:colcon.colcon_core.shell:Creating package descriptor '/home/ros2/F1tenth-Final-Race-Agent-and-Toolbox/install/dummy_car/share/dummy_car/package.dsv'
[3.383s] INFO:colcon.colcon_core.shell:Creating package script '/home/ros2/F1tenth-Final-Race-Agent-and-Toolbox/install/dummy_car/share/dummy_car/package.sh'
[3.383s] INFO:colcon.colcon_core.shell:Creating package script '/home/ros2/F1tenth-Final-Race-Agent-and-Toolbox/install/dummy_car/share/dummy_car/package.bash'
[3.383s] INFO:colcon.colcon_core.shell:Creating package script '/home/ros2/F1tenth-Final-Race-Agent-and-Toolbox/install/dummy_car/share/dummy_car/package.zsh'
[3.384s] Level 1:colcon.colcon_core.environment:create_file_with_runtime_dependencies(/home/ros2/F1tenth-Final-Race-Agent-and-Toolbox/install/dummy_car/share/colcon-core/packages/dummy_car)
[3.385s] INFO:colcon.colcon_ros.task.ament_cmake.build:Building ROS package in '/home/ros2/F1tenth-Final-Race-Agent-and-Toolbox/src/opponent_predictor' with build type 'ament_cmake'
[3.385s] INFO:colcon.colcon_cmake.task.cmake.build:Building CMake package in '/home/ros2/F1tenth-Final-Race-Agent-and-Toolbox/src/opponent_predictor'
[3.440s] INFO:colcon.colcon_core.shell:Skip shell extension 'powershell' for command environment: Not usable outside of PowerShell
[3.440s] DEBUG:colcon.colcon_core.shell:Skip shell extension 'dsv' for command environment
[3.521s] DEBUG:colcon.colcon_core.event_handler.log_command:Invoking command in '/home/ros2/F1tenth-Final-Race-Agent-and-Toolbox/src/final_race_pkg': PYTHONPATH=/home/ros2/F1tenth-Final-Race-Agent-and-Toolbox/build/final_race_pkg/prefix_override:/home/ros2/F1tenth-Final-Race-Agent-and-Toolbox/install/final_race_pkg/lib/python3.8/site-packages:${PYTHONPATH} /usr/bin/python3 setup.py egg_info --egg-base ../../build/final_race_pkg build --build-base /home/ros2/F1tenth-Final-Race-Agent-and-Toolbox/build/final_race_pkg/build install --record /home/ros2/F1tenth-Final-Race-Agent-and-Toolbox/build/final_race_pkg/install.log --install-scripts $base/lib/final_race_pkg --single-version-externally-managed
[3.538s] DEBUG:colcon.colcon_core.event_handler.log_command:Invoking command in '/home/ros2/F1tenth-Final-Race-Agent-and-Toolbox/build/opponent_predictor': CMAKE_PREFIX_PATH=${CMAKE_PREFIX_PATH}:/home/ros2/F1tenth-Final-Race-Agent-and-Toolbox/install/final_race_pkg:/opt/ros/foxy /usr/bin/cmake --build /home/ros2/F1tenth-Final-Race-Agent-and-Toolbox/build/opponent_predictor -- -j2 -l2
[3.847s] DEBUG:colcon.colcon_core.event_handler.log_command:Invoked command in '/home/ros2/F1tenth-Final-Race-Agent-and-Toolbox/src/final_race_pkg' returned '0': PYTHONPATH=/home/ros2/F1tenth-Final-Race-Agent-and-Toolbox/build/final_race_pkg/prefix_override:/home/ros2/F1tenth-Final-Race-Agent-and-Toolbox/install/final_race_pkg/lib/python3.8/site-packages:${PYTHONPATH} /usr/bin/python3 setup.py egg_info --egg-base ../../build/final_race_pkg build --build-base /home/ros2/F1tenth-Final-Race-Agent-and-Toolbox/build/final_race_pkg/build install --record /home/ros2/F1tenth-Final-Race-Agent-and-Toolbox/build/final_race_pkg/install.log --install-scripts $base/lib/final_race_pkg --single-version-externally-managed
[3.880s] Level 1:colcon.colcon_core.environment:checking '/home/ros2/F1tenth-Final-Race-Agent-and-Toolbox/install/final_race_pkg' for CMake module files
[3.880s] Level 1:colcon.colcon_core.environment:checking '/home/ros2/F1tenth-Final-Race-Agent-and-Toolbox/install/final_race_pkg' for CMake config files
[3.881s] Level 1:colcon.colcon_core.environment:checking '/home/ros2/F1tenth-Final-Race-Agent-and-Toolbox/install/final_race_pkg/lib'
[3.881s] Level 1:colcon.colcon_core.environment:checking '/home/ros2/F1tenth-Final-Race-Agent-and-Toolbox/install/final_race_pkg/bin'
[3.881s] Level 1:colcon.colcon_core.environment:checking '/home/ros2/F1tenth-Final-Race-Agent-and-Toolbox/install/final_race_pkg/lib/pkgconfig/final_race_pkg.pc'
[3.881s] Level 1:colcon.colcon_core.environment:checking '/home/ros2/F1tenth-Final-Race-Agent-and-Toolbox/install/final_race_pkg/lib/python3.8/site-packages'
[3.881s] Level 1:colcon.colcon_core.shell:create_environment_hook('final_race_pkg', 'pythonpath')
[3.915s] INFO:colcon.colcon_core.shell:Creating environment hook '/home/ros2/F1tenth-Final-Race-Agent-and-Toolbox/install/final_race_pkg/share/final_race_pkg/hook/pythonpath.ps1'
[3.915s] INFO:colcon.colcon_core.shell:Creating environment descriptor '/home/ros2/F1tenth-Final-Race-Agent-and-Toolbox/install/final_race_pkg/share/final_race_pkg/hook/pythonpath.dsv'
[3.915s] INFO:colcon.colcon_core.shell:Creating environment hook '/home/ros2/F1tenth-Final-Race-Agent-and-Toolbox/install/final_race_pkg/share/final_race_pkg/hook/pythonpath.sh'
[3.916s] Level 1:colcon.colcon_core.environment:checking '/home/ros2/F1tenth-Final-Race-Agent-and-Toolbox/install/final_race_pkg/bin'
[3.916s] Level 1:colcon.colcon_core.environment:create_environment_scripts_only(final_race_pkg)
[3.947s] INFO:colcon.colcon_core.shell:Creating package script '/home/ros2/F1tenth-Final-Race-Agent-and-Toolbox/install/final_race_pkg/share/final_race_pkg/package.ps1'
[3.948s] INFO:colcon.colcon_core.shell:Creating package descriptor '/home/ros2/F1tenth-Final-Race-Agent-and-Toolbox/install/final_race_pkg/share/final_race_pkg/package.dsv'
[3.948s] INFO:colcon.colcon_core.shell:Creating package script '/home/ros2/F1tenth-Final-Race-Agent-and-Toolbox/install/final_race_pkg/share/final_race_pkg/package.sh'
[3.949s] INFO:colcon.colcon_core.shell:Creating package script '/home/ros2/F1tenth-Final-Race-Agent-and-Toolbox/install/final_race_pkg/share/final_race_pkg/package.bash'
[3.949s] INFO:colcon.colcon_core.shell:Creating package script '/home/ros2/F1tenth-Final-Race-Agent-and-Toolbox/install/final_race_pkg/share/final_race_pkg/package.zsh'
[3.949s] Level 1:colcon.colcon_core.environment:create_file_with_runtime_dependencies(/home/ros2/F1tenth-Final-Race-Agent-and-Toolbox/install/final_race_pkg/share/colcon-core/packages/final_race_pkg)
[11.895s] DEBUG:colcon.colcon_core.event_handler.log_command:Invoked command in '/home/ros2/F1tenth-Final-Race-Agent-and-Toolbox/build/opponent_predictor' returned '0': CMAKE_PREFIX_PATH=${CMAKE_PREFIX_PATH}:/home/ros2/F1tenth-Final-Race-Agent-and-Toolbox/install/final_race_pkg:/opt/ros/foxy /usr/bin/cmake --build /home/ros2/F1tenth-Final-Race-Agent-and-Toolbox/build/opponent_predictor -- -j2 -l2
[11.921s] DEBUG:colcon.colcon_core.event_handler.log_command:Invoking command in '/home/ros2/F1tenth-Final-Race-Agent-and-Toolbox/build/opponent_predictor': CMAKE_PREFIX_PATH=${CMAKE_PREFIX_PATH}:/home/ros2/F1tenth-Final-Race-Agent-and-Toolbox/install/final_race_pkg:/opt/ros/foxy /usr/bin/cmake --install /home/ros2/F1tenth-Final-Race-Agent-and-Toolbox/build/opponent_predictor
[12.006s] Level 1:colcon.colcon_core.environment:create_environment_scripts_only(opponent_predictor)
[12.006s] DEBUG:colcon.colcon_core.event_handler.log_command:Invoked command in '/home/ros2/F1tenth-Final-Race-Agent-and-Toolbox/build/opponent_predictor' returned '0': CMAKE_PREFIX_PATH=${CMAKE_PREFIX_PATH}:/home/ros2/F1tenth-Final-Race-Agent-and-Toolbox/install/final_race_pkg:/opt/ros/foxy /usr/bin/cmake --install /home/ros2/F1tenth-Final-Race-Agent-and-Toolbox/build/opponent_predictor
[12.110s] Level 1:colcon.colcon_core.environment:checking '/home/ros2/F1tenth-Final-Race-Agent-and-Toolbox/install/opponent_predictor' for CMake module files
[12.110s] Level 1:colcon.colcon_core.environment:checking '/home/ros2/F1tenth-Final-Race-Agent-and-Toolbox/install/opponent_predictor' for CMake config files
[12.111s] Level 1:colcon.colcon_core.shell:create_environment_hook('opponent_predictor', 'cmake_prefix_path')
[12.131s] INFO:colcon.colcon_core.shell:Creating environment hook '/home/ros2/F1tenth-Final-Race-Agent-and-Toolbox/install/opponent_predictor/share/opponent_predictor/hook/cmake_prefix_path.ps1'
[12.132s] INFO:colcon.colcon_core.shell:Creating environment descriptor '/home/ros2/F1tenth-Final-Race-Agent-and-Toolbox/install/opponent_predictor/share/opponent_predictor/hook/cmake_prefix_path.dsv'
[12.133s] INFO:colcon.colcon_core.shell:Creating environment hook '/home/ros2/F1tenth-Final-Race-Agent-and-Toolbox/install/opponent_predictor/share/opponent_predictor/hook/cmake_prefix_path.sh'
[12.134s] Level 1:colcon.colcon_core.environment:checking '/home/ros2/F1tenth-Final-Race-Agent-and-Toolbox/install/opponent_predictor/lib'
[12.134s] Level 1:colcon.colcon_core.environment:checking '/home/ros2/F1tenth-Final-Race-Agent-and-Toolbox/install/opponent_predictor/bin'
[12.134s] Level 1:colcon.colcon_core.environment:checking '/home/ros2/F1tenth-Final-Race-Agent-and-Toolbox/install/opponent_predictor/lib/pkgconfig/opponent_predictor.pc'
[12.134s] Level 1:colcon.colcon_core.environment:checking '/home/ros2/F1tenth-Final-Race-Agent-and-Toolbox/install/opponent_predictor/lib/python3.8/site-packages'
[12.134s] Level 1:colcon.colcon_core.shell:create_environment_hook('opponent_predictor', 'pythonpath')
[12.152s] INFO:colcon.colcon_core.shell:Creating environment hook '/home/ros2/F1tenth-Final-Race-Agent-and-Toolbox/install/opponent_predictor/share/opponent_predictor/hook/pythonpath.ps1'
[12.153s] INFO:colcon.colcon_core.shell:Creating environment descriptor '/home/ros2/F1tenth-Final-Race-Agent-and-Toolbox/install/opponent_predictor/share/opponent_predictor/hook/pythonpath.dsv'
[12.153s] INFO:colcon.colcon_core.shell:Creating environment hook '/home/ros2/F1tenth-Final-Race-Agent-and-Toolbox/install/opponent_predictor/share/opponent_predictor/hook/pythonpath.sh'
[12.153s] Level 1:colcon.colcon_core.environment:checking '/home/ros2/F1tenth-Final-Race-Agent-and-Toolbox/install/opponent_predictor/bin'
[12.173s] INFO:colcon.colcon_core.shell:Creating package script '/home/ros2/F1tenth-Final-Race-Agent-and-Toolbox/install/opponent_predictor/share/opponent_predictor/package.ps1'
[12.173s] INFO:colcon.colcon_core.shell:Creating package descriptor '/home/ros2/F1tenth-Final-Race-Agent-and-Toolbox/install/opponent_predictor/share/opponent_predictor/package.dsv'
[12.174s] INFO:colcon.colcon_core.shell:Creating package script '/home/ros2/F1tenth-Final-Race-Agent-and-Toolbox/install/opponent_predictor/share/opponent_predictor/package.sh'
[12.174s] INFO:colcon.colcon_core.shell:Creating package script '/home/ros2/F1tenth-Final-Race-Agent-and-Toolbox/install/opponent_predictor/share/opponent_predictor/package.bash'
[12.175s] INFO:colcon.colcon_core.shell:Creating package script '/home/ros2/F1tenth-Final-Race-Agent-and-Toolbox/install/opponent_predictor/share/opponent_predictor/package.zsh'
[12.175s] Level 1:colcon.colcon_core.environment:create_file_with_runtime_dependencies(/home/ros2/F1tenth-Final-Race-Agent-and-Toolbox/install/opponent_predictor/share/colcon-core/packages/opponent_predictor)
[12.220s] Level 1:colcon.colcon_core.environment:create_environment_scripts_only(opponent_predictor)
[12.239s] Level 1:colcon.colcon_core.environment:checking '/home/ros2/F1tenth-Final-Race-Agent-and-Toolbox/install/opponent_predictor' for CMake module files
[12.240s] Level 1:colcon.colcon_core.environment:checking '/home/ros2/F1tenth-Final-Race-Agent-and-Toolbox/install/opponent_predictor' for CMake config files
[12.240s] Level 1:colcon.colcon_core.shell:create_environment_hook('opponent_predictor', 'cmake_prefix_path')
[12.258s] INFO:colcon.colcon_core.shell:Creating environment hook '/home/ros2/F1tenth-Final-Race-Agent-and-Toolbox/install/opponent_predictor/share/opponent_predictor/hook/cmake_prefix_path.ps1'
[12.258s] INFO:colcon.colcon_core.shell:Creating environment descriptor '/home/ros2/F1tenth-Final-Race-Agent-and-Toolbox/install/opponent_predictor/share/opponent_predictor/hook/cmake_prefix_path.dsv'
[12.259s] INFO:colcon.colcon_core.shell:Creating environment hook '/home/ros2/F1tenth-Final-Race-Agent-and-Toolbox/install/opponent_predictor/share/opponent_predictor/hook/cmake_prefix_path.sh'
[12.259s] Level 1:colcon.colcon_core.environment:checking '/home/ros2/F1tenth-Final-Race-Agent-and-Toolbox/install/opponent_predictor/lib'
[12.259s] Level 1:colcon.colcon_core.environment:checking '/home/ros2/F1tenth-Final-Race-Agent-and-Toolbox/install/opponent_predictor/bin'
[12.259s] Level 1:colcon.colcon_core.environment:checking '/home/ros2/F1tenth-Final-Race-Agent-and-Toolbox/install/opponent_predictor/lib/pkgconfig/opponent_predictor.pc'
[12.259s] Level 1:colcon.colcon_core.environment:checking '/home/ros2/F1tenth-Final-Race-Agent-and-Toolbox/install/opponent_predictor/lib/python3.8/site-packages'
[12.259s] Level 1:colcon.colcon_core.shell:create_environment_hook('opponent_predictor', 'pythonpath')
[12.278s] INFO:colcon.colcon_core.shell:Creating environment hook '/home/ros2/F1tenth-Final-Race-Agent-and-Toolbox/install/opponent_predictor/share/opponent_predictor/hook/pythonpath.ps1'
[12.278s] INFO:colcon.colcon_core.shell:Creating environment descriptor '/home/ros2/F1tenth-Final-Race-Agent-and-Toolbox/install/opponent_predictor/share/opponent_predictor/hook/pythonpath.dsv'
[12.278s] INFO:colcon.colcon_core.shell:Creating environment hook '/home/ros2/F1tenth-Final-Race-Agent-and-Toolbox/install/opponent_predictor/share/opponent_predictor/hook/pythonpath.sh'
[12.278s] Level 1:colcon.colcon_core.environment:checking '/home/ros2/F1tenth-Final-Race-Agent-and-Toolbox/install/opponent_predictor/bin'
[12.296s] INFO:colcon.colcon_core.shell:Creating package script '/home/ros2/F1tenth-Final-Race-Agent-and-Toolbox/install/opponent_predictor/share/opponent_predictor/package.ps1'
[12.297s] INFO:colcon.colcon_core.shell:Creating package descriptor '/home/ros2/F1tenth-Final-Race-Agent-and-Toolbox/install/opponent_predictor/share/opponent_predictor/package.dsv'
[12.297s] INFO:colcon.colcon_core.shell:Creating package script '/home/ros2/F1tenth-Final-Race-Agent-and-Toolbox/install/opponent_predictor/share/opponent_predictor/package.sh'
[12.297s] INFO:colcon.colcon_core.shell:Creating package script '/home/ros2/F1tenth-Final-Race-Agent-and-Toolbox/install/opponent_predictor/share/opponent_predictor/package.bash'
[12.297s] INFO:colcon.colcon_core.shell:Creating package script '/home/ros2/F1tenth-Final-Race-Agent-and-Toolbox/install/opponent_predictor/share/opponent_predictor/package.zsh'
[12.298s] Level 1:colcon.colcon_core.environment:create_file_with_runtime_dependencies(/home/ros2/F1tenth-Final-Race-Agent-and-Toolbox/install/opponent_predictor/share/colcon-core/packages/opponent_predictor)
[12.298s] DEBUG:colcon.colcon_parallel_executor.executor.parallel:closing loop
[12.298s] DEBUG:colcon.colcon_parallel_executor.executor.parallel:loop closed
[12.298s] DEBUG:colcon.colcon_parallel_executor.executor.parallel:run_until_complete finished with '0'
[12.298s] DEBUG:colcon.colcon_core.event_reactor:joining thread
[12.325s] INFO:colcon.colcon_core.plugin_system:Skipping extension 'colcon_notification.desktop_notification.terminal_notifier': Not used on non-Darwin systems
[12.325s] INFO:colcon.colcon_core.plugin_system:Skipping extension 'colcon_notification.desktop_notification.win32': Not used on non-Windows systems
[12.325s] INFO:colcon.colcon_notification.desktop_notification:Sending desktop notification using 'notify2'
[12.395s] DEBUG:colcon.colcon_core.event_reactor:joined thread
[12.415s] INFO:colcon.colcon_core.shell:Creating prefix script '/home/ros2/F1tenth-Final-Race-Agent-and-Toolbox/install/local_setup.ps1'
[12.417s] INFO:colcon.colcon_core.shell:Creating prefix util module '/home/ros2/F1tenth-Final-Race-Agent-and-Toolbox/install/_local_setup_util_ps1.py'
[12.420s] INFO:colcon.colcon_core.shell:Creating prefix chain script '/home/ros2/F1tenth-Final-Race-Agent-and-Toolbox/install/setup.ps1'
[12.440s] INFO:colcon.colcon_core.shell:Creating prefix script '/home/ros2/F1tenth-Final-Race-Agent-and-Toolbox/install/local_setup.sh'
[12.441s] INFO:colcon.colcon_core.shell:Creating prefix util module '/home/ros2/F1tenth-Final-Race-Agent-and-Toolbox/install/_local_setup_util_sh.py'
[12.441s] INFO:colcon.colcon_core.shell:Creating prefix chain script '/home/ros2/F1tenth-Final-Race-Agent-and-Toolbox/install/setup.sh'
[12.460s] INFO:colcon.colcon_core.shell:Creating prefix script '/home/ros2/F1tenth-Final-Race-Agent-and-Toolbox/install/local_setup.bash'
[12.461s] INFO:colcon.colcon_core.shell:Creating prefix chain script '/home/ros2/F1tenth-Final-Race-Agent-and-Toolbox/install/setup.bash'
[12.481s] INFO:colcon.colcon_core.shell:Creating prefix script '/home/ros2/F1tenth-Final-Race-Agent-and-Toolbox/install/local_setup.zsh'
[12.481s] INFO:colcon.colcon_core.shell:Creating prefix chain script '/home/ros2/F1tenth-Final-Race-Agent-and-Toolbox/install/setup.zsh'
