[0.765s] Invoking command in '/home/ros2/F1tenth-Final-Race-Agent-and-Toolbox/build/final_race_pkg': PYTHONPATH=/home/ros2/F1tenth-Final-Race-Agent-and-Toolbox/build/final_race_pkg/prefix_override:/home/ros2/F1tenth-Final-Race-Agent-and-Toolbox/install/final_race_pkg/lib/python3.8/site-packages:${PYTHONPATH} /usr/bin/python3 setup.py develop --editable --build-directory /home/ros2/F1tenth-Final-Race-Agent-and-Toolbox/build/final_race_pkg/build --no-deps install_data
[0.904s] running develop
[0.975s] running egg_info
[0.975s] writing final_race_pkg.egg-info/PKG-INFO
[0.975s] writing dependency_links to final_race_pkg.egg-info/dependency_links.txt
[0.975s] writing entry points to final_race_pkg.egg-info/entry_points.txt
[0.975s] writing requirements to final_race_pkg.egg-info/requires.txt
[0.975s] writing top-level names to final_race_pkg.egg-info/top_level.txt
[1.001s] reading manifest file 'final_race_pkg.egg-info/SOURCES.txt'
[1.003s] writing manifest file 'final_race_pkg.egg-info/SOURCES.txt'
[1.028s] running build_ext
[1.028s] Creating /home/ros2/F1tenth-Final-Race-Agent-and-Toolbox/install/final_race_pkg/lib/python3.8/site-packages/final-race-pkg.egg-link (link to .)
[1.029s] Installing main_agent script to /home/ros2/F1tenth-Final-Race-Agent-and-Toolbox/install/final_race_pkg/lib/final_race_pkg
[1.029s] Installing opp_agent script to /home/ros2/F1tenth-Final-Race-Agent-and-Toolbox/install/final_race_pkg/lib/final_race_pkg
[1.029s] Installing pure_pursuit_node script to /home/ros2/F1tenth-Final-Race-Agent-and-Toolbox/install/final_race_pkg/lib/final_race_pkg
[1.029s] Installing traj_killer script to /home/ros2/F1tenth-Final-Race-Agent-and-Toolbox/install/final_race_pkg/lib/final_race_pkg
[1.029s] 
[1.029s] Installed /home/ros2/F1tenth-Final-Race-Agent-and-Toolbox/build/final_race_pkg
[1.029s] running install_data
[1.105s] Invoked command in '/home/ros2/F1tenth-Final-Race-Agent-and-Toolbox/build/final_race_pkg' returned '0': PYTHONPATH=/home/ros2/F1tenth-Final-Race-Agent-and-Toolbox/build/final_race_pkg/prefix_override:/home/ros2/F1tenth-Final-Race-Agent-and-Toolbox/install/final_race_pkg/lib/python3.8/site-packages:${PYTHONPATH} /usr/bin/python3 setup.py develop --editable --build-directory /home/ros2/F1tenth-Final-Race-Agent-and-Toolbox/build/final_race_pkg/build --no-deps install_data
