[0.756s] Invoking command in '/home/ros2/F1tenth-Final-Race-Agent-and-Toolbox/build/final_race_pkg': PYTHONPATH=/home/ros2/F1tenth-Final-Race-Agent-and-Toolbox/build/final_race_pkg/prefix_override:/home/ros2/F1tenth-Final-Race-Agent-and-Toolbox/install/final_race_pkg/lib/python3.8/site-packages:${PYTHONPATH} /usr/bin/python3 setup.py develop --editable --build-directory /home/ros2/F1tenth-Final-Race-Agent-and-Toolbox/build/final_race_pkg/build --no-deps install_data
[0.911s] running develop
[1.007s] running egg_info
[1.007s] writing final_race_pkg.egg-info/PKG-INFO
[1.007s] writing dependency_links to final_race_pkg.egg-info/dependency_links.txt
[1.007s] writing entry points to final_race_pkg.egg-info/entry_points.txt
[1.007s] writing requirements to final_race_pkg.egg-info/requires.txt
[1.007s] writing top-level names to final_race_pkg.egg-info/top_level.txt
[1.032s] reading manifest file 'final_race_pkg.egg-info/SOURCES.txt'
[1.032s] writing manifest file 'final_race_pkg.egg-info/SOURCES.txt'
[1.057s] running build_ext
[1.062s] Creating /home/ros2/F1tenth-Final-Race-Agent-and-Toolbox/install/final_race_pkg/lib/python3.8/site-packages/final-race-pkg.egg-link (link to .)
[1.062s] Installing main_agent script to /home/ros2/F1tenth-Final-Race-Agent-and-Toolbox/install/final_race_pkg/lib/final_race_pkg
[1.062s] Installing opp_agent script to /home/ros2/F1tenth-Final-Race-Agent-and-Toolbox/install/final_race_pkg/lib/final_race_pkg
[1.062s] Installing pure_pursuit_node script to /home/ros2/F1tenth-Final-Race-Agent-and-Toolbox/install/final_race_pkg/lib/final_race_pkg
[1.062s] Installing raceline_generate script to /home/ros2/F1tenth-Final-Race-Agent-and-Toolbox/install/final_race_pkg/lib/final_race_pkg
[1.062s] Installing traj_killer script to /home/ros2/F1tenth-Final-Race-Agent-and-Toolbox/install/final_race_pkg/lib/final_race_pkg
[1.062s] 
[1.062s] Installed /home/ros2/F1tenth-Final-Race-Agent-and-Toolbox/build/final_race_pkg
[1.062s] running install_data
[1.177s] Invoked command in '/home/ros2/F1tenth-Final-Race-Agent-and-Toolbox/build/final_race_pkg' returned '0': PYTHONPATH=/home/ros2/F1tenth-Final-Race-Agent-and-Toolbox/build/final_race_pkg/prefix_override:/home/ros2/F1tenth-Final-Race-Agent-and-Toolbox/install/final_race_pkg/lib/python3.8/site-packages:${PYTHONPATH} /usr/bin/python3 setup.py develop --editable --build-directory /home/ros2/F1tenth-Final-Race-Agent-and-Toolbox/build/final_race_pkg/build --no-deps install_data
