[1.137s] DEBUG:colcon:Command line arguments: ['/usr/bin/colcon', 'build', '--symlink-install']
[1.137s] DEBUG:colcon:Parsed command line arguments: Namespace(allow_overriding=[], ament_cmake_args=None, base_paths=['.'], build_base='build', catkin_cmake_args=None, catkin_skip_building_tests=False, cmake_args=None, cmake_clean_cache=False, cmake_clean_first=False, cmake_force_configure=False, cmake_target=None, cmake_target_skip_unavailable=False, continue_on_error=False, event_handlers=None, executor='parallel', ignore_user_meta=False, install_base='install', log_base=None, log_level=None, main=<bound method BuildVerb.main of <colcon_core.verb.build.BuildVerb object at 0xffff8060b5e0>>, merge_install=False, metas=['./colcon.meta'], packages_above=None, packages_above_and_dependencies=None, packages_above_depth=None, packages_end=None, packages_ignore=None, packages_ignore_regex=None, packages_select=None, packages_select_build_failed=False, packages_select_by_dep=None, packages_select_regex=None, packages_select_test_failures=False, packages_skip=None, packages_skip_build_finished=False, packages_skip_by_dep=None, packages_skip_regex=None, packages_skip_test_passed=False, packages_skip_up_to=None, packages_start=None, packages_up_to=None, packages_up_to_regex=None, parallel_workers=2, paths=None, symlink_install=True, test_result_base=None, verb_extension=<colcon_core.verb.build.BuildVerb object at 0xffff8060b5e0>, verb_name='build', verb_parser=<colcon_defaults.argument_parser.defaults.DefaultArgumentsDecorator object at 0xffff801f4d90>)
[1.191s] Level 1:colcon.colcon_core.package_discovery:discover_packages(colcon_meta) check parameters
[1.191s] Level 1:colcon.colcon_core.package_discovery:discover_packages(recursive) check parameters
[1.191s] Level 1:colcon.colcon_core.package_discovery:discover_packages(ignore) check parameters
[1.191s] Level 1:colcon.colcon_core.package_discovery:discover_packages(path) check parameters
[1.191s] Level 1:colcon.colcon_core.package_discovery:discover_packages(colcon_meta) discover
[1.191s] Level 1:colcon.colcon_core.package_discovery:discover_packages(recursive) discover
[1.191s] INFO:colcon.colcon_core.package_discovery:Crawling recursively for packages in '/home/ros2/F1tenth-Final-Race-Agent-and-Toolbox'
[1.191s] Level 1:colcon.colcon_core.package_identification:_identify(.) by extensions ['ignore', 'ignore_ament_install']
[1.191s] Level 1:colcon.colcon_core.package_identification:_identify(.) by extension 'ignore'
[1.191s] Level 1:colcon.colcon_core.package_identification:_identify(.) by extension 'ignore_ament_install'
[1.191s] Level 1:colcon.colcon_core.package_identification:_identify(.) by extensions ['colcon_pkg']
[1.191s] Level 1:colcon.colcon_core.package_identification:_identify(.) by extension 'colcon_pkg'
[1.191s] Level 1:colcon.colcon_core.package_identification:_identify(.) by extensions ['colcon_meta']
[1.191s] Level 1:colcon.colcon_core.package_identification:_identify(.) by extension 'colcon_meta'
[1.191s] Level 1:colcon.colcon_core.package_identification:_identify(.) by extensions ['ros']
[1.191s] Level 1:colcon.colcon_core.package_identification:_identify(.) by extension 'ros'
[1.197s] Level 1:colcon.colcon_core.package_identification:_identify(.) by extensions ['cmake', 'python']
[1.198s] Level 1:colcon.colcon_core.package_identification:_identify(.) by extension 'cmake'
[1.198s] Level 1:colcon.colcon_core.package_identification:_identify(.) by extension 'python'
[1.198s] Level 1:colcon.colcon_core.package_identification:_identify(.) by extensions ['python_setup_py']
[1.198s] Level 1:colcon.colcon_core.package_identification:_identify(.) by extension 'python_setup_py'
[1.198s] Level 1:colcon.colcon_core.package_identification:_identify(build) by extensions ['ignore', 'ignore_ament_install']
[1.198s] Level 1:colcon.colcon_core.package_identification:_identify(build) by extension 'ignore'
[1.198s] Level 1:colcon.colcon_core.package_identification:_identify(build) ignored
[1.198s] Level 1:colcon.colcon_core.package_identification:_identify(install) by extensions ['ignore', 'ignore_ament_install']
[1.198s] Level 1:colcon.colcon_core.package_identification:_identify(install) by extension 'ignore'
[1.198s] Level 1:colcon.colcon_core.package_identification:_identify(install) ignored
[1.198s] Level 1:colcon.colcon_core.package_identification:_identify(log) by extensions ['ignore', 'ignore_ament_install']
[1.198s] Level 1:colcon.colcon_core.package_identification:_identify(log) by extension 'ignore'
[1.198s] Level 1:colcon.colcon_core.package_identification:_identify(log) ignored
[1.198s] Level 1:colcon.colcon_core.package_identification:_identify(src) by extensions ['ignore', 'ignore_ament_install']
[1.198s] Level 1:colcon.colcon_core.package_identification:_identify(src) by extension 'ignore'
[1.198s] Level 1:colcon.colcon_core.package_identification:_identify(src) by extension 'ignore_ament_install'
[1.198s] Level 1:colcon.colcon_core.package_identification:_identify(src) by extensions ['colcon_pkg']
[1.198s] Level 1:colcon.colcon_core.package_identification:_identify(src) by extension 'colcon_pkg'
[1.198s] Level 1:colcon.colcon_core.package_identification:_identify(src) by extensions ['colcon_meta']
[1.198s] Level 1:colcon.colcon_core.package_identification:_identify(src) by extension 'colcon_meta'
[1.198s] Level 1:colcon.colcon_core.package_identification:_identify(src) by extensions ['ros']
[1.198s] Level 1:colcon.colcon_core.package_identification:_identify(src) by extension 'ros'
[1.198s] Level 1:colcon.colcon_core.package_identification:_identify(src) by extensions ['cmake', 'python']
[1.198s] Level 1:colcon.colcon_core.package_identification:_identify(src) by extension 'cmake'
[1.198s] Level 1:colcon.colcon_core.package_identification:_identify(src) by extension 'python'
[1.198s] Level 1:colcon.colcon_core.package_identification:_identify(src) by extensions ['python_setup_py']
[1.198s] Level 1:colcon.colcon_core.package_identification:_identify(src) by extension 'python_setup_py'
[1.198s] Level 1:colcon.colcon_core.package_identification:_identify(src/dummy_car) by extensions ['ignore', 'ignore_ament_install']
[1.198s] Level 1:colcon.colcon_core.package_identification:_identify(src/dummy_car) by extension 'ignore'
[1.198s] Level 1:colcon.colcon_core.package_identification:_identify(src/dummy_car) by extension 'ignore_ament_install'
[1.198s] Level 1:colcon.colcon_core.package_identification:_identify(src/dummy_car) by extensions ['colcon_pkg']
[1.198s] Level 1:colcon.colcon_core.package_identification:_identify(src/dummy_car) by extension 'colcon_pkg'
[1.198s] Level 1:colcon.colcon_core.package_identification:_identify(src/dummy_car) by extensions ['colcon_meta']
[1.199s] Level 1:colcon.colcon_core.package_identification:_identify(src/dummy_car) by extension 'colcon_meta'
[1.199s] Level 1:colcon.colcon_core.package_identification:_identify(src/dummy_car) by extensions ['ros']
[1.199s] Level 1:colcon.colcon_core.package_identification:_identify(src/dummy_car) by extension 'ros'
[1.201s] DEBUG:colcon.colcon_core.package_identification:Package 'src/dummy_car' with type 'ros.ament_cmake' and name 'dummy_car'
[1.201s] Level 1:colcon.colcon_core.package_identification:_identify(src/final_race_pkg) by extensions ['ignore', 'ignore_ament_install']
[1.201s] Level 1:colcon.colcon_core.package_identification:_identify(src/final_race_pkg) by extension 'ignore'
[1.201s] Level 1:colcon.colcon_core.package_identification:_identify(src/final_race_pkg) by extension 'ignore_ament_install'
[1.201s] Level 1:colcon.colcon_core.package_identification:_identify(src/final_race_pkg) by extensions ['colcon_pkg']
[1.201s] Level 1:colcon.colcon_core.package_identification:_identify(src/final_race_pkg) by extension 'colcon_pkg'
[1.201s] Level 1:colcon.colcon_core.package_identification:_identify(src/final_race_pkg) by extensions ['colcon_meta']
[1.201s] Level 1:colcon.colcon_core.package_identification:_identify(src/final_race_pkg) by extension 'colcon_meta'
[1.201s] Level 1:colcon.colcon_core.package_identification:_identify(src/final_race_pkg) by extensions ['ros']
[1.202s] Level 1:colcon.colcon_core.package_identification:_identify(src/final_race_pkg) by extension 'ros'
[1.203s] DEBUG:colcon.colcon_core.package_identification:Package 'src/final_race_pkg' with type 'ros.ament_python' and name 'final_race_pkg'
[1.203s] Level 1:colcon.colcon_core.package_identification:_identify(src/opponent_predictor) by extensions ['ignore', 'ignore_ament_install']
[1.203s] Level 1:colcon.colcon_core.package_identification:_identify(src/opponent_predictor) by extension 'ignore'
[1.203s] Level 1:colcon.colcon_core.package_identification:_identify(src/opponent_predictor) by extension 'ignore_ament_install'
[1.203s] Level 1:colcon.colcon_core.package_identification:_identify(src/opponent_predictor) by extensions ['colcon_pkg']
[1.203s] Level 1:colcon.colcon_core.package_identification:_identify(src/opponent_predictor) by extension 'colcon_pkg'
[1.203s] Level 1:colcon.colcon_core.package_identification:_identify(src/opponent_predictor) by extensions ['colcon_meta']
[1.203s] Level 1:colcon.colcon_core.package_identification:_identify(src/opponent_predictor) by extension 'colcon_meta'
[1.203s] Level 1:colcon.colcon_core.package_identification:_identify(src/opponent_predictor) by extensions ['ros']
[1.203s] Level 1:colcon.colcon_core.package_identification:_identify(src/opponent_predictor) by extension 'ros'
[1.204s] DEBUG:colcon.colcon_core.package_identification:Package 'src/opponent_predictor' with type 'ros.ament_cmake' and name 'opponent_predictor'
[1.204s] Level 1:colcon.colcon_core.package_identification:_identify(src/trajectory_generator) by extensions ['ignore', 'ignore_ament_install']
[1.204s] Level 1:colcon.colcon_core.package_identification:_identify(src/trajectory_generator) by extension 'ignore'
[1.204s] Level 1:colcon.colcon_core.package_identification:_identify(src/trajectory_generator) by extension 'ignore_ament_install'
[1.204s] Level 1:colcon.colcon_core.package_identification:_identify(src/trajectory_generator) by extensions ['colcon_pkg']
[1.204s] Level 1:colcon.colcon_core.package_identification:_identify(src/trajectory_generator) by extension 'colcon_pkg'
[1.204s] Level 1:colcon.colcon_core.package_identification:_identify(src/trajectory_generator) by extensions ['colcon_meta']
[1.204s] Level 1:colcon.colcon_core.package_identification:_identify(src/trajectory_generator) by extension 'colcon_meta'
[1.204s] Level 1:colcon.colcon_core.package_identification:_identify(src/trajectory_generator) by extensions ['ros']
[1.204s] Level 1:colcon.colcon_core.package_identification:_identify(src/trajectory_generator) by extension 'ros'
[1.204s] Level 1:colcon.colcon_core.package_identification:_identify(src/trajectory_generator) by extensions ['cmake', 'python']
[1.204s] Level 1:colcon.colcon_core.package_identification:_identify(src/trajectory_generator) by extension 'cmake'
[1.204s] Level 1:colcon.colcon_core.package_identification:_identify(src/trajectory_generator) by extension 'python'
[1.204s] Level 1:colcon.colcon_core.package_identification:_identify(src/trajectory_generator) by extensions ['python_setup_py']
[1.204s] Level 1:colcon.colcon_core.package_identification:_identify(src/trajectory_generator) by extension 'python_setup_py'
[1.204s] Level 1:colcon.colcon_core.package_identification:_identify(src/trajectory_generator/build) by extensions ['ignore', 'ignore_ament_install']
[1.204s] Level 1:colcon.colcon_core.package_identification:_identify(src/trajectory_generator/build) by extension 'ignore'
[1.204s] Level 1:colcon.colcon_core.package_identification:_identify(src/trajectory_generator/build) ignored
[1.204s] Level 1:colcon.colcon_core.package_identification:_identify(src/trajectory_generator/config) by extensions ['ignore', 'ignore_ament_install']
[1.204s] Level 1:colcon.colcon_core.package_identification:_identify(src/trajectory_generator/config) by extension 'ignore'
[1.204s] Level 1:colcon.colcon_core.package_identification:_identify(src/trajectory_generator/config) by extension 'ignore_ament_install'
[1.204s] Level 1:colcon.colcon_core.package_identification:_identify(src/trajectory_generator/config) by extensions ['colcon_pkg']
[1.204s] Level 1:colcon.colcon_core.package_identification:_identify(src/trajectory_generator/config) by extension 'colcon_pkg'
[1.204s] Level 1:colcon.colcon_core.package_identification:_identify(src/trajectory_generator/config) by extensions ['colcon_meta']
[1.204s] Level 1:colcon.colcon_core.package_identification:_identify(src/trajectory_generator/config) by extension 'colcon_meta'
[1.204s] Level 1:colcon.colcon_core.package_identification:_identify(src/trajectory_generator/config) by extensions ['ros']
[1.204s] Level 1:colcon.colcon_core.package_identification:_identify(src/trajectory_generator/config) by extension 'ros'
[1.204s] Level 1:colcon.colcon_core.package_identification:_identify(src/trajectory_generator/config) by extensions ['cmake', 'python']
[1.204s] Level 1:colcon.colcon_core.package_identification:_identify(src/trajectory_generator/config) by extension 'cmake'
[1.204s] Level 1:colcon.colcon_core.package_identification:_identify(src/trajectory_generator/config) by extension 'python'
[1.204s] Level 1:colcon.colcon_core.package_identification:_identify(src/trajectory_generator/config) by extensions ['python_setup_py']
[1.204s] Level 1:colcon.colcon_core.package_identification:_identify(src/trajectory_generator/config) by extension 'python_setup_py'
[1.204s] Level 1:colcon.colcon_core.package_identification:_identify(src/trajectory_generator/frictionmap) by extensions ['ignore', 'ignore_ament_install']
[1.204s] Level 1:colcon.colcon_core.package_identification:_identify(src/trajectory_generator/frictionmap) by extension 'ignore'
[1.204s] Level 1:colcon.colcon_core.package_identification:_identify(src/trajectory_generator/frictionmap) by extension 'ignore_ament_install'
[1.204s] Level 1:colcon.colcon_core.package_identification:_identify(src/trajectory_generator/frictionmap) by extensions ['colcon_pkg']
[1.204s] Level 1:colcon.colcon_core.package_identification:_identify(src/trajectory_generator/frictionmap) by extension 'colcon_pkg'
[1.204s] Level 1:colcon.colcon_core.package_identification:_identify(src/trajectory_generator/frictionmap) by extensions ['colcon_meta']
[1.204s] Level 1:colcon.colcon_core.package_identification:_identify(src/trajectory_generator/frictionmap) by extension 'colcon_meta'
[1.205s] Level 1:colcon.colcon_core.package_identification:_identify(src/trajectory_generator/frictionmap) by extensions ['ros']
[1.205s] Level 1:colcon.colcon_core.package_identification:_identify(src/trajectory_generator/frictionmap) by extension 'ros'
[1.205s] Level 1:colcon.colcon_core.package_identification:_identify(src/trajectory_generator/frictionmap) by extensions ['cmake', 'python']
[1.205s] Level 1:colcon.colcon_core.package_identification:_identify(src/trajectory_generator/frictionmap) by extension 'cmake'
[1.205s] Level 1:colcon.colcon_core.package_identification:_identify(src/trajectory_generator/frictionmap) by extension 'python'
[1.205s] Level 1:colcon.colcon_core.package_identification:_identify(src/trajectory_generator/frictionmap) by extensions ['python_setup_py']
[1.205s] Level 1:colcon.colcon_core.package_identification:_identify(src/trajectory_generator/frictionmap) by extension 'python_setup_py'
[1.205s] Level 1:colcon.colcon_core.package_identification:_identify(src/trajectory_generator/frictionmap/src) by extensions ['ignore', 'ignore_ament_install']
[1.205s] Level 1:colcon.colcon_core.package_identification:_identify(src/trajectory_generator/frictionmap/src) by extension 'ignore'
[1.205s] Level 1:colcon.colcon_core.package_identification:_identify(src/trajectory_generator/frictionmap/src) by extension 'ignore_ament_install'
[1.205s] Level 1:colcon.colcon_core.package_identification:_identify(src/trajectory_generator/frictionmap/src) by extensions ['colcon_pkg']
[1.205s] Level 1:colcon.colcon_core.package_identification:_identify(src/trajectory_generator/frictionmap/src) by extension 'colcon_pkg'
[1.205s] Level 1:colcon.colcon_core.package_identification:_identify(src/trajectory_generator/frictionmap/src) by extensions ['colcon_meta']
[1.205s] Level 1:colcon.colcon_core.package_identification:_identify(src/trajectory_generator/frictionmap/src) by extension 'colcon_meta'
[1.205s] Level 1:colcon.colcon_core.package_identification:_identify(src/trajectory_generator/frictionmap/src) by extensions ['ros']
[1.205s] Level 1:colcon.colcon_core.package_identification:_identify(src/trajectory_generator/frictionmap/src) by extension 'ros'
[1.205s] Level 1:colcon.colcon_core.package_identification:_identify(src/trajectory_generator/frictionmap/src) by extensions ['cmake', 'python']
[1.205s] Level 1:colcon.colcon_core.package_identification:_identify(src/trajectory_generator/frictionmap/src) by extension 'cmake'
[1.205s] Level 1:colcon.colcon_core.package_identification:_identify(src/trajectory_generator/frictionmap/src) by extension 'python'
[1.205s] Level 1:colcon.colcon_core.package_identification:_identify(src/trajectory_generator/frictionmap/src) by extensions ['python_setup_py']
[1.205s] Level 1:colcon.colcon_core.package_identification:_identify(src/trajectory_generator/frictionmap/src) by extension 'python_setup_py'
[1.205s] Level 1:colcon.colcon_core.package_identification:_identify(src/trajectory_generator/helper_funcs_glob) by extensions ['ignore', 'ignore_ament_install']
[1.205s] Level 1:colcon.colcon_core.package_identification:_identify(src/trajectory_generator/helper_funcs_glob) by extension 'ignore'
[1.205s] Level 1:colcon.colcon_core.package_identification:_identify(src/trajectory_generator/helper_funcs_glob) by extension 'ignore_ament_install'
[1.205s] Level 1:colcon.colcon_core.package_identification:_identify(src/trajectory_generator/helper_funcs_glob) by extensions ['colcon_pkg']
[1.205s] Level 1:colcon.colcon_core.package_identification:_identify(src/trajectory_generator/helper_funcs_glob) by extension 'colcon_pkg'
[1.205s] Level 1:colcon.colcon_core.package_identification:_identify(src/trajectory_generator/helper_funcs_glob) by extensions ['colcon_meta']
[1.205s] Level 1:colcon.colcon_core.package_identification:_identify(src/trajectory_generator/helper_funcs_glob) by extension 'colcon_meta'
[1.205s] Level 1:colcon.colcon_core.package_identification:_identify(src/trajectory_generator/helper_funcs_glob) by extensions ['ros']
[1.205s] Level 1:colcon.colcon_core.package_identification:_identify(src/trajectory_generator/helper_funcs_glob) by extension 'ros'
[1.205s] Level 1:colcon.colcon_core.package_identification:_identify(src/trajectory_generator/helper_funcs_glob) by extensions ['cmake', 'python']
[1.205s] Level 1:colcon.colcon_core.package_identification:_identify(src/trajectory_generator/helper_funcs_glob) by extension 'cmake'
[1.205s] Level 1:colcon.colcon_core.package_identification:_identify(src/trajectory_generator/helper_funcs_glob) by extension 'python'
[1.205s] Level 1:colcon.colcon_core.package_identification:_identify(src/trajectory_generator/helper_funcs_glob) by extensions ['python_setup_py']
[1.205s] Level 1:colcon.colcon_core.package_identification:_identify(src/trajectory_generator/helper_funcs_glob) by extension 'python_setup_py'
[1.205s] Level 1:colcon.colcon_core.package_identification:_identify(src/trajectory_generator/helper_funcs_glob/src) by extensions ['ignore', 'ignore_ament_install']
[1.205s] Level 1:colcon.colcon_core.package_identification:_identify(src/trajectory_generator/helper_funcs_glob/src) by extension 'ignore'
[1.205s] Level 1:colcon.colcon_core.package_identification:_identify(src/trajectory_generator/helper_funcs_glob/src) by extension 'ignore_ament_install'
[1.205s] Level 1:colcon.colcon_core.package_identification:_identify(src/trajectory_generator/helper_funcs_glob/src) by extensions ['colcon_pkg']
[1.205s] Level 1:colcon.colcon_core.package_identification:_identify(src/trajectory_generator/helper_funcs_glob/src) by extension 'colcon_pkg'
[1.205s] Level 1:colcon.colcon_core.package_identification:_identify(src/trajectory_generator/helper_funcs_glob/src) by extensions ['colcon_meta']
[1.205s] Level 1:colcon.colcon_core.package_identification:_identify(src/trajectory_generator/helper_funcs_glob/src) by extension 'colcon_meta'
[1.205s] Level 1:colcon.colcon_core.package_identification:_identify(src/trajectory_generator/helper_funcs_glob/src) by extensions ['ros']
[1.206s] Level 1:colcon.colcon_core.package_identification:_identify(src/trajectory_generator/helper_funcs_glob/src) by extension 'ros'
[1.206s] Level 1:colcon.colcon_core.package_identification:_identify(src/trajectory_generator/helper_funcs_glob/src) by extensions ['cmake', 'python']
[1.206s] Level 1:colcon.colcon_core.package_identification:_identify(src/trajectory_generator/helper_funcs_glob/src) by extension 'cmake'
[1.206s] Level 1:colcon.colcon_core.package_identification:_identify(src/trajectory_generator/helper_funcs_glob/src) by extension 'python'
[1.206s] Level 1:colcon.colcon_core.package_identification:_identify(src/trajectory_generator/helper_funcs_glob/src) by extensions ['python_setup_py']
[1.206s] Level 1:colcon.colcon_core.package_identification:_identify(src/trajectory_generator/helper_funcs_glob/src) by extension 'python_setup_py'
[1.206s] Level 1:colcon.colcon_core.package_identification:_identify(src/trajectory_generator/inputs) by extensions ['ignore', 'ignore_ament_install']
[1.206s] Level 1:colcon.colcon_core.package_identification:_identify(src/trajectory_generator/inputs) by extension 'ignore'
[1.206s] Level 1:colcon.colcon_core.package_identification:_identify(src/trajectory_generator/inputs) by extension 'ignore_ament_install'
[1.206s] Level 1:colcon.colcon_core.package_identification:_identify(src/trajectory_generator/inputs) by extensions ['colcon_pkg']
[1.206s] Level 1:colcon.colcon_core.package_identification:_identify(src/trajectory_generator/inputs) by extension 'colcon_pkg'
[1.206s] Level 1:colcon.colcon_core.package_identification:_identify(src/trajectory_generator/inputs) by extensions ['colcon_meta']
[1.206s] Level 1:colcon.colcon_core.package_identification:_identify(src/trajectory_generator/inputs) by extension 'colcon_meta'
[1.206s] Level 1:colcon.colcon_core.package_identification:_identify(src/trajectory_generator/inputs) by extensions ['ros']
[1.206s] Level 1:colcon.colcon_core.package_identification:_identify(src/trajectory_generator/inputs) by extension 'ros'
[1.206s] Level 1:colcon.colcon_core.package_identification:_identify(src/trajectory_generator/inputs) by extensions ['cmake', 'python']
[1.206s] Level 1:colcon.colcon_core.package_identification:_identify(src/trajectory_generator/inputs) by extension 'cmake'
[1.206s] Level 1:colcon.colcon_core.package_identification:_identify(src/trajectory_generator/inputs) by extension 'python'
[1.206s] Level 1:colcon.colcon_core.package_identification:_identify(src/trajectory_generator/inputs) by extensions ['python_setup_py']
[1.206s] Level 1:colcon.colcon_core.package_identification:_identify(src/trajectory_generator/inputs) by extension 'python_setup_py'
[1.206s] Level 1:colcon.colcon_core.package_identification:_identify(src/trajectory_generator/inputs/frictionmaps) by extensions ['ignore', 'ignore_ament_install']
[1.206s] Level 1:colcon.colcon_core.package_identification:_identify(src/trajectory_generator/inputs/frictionmaps) by extension 'ignore'
[1.206s] Level 1:colcon.colcon_core.package_identification:_identify(src/trajectory_generator/inputs/frictionmaps) by extension 'ignore_ament_install'
[1.206s] Level 1:colcon.colcon_core.package_identification:_identify(src/trajectory_generator/inputs/frictionmaps) by extensions ['colcon_pkg']
[1.206s] Level 1:colcon.colcon_core.package_identification:_identify(src/trajectory_generator/inputs/frictionmaps) by extension 'colcon_pkg'
[1.206s] Level 1:colcon.colcon_core.package_identification:_identify(src/trajectory_generator/inputs/frictionmaps) by extensions ['colcon_meta']
[1.206s] Level 1:colcon.colcon_core.package_identification:_identify(src/trajectory_generator/inputs/frictionmaps) by extension 'colcon_meta'
[1.206s] Level 1:colcon.colcon_core.package_identification:_identify(src/trajectory_generator/inputs/frictionmaps) by extensions ['ros']
[1.206s] Level 1:colcon.colcon_core.package_identification:_identify(src/trajectory_generator/inputs/frictionmaps) by extension 'ros'
[1.206s] Level 1:colcon.colcon_core.package_identification:_identify(src/trajectory_generator/inputs/frictionmaps) by extensions ['cmake', 'python']
[1.206s] Level 1:colcon.colcon_core.package_identification:_identify(src/trajectory_generator/inputs/frictionmaps) by extension 'cmake'
[1.206s] Level 1:colcon.colcon_core.package_identification:_identify(src/trajectory_generator/inputs/frictionmaps) by extension 'python'
[1.206s] Level 1:colcon.colcon_core.package_identification:_identify(src/trajectory_generator/inputs/frictionmaps) by extensions ['python_setup_py']
[1.206s] Level 1:colcon.colcon_core.package_identification:_identify(src/trajectory_generator/inputs/frictionmaps) by extension 'python_setup_py'
[1.206s] Level 1:colcon.colcon_core.package_identification:_identify(src/trajectory_generator/inputs/tracks) by extensions ['ignore', 'ignore_ament_install']
[1.206s] Level 1:colcon.colcon_core.package_identification:_identify(src/trajectory_generator/inputs/tracks) by extension 'ignore'
[1.206s] Level 1:colcon.colcon_core.package_identification:_identify(src/trajectory_generator/inputs/tracks) by extension 'ignore_ament_install'
[1.206s] Level 1:colcon.colcon_core.package_identification:_identify(src/trajectory_generator/inputs/tracks) by extensions ['colcon_pkg']
[1.206s] Level 1:colcon.colcon_core.package_identification:_identify(src/trajectory_generator/inputs/tracks) by extension 'colcon_pkg'
[1.206s] Level 1:colcon.colcon_core.package_identification:_identify(src/trajectory_generator/inputs/tracks) by extensions ['colcon_meta']
[1.206s] Level 1:colcon.colcon_core.package_identification:_identify(src/trajectory_generator/inputs/tracks) by extension 'colcon_meta'
[1.206s] Level 1:colcon.colcon_core.package_identification:_identify(src/trajectory_generator/inputs/tracks) by extensions ['ros']
[1.206s] Level 1:colcon.colcon_core.package_identification:_identify(src/trajectory_generator/inputs/tracks) by extension 'ros'
[1.206s] Level 1:colcon.colcon_core.package_identification:_identify(src/trajectory_generator/inputs/tracks) by extensions ['cmake', 'python']
[1.206s] Level 1:colcon.colcon_core.package_identification:_identify(src/trajectory_generator/inputs/tracks) by extension 'cmake'
[1.206s] Level 1:colcon.colcon_core.package_identification:_identify(src/trajectory_generator/inputs/tracks) by extension 'python'
[1.206s] Level 1:colcon.colcon_core.package_identification:_identify(src/trajectory_generator/inputs/tracks) by extensions ['python_setup_py']
[1.207s] Level 1:colcon.colcon_core.package_identification:_identify(src/trajectory_generator/inputs/tracks) by extension 'python_setup_py'
[1.207s] Level 1:colcon.colcon_core.package_identification:_identify(src/trajectory_generator/inputs/veh_dyn_info) by extensions ['ignore', 'ignore_ament_install']
[1.207s] Level 1:colcon.colcon_core.package_identification:_identify(src/trajectory_generator/inputs/veh_dyn_info) by extension 'ignore'
[1.207s] Level 1:colcon.colcon_core.package_identification:_identify(src/trajectory_generator/inputs/veh_dyn_info) by extension 'ignore_ament_install'
[1.207s] Level 1:colcon.colcon_core.package_identification:_identify(src/trajectory_generator/inputs/veh_dyn_info) by extensions ['colcon_pkg']
[1.207s] Level 1:colcon.colcon_core.package_identification:_identify(src/trajectory_generator/inputs/veh_dyn_info) by extension 'colcon_pkg'
[1.207s] Level 1:colcon.colcon_core.package_identification:_identify(src/trajectory_generator/inputs/veh_dyn_info) by extensions ['colcon_meta']
[1.207s] Level 1:colcon.colcon_core.package_identification:_identify(src/trajectory_generator/inputs/veh_dyn_info) by extension 'colcon_meta'
[1.207s] Level 1:colcon.colcon_core.package_identification:_identify(src/trajectory_generator/inputs/veh_dyn_info) by extensions ['ros']
[1.207s] Level 1:colcon.colcon_core.package_identification:_identify(src/trajectory_generator/inputs/veh_dyn_info) by extension 'ros'
[1.207s] Level 1:colcon.colcon_core.package_identification:_identify(src/trajectory_generator/inputs/veh_dyn_info) by extensions ['cmake', 'python']
[1.207s] Level 1:colcon.colcon_core.package_identification:_identify(src/trajectory_generator/inputs/veh_dyn_info) by extension 'cmake'
[1.207s] Level 1:colcon.colcon_core.package_identification:_identify(src/trajectory_generator/inputs/veh_dyn_info) by extension 'python'
[1.207s] Level 1:colcon.colcon_core.package_identification:_identify(src/trajectory_generator/inputs/veh_dyn_info) by extensions ['python_setup_py']
[1.207s] Level 1:colcon.colcon_core.package_identification:_identify(src/trajectory_generator/inputs/veh_dyn_info) by extension 'python_setup_py'
[1.207s] Level 1:colcon.colcon_core.package_identification:_identify(src/trajectory_generator/install) by extensions ['ignore', 'ignore_ament_install']
[1.207s] Level 1:colcon.colcon_core.package_identification:_identify(src/trajectory_generator/install) by extension 'ignore'
[1.207s] Level 1:colcon.colcon_core.package_identification:_identify(src/trajectory_generator/install) ignored
[1.207s] Level 1:colcon.colcon_core.package_identification:_identify(src/trajectory_generator/log) by extensions ['ignore', 'ignore_ament_install']
[1.207s] Level 1:colcon.colcon_core.package_identification:_identify(src/trajectory_generator/log) by extension 'ignore'
[1.207s] Level 1:colcon.colcon_core.package_identification:_identify(src/trajectory_generator/log) ignored
[1.207s] Level 1:colcon.colcon_core.package_identification:_identify(src/trajectory_generator/maps) by extensions ['ignore', 'ignore_ament_install']
[1.207s] Level 1:colcon.colcon_core.package_identification:_identify(src/trajectory_generator/maps) by extension 'ignore'
[1.207s] Level 1:colcon.colcon_core.package_identification:_identify(src/trajectory_generator/maps) by extension 'ignore_ament_install'
[1.207s] Level 1:colcon.colcon_core.package_identification:_identify(src/trajectory_generator/maps) by extensions ['colcon_pkg']
[1.207s] Level 1:colcon.colcon_core.package_identification:_identify(src/trajectory_generator/maps) by extension 'colcon_pkg'
[1.207s] Level 1:colcon.colcon_core.package_identification:_identify(src/trajectory_generator/maps) by extensions ['colcon_meta']
[1.207s] Level 1:colcon.colcon_core.package_identification:_identify(src/trajectory_generator/maps) by extension 'colcon_meta'
[1.207s] Level 1:colcon.colcon_core.package_identification:_identify(src/trajectory_generator/maps) by extensions ['ros']
[1.207s] Level 1:colcon.colcon_core.package_identification:_identify(src/trajectory_generator/maps) by extension 'ros'
[1.207s] Level 1:colcon.colcon_core.package_identification:_identify(src/trajectory_generator/maps) by extensions ['cmake', 'python']
[1.207s] Level 1:colcon.colcon_core.package_identification:_identify(src/trajectory_generator/maps) by extension 'cmake'
[1.207s] Level 1:colcon.colcon_core.package_identification:_identify(src/trajectory_generator/maps) by extension 'python'
[1.207s] Level 1:colcon.colcon_core.package_identification:_identify(src/trajectory_generator/maps) by extensions ['python_setup_py']
[1.207s] Level 1:colcon.colcon_core.package_identification:_identify(src/trajectory_generator/maps) by extension 'python_setup_py'
[1.207s] Level 1:colcon.colcon_core.package_identification:_identify(src/trajectory_generator/opt_mintime_traj) by extensions ['ignore', 'ignore_ament_install']
[1.207s] Level 1:colcon.colcon_core.package_identification:_identify(src/trajectory_generator/opt_mintime_traj) by extension 'ignore'
[1.207s] Level 1:colcon.colcon_core.package_identification:_identify(src/trajectory_generator/opt_mintime_traj) by extension 'ignore_ament_install'
[1.207s] Level 1:colcon.colcon_core.package_identification:_identify(src/trajectory_generator/opt_mintime_traj) by extensions ['colcon_pkg']
[1.207s] Level 1:colcon.colcon_core.package_identification:_identify(src/trajectory_generator/opt_mintime_traj) by extension 'colcon_pkg'
[1.207s] Level 1:colcon.colcon_core.package_identification:_identify(src/trajectory_generator/opt_mintime_traj) by extensions ['colcon_meta']
[1.207s] Level 1:colcon.colcon_core.package_identification:_identify(src/trajectory_generator/opt_mintime_traj) by extension 'colcon_meta'
[1.207s] Level 1:colcon.colcon_core.package_identification:_identify(src/trajectory_generator/opt_mintime_traj) by extensions ['ros']
[1.207s] Level 1:colcon.colcon_core.package_identification:_identify(src/trajectory_generator/opt_mintime_traj) by extension 'ros'
[1.208s] Level 1:colcon.colcon_core.package_identification:_identify(src/trajectory_generator/opt_mintime_traj) by extensions ['cmake', 'python']
[1.208s] Level 1:colcon.colcon_core.package_identification:_identify(src/trajectory_generator/opt_mintime_traj) by extension 'cmake'
[1.208s] Level 1:colcon.colcon_core.package_identification:_identify(src/trajectory_generator/opt_mintime_traj) by extension 'python'
[1.208s] Level 1:colcon.colcon_core.package_identification:_identify(src/trajectory_generator/opt_mintime_traj) by extensions ['python_setup_py']
[1.208s] Level 1:colcon.colcon_core.package_identification:_identify(src/trajectory_generator/opt_mintime_traj) by extension 'python_setup_py'
[1.208s] Level 1:colcon.colcon_core.package_identification:_identify(src/trajectory_generator/opt_mintime_traj/powertrain_src) by extensions ['ignore', 'ignore_ament_install']
[1.208s] Level 1:colcon.colcon_core.package_identification:_identify(src/trajectory_generator/opt_mintime_traj/powertrain_src) by extension 'ignore'
[1.208s] Level 1:colcon.colcon_core.package_identification:_identify(src/trajectory_generator/opt_mintime_traj/powertrain_src) by extension 'ignore_ament_install'
[1.208s] Level 1:colcon.colcon_core.package_identification:_identify(src/trajectory_generator/opt_mintime_traj/powertrain_src) by extensions ['colcon_pkg']
[1.208s] Level 1:colcon.colcon_core.package_identification:_identify(src/trajectory_generator/opt_mintime_traj/powertrain_src) by extension 'colcon_pkg'
[1.208s] Level 1:colcon.colcon_core.package_identification:_identify(src/trajectory_generator/opt_mintime_traj/powertrain_src) by extensions ['colcon_meta']
[1.208s] Level 1:colcon.colcon_core.package_identification:_identify(src/trajectory_generator/opt_mintime_traj/powertrain_src) by extension 'colcon_meta'
[1.208s] Level 1:colcon.colcon_core.package_identification:_identify(src/trajectory_generator/opt_mintime_traj/powertrain_src) by extensions ['ros']
[1.208s] Level 1:colcon.colcon_core.package_identification:_identify(src/trajectory_generator/opt_mintime_traj/powertrain_src) by extension 'ros'
[1.208s] Level 1:colcon.colcon_core.package_identification:_identify(src/trajectory_generator/opt_mintime_traj/powertrain_src) by extensions ['cmake', 'python']
[1.208s] Level 1:colcon.colcon_core.package_identification:_identify(src/trajectory_generator/opt_mintime_traj/powertrain_src) by extension 'cmake'
[1.208s] Level 1:colcon.colcon_core.package_identification:_identify(src/trajectory_generator/opt_mintime_traj/powertrain_src) by extension 'python'
[1.208s] Level 1:colcon.colcon_core.package_identification:_identify(src/trajectory_generator/opt_mintime_traj/powertrain_src) by extensions ['python_setup_py']
[1.208s] Level 1:colcon.colcon_core.package_identification:_identify(src/trajectory_generator/opt_mintime_traj/powertrain_src) by extension 'python_setup_py'
[1.208s] Level 1:colcon.colcon_core.package_identification:_identify(src/trajectory_generator/opt_mintime_traj/powertrain_src/src) by extensions ['ignore', 'ignore_ament_install']
[1.208s] Level 1:colcon.colcon_core.package_identification:_identify(src/trajectory_generator/opt_mintime_traj/powertrain_src/src) by extension 'ignore'
[1.208s] Level 1:colcon.colcon_core.package_identification:_identify(src/trajectory_generator/opt_mintime_traj/powertrain_src/src) by extension 'ignore_ament_install'
[1.208s] Level 1:colcon.colcon_core.package_identification:_identify(src/trajectory_generator/opt_mintime_traj/powertrain_src/src) by extensions ['colcon_pkg']
[1.208s] Level 1:colcon.colcon_core.package_identification:_identify(src/trajectory_generator/opt_mintime_traj/powertrain_src/src) by extension 'colcon_pkg'
[1.208s] Level 1:colcon.colcon_core.package_identification:_identify(src/trajectory_generator/opt_mintime_traj/powertrain_src/src) by extensions ['colcon_meta']
[1.208s] Level 1:colcon.colcon_core.package_identification:_identify(src/trajectory_generator/opt_mintime_traj/powertrain_src/src) by extension 'colcon_meta'
[1.208s] Level 1:colcon.colcon_core.package_identification:_identify(src/trajectory_generator/opt_mintime_traj/powertrain_src/src) by extensions ['ros']
[1.208s] Level 1:colcon.colcon_core.package_identification:_identify(src/trajectory_generator/opt_mintime_traj/powertrain_src/src) by extension 'ros'
[1.208s] Level 1:colcon.colcon_core.package_identification:_identify(src/trajectory_generator/opt_mintime_traj/powertrain_src/src) by extensions ['cmake', 'python']
[1.208s] Level 1:colcon.colcon_core.package_identification:_identify(src/trajectory_generator/opt_mintime_traj/powertrain_src/src) by extension 'cmake'
[1.208s] Level 1:colcon.colcon_core.package_identification:_identify(src/trajectory_generator/opt_mintime_traj/powertrain_src/src) by extension 'python'
[1.208s] Level 1:colcon.colcon_core.package_identification:_identify(src/trajectory_generator/opt_mintime_traj/powertrain_src/src) by extensions ['python_setup_py']
[1.208s] Level 1:colcon.colcon_core.package_identification:_identify(src/trajectory_generator/opt_mintime_traj/powertrain_src/src) by extension 'python_setup_py'
[1.208s] Level 1:colcon.colcon_core.package_identification:_identify(src/trajectory_generator/opt_mintime_traj/src) by extensions ['ignore', 'ignore_ament_install']
[1.208s] Level 1:colcon.colcon_core.package_identification:_identify(src/trajectory_generator/opt_mintime_traj/src) by extension 'ignore'
[1.208s] Level 1:colcon.colcon_core.package_identification:_identify(src/trajectory_generator/opt_mintime_traj/src) by extension 'ignore_ament_install'
[1.208s] Level 1:colcon.colcon_core.package_identification:_identify(src/trajectory_generator/opt_mintime_traj/src) by extensions ['colcon_pkg']
[1.208s] Level 1:colcon.colcon_core.package_identification:_identify(src/trajectory_generator/opt_mintime_traj/src) by extension 'colcon_pkg'
[1.208s] Level 1:colcon.colcon_core.package_identification:_identify(src/trajectory_generator/opt_mintime_traj/src) by extensions ['colcon_meta']
[1.208s] Level 1:colcon.colcon_core.package_identification:_identify(src/trajectory_generator/opt_mintime_traj/src) by extension 'colcon_meta'
[1.208s] Level 1:colcon.colcon_core.package_identification:_identify(src/trajectory_generator/opt_mintime_traj/src) by extensions ['ros']
[1.208s] Level 1:colcon.colcon_core.package_identification:_identify(src/trajectory_generator/opt_mintime_traj/src) by extension 'ros'
[1.208s] Level 1:colcon.colcon_core.package_identification:_identify(src/trajectory_generator/opt_mintime_traj/src) by extensions ['cmake', 'python']
[1.208s] Level 1:colcon.colcon_core.package_identification:_identify(src/trajectory_generator/opt_mintime_traj/src) by extension 'cmake'
[1.208s] Level 1:colcon.colcon_core.package_identification:_identify(src/trajectory_generator/opt_mintime_traj/src) by extension 'python'
[1.208s] Level 1:colcon.colcon_core.package_identification:_identify(src/trajectory_generator/opt_mintime_traj/src) by extensions ['python_setup_py']
[1.208s] Level 1:colcon.colcon_core.package_identification:_identify(src/trajectory_generator/opt_mintime_traj/src) by extension 'python_setup_py'
[1.209s] Level 1:colcon.colcon_core.package_identification:_identify(src/trajectory_generator/outputs) by extensions ['ignore', 'ignore_ament_install']
[1.209s] Level 1:colcon.colcon_core.package_identification:_identify(src/trajectory_generator/outputs) by extension 'ignore'
[1.209s] Level 1:colcon.colcon_core.package_identification:_identify(src/trajectory_generator/outputs) by extension 'ignore_ament_install'
[1.209s] Level 1:colcon.colcon_core.package_identification:_identify(src/trajectory_generator/outputs) by extensions ['colcon_pkg']
[1.209s] Level 1:colcon.colcon_core.package_identification:_identify(src/trajectory_generator/outputs) by extension 'colcon_pkg'
[1.209s] Level 1:colcon.colcon_core.package_identification:_identify(src/trajectory_generator/outputs) by extensions ['colcon_meta']
[1.209s] Level 1:colcon.colcon_core.package_identification:_identify(src/trajectory_generator/outputs) by extension 'colcon_meta'
[1.209s] Level 1:colcon.colcon_core.package_identification:_identify(src/trajectory_generator/outputs) by extensions ['ros']
[1.209s] Level 1:colcon.colcon_core.package_identification:_identify(src/trajectory_generator/outputs) by extension 'ros'
[1.209s] Level 1:colcon.colcon_core.package_identification:_identify(src/trajectory_generator/outputs) by extensions ['cmake', 'python']
[1.209s] Level 1:colcon.colcon_core.package_identification:_identify(src/trajectory_generator/outputs) by extension 'cmake'
[1.209s] Level 1:colcon.colcon_core.package_identification:_identify(src/trajectory_generator/outputs) by extension 'python'
[1.209s] Level 1:colcon.colcon_core.package_identification:_identify(src/trajectory_generator/outputs) by extensions ['python_setup_py']
[1.209s] Level 1:colcon.colcon_core.package_identification:_identify(src/trajectory_generator/outputs) by extension 'python_setup_py'
[1.209s] Level 1:colcon.colcon_core.package_identification:_identify(src/trajectory_generator/outputs/final2024) by extensions ['ignore', 'ignore_ament_install']
[1.209s] Level 1:colcon.colcon_core.package_identification:_identify(src/trajectory_generator/outputs/final2024) by extension 'ignore'
[1.209s] Level 1:colcon.colcon_core.package_identification:_identify(src/trajectory_generator/outputs/final2024) by extension 'ignore_ament_install'
[1.209s] Level 1:colcon.colcon_core.package_identification:_identify(src/trajectory_generator/outputs/final2024) by extensions ['colcon_pkg']
[1.209s] Level 1:colcon.colcon_core.package_identification:_identify(src/trajectory_generator/outputs/final2024) by extension 'colcon_pkg'
[1.209s] Level 1:colcon.colcon_core.package_identification:_identify(src/trajectory_generator/outputs/final2024) by extensions ['colcon_meta']
[1.209s] Level 1:colcon.colcon_core.package_identification:_identify(src/trajectory_generator/outputs/final2024) by extension 'colcon_meta'
[1.209s] Level 1:colcon.colcon_core.package_identification:_identify(src/trajectory_generator/outputs/final2024) by extensions ['ros']
[1.209s] Level 1:colcon.colcon_core.package_identification:_identify(src/trajectory_generator/outputs/final2024) by extension 'ros'
[1.209s] Level 1:colcon.colcon_core.package_identification:_identify(src/trajectory_generator/outputs/final2024) by extensions ['cmake', 'python']
[1.209s] Level 1:colcon.colcon_core.package_identification:_identify(src/trajectory_generator/outputs/final2024) by extension 'cmake'
[1.209s] Level 1:colcon.colcon_core.package_identification:_identify(src/trajectory_generator/outputs/final2024) by extension 'python'
[1.209s] Level 1:colcon.colcon_core.package_identification:_identify(src/trajectory_generator/outputs/final2024) by extensions ['python_setup_py']
[1.209s] Level 1:colcon.colcon_core.package_identification:_identify(src/trajectory_generator/outputs/final2024) by extension 'python_setup_py'
[1.209s] Level 1:colcon.colcon_core.package_identification:_identify(src/trajectory_generator/params) by extensions ['ignore', 'ignore_ament_install']
[1.209s] Level 1:colcon.colcon_core.package_identification:_identify(src/trajectory_generator/params) by extension 'ignore'
[1.209s] Level 1:colcon.colcon_core.package_identification:_identify(src/trajectory_generator/params) by extension 'ignore_ament_install'
[1.209s] Level 1:colcon.colcon_core.package_identification:_identify(src/trajectory_generator/params) by extensions ['colcon_pkg']
[1.209s] Level 1:colcon.colcon_core.package_identification:_identify(src/trajectory_generator/params) by extension 'colcon_pkg'
[1.209s] Level 1:colcon.colcon_core.package_identification:_identify(src/trajectory_generator/params) by extensions ['colcon_meta']
[1.209s] Level 1:colcon.colcon_core.package_identification:_identify(src/trajectory_generator/params) by extension 'colcon_meta'
[1.209s] Level 1:colcon.colcon_core.package_identification:_identify(src/trajectory_generator/params) by extensions ['ros']
[1.209s] Level 1:colcon.colcon_core.package_identification:_identify(src/trajectory_generator/params) by extension 'ros'
[1.209s] Level 1:colcon.colcon_core.package_identification:_identify(src/trajectory_generator/params) by extensions ['cmake', 'python']
[1.209s] Level 1:colcon.colcon_core.package_identification:_identify(src/trajectory_generator/params) by extension 'cmake'
[1.209s] Level 1:colcon.colcon_core.package_identification:_identify(src/trajectory_generator/params) by extension 'python'
[1.209s] Level 1:colcon.colcon_core.package_identification:_identify(src/trajectory_generator/params) by extensions ['python_setup_py']
[1.209s] Level 1:colcon.colcon_core.package_identification:_identify(src/trajectory_generator/params) by extension 'python_setup_py'
[1.209s] Level 1:colcon.colcon_core.package_discovery:discover_packages(recursive) using defaults
[1.209s] Level 1:colcon.colcon_core.package_discovery:discover_packages(ignore) discover
[1.209s] Level 1:colcon.colcon_core.package_discovery:discover_packages(ignore) using defaults
[1.209s] Level 1:colcon.colcon_core.package_discovery:discover_packages(path) discover
[1.209s] Level 1:colcon.colcon_core.package_discovery:discover_packages(path) using defaults
[1.324s] Level 1:colcon.colcon_core.package_discovery:discover_packages(prefix_path) check parameters
[1.324s] Level 1:colcon.colcon_core.package_discovery:discover_packages(prefix_path) discover
[1.360s] DEBUG:colcon.colcon_installed_package_information.package_discovery:Found 3 installed packages in /home/ros2/F1tenth-Final-Race-Agent-and-Toolbox/install
[1.378s] DEBUG:colcon.colcon_installed_package_information.package_discovery:Found 275 installed packages in /opt/ros/foxy
[1.379s] Level 1:colcon.colcon_core.package_discovery:discover_packages(prefix_path) using defaults
[1.447s] Level 5:colcon.colcon_core.verb:set package 'dummy_car' build argument 'cmake_args' from command line to 'None'
[1.447s] Level 5:colcon.colcon_core.verb:set package 'dummy_car' build argument 'cmake_target' from command line to 'None'
[1.447s] Level 5:colcon.colcon_core.verb:set package 'dummy_car' build argument 'cmake_target_skip_unavailable' from command line to 'False'
[1.447s] Level 5:colcon.colcon_core.verb:set package 'dummy_car' build argument 'cmake_clean_cache' from command line to 'False'
[1.447s] Level 5:colcon.colcon_core.verb:set package 'dummy_car' build argument 'cmake_clean_first' from command line to 'False'
[1.447s] Level 5:colcon.colcon_core.verb:set package 'dummy_car' build argument 'cmake_force_configure' from command line to 'False'
[1.447s] Level 5:colcon.colcon_core.verb:set package 'dummy_car' build argument 'ament_cmake_args' from command line to 'None'
[1.447s] Level 5:colcon.colcon_core.verb:set package 'dummy_car' build argument 'catkin_cmake_args' from command line to 'None'
[1.447s] Level 5:colcon.colcon_core.verb:set package 'dummy_car' build argument 'catkin_skip_building_tests' from command line to 'False'
[1.447s] DEBUG:colcon.colcon_core.verb:Building package 'dummy_car' with the following arguments: {'ament_cmake_args': None, 'build_base': '/home/ros2/F1tenth-Final-Race-Agent-and-Toolbox/build/dummy_car', 'catkin_cmake_args': None, 'catkin_skip_building_tests': False, 'cmake_args': None, 'cmake_clean_cache': False, 'cmake_clean_first': False, 'cmake_force_configure': False, 'cmake_target': None, 'cmake_target_skip_unavailable': False, 'install_base': '/home/ros2/F1tenth-Final-Race-Agent-and-Toolbox/install/dummy_car', 'merge_install': False, 'path': '/home/ros2/F1tenth-Final-Race-Agent-and-Toolbox/src/dummy_car', 'symlink_install': True, 'test_result_base': None}
[1.470s] Level 5:colcon.colcon_core.verb:set package 'final_race_pkg' build argument 'cmake_args' from command line to 'None'
[1.470s] Level 5:colcon.colcon_core.verb:set package 'final_race_pkg' build argument 'cmake_target' from command line to 'None'
[1.470s] Level 5:colcon.colcon_core.verb:set package 'final_race_pkg' build argument 'cmake_target_skip_unavailable' from command line to 'False'
[1.470s] Level 5:colcon.colcon_core.verb:set package 'final_race_pkg' build argument 'cmake_clean_cache' from command line to 'False'
[1.470s] Level 5:colcon.colcon_core.verb:set package 'final_race_pkg' build argument 'cmake_clean_first' from command line to 'False'
[1.470s] Level 5:colcon.colcon_core.verb:set package 'final_race_pkg' build argument 'cmake_force_configure' from command line to 'False'
[1.470s] Level 5:colcon.colcon_core.verb:set package 'final_race_pkg' build argument 'ament_cmake_args' from command line to 'None'
[1.470s] Level 5:colcon.colcon_core.verb:set package 'final_race_pkg' build argument 'catkin_cmake_args' from command line to 'None'
[1.470s] Level 5:colcon.colcon_core.verb:set package 'final_race_pkg' build argument 'catkin_skip_building_tests' from command line to 'False'
[1.470s] DEBUG:colcon.colcon_core.verb:Building package 'final_race_pkg' with the following arguments: {'ament_cmake_args': None, 'build_base': '/home/ros2/F1tenth-Final-Race-Agent-and-Toolbox/build/final_race_pkg', 'catkin_cmake_args': None, 'catkin_skip_building_tests': False, 'cmake_args': None, 'cmake_clean_cache': False, 'cmake_clean_first': False, 'cmake_force_configure': False, 'cmake_target': None, 'cmake_target_skip_unavailable': False, 'install_base': '/home/ros2/F1tenth-Final-Race-Agent-and-Toolbox/install/final_race_pkg', 'merge_install': False, 'path': '/home/ros2/F1tenth-Final-Race-Agent-and-Toolbox/src/final_race_pkg', 'symlink_install': True, 'test_result_base': None}
[1.486s] Level 5:colcon.colcon_core.verb:set package 'opponent_predictor' build argument 'cmake_args' from command line to 'None'
[1.486s] Level 5:colcon.colcon_core.verb:set package 'opponent_predictor' build argument 'cmake_target' from command line to 'None'
[1.486s] Level 5:colcon.colcon_core.verb:set package 'opponent_predictor' build argument 'cmake_target_skip_unavailable' from command line to 'False'
[1.486s] Level 5:colcon.colcon_core.verb:set package 'opponent_predictor' build argument 'cmake_clean_cache' from command line to 'False'
[1.486s] Level 5:colcon.colcon_core.verb:set package 'opponent_predictor' build argument 'cmake_clean_first' from command line to 'False'
[1.486s] Level 5:colcon.colcon_core.verb:set package 'opponent_predictor' build argument 'cmake_force_configure' from command line to 'False'
[1.486s] Level 5:colcon.colcon_core.verb:set package 'opponent_predictor' build argument 'ament_cmake_args' from command line to 'None'
[1.486s] Level 5:colcon.colcon_core.verb:set package 'opponent_predictor' build argument 'catkin_cmake_args' from command line to 'None'
[1.486s] Level 5:colcon.colcon_core.verb:set package 'opponent_predictor' build argument 'catkin_skip_building_tests' from command line to 'False'
[1.486s] DEBUG:colcon.colcon_core.verb:Building package 'opponent_predictor' with the following arguments: {'ament_cmake_args': None, 'build_base': '/home/ros2/F1tenth-Final-Race-Agent-and-Toolbox/build/opponent_predictor', 'catkin_cmake_args': None, 'catkin_skip_building_tests': False, 'cmake_args': None, 'cmake_clean_cache': False, 'cmake_clean_first': False, 'cmake_force_configure': False, 'cmake_target': None, 'cmake_target_skip_unavailable': False, 'install_base': '/home/ros2/F1tenth-Final-Race-Agent-and-Toolbox/install/opponent_predictor', 'merge_install': False, 'path': '/home/ros2/F1tenth-Final-Race-Agent-and-Toolbox/src/opponent_predictor', 'symlink_install': True, 'test_result_base': None}
[1.503s] INFO:colcon.colcon_core.executor:Executing jobs using 'parallel' executor
[1.520s] DEBUG:colcon.colcon_parallel_executor.executor.parallel:run_until_complete
[1.521s] INFO:colcon.colcon_ros.task.ament_cmake.build:Building ROS package in '/home/ros2/F1tenth-Final-Race-Agent-and-Toolbox/src/dummy_car' with build type 'ament_cmake'
[1.521s] INFO:colcon.colcon_cmake.task.cmake.build:Building CMake package in '/home/ros2/F1tenth-Final-Race-Agent-and-Toolbox/src/dummy_car'
[1.539s] INFO:colcon.colcon_core.plugin_system:Skipping extension 'colcon_core.shell.bat': Not used on non-Windows systems
[1.539s] INFO:colcon.colcon_core.shell:Skip shell extension 'powershell' for command environment: Not usable outside of PowerShell
[1.539s] DEBUG:colcon.colcon_core.shell:Skip shell extension 'dsv' for command environment
[1.593s] INFO:colcon.colcon_ros.task.ament_python.build:Building ROS package in '/home/ros2/F1tenth-Final-Race-Agent-and-Toolbox/src/final_race_pkg' with build type 'ament_python'
[1.593s] Level 1:colcon.colcon_core.shell:create_environment_hook('final_race_pkg', 'ament_prefix_path')
[1.601s] DEBUG:colcon.colcon_parallel_executor.executor.parallel:run_until_complete was interrupted
[1.602s] DEBUG:colcon.colcon_parallel_executor.executor.parallel:run_until_complete again
[1.602s] DEBUG:colcon.colcon_parallel_executor.executor.parallel:run_until_complete finished
[1.602s] DEBUG:colcon.colcon_parallel_executor.executor.parallel:closing loop
[1.602s] DEBUG:colcon.colcon_parallel_executor.executor.parallel:loop closed
[1.602s] DEBUG:colcon.colcon_core.event_reactor:joining thread
[1.628s] INFO:colcon.colcon_core.plugin_system:Skipping extension 'colcon_notification.desktop_notification.terminal_notifier': Not used on non-Darwin systems
[1.628s] INFO:colcon.colcon_core.plugin_system:Skipping extension 'colcon_notification.desktop_notification.win32': Not used on non-Windows systems
[1.628s] INFO:colcon.colcon_notification.desktop_notification:Sending desktop notification using 'notify2'
[1.639s] DEBUG:colcon.colcon_core.event_reactor:joined thread
[1.662s] INFO:colcon.colcon_core.shell:Creating prefix script '/home/ros2/F1tenth-Final-Race-Agent-and-Toolbox/install/local_setup.ps1'
[1.662s] INFO:colcon.colcon_core.shell:Creating prefix util module '/home/ros2/F1tenth-Final-Race-Agent-and-Toolbox/install/_local_setup_util_ps1.py'
[1.663s] INFO:colcon.colcon_core.shell:Creating prefix chain script '/home/ros2/F1tenth-Final-Race-Agent-and-Toolbox/install/setup.ps1'
[1.687s] INFO:colcon.colcon_core.shell:Creating prefix script '/home/ros2/F1tenth-Final-Race-Agent-and-Toolbox/install/local_setup.sh'
[1.687s] INFO:colcon.colcon_core.shell:Creating prefix util module '/home/ros2/F1tenth-Final-Race-Agent-and-Toolbox/install/_local_setup_util_sh.py'
[1.687s] INFO:colcon.colcon_core.shell:Creating prefix chain script '/home/ros2/F1tenth-Final-Race-Agent-and-Toolbox/install/setup.sh'
[1.707s] INFO:colcon.colcon_core.shell:Creating prefix script '/home/ros2/F1tenth-Final-Race-Agent-and-Toolbox/install/local_setup.bash'
[1.707s] INFO:colcon.colcon_core.shell:Creating prefix chain script '/home/ros2/F1tenth-Final-Race-Agent-and-Toolbox/install/setup.bash'
[1.730s] INFO:colcon.colcon_core.shell:Creating prefix script '/home/ros2/F1tenth-Final-Race-Agent-and-Toolbox/install/local_setup.zsh'
[1.730s] INFO:colcon.colcon_core.shell:Creating prefix chain script '/home/ros2/F1tenth-Final-Race-Agent-and-Toolbox/install/setup.zsh'
