[0.154s] Invoking command in '/home/ros2/F1tenth-Final-Race-Agent-and-Toolbox/build/dummy_car': CMAKE_PREFIX_PATH=${CMAKE_PREFIX_PATH}:/home/ros2/F1tenth-Final-Race-Agent-and-Toolbox/install/final_race_pkg:/opt/ros/foxy /usr/bin/cmake /home/ros2/F1tenth-Final-Race-Agent-and-Toolbox/src/dummy_car -DCMAKE_INSTALL_PREFIX=/home/ros2/F1tenth-Final-Race-Agent-and-Toolbox/install/dummy_car
[0.168s] -- Found ament_cmake: 0.9.12 (/opt/ros/foxy/share/ament_cmake/cmake)
[0.193s] -- Using PYTHON_EXECUTABLE: /usr/bin/python3
[0.281s] -- Override CMake install command with custom implementation using symlinks instead of copying resources
[0.292s] -- Found rclcpp: 2.4.3 (/opt/ros/foxy/share/rclcpp/cmake)
[0.325s] -- Using all available rosidl_typesupport_c: rosidl_typesupport_fastrtps_c;rosidl_typesupport_introspection_c
[0.329s] -- Found rosidl_adapter: 1.3.1 (/opt/ros/foxy/share/rosidl_adapter/cmake)
[0.430s] -- Using all available rosidl_typesupport_cpp: rosidl_typesupport_fastrtps_cpp;rosidl_typesupport_introspection_cpp
[0.468s] -- Found rmw_implementation_cmake: 1.0.4 (/opt/ros/foxy/share/rmw_implementation_cmake/cmake)
[0.469s] -- Using RMW implementation 'rmw_fastrtps_cpp' as default
[0.580s] -- Found rclpy: 1.0.13 (/opt/ros/foxy/share/rclpy/cmake)
[0.581s] -- Found geometry_msgs: 2.0.5 (/opt/ros/foxy/share/geometry_msgs/cmake)
[0.606s] -- Found nav_msgs: 2.0.5 (/opt/ros/foxy/share/nav_msgs/cmake)
[0.660s] -- Found ackermann_msgs: 2.0.2 (/opt/ros/foxy/share/ackermann_msgs/cmake)
[0.687s] -- Found sensor_msgs: 2.0.5 (/opt/ros/foxy/share/sensor_msgs/cmake)
[0.744s] -- Found visualization_msgs: 2.0.5 (/opt/ros/foxy/share/visualization_msgs/cmake)
[0.797s] -- Found tf2_ros: 0.13.14 (/opt/ros/foxy/share/tf2_ros/cmake)
[1.067s] -- Found ament_lint_auto: 0.9.8 (/opt/ros/foxy/share/ament_lint_auto/cmake)
[1.116s] -- Added test 'copyright' to check source files copyright and LICENSE
[1.119s] -- Added test 'flake8' to check Python code syntax and style conventions
[1.120s] -- Added test 'lint_cmake' to check CMake code style
[1.120s] -- Added test 'pep257' to check Python code against some of the style conventions in PEP 257
[1.122s] -- Added test 'xmllint' to check XML markup files
[1.124s] -- Configuring done
[1.126s] -- Generating done
[1.128s] -- Build files have been written to: /home/ros2/F1tenth-Final-Race-Agent-and-Toolbox/build/dummy_car
[1.133s] Invoked command in '/home/ros2/F1tenth-Final-Race-Agent-and-Toolbox/build/dummy_car' returned '0': CMAKE_PREFIX_PATH=${CMAKE_PREFIX_PATH}:/home/ros2/F1tenth-Final-Race-Agent-and-Toolbox/install/final_race_pkg:/opt/ros/foxy /usr/bin/cmake /home/ros2/F1tenth-Final-Race-Agent-and-Toolbox/src/dummy_car -DCMAKE_INSTALL_PREFIX=/home/ros2/F1tenth-Final-Race-Agent-and-Toolbox/install/dummy_car
[1.134s] Invoking command in '/home/ros2/F1tenth-Final-Race-Agent-and-Toolbox/build/dummy_car': CMAKE_PREFIX_PATH=${CMAKE_PREFIX_PATH}:/home/ros2/F1tenth-Final-Race-Agent-and-Toolbox/install/final_race_pkg:/opt/ros/foxy /usr/bin/cmake --build /home/ros2/F1tenth-Final-Race-Agent-and-Toolbox/build/dummy_car -- -j2 -l2
[1.164s] Invoked command in '/home/ros2/F1tenth-Final-Race-Agent-and-Toolbox/build/dummy_car' returned '0': CMAKE_PREFIX_PATH=${CMAKE_PREFIX_PATH}:/home/ros2/F1tenth-Final-Race-Agent-and-Toolbox/install/final_race_pkg:/opt/ros/foxy /usr/bin/cmake --build /home/ros2/F1tenth-Final-Race-Agent-and-Toolbox/build/dummy_car -- -j2 -l2
[1.192s] Invoking command in '/home/ros2/F1tenth-Final-Race-Agent-and-Toolbox/build/dummy_car': CMAKE_PREFIX_PATH=${CMAKE_PREFIX_PATH}:/home/ros2/F1tenth-Final-Race-Agent-and-Toolbox/install/final_race_pkg:/opt/ros/foxy /usr/bin/cmake --install /home/ros2/F1tenth-Final-Race-Agent-and-Toolbox/build/dummy_car
[1.197s] -- Install configuration: ""
[1.198s] -- Execute custom install script
[1.198s] -- Up-to-date symlink: /home/ros2/F1tenth-Final-Race-Agent-and-Toolbox/install/dummy_car/share/dummy_car/environment/pythonpath.sh
[1.198s] -- Up-to-date symlink: /home/ros2/F1tenth-Final-Race-Agent-and-Toolbox/install/dummy_car/share/dummy_car/environment/pythonpath.dsv
[1.198s] -- Up-to-date symlink: /home/ros2/F1tenth-Final-Race-Agent-and-Toolbox/install/dummy_car/lib/python3.8/site-packages/dummy_car/__init__.py
[1.198s] -- Up-to-date symlink: /home/ros2/F1tenth-Final-Race-Agent-and-Toolbox/install/dummy_car/lib/dummy_car/dummy_car_node.py
[1.199s] -- Up-to-date symlink: /home/ros2/F1tenth-Final-Race-Agent-and-Toolbox/install/dummy_car/share/dummy_car/launch/dummy_car_launch.py
[1.199s] -- Up-to-date symlink: /home/ros2/F1tenth-Final-Race-Agent-and-Toolbox/install/dummy_car/share/ament_index/resource_index/package_run_dependencies/dummy_car
[1.199s] -- Up-to-date symlink: /home/ros2/F1tenth-Final-Race-Agent-and-Toolbox/install/dummy_car/share/ament_index/resource_index/parent_prefix_path/dummy_car
[1.199s] -- Up-to-date symlink: /home/ros2/F1tenth-Final-Race-Agent-and-Toolbox/install/dummy_car/share/dummy_car/environment/ament_prefix_path.sh
[1.199s] -- Up-to-date symlink: /home/ros2/F1tenth-Final-Race-Agent-and-Toolbox/install/dummy_car/share/dummy_car/environment/ament_prefix_path.dsv
[1.199s] -- Up-to-date symlink: /home/ros2/F1tenth-Final-Race-Agent-and-Toolbox/install/dummy_car/share/dummy_car/environment/path.sh
[1.199s] -- Up-to-date symlink: /home/ros2/F1tenth-Final-Race-Agent-and-Toolbox/install/dummy_car/share/dummy_car/environment/path.dsv
[1.200s] -- Up-to-date symlink: /home/ros2/F1tenth-Final-Race-Agent-and-Toolbox/install/dummy_car/share/dummy_car/local_setup.bash
[1.200s] -- Up-to-date symlink: /home/ros2/F1tenth-Final-Race-Agent-and-Toolbox/install/dummy_car/share/dummy_car/local_setup.sh
[1.200s] -- Up-to-date symlink: /home/ros2/F1tenth-Final-Race-Agent-and-Toolbox/install/dummy_car/share/dummy_car/local_setup.zsh
[1.200s] -- Up-to-date symlink: /home/ros2/F1tenth-Final-Race-Agent-and-Toolbox/install/dummy_car/share/dummy_car/local_setup.dsv
[1.200s] -- Symlinking: /home/ros2/F1tenth-Final-Race-Agent-and-Toolbox/install/dummy_car/share/dummy_car/package.dsv
[1.205s] -- Up-to-date symlink: /home/ros2/F1tenth-Final-Race-Agent-and-Toolbox/install/dummy_car/share/ament_index/resource_index/packages/dummy_car
[1.205s] -- Up-to-date symlink: /home/ros2/F1tenth-Final-Race-Agent-and-Toolbox/install/dummy_car/share/dummy_car/cmake/dummy_carConfig.cmake
[1.205s] -- Up-to-date symlink: /home/ros2/F1tenth-Final-Race-Agent-and-Toolbox/install/dummy_car/share/dummy_car/cmake/dummy_carConfig-version.cmake
[1.205s] -- Up-to-date symlink: /home/ros2/F1tenth-Final-Race-Agent-and-Toolbox/install/dummy_car/share/dummy_car/package.xml
[1.228s] Listing '/home/ros2/F1tenth-Final-Race-Agent-and-Toolbox/install/dummy_car/lib/python3.8/site-packages/dummy_car'...
[1.231s] Invoked command in '/home/ros2/F1tenth-Final-Race-Agent-and-Toolbox/build/dummy_car' returned '0': CMAKE_PREFIX_PATH=${CMAKE_PREFIX_PATH}:/home/ros2/F1tenth-Final-Race-Agent-and-Toolbox/install/final_race_pkg:/opt/ros/foxy /usr/bin/cmake --install /home/ros2/F1tenth-Final-Race-Agent-and-Toolbox/build/dummy_car
