[1.556s] Invoking command in '/home/ros2/F1tenth-Final-Race-Agent-and-Toolbox/src/final_race_pkg': PYTHONPATH=/home/ros2/F1tenth-Final-Race-Agent-and-Toolbox/build/final_race_pkg/prefix_override:/home/ros2/F1tenth-Final-Race-Agent-and-Toolbox/install/final_race_pkg/lib/python3.8/site-packages:${PYTHONPATH} /usr/bin/python3 setup.py egg_info --egg-base ../../build/final_race_pkg build --build-base /home/ros2/F1tenth-Final-Race-Agent-and-Toolbox/build/final_race_pkg/build install --record /home/ros2/F1tenth-Final-Race-Agent-and-Toolbox/build/final_race_pkg/install.log --install-scripts $base/lib/final_race_pkg --single-version-externally-managed
[1.785s] running egg_info
[1.786s] writing ../../build/final_race_pkg/final_race_pkg.egg-info/PKG-INFO
[1.786s] writing dependency_links to ../../build/final_race_pkg/final_race_pkg.egg-info/dependency_links.txt
[1.786s] writing entry points to ../../build/final_race_pkg/final_race_pkg.egg-info/entry_points.txt
[1.786s] writing requirements to ../../build/final_race_pkg/final_race_pkg.egg-info/requires.txt
[1.787s] writing top-level names to ../../build/final_race_pkg/final_race_pkg.egg-info/top_level.txt
[1.848s] reading manifest file '../../build/final_race_pkg/final_race_pkg.egg-info/SOURCES.txt'
[1.850s] writing manifest file '../../build/final_race_pkg/final_race_pkg.egg-info/SOURCES.txt'
[1.850s] running build
[1.850s] running build_py
[1.852s] running install
[1.853s] running install_lib
[1.856s] running install_data
[1.856s] running install_egg_info
[1.859s] removing '/home/ros2/F1tenth-Final-Race-Agent-and-Toolbox/install/final_race_pkg/lib/python3.8/site-packages/final_race_pkg-0.0.0-py3.8.egg-info' (and everything under it)
[1.860s] Copying ../../build/final_race_pkg/final_race_pkg.egg-info to /home/ros2/F1tenth-Final-Race-Agent-and-Toolbox/install/final_race_pkg/lib/python3.8/site-packages/final_race_pkg-0.0.0-py3.8.egg-info
[1.864s] running install_scripts
[1.887s] Installing main_agent script to /home/ros2/F1tenth-Final-Race-Agent-and-Toolbox/install/final_race_pkg/lib/final_race_pkg
[1.887s] Installing opp_agent script to /home/ros2/F1tenth-Final-Race-Agent-and-Toolbox/install/final_race_pkg/lib/final_race_pkg
[1.888s] Installing pure_pursuit_node script to /home/ros2/F1tenth-Final-Race-Agent-and-Toolbox/install/final_race_pkg/lib/final_race_pkg
[1.888s] Installing traj_killer script to /home/ros2/F1tenth-Final-Race-Agent-and-Toolbox/install/final_race_pkg/lib/final_race_pkg
[1.888s] writing list of installed files to '/home/ros2/F1tenth-Final-Race-Agent-and-Toolbox/build/final_race_pkg/install.log'
[1.929s] Invoked command in '/home/ros2/F1tenth-Final-Race-Agent-and-Toolbox/src/final_race_pkg' returned '0': PYTHONPATH=/home/ros2/F1tenth-Final-Race-Agent-and-Toolbox/build/final_race_pkg/prefix_override:/home/ros2/F1tenth-Final-Race-Agent-and-Toolbox/install/final_race_pkg/lib/python3.8/site-packages:${PYTHONPATH} /usr/bin/python3 setup.py egg_info --egg-base ../../build/final_race_pkg build --build-base /home/ros2/F1tenth-Final-Race-Agent-and-Toolbox/build/final_race_pkg/build install --record /home/ros2/F1tenth-Final-Race-Agent-and-Toolbox/build/final_race_pkg/install.log --install-scripts $base/lib/final_race_pkg --single-version-externally-managed
